[2025-01-27 10:11:15.656] [merchant] [info] Glorious Merchant version 1.1.7
[2025-01-27 10:11:15.656] [merchant] [info] Loading config from D:\SteamLibrary\steamapps\common\ELDEN RING\Game\ME2\mod\ermerchant.ini
[2025-01-27 10:11:15.661] [merchant] [info] auto_upgrade_weapons = true
[2025-01-27 10:11:15.661] [merchant] [info] Found handle for eldenring.exe process: D:\SteamLibrary\steamapps\common\ELDEN RING\Game\eldenring.exe
[2025-01-27 10:11:15.662] [merchant] [info] Waiting for params...
[2025-01-27 10:11:27.666] [merchant] [info] Sleeping an extra 10s to work potential compatibility issues...
[2025-01-27 10:11:37.666] [merchant] [info] Hooking messages...
[2025-01-27 10:11:37.667] [merchant] [info] Detected language "english"
[2025-01-27 10:11:37.669] [merchant] [info] Hooking shops...
[2025-01-27 10:11:37.674] [merchant] [info] Hooking talkscripts...
[2025-01-27 10:11:37.736] [merchant] [info] Initialized mod
[2025-01-27 10:19:52.908] [merchant] [info] Glorious Merchant version 1.1.7
[2025-01-27 10:19:52.908] [merchant] [info] Loading config from D:\SteamLibrary\steamapps\common\ELDEN RING\Game\ME2\mod\ermerchant.ini
[2025-01-27 10:19:52.908] [merchant] [info] auto_upgrade_weapons = true
[2025-01-27 10:19:52.908] [merchant] [info] Found handle for eldenring.exe process: D:\SteamLibrary\steamapps\common\ELDEN RING\Game\eldenring.exe
[2025-01-27 10:19:52.909] [merchant] [info] Waiting for params...
[2025-01-27 10:20:03.912] [merchant] [info] Sleeping an extra 10s to work potential compatibility issues...
[2025-01-27 10:20:13.912] [merchant] [info] Hooking messages...
[2025-01-27 10:20:13.912] [merchant] [info] Detected language "english"
[2025-01-27 10:20:13.914] [merchant] [info] Hooking shops...
[2025-01-27 10:20:13.918] [merchant] [info] Hooking talkscripts...
[2025-01-27 10:20:13.981] [merchant] [info] Initialized mod
[2025-01-27 10:22:07.560] [merchant] [info] Deinitialized mod
[2025-01-27 10:23:38.498] [merchant] [info] Glorious Merchant version 1.1.7
[2025-01-27 10:23:38.498] [merchant] [info] Loading config from D:\SteamLibrary\steamapps\common\ELDEN RING\Game\ME2\mod\ermerchant.ini
[2025-01-27 10:23:38.498] [merchant] [info] auto_upgrade_weapons = true
[2025-01-27 10:23:38.498] [merchant] [info] Found handle for eldenring.exe process: D:\SteamLibrary\steamapps\common\ELDEN RING\Game\eldenring.exe
[2025-01-27 10:23:38.499] [merchant] [info] Waiting for params...
[2025-01-27 10:23:49.504] [merchant] [info] Sleeping an extra 10s to work potential compatibility issues...
[2025-01-27 10:23:59.504] [merchant] [info] Hooking messages...
[2025-01-27 10:23:59.504] [merchant] [info] Detected language "english"
[2025-01-27 10:23:59.506] [merchant] [info] Hooking shops...
[2025-01-27 10:23:59.513] [merchant] [info] Hooking talkscripts...
[2025-01-27 10:23:59.578] [merchant] [info] Initialized mod
[2025-01-27 10:27:00.306] [merchant] [info] Deinitialized mod
[2025-01-27 10:28:37.555] [merchant] [info] Glorious Merchant version 1.1.7
[2025-01-27 10:28:37.555] [merchant] [info] Loading config from D:\SteamLibrary\steamapps\common\ELDEN RING\Game\ME2\mod\ermerchant.ini
[2025-01-27 10:28:37.555] [merchant] [info] auto_upgrade_weapons = true
[2025-01-27 10:28:37.555] [merchant] [info] Found handle for eldenring.exe process: D:\SteamLibrary\steamapps\common\ELDEN RING\Game\eldenring.exe
[2025-01-27 10:28:37.556] [merchant] [info] Waiting for params...
[2025-01-27 10:28:48.560] [merchant] [info] Sleeping an extra 10s to work potential compatibility issues...
[2025-01-27 10:28:58.560] [merchant] [info] Hooking messages...
[2025-01-27 10:28:58.560] [merchant] [info] Detected language "english"
[2025-01-27 10:28:58.561] [merchant] [info] Hooking shops...
[2025-01-27 10:28:58.566] [merchant] [info] Hooking talkscripts...
[2025-01-27 10:28:58.618] [merchant] [info] Initialized mod
