[2025-06-17 16:17:19.359] [merchant] [info] Glorious Merchant version 1.1.11
[2025-06-17 16:17:19.359] [merchant] [info] Loading config from C:\Users\Vibezzify\Desktop\CCW 3.7.5\mod\ermerchant.ini
[2025-06-17 16:17:19.367] [merchant] [info] auto_upgrade_weapons = true
[2025-06-17 16:17:19.367] [merchant] [info] Found handle for eldenring.exe process: D:\SteamLibrary\steamapps\common\ELDEN RING\Game\eldenring.exe
[2025-06-17 16:17:19.368] [merchant] [info] Waiting for params...
[2025-06-17 16:17:36.375] [merchant] [info] Sleeping an extra 10s to work potential compatibility issues...
[2025-06-17 16:17:46.376] [merchant] [info] Hooking messages...
[2025-06-17 16:17:46.376] [merchant] [info] Detected language "english"
[2025-06-17 16:17:46.378] [merchant] [info] Hooking shops...
[2025-06-17 16:17:46.387] [merchant] [info] Hooking talkscripts...
[2025-06-17 16:17:46.489] [merchant] [info] Initialized mod
[2025-06-17 16:25:42.925] [merchant] [info] Patching state group x51
[2025-06-17 16:32:41.248] [merchant] [info] Patching state group x51
[2025-06-17 17:41:22.168] [merchant] [info] Glorious Merchant version 1.1.11
[2025-06-17 17:41:22.168] [merchant] [info] Loading config from C:\Users\Vibezzify\Desktop\CCW 3.7.5\mod\ermerchant.ini
[2025-06-17 17:41:22.175] [merchant] [info] auto_upgrade_weapons = true
[2025-06-17 17:41:22.175] [merchant] [info] Found handle for eldenring.exe process: D:\SteamLibrary\steamapps\common\ELDEN RING\Game\eldenring.exe
[2025-06-17 17:41:22.177] [merchant] [info] Waiting for params...
[2025-06-17 17:41:37.182] [merchant] [info] Sleeping an extra 10s to work potential compatibility issues...
[2025-06-17 17:41:47.182] [merchant] [info] Hooking messages...
[2025-06-17 17:41:47.182] [merchant] [info] Detected language "english"
[2025-06-17 17:41:47.185] [merchant] [info] Hooking shops...
[2025-06-17 17:41:47.193] [merchant] [info] Hooking talkscripts...
[2025-06-17 17:41:47.444] [merchant] [info] Initialized mod
[2025-06-17 17:43:10.312] [merchant] [info] Patching state group x51
[2025-06-17 17:54:28.319] [merchant] [info] Deinitialized mod
