[2025-03-03 07:18:39.762] [merchant] [info] Glorious Merchant version 1.1.11
[2025-03-03 07:18:39.762] [merchant] [info] Loading config from D:\Elden Ring Mods\CCW 3.7.1\mod\ermerchant.ini
[2025-03-03 07:18:39.767] [merchant] [info] auto_upgrade_weapons = true
[2025-03-03 07:18:39.768] [merchant] [info] Found handle for eldenring.exe process: D:\SteamLibrary\steamapps\common\ELDEN RING\Game\eldenring.exe
[2025-03-03 07:18:39.769] [merchant] [info] Waiting for params...
[2025-03-03 07:18:53.774] [merchant] [info] Sleeping an extra 10s to work potential compatibility issues...
[2025-03-03 07:19:03.774] [merchant] [info] Hooking messages...
[2025-03-03 07:19:03.774] [merchant] [info] Detected language "english"
[2025-03-03 07:19:03.776] [merchant] [info] Hooking shops...
[2025-03-03 07:19:03.817] [merchant] [info] Hooking talkscripts...
[2025-03-03 07:19:03.869] [merchant] [info] Initialized mod
[2025-03-03 07:32:10.254] [merchant] [info] Glorious Merchant version 1.1.11
[2025-03-03 07:32:10.254] [merchant] [info] Loading config from D:\Elden Ring Mods\CCW 3.7.1\mod\ermerchant.ini
[2025-03-03 07:32:10.260] [merchant] [info] auto_upgrade_weapons = true
[2025-03-03 07:32:10.261] [merchant] [info] Found handle for eldenring.exe process: D:\SteamLibrary\steamapps\common\ELDEN RING\Game\eldenring.exe
[2025-03-03 07:32:10.262] [merchant] [info] Waiting for params...
[2025-03-03 07:32:24.265] [merchant] [info] Sleeping an extra 10s to work potential compatibility issues...
[2025-03-03 07:32:34.266] [merchant] [info] Hooking messages...
[2025-03-03 07:32:34.266] [merchant] [info] Detected language "english"
[2025-03-03 07:32:34.267] [merchant] [info] Hooking shops...
[2025-03-03 07:32:34.329] [merchant] [info] Hooking talkscripts...
[2025-03-03 07:32:34.373] [merchant] [info] Initialized mod
[2025-03-03 07:39:43.515] [merchant] [info] Deinitialized mod
[2025-03-03 07:47:34.206] [merchant] [info] Glorious Merchant version 1.1.11
[2025-03-03 07:47:34.206] [merchant] [info] Loading config from D:\Elden Ring Mods\CCW 3.7.1\mod\ermerchant.ini
[2025-03-03 07:47:34.206] [merchant] [info] auto_upgrade_weapons = true
[2025-03-03 07:47:34.206] [merchant] [info] Found handle for eldenring.exe process: D:\SteamLibrary\steamapps\common\ELDEN RING\Game\eldenring.exe
[2025-03-03 07:47:34.207] [merchant] [info] Waiting for params...
[2025-03-03 07:47:45.210] [merchant] [info] Sleeping an extra 10s to work potential compatibility issues...
[2025-03-03 07:47:55.211] [merchant] [info] Hooking messages...
[2025-03-03 07:47:55.211] [merchant] [info] Detected language "english"
[2025-03-03 07:47:55.212] [merchant] [info] Hooking shops...
[2025-03-03 07:47:55.217] [merchant] [info] Hooking talkscripts...
[2025-03-03 07:47:55.264] [merchant] [info] Initialized mod
[2025-03-03 07:54:32.425] [merchant] [info] Deinitialized mod
[2025-03-03 08:17:18.361] [merchant] [info] Glorious Merchant version 1.1.11
[2025-03-03 08:17:18.361] [merchant] [info] Loading config from D:\Elden Ring Mods\CCW 3.7.1\mod\ermerchant.ini
[2025-03-03 08:17:18.361] [merchant] [info] auto_upgrade_weapons = true
[2025-03-03 08:17:18.361] [merchant] [info] Found handle for eldenring.exe process: D:\SteamLibrary\steamapps\common\ELDEN RING\Game\eldenring.exe
[2025-03-03 08:17:18.362] [merchant] [info] Waiting for params...
[2025-03-03 08:17:29.366] [merchant] [info] Sleeping an extra 10s to work potential compatibility issues...
[2025-03-03 08:17:39.366] [merchant] [info] Hooking messages...
[2025-03-03 08:17:39.366] [merchant] [info] Detected language "english"
[2025-03-03 08:17:39.368] [merchant] [info] Hooking shops...
[2025-03-03 08:17:39.372] [merchant] [info] Hooking talkscripts...
[2025-03-03 08:17:39.418] [merchant] [info] Initialized mod
[2025-03-03 08:18:41.215] [merchant] [info] Patching state group x51
[2025-03-03 08:20:56.459] [merchant] [info] Deinitialized mod
[2025-03-03 20:30:31.282] [merchant] [info] Glorious Merchant version 1.1.11
[2025-03-03 20:30:31.282] [merchant] [info] Loading config from D:\Elden Ring Mods\CCW 3.7.1\mod\ermerchant.ini
[2025-03-03 20:30:31.287] [merchant] [info] auto_upgrade_weapons = true
[2025-03-03 20:30:31.287] [merchant] [info] Found handle for eldenring.exe process: D:\SteamLibrary\steamapps\common\ELDEN RING\Game\eldenring.exe
[2025-03-03 20:30:31.288] [merchant] [info] Waiting for params...
[2025-03-03 20:30:46.293] [merchant] [info] Sleeping an extra 10s to work potential compatibility issues...
[2025-03-03 20:30:56.293] [merchant] [info] Hooking messages...
[2025-03-03 20:30:56.293] [merchant] [info] Detected language "english"
[2025-03-03 20:30:56.294] [merchant] [info] Hooking shops...
[2025-03-03 20:30:56.393] [merchant] [info] Hooking talkscripts...
[2025-03-03 20:30:56.432] [merchant] [info] Initialized mod
[2025-03-03 20:32:47.845] [merchant] [info] Deinitialized mod
[2025-03-03 21:34:24.700] [merchant] [info] Glorious Merchant version 1.1.11
[2025-03-03 21:34:24.700] [merchant] [info] Loading config from D:\Elden Ring Mods\CCW 3.7.1\mod\ermerchant.ini
[2025-03-03 21:34:24.700] [merchant] [info] auto_upgrade_weapons = true
[2025-03-03 21:34:24.701] [merchant] [info] Found handle for eldenring.exe process: D:\SteamLibrary\steamapps\common\ELDEN RING\Game\eldenring.exe
[2025-03-03 21:34:24.702] [merchant] [info] Waiting for params...
[2025-03-03 21:34:35.705] [merchant] [info] Sleeping an extra 10s to work potential compatibility issues...
[2025-03-03 21:34:45.705] [merchant] [info] Hooking messages...
[2025-03-03 21:34:45.705] [merchant] [info] Detected language "english"
[2025-03-03 21:34:45.707] [merchant] [info] Hooking shops...
[2025-03-03 21:34:45.714] [merchant] [info] Hooking talkscripts...
[2025-03-03 21:34:45.765] [merchant] [info] Initialized mod
[2025-03-03 21:36:55.967] [merchant] [info] Deinitialized mod
