[2026-03-30 20:00:11.879] [merchant] [info] Glorious Merchant version 1.1.11
[2026-03-30 20:00:11.879] [merchant] [info] Loading config from C:\Users\Bahme\Desktop\CCW 3.9\mod\ermerchant.ini
[2026-03-30 20:00:11.884] [merchant] [info] auto_upgrade_weapons = true
[2026-03-30 20:00:11.885] [merchant] [info] Found handle for eldenring.exe process: D:\SteamLibrary\steamapps\common\ELDEN RING\Game\eldenring.exe
[2026-03-30 20:00:11.886] [merchant] [info] Waiting for params...
[2026-03-30 20:00:22.906] [merchant] [info] Sleeping an extra 10s to work potential compatibility issues...
[2026-03-30 20:00:32.906] [merchant] [info] Hooking messages...
[2026-03-30 20:00:32.907] [merchant] [info] Detected language "english"
[2026-03-30 20:00:32.908] [merchant] [info] Hooking shops...
[2026-03-30 20:00:32.913] [merchant] [info] Hooking talkscripts...
[2026-03-30 20:00:32.949] [merchant] [info] Initialized mod
[2026-03-30 20:52:38.170] [merchant] [info] Glorious Merchant version 1.1.11
[2026-03-30 20:52:38.170] [merchant] [info] Loading config from C:\Users\Bahme\Desktop\CCW 3.9\mod\ermerchant.ini
[2026-03-30 20:52:38.170] [merchant] [info] auto_upgrade_weapons = true
[2026-03-30 20:52:38.171] [merchant] [info] Found handle for eldenring.exe process: D:\SteamLibrary\steamapps\common\ELDEN RING\Game\eldenring.exe
[2026-03-30 20:52:38.172] [merchant] [info] Waiting for params...
[2026-03-30 20:52:38.272] [merchant] [info] Deinitialized mod
[2026-03-30 20:53:13.073] [merchant] [info] Glorious Merchant version 1.1.11
[2026-03-30 20:53:13.073] [merchant] [info] Loading config from C:\Users\Bahme\Desktop\CCW 3.9\mod\ermerchant.ini
[2026-03-30 20:53:13.073] [merchant] [info] auto_upgrade_weapons = true
[2026-03-30 20:53:13.073] [merchant] [info] Found handle for eldenring.exe process: D:\SteamLibrary\steamapps\common\ELDEN RING\Game\eldenring.exe
[2026-03-30 20:53:13.074] [merchant] [info] Waiting for params...
[2026-03-30 20:53:22.076] [merchant] [info] Sleeping an extra 10s to work potential compatibility issues...
[2026-03-30 20:53:32.076] [merchant] [info] Hooking messages...
[2026-03-30 20:53:32.076] [merchant] [info] Detected language "english"
[2026-03-30 20:53:32.078] [merchant] [info] Hooking shops...
[2026-03-30 20:53:32.081] [merchant] [info] Hooking talkscripts...
[2026-03-30 20:53:32.123] [merchant] [info] Initialized mod
[2026-03-30 20:54:29.071] [merchant] [info] Patching state group x51
