[2025-08-21 10:21:13.415] [transmog] [info] Transmog version 2.3.8
[2025-08-21 10:21:13.415] [transmog] [info] Loading config from C:\Users\Vibezzify\Desktop\Desktop\CCW 3.7.5\mod\ertransmogrify.ini
[2025-08-21 10:21:13.420] [transmog] [info] include_unobtained_armor = true 
[2025-08-21 10:21:13.421] [transmog] [info] include_cut_armor = true 
[2025-08-21 10:21:13.421] [transmog] [info] include_dlc_armor = true 
[2025-08-21 10:21:13.421] [transmog] [info] transmog_affects_posture = true 
[2025-08-21 10:21:13.421] [transmog] [info] patch_grace_talk_script = true 
[2025-08-21 10:21:13.421] [transmog] [info] initialize_delay = 2000 
[2025-08-21 10:21:13.421] [transmog] [info] Found handle for eldenring.exe process: D:\SteamLibrary\steamapps\common\ELDEN RING\Game\eldenring.exe
[2025-08-21 10:21:13.425] [transmog] [info] Waiting for params...
[2025-08-21 10:21:23.445] [transmog] [info] Hooking transmog messages...
[2025-08-21 10:21:23.445] [transmog] [info] Waiting for messages...
[2025-08-21 10:21:23.445] [transmog] [info] Detected game language = english
[2025-08-21 10:21:23.445] [transmog] [info] Adding transmog VFX...
[2025-08-21 10:21:24.449] [transmog] [info] SpEffect IDs = 169313464 169313465
[2025-08-21 10:21:24.449] [transmog] [info] Adding transmog shops...
[2025-08-21 10:21:25.454] [transmog] [info] Hooking talk scripts...
[2025-08-21 10:21:25.456] [transmog] [info] Waiting 2000ms to enable...
[2025-08-21 10:21:27.498] [transmog] [info] Initialized transmog
[2025-08-21 10:22:06.606] [transmog] [info] Loaded main player - clearing previous transmog
