[2025-03-01 14:11:29.942] [transmog] [info] Transmog version 2.3.8
[2025-03-01 14:11:29.942] [transmog] [info] Loading config from D:\Elden Ring Mods\CCW 3.6.9xx\mod\ertransmogrify.ini
[2025-03-01 14:11:29.948] [transmog] [info] include_unobtained_armor = true 
[2025-03-01 14:11:29.949] [transmog] [info] include_cut_armor = true 
[2025-03-01 14:11:29.949] [transmog] [info] include_dlc_armor = true 
[2025-03-01 14:11:29.949] [transmog] [info] transmog_affects_posture = true 
[2025-03-01 14:11:29.949] [transmog] [info] patch_grace_talk_script = true 
[2025-03-01 14:11:29.949] [transmog] [info] initialize_delay = 2000 
[2025-03-01 14:11:29.949] [transmog] [info] Found handle for eldenring.exe process: D:\SteamLibrary\steamapps\common\ELDEN RING\Game\eldenring.exe
[2025-03-01 14:11:29.950] [transmog] [info] Waiting for params...
[2025-03-01 14:11:44.960] [transmog] [info] Hooking transmog messages...
[2025-03-01 14:11:44.961] [transmog] [info] Waiting for messages...
[2025-03-01 14:11:44.962] [transmog] [info] Detected game language = english
[2025-03-01 14:11:44.962] [transmog] [info] Adding transmog VFX...
[2025-03-01 14:11:45.967] [transmog] [info] SpEffect IDs = 169264274 169264275
[2025-03-01 14:11:45.967] [transmog] [info] Adding transmog shops...
[2025-03-01 14:11:46.974] [transmog] [info] Hooking talk scripts...
[2025-03-01 14:11:46.976] [transmog] [info] Waiting 2000ms to enable...
[2025-03-01 14:11:49.043] [transmog] [info] Initialized transmog
[2025-03-01 14:12:11.264] [transmog] [info] Loaded main player - clearing previous transmog
[2025-03-01 14:12:11.264] [transmog] [info] Set main player transmog protector 5253000
[2025-03-01 14:12:52.859] [transmog] [info] Loaded main player - clearing previous transmog
[2025-03-01 14:12:52.860] [transmog] [info] Set main player transmog protector 5253000
