[2025-03-02 00:33:47.195] [transmog] [info] Transmog version 2.3.8
[2025-03-02 00:33:47.195] [transmog] [info] Loading config from D:\Elden Ring Mods\CCW 3.6.9xx\mod\ertransmogrify.ini
[2025-03-02 00:33:47.201] [transmog] [info] include_unobtained_armor = true 
[2025-03-02 00:33:47.201] [transmog] [info] include_cut_armor = true 
[2025-03-02 00:33:47.201] [transmog] [info] include_dlc_armor = true 
[2025-03-02 00:33:47.201] [transmog] [info] transmog_affects_posture = true 
[2025-03-02 00:33:47.201] [transmog] [info] patch_grace_talk_script = true 
[2025-03-02 00:33:47.201] [transmog] [info] initialize_delay = 2000 
[2025-03-02 00:33:47.201] [transmog] [info] Found handle for eldenring.exe process: D:\SteamLibrary\steamapps\common\ELDEN RING\Game\eldenring.exe
[2025-03-02 00:33:47.202] [transmog] [info] Waiting for params...
[2025-03-02 00:34:01.208] [transmog] [info] Hooking transmog messages...
[2025-03-02 00:34:01.209] [transmog] [info] Waiting for messages...
[2025-03-02 00:34:01.210] [transmog] [info] Detected game language = english
[2025-03-02 00:34:01.210] [transmog] [info] Adding transmog VFX...
[2025-03-02 00:34:02.215] [transmog] [info] SpEffect IDs = 169094524 169094525
[2025-03-02 00:34:02.216] [transmog] [info] Adding transmog shops...
[2025-03-02 00:34:03.220] [transmog] [info] Hooking talk scripts...
[2025-03-02 00:34:03.222] [transmog] [info] Waiting 2000ms to enable...
[2025-03-02 00:34:05.706] [transmog] [info] Initialized transmog
[2025-03-02 00:34:51.586] [transmog] [info] Loaded main player - clearing previous transmog
[2025-03-02 00:34:51.586] [transmog] [info] Set main player transmog protector 5253000
[2025-03-02 00:44:01.404] [transmog] [info] Loaded main player - clearing previous transmog
[2025-03-02 00:44:01.404] [transmog] [info] Set main player transmog protector 5253000
[2025-03-02 00:49:49.644] [transmog] [info] Patched state group x31
[2025-03-02 00:49:52.519] [transmog] [info] Main player - undoing transmog
[2025-03-02 00:50:18.545] [transmog] [info] Loaded main player - clearing previous transmog
[2025-03-02 00:50:51.910] [transmog] [info] Loaded main player - clearing previous transmog
[2025-03-02 01:00:13.428] [transmog] [info] Patched state group x31
[2025-03-02 01:00:30.917] [transmog] [info] Loaded main player - clearing previous transmog
[2025-03-02 01:00:45.528] [transmog] [info] Loaded main player - clearing previous transmog
[2025-03-02 01:01:13.935] [transmog] [info] Loaded main player - clearing previous transmog
[2025-03-02 01:01:28.994] [transmog] [info] Loaded main player - clearing previous transmog
