[2025-01-29 08:36:22.547] [transmog] [info] Transmog version 2.3.8
[2025-01-29 08:36:22.547] [transmog] [info] Loading config from C:\Users\Bahme\Desktop\ME2\mod\ertransmogrify.ini
[2025-01-29 08:36:22.553] [transmog] [info] include_unobtained_armor = true 
[2025-01-29 08:36:22.553] [transmog] [info] include_cut_armor = true 
[2025-01-29 08:36:22.553] [transmog] [info] include_dlc_armor = true 
[2025-01-29 08:36:22.553] [transmog] [info] transmog_affects_posture = true 
[2025-01-29 08:36:22.553] [transmog] [info] patch_grace_talk_script = false 
[2025-01-29 08:36:22.553] [transmog] [info] initialize_delay = 2000 
[2025-01-29 08:36:22.554] [transmog] [info] Found handle for eldenring.exe process: D:\SteamLibrary\steamapps\common\ELDEN RING\Game\eldenring.exe
[2025-01-29 08:36:22.555] [transmog] [info] Waiting for params...
[2025-01-29 08:36:34.585] [transmog] [info] Hooking transmog messages...
[2025-01-29 08:36:34.586] [transmog] [info] Waiting for messages...
[2025-01-29 08:36:34.587] [transmog] [info] Detected game language = english
[2025-01-29 08:36:34.587] [transmog] [info] Adding transmog VFX...
[2025-01-29 08:36:35.595] [transmog] [info] SpEffect IDs = 169463890 169463891
[2025-01-29 08:36:35.595] [transmog] [info] Adding transmog shops...
[2025-01-29 08:36:36.600] [transmog] [info] Waiting 2000ms to enable...
[2025-01-29 08:36:38.673] [transmog] [info] Initialized transmog
[2025-01-29 08:37:20.821] [transmog] [info] Loaded main player - clearing previous transmog
[2025-01-29 08:38:22.086] [transmog] [info] Loaded main player - clearing previous transmog
[2025-01-29 08:38:59.627] [transmog] [info] Loaded main player - clearing previous transmog
[2025-01-29 08:39:41.425] [transmog] [info] Loaded main player - clearing previous transmog
[2025-01-29 08:40:17.265] [transmog] [info] Loaded main player - clearing previous transmog
[2025-01-29 13:11:24.503] [transmog] [info] Transmog version 2.3.8
[2025-01-29 13:11:24.503] [transmog] [info] Loading config from C:\Users\Bahme\Desktop\ME2\mod\ertransmogrify.ini
[2025-01-29 13:11:24.508] [transmog] [info] include_unobtained_armor = true 
[2025-01-29 13:11:24.508] [transmog] [info] include_cut_armor = true 
[2025-01-29 13:11:24.508] [transmog] [info] include_dlc_armor = true 
[2025-01-29 13:11:24.508] [transmog] [info] transmog_affects_posture = true 
[2025-01-29 13:11:24.508] [transmog] [info] patch_grace_talk_script = false 
[2025-01-29 13:11:24.508] [transmog] [info] initialize_delay = 2000 
[2025-01-29 13:11:24.509] [transmog] [info] Found handle for eldenring.exe process: D:\SteamLibrary\steamapps\common\ELDEN RING\Game\eldenring.exe
[2025-01-29 13:11:24.515] [transmog] [info] Waiting for params...
[2025-01-29 13:11:37.522] [transmog] [info] Hooking transmog messages...
[2025-01-29 13:11:37.523] [transmog] [info] Waiting for messages...
[2025-01-29 13:11:37.524] [transmog] [info] Detected game language = english
[2025-01-29 13:11:37.524] [transmog] [info] Adding transmog VFX...
[2025-01-29 13:11:38.530] [transmog] [info] SpEffect IDs = 169362214 169362215
[2025-01-29 13:11:38.530] [transmog] [info] Adding transmog shops...
[2025-01-29 13:11:39.538] [transmog] [info] Waiting 2000ms to enable...
[2025-01-29 13:11:41.605] [transmog] [info] Initialized transmog
[2025-01-29 13:12:22.543] [transmog] [info] Transmog version 2.3.8
[2025-01-29 13:12:22.543] [transmog] [info] Loading config from C:\Users\Bahme\Desktop\ME2\mod\ertransmogrify.ini
[2025-01-29 13:12:22.543] [transmog] [info] include_unobtained_armor = true 
[2025-01-29 13:12:22.543] [transmog] [info] include_cut_armor = true 
[2025-01-29 13:12:22.543] [transmog] [info] include_dlc_armor = true 
[2025-01-29 13:12:22.543] [transmog] [info] transmog_affects_posture = true 
[2025-01-29 13:12:22.543] [transmog] [info] patch_grace_talk_script = false 
[2025-01-29 13:12:22.543] [transmog] [info] initialize_delay = 2000 
[2025-01-29 13:12:22.544] [transmog] [info] Found handle for eldenring.exe process: D:\SteamLibrary\steamapps\common\ELDEN RING\Game\eldenring.exe
[2025-01-29 13:12:22.552] [transmog] [info] Waiting for params...
[2025-01-29 13:12:34.559] [transmog] [info] Hooking transmog messages...
[2025-01-29 13:12:34.560] [transmog] [info] Waiting for messages...
[2025-01-29 13:12:34.561] [transmog] [info] Detected game language = english
[2025-01-29 13:12:34.561] [transmog] [info] Adding transmog VFX...
[2025-01-29 13:12:35.566] [transmog] [info] SpEffect IDs = 169179246 169179247
[2025-01-29 13:12:35.566] [transmog] [info] Adding transmog shops...
[2025-01-29 13:12:36.571] [transmog] [info] Waiting 2000ms to enable...
[2025-01-29 13:12:38.671] [transmog] [info] Initialized transmog
[2025-01-29 13:13:28.827] [transmog] [info] Loaded main player - clearing previous transmog
[2025-01-29 13:14:35.224] [transmog] [info] Loaded main player - clearing previous transmog
[2025-01-29 13:15:22.131] [transmog] [info] Loaded main player - clearing previous transmog
[2025-01-29 13:17:02.600] [transmog] [info] Loaded main player - clearing previous transmog
[2025-01-29 14:17:30.835] [transmog] [info] Transmog version 2.3.8
[2025-01-29 14:17:30.836] [transmog] [info] Loading config from C:\Users\Bahme\Desktop\ME2\mod\ertransmogrify.ini
[2025-01-29 14:17:30.836] [transmog] [info] include_unobtained_armor = true 
[2025-01-29 14:17:30.836] [transmog] [info] include_cut_armor = true 
[2025-01-29 14:17:30.836] [transmog] [info] include_dlc_armor = true 
[2025-01-29 14:17:30.836] [transmog] [info] transmog_affects_posture = true 
[2025-01-29 14:17:30.836] [transmog] [info] patch_grace_talk_script = false 
[2025-01-29 14:17:30.836] [transmog] [info] initialize_delay = 2000 
[2025-01-29 14:17:30.836] [transmog] [info] Found handle for eldenring.exe process: D:\SteamLibrary\steamapps\common\ELDEN RING\Game\eldenring.exe
[2025-01-29 14:17:30.845] [transmog] [info] Waiting for params...
[2025-01-29 14:17:43.853] [transmog] [info] Hooking transmog messages...
[2025-01-29 14:17:43.854] [transmog] [info] Waiting for messages...
[2025-01-29 14:17:43.855] [transmog] [info] Detected game language = english
[2025-01-29 14:17:43.855] [transmog] [info] Adding transmog VFX...
[2025-01-29 14:17:44.859] [transmog] [info] SpEffect IDs = 169237716 169237717
[2025-01-29 14:17:44.860] [transmog] [info] Adding transmog shops...
[2025-01-29 14:17:45.865] [transmog] [info] Waiting 2000ms to enable...
[2025-01-29 14:17:47.926] [transmog] [info] Initialized transmog
[2025-01-29 14:18:10.085] [transmog] [info] Loaded main player - clearing previous transmog
[2025-01-29 14:19:18.505] [transmog] [info] Loaded main player - clearing previous transmog
[2025-01-29 14:19:55.132] [transmog] [info] Loaded main player - clearing previous transmog
[2025-01-29 14:20:29.245] [transmog] [info] Loaded main player - clearing previous transmog
[2025-01-29 14:24:26.052] [transmog] [info] Transmog version 2.3.8
[2025-01-29 14:24:26.052] [transmog] [info] Loading config from C:\Users\Bahme\Desktop\ME2\mod\ertransmogrify.ini
[2025-01-29 14:24:26.052] [transmog] [info] include_unobtained_armor = true 
[2025-01-29 14:24:26.052] [transmog] [info] include_cut_armor = true 
[2025-01-29 14:24:26.052] [transmog] [info] include_dlc_armor = true 
[2025-01-29 14:24:26.052] [transmog] [info] transmog_affects_posture = true 
[2025-01-29 14:24:26.052] [transmog] [info] patch_grace_talk_script = false 
[2025-01-29 14:24:26.052] [transmog] [info] initialize_delay = 2000 
[2025-01-29 14:24:26.053] [transmog] [info] Found handle for eldenring.exe process: D:\SteamLibrary\steamapps\common\ELDEN RING\Game\eldenring.exe
[2025-01-29 14:24:26.061] [transmog] [info] Waiting for params...
[2025-01-29 14:24:37.067] [transmog] [info] Hooking transmog messages...
[2025-01-29 14:24:37.068] [transmog] [info] Waiting for messages...
[2025-01-29 14:24:37.069] [transmog] [info] Detected game language = english
[2025-01-29 14:24:37.069] [transmog] [info] Adding transmog VFX...
[2025-01-29 14:24:38.074] [transmog] [info] SpEffect IDs = 169089218 169089219
[2025-01-29 14:24:38.074] [transmog] [info] Adding transmog shops...
[2025-01-29 14:24:39.080] [transmog] [info] Waiting 2000ms to enable...
[2025-01-29 14:24:41.180] [transmog] [info] Initialized transmog
[2025-01-29 14:24:58.400] [transmog] [info] Loaded main player - clearing previous transmog
[2025-01-29 14:25:14.866] [transmog] [info] Loaded main player - clearing previous transmog
[2025-01-29 14:35:23.172] [transmog] [info] Transmog version 2.3.8
[2025-01-29 14:35:23.172] [transmog] [info] Loading config from C:\Users\Bahme\Desktop\ME2\mod\ertransmogrify.ini
[2025-01-29 14:35:23.172] [transmog] [info] include_unobtained_armor = true 
[2025-01-29 14:35:23.172] [transmog] [info] include_cut_armor = true 
[2025-01-29 14:35:23.172] [transmog] [info] include_dlc_armor = true 
[2025-01-29 14:35:23.172] [transmog] [info] transmog_affects_posture = true 
[2025-01-29 14:35:23.172] [transmog] [info] patch_grace_talk_script = false 
[2025-01-29 14:35:23.172] [transmog] [info] initialize_delay = 2000 
[2025-01-29 14:35:23.173] [transmog] [info] Found handle for eldenring.exe process: D:\SteamLibrary\steamapps\common\ELDEN RING\Game\eldenring.exe
[2025-01-29 14:35:23.182] [transmog] [info] Waiting for params...
[2025-01-29 14:35:34.188] [transmog] [info] Hooking transmog messages...
[2025-01-29 14:35:34.189] [transmog] [info] Waiting for messages...
[2025-01-29 14:35:34.190] [transmog] [info] Detected game language = english
[2025-01-29 14:35:34.190] [transmog] [info] Adding transmog VFX...
[2025-01-29 14:35:35.196] [transmog] [info] SpEffect IDs = 169217822 169217823
[2025-01-29 14:35:35.196] [transmog] [info] Adding transmog shops...
[2025-01-29 14:35:36.201] [transmog] [info] Waiting 2000ms to enable...
[2025-01-29 14:35:38.271] [transmog] [info] Initialized transmog
[2025-01-29 14:36:00.871] [transmog] [info] Loaded main player - clearing previous transmog
[2025-01-29 14:39:33.264] [transmog] [info] Loaded main player - clearing previous transmog
[2025-01-29 14:40:45.153] [transmog] [info] Transmog version 2.3.8
[2025-01-29 14:40:45.153] [transmog] [info] Loading config from C:\Users\Bahme\Desktop\ME2\mod\ertransmogrify.ini
[2025-01-29 14:40:45.153] [transmog] [info] include_unobtained_armor = true 
[2025-01-29 14:40:45.153] [transmog] [info] include_cut_armor = true 
[2025-01-29 14:40:45.153] [transmog] [info] include_dlc_armor = true 
[2025-01-29 14:40:45.153] [transmog] [info] transmog_affects_posture = true 
[2025-01-29 14:40:45.153] [transmog] [info] patch_grace_talk_script = false 
[2025-01-29 14:40:45.153] [transmog] [info] initialize_delay = 2000 
[2025-01-29 14:40:45.154] [transmog] [info] Found handle for eldenring.exe process: D:\SteamLibrary\steamapps\common\ELDEN RING\Game\eldenring.exe
[2025-01-29 14:40:45.162] [transmog] [info] Waiting for params...
[2025-01-29 14:40:58.170] [transmog] [info] Hooking transmog messages...
[2025-01-29 14:40:58.171] [transmog] [info] Waiting for messages...
[2025-01-29 14:40:58.173] [transmog] [info] Detected game language = english
[2025-01-29 14:40:58.173] [transmog] [info] Adding transmog VFX...
[2025-01-29 14:40:59.180] [transmog] [info] SpEffect IDs = 169302390 169302391
[2025-01-29 14:40:59.180] [transmog] [info] Adding transmog shops...
[2025-01-29 14:41:00.188] [transmog] [info] Waiting 2000ms to enable...
[2025-01-29 14:41:02.274] [transmog] [info] Initialized transmog
[2025-01-29 14:41:19.788] [transmog] [info] Loaded main player - clearing previous transmog
[2025-01-29 14:49:22.645] [transmog] [info] Transmog version 2.3.8
[2025-01-29 14:49:22.645] [transmog] [info] Loading config from C:\Users\Bahme\Desktop\ME2\mod\ertransmogrify.ini
[2025-01-29 14:49:22.645] [transmog] [info] include_unobtained_armor = true 
[2025-01-29 14:49:22.645] [transmog] [info] include_cut_armor = true 
[2025-01-29 14:49:22.645] [transmog] [info] include_dlc_armor = true 
[2025-01-29 14:49:22.645] [transmog] [info] transmog_affects_posture = true 
[2025-01-29 14:49:22.645] [transmog] [info] patch_grace_talk_script = false 
[2025-01-29 14:49:22.645] [transmog] [info] initialize_delay = 2000 
[2025-01-29 14:49:22.646] [transmog] [info] Found handle for eldenring.exe process: D:\SteamLibrary\steamapps\common\ELDEN RING\Game\eldenring.exe
[2025-01-29 14:49:22.654] [transmog] [info] Waiting for params...
[2025-01-29 14:49:33.660] [transmog] [info] Hooking transmog messages...
[2025-01-29 14:49:33.661] [transmog] [info] Waiting for messages...
[2025-01-29 14:49:33.662] [transmog] [info] Detected game language = english
[2025-01-29 14:49:33.662] [transmog] [info] Adding transmog VFX...
[2025-01-29 14:49:34.667] [transmog] [info] SpEffect IDs = 169280238 169280239
[2025-01-29 14:49:34.667] [transmog] [info] Adding transmog shops...
[2025-01-29 14:49:35.673] [transmog] [info] Waiting 2000ms to enable...
[2025-01-29 14:49:37.769] [transmog] [info] Initialized transmog
[2025-01-29 14:49:55.679] [transmog] [info] Loaded main player - clearing previous transmog
[2025-01-29 15:00:32.785] [transmog] [info] Transmog version 2.3.8
[2025-01-29 15:00:32.786] [transmog] [info] Loading config from C:\Users\Bahme\Desktop\ME2\mod\ertransmogrify.ini
[2025-01-29 15:00:32.786] [transmog] [info] include_unobtained_armor = true 
[2025-01-29 15:00:32.786] [transmog] [info] include_cut_armor = true 
[2025-01-29 15:00:32.786] [transmog] [info] include_dlc_armor = true 
[2025-01-29 15:00:32.786] [transmog] [info] transmog_affects_posture = true 
[2025-01-29 15:00:32.786] [transmog] [info] patch_grace_talk_script = false 
[2025-01-29 15:00:32.786] [transmog] [info] initialize_delay = 2000 
[2025-01-29 15:00:32.786] [transmog] [info] Found handle for eldenring.exe process: D:\SteamLibrary\steamapps\common\ELDEN RING\Game\eldenring.exe
[2025-01-29 15:00:32.795] [transmog] [info] Waiting for params...
[2025-01-29 15:00:44.802] [transmog] [info] Hooking transmog messages...
[2025-01-29 15:00:44.802] [transmog] [info] Waiting for messages...
[2025-01-29 15:00:44.803] [transmog] [info] Detected game language = english
[2025-01-29 15:00:44.803] [transmog] [info] Adding transmog VFX...
[2025-01-29 15:00:45.809] [transmog] [info] SpEffect IDs = 169145324 169145325
[2025-01-29 15:00:45.809] [transmog] [info] Adding transmog shops...
[2025-01-29 15:00:46.815] [transmog] [info] Waiting 2000ms to enable...
[2025-01-29 15:00:48.890] [transmog] [info] Initialized transmog
[2025-01-29 15:01:13.591] [transmog] [info] Loaded main player - clearing previous transmog
[2025-01-29 15:06:17.063] [transmog] [info] Transmog version 2.3.8
[2025-01-29 15:06:17.063] [transmog] [info] Loading config from C:\Users\Bahme\Desktop\ME2\mod\ertransmogrify.ini
[2025-01-29 15:06:17.063] [transmog] [info] include_unobtained_armor = true 
[2025-01-29 15:06:17.063] [transmog] [info] include_cut_armor = true 
[2025-01-29 15:06:17.063] [transmog] [info] include_dlc_armor = true 
[2025-01-29 15:06:17.063] [transmog] [info] transmog_affects_posture = true 
[2025-01-29 15:06:17.063] [transmog] [info] patch_grace_talk_script = false 
[2025-01-29 15:06:17.063] [transmog] [info] initialize_delay = 2000 
[2025-01-29 15:06:17.064] [transmog] [info] Found handle for eldenring.exe process: D:\SteamLibrary\steamapps\common\ELDEN RING\Game\eldenring.exe
[2025-01-29 15:06:17.071] [transmog] [info] Waiting for params...
[2025-01-29 15:06:28.077] [transmog] [info] Hooking transmog messages...
[2025-01-29 15:06:28.078] [transmog] [info] Waiting for messages...
[2025-01-29 15:06:28.079] [transmog] [info] Detected game language = english
[2025-01-29 15:06:28.079] [transmog] [info] Adding transmog VFX...
[2025-01-29 15:06:29.085] [transmog] [info] SpEffect IDs = 169488912 169488913
[2025-01-29 15:06:29.085] [transmog] [info] Adding transmog shops...
[2025-01-29 15:06:30.090] [transmog] [info] Waiting 2000ms to enable...
[2025-01-29 15:06:32.164] [transmog] [info] Initialized transmog
[2025-01-29 15:06:48.426] [transmog] [info] Loaded main player - clearing previous transmog
[2025-01-29 15:08:27.846] [transmog] [info] Loaded main player - clearing previous transmog
[2025-01-29 15:12:13.807] [transmog] [info] Transmog version 2.3.8
[2025-01-29 15:12:13.807] [transmog] [info] Loading config from C:\Users\Bahme\Desktop\ME2\mod\ertransmogrify.ini
[2025-01-29 15:12:13.808] [transmog] [info] include_unobtained_armor = true 
[2025-01-29 15:12:13.808] [transmog] [info] include_cut_armor = true 
[2025-01-29 15:12:13.808] [transmog] [info] include_dlc_armor = true 
[2025-01-29 15:12:13.808] [transmog] [info] transmog_affects_posture = true 
[2025-01-29 15:12:13.808] [transmog] [info] patch_grace_talk_script = false 
[2025-01-29 15:12:13.808] [transmog] [info] initialize_delay = 2000 
[2025-01-29 15:12:13.809] [transmog] [info] Found handle for eldenring.exe process: D:\SteamLibrary\steamapps\common\ELDEN RING\Game\eldenring.exe
[2025-01-29 15:12:13.817] [transmog] [info] Waiting for params...
[2025-01-29 15:12:25.850] [transmog] [info] Hooking transmog messages...
[2025-01-29 15:12:25.850] [transmog] [info] Waiting for messages...
[2025-01-29 15:12:25.852] [transmog] [info] Detected game language = english
[2025-01-29 15:12:25.852] [transmog] [info] Adding transmog VFX...
[2025-01-29 15:12:26.858] [transmog] [info] SpEffect IDs = 169152408 169152409
[2025-01-29 15:12:26.858] [transmog] [info] Adding transmog shops...
[2025-01-29 15:12:27.866] [transmog] [info] Waiting 2000ms to enable...
[2025-01-29 15:12:29.941] [transmog] [info] Initialized transmog
[2025-01-29 15:12:47.926] [transmog] [info] Loaded main player - clearing previous transmog
[2025-01-29 15:17:53.988] [transmog] [info] Transmog version 2.3.8
[2025-01-29 15:17:53.988] [transmog] [info] Loading config from C:\Users\Bahme\Desktop\ME2\mod\ertransmogrify.ini
[2025-01-29 15:17:53.988] [transmog] [info] include_unobtained_armor = true 
[2025-01-29 15:17:53.988] [transmog] [info] include_cut_armor = true 
[2025-01-29 15:17:53.988] [transmog] [info] include_dlc_armor = true 
[2025-01-29 15:17:53.988] [transmog] [info] transmog_affects_posture = true 
[2025-01-29 15:17:53.988] [transmog] [info] patch_grace_talk_script = false 
[2025-01-29 15:17:53.988] [transmog] [info] initialize_delay = 2000 
[2025-01-29 15:17:53.989] [transmog] [info] Found handle for eldenring.exe process: D:\SteamLibrary\steamapps\common\ELDEN RING\Game\eldenring.exe
[2025-01-29 15:17:53.997] [transmog] [info] Waiting for params...
[2025-01-29 15:18:05.003] [transmog] [info] Hooking transmog messages...
[2025-01-29 15:18:05.004] [transmog] [info] Waiting for messages...
[2025-01-29 15:18:05.005] [transmog] [info] Detected game language = english
[2025-01-29 15:18:05.005] [transmog] [info] Adding transmog VFX...
[2025-01-29 15:18:06.010] [transmog] [info] SpEffect IDs = 169353468 169353469
[2025-01-29 15:18:06.010] [transmog] [info] Adding transmog shops...
[2025-01-29 15:18:07.084] [transmog] [info] Waiting 2000ms to enable...
[2025-01-29 15:18:09.147] [transmog] [info] Initialized transmog
[2025-01-29 15:18:27.889] [transmog] [info] Loaded main player - clearing previous transmog
[2025-01-29 15:19:52.009] [transmog] [info] Loaded main player - clearing previous transmog
[2025-01-29 15:23:56.783] [transmog] [info] Loaded main player - clearing previous transmog
