[2025-06-22 23:51:08.895] [modengine] [info] Attempting to load global config at C:\Users\Vibezzify\Desktop\CCW 3.7.5\modengine2\config.toml
[2025-06-22 23:51:08.895] [modengine] [info] Attempting to load mod settings config at C:\Users\Vibezzify\Desktop\CCW 3.7.5\config_eldenring.toml
[2025-06-22 23:51:08.896] [modengine] [info] Local config loaded
[2025-06-22 23:51:08.896] [modengine] [info] ModEngine version 2.1.0-2440fc717d61eaee1549a9fc94e3109e6c016275 initializing for Elden Ring
[2025-06-22 23:51:08.896] [modengine] [info] Local settings loaded: true, Global settings loaded: false
[2025-06-22 23:51:08.896] [modengine] [info] Main thread ID: 11616
[2025-06-22 23:51:08.932] [modengine] [info] Loaded external DLL C:\Users\Vibezzify\Desktop\CCW 3.7.5\mod/ertransmogrify.dll
[2025-06-22 23:51:08.932] [modengine] [warning] External dll C:\Users\Vibezzify\Desktop\CCW 3.7.5\mod/ertransmogrify.dll at base address 0x7ffd65f00000 is not a modengine extension
[2025-06-22 23:51:08.988] [modengine] [info] Loaded external DLL C:\Users\Vibezzify\Desktop\CCW 3.7.5\mod/eldenring_alt_saves.dll
[2025-06-22 23:51:08.988] [modengine] [warning] External dll C:\Users\Vibezzify\Desktop\CCW 3.7.5\mod/eldenring_alt_saves.dll at base address 0x7ffd65e40000 is not a modengine extension
[2025-06-22 23:51:09.011] [modengine] [info] Loaded external DLL C:\Users\Vibezzify\Desktop\CCW 3.7.5\mod/ErdTools.dll
[2025-06-22 23:51:09.011] [modengine] [warning] External dll C:\Users\Vibezzify\Desktop\CCW 3.7.5\mod/ErdTools.dll at base address 0x7ffd72410000 is not a modengine extension
[2025-06-22 23:51:09.043] [modengine] [info] Loaded external DLL C:\Users\Vibezzify\Desktop\CCW 3.7.5\mod/ermerchant.dll
[2025-06-22 23:51:09.043] [modengine] [warning] External dll C:\Users\Vibezzify\Desktop\CCW 3.7.5\mod/ermerchant.dll at base address 0x7ffd65dc0000 is not a modengine extension
[2025-06-22 23:51:09.043] [modengine] [info] Enabling extension base
[2025-06-22 23:51:09.043] [modengine] [info] Enabled extension base
[2025-06-22 23:51:09.043] [modengine] [info] Enabling extension mod_loader
[2025-06-22 23:51:09.043] [modengine] [info] Installing mod location mod
[2025-06-22 23:51:09.043] [modengine] [info] Resolved mod path to C:\Users\Vibezzify\Desktop\CCW 3.7.5\mod
[2025-06-22 23:51:09.043] [modengine] [info] Enabled extension mod_loader
[2025-06-22 23:51:09.147] [modengine] [info] Applied 4 hooks
[2025-06-22 23:51:09.149] [modengine] [info] Starting worker thread
