[2024-11-05 15:00:35.676] [modengine] [info] Attempting to load global config at C:\Users\CouchJockey\Documents\GitHub\ConvergenceER\modengine2\config.toml
[2024-11-05 15:00:35.676] [modengine] [info] Attempting to load mod settings config at C:\Users\CouchJockey\Documents\GitHub\ConvergenceER\config_eldenring.toml
[2024-11-05 15:00:35.685] [modengine] [info] Local config loaded
[2024-11-05 15:00:35.685] [modengine] [info] ModEngine version 2.1.0-2440fc717d61eaee1549a9fc94e3109e6c016275 initializing for Elden Ring
[2024-11-05 15:00:35.685] [modengine] [info] Local settings loaded: true, Global settings loaded: false
[2024-11-05 15:00:35.686] [modengine] [info] Main thread ID: 34972
[2024-11-05 15:00:35.725] [modengine] [info] Loaded external DLL C:\Users\CouchJockey\Documents\GitHub\ConvergenceER\mod/ertransmogrify.dll
[2024-11-05 15:00:35.725] [modengine] [warning] External dll C:\Users\CouchJockey\Documents\GitHub\ConvergenceER\mod/ertransmogrify.dll at base address 0x7ffd1b470000 is not a modengine extension
[2024-11-05 15:00:35.751] [modengine] [info] Loaded external DLL C:\Users\CouchJockey\Documents\GitHub\ConvergenceER\mod/ErdTools.dll
[2024-11-05 15:00:35.751] [modengine] [warning] External dll C:\Users\CouchJockey\Documents\GitHub\ConvergenceER\mod/ErdTools.dll at base address 0x7ffd348c0000 is not a modengine extension
[2024-11-05 15:00:35.939] [modengine] [info] Loaded external DLL C:\Users\CouchJockey\Documents\GitHub\ConvergenceER\mod/Scripts-Data-Exposer-FS.dll
[2024-11-05 15:00:35.939] [modengine] [warning] External dll C:\Users\CouchJockey\Documents\GitHub\ConvergenceER\mod/Scripts-Data-Exposer-FS.dll at base address 0x7ffd34a90000 is not a modengine extension
[2024-11-05 15:00:35.939] [modengine] [info] Enabling extension base
[2024-11-05 15:00:35.939] [modengine] [info] Enabled extension base
[2024-11-05 15:00:35.939] [modengine] [info] Enabling extension mod_loader
[2024-11-05 15:00:35.939] [modengine] [info] Installing mod location mod
[2024-11-05 15:00:35.939] [modengine] [info] Resolved mod path to C:\Users\CouchJockey\Documents\GitHub\ConvergenceER\mod
[2024-11-05 15:00:35.939] [modengine] [info] Enabled extension mod_loader
[2024-11-05 15:00:36.026] [modengine] [info] Applied 4 hooks
[2024-11-05 15:00:36.027] [modengine] [info] Starting worker thread
[2024-11-05 15:10:32.951] [modengine] [info] Attempting to load global config at C:\Users\CouchJockey\Documents\GitHub\ConvergenceER\modengine2\config.toml
[2024-11-05 15:10:32.951] [modengine] [info] Attempting to load mod settings config at C:\Users\CouchJockey\Documents\GitHub\ConvergenceER\config_eldenring.toml
[2024-11-05 15:10:32.951] [modengine] [info] Local config loaded
[2024-11-05 15:10:32.951] [modengine] [info] ModEngine version 2.1.0-2440fc717d61eaee1549a9fc94e3109e6c016275 initializing for Elden Ring
[2024-11-05 15:10:32.951] [modengine] [info] Local settings loaded: true, Global settings loaded: false
[2024-11-05 15:10:32.951] [modengine] [info] Main thread ID: 27964
[2024-11-05 15:10:32.955] [modengine] [info] Loaded external DLL C:\Users\CouchJockey\Documents\GitHub\ConvergenceER\mod/ertransmogrify.dll
[2024-11-05 15:10:32.955] [modengine] [warning] External dll C:\Users\CouchJockey\Documents\GitHub\ConvergenceER\mod/ertransmogrify.dll at base address 0x7ffd1f180000 is not a modengine extension
[2024-11-05 15:10:32.956] [modengine] [info] Loaded external DLL C:\Users\CouchJockey\Documents\GitHub\ConvergenceER\mod/ErdTools.dll
[2024-11-05 15:10:32.956] [modengine] [warning] External dll C:\Users\CouchJockey\Documents\GitHub\ConvergenceER\mod/ErdTools.dll at base address 0x7ffd42ea0000 is not a modengine extension
[2024-11-05 15:10:33.038] [modengine] [info] Loaded external DLL C:\Users\CouchJockey\Documents\GitHub\ConvergenceER\mod/Scripts-Data-Exposer-FS.dll
[2024-11-05 15:10:33.038] [modengine] [warning] External dll C:\Users\CouchJockey\Documents\GitHub\ConvergenceER\mod/Scripts-Data-Exposer-FS.dll at base address 0x7ffd3c0a0000 is not a modengine extension
[2024-11-05 15:10:33.038] [modengine] [info] Enabling extension base
[2024-11-05 15:10:33.038] [modengine] [info] Enabled extension base
[2024-11-05 15:10:33.038] [modengine] [info] Enabling extension mod_loader
[2024-11-05 15:10:33.038] [modengine] [info] Installing mod location mod
[2024-11-05 15:10:33.038] [modengine] [info] Resolved mod path to C:\Users\CouchJockey\Documents\GitHub\ConvergenceER\mod
[2024-11-05 15:10:33.038] [modengine] [info] Enabled extension mod_loader
[2024-11-05 15:10:33.122] [modengine] [info] Applied 4 hooks
[2024-11-05 15:10:33.124] [modengine] [info] Starting worker thread
