[2024-06-15 08:20:51.499] [modengine] [info] Attempting to load global config at C:\Users\CouchJockey\Documents\GitHub\ConvergenceER\modengine2\config.toml
[2024-06-15 08:20:51.499] [modengine] [info] Attempting to load mod settings config at C:\Users\CouchJockey\Documents\GitHub\ConvergenceER\config_eldenring.toml
[2024-06-15 08:20:51.509] [modengine] [info] Local config loaded
[2024-06-15 08:20:51.509] [modengine] [info] ModEngine version 2.1.0-0924ab36f1311bf84e7e626740b4bf2c0d54909a initializing for Elden Ring
[2024-06-15 08:20:51.509] [modengine] [info] Local settings loaded: true, Global settings loaded: false
[2024-06-15 08:20:51.509] [modengine] [info] Main thread ID: 13768
[2024-06-15 08:20:51.545] [modengine] [info] Loaded external DLL C:\Users\CouchJockey\Documents\GitHub\ConvergenceER\ertransmogrify.dll
[2024-06-15 08:20:51.545] [modengine] [warning] External dll C:\Users\CouchJockey\Documents\GitHub\ConvergenceER\ertransmogrify.dll at base address 0x7fffe49e0000 is not a modengine extension
[2024-06-15 08:20:51.565] [modengine] [info] Loaded external DLL C:\Users\CouchJockey\Documents\GitHub\ConvergenceER\ErdTools.dll
[2024-06-15 08:20:51.565] [modengine] [warning] External dll C:\Users\CouchJockey\Documents\GitHub\ConvergenceER\ErdTools.dll at base address 0x7ffff1ac0000 is not a modengine extension
[2024-06-15 08:20:51.653] [modengine] [info] Loaded external DLL C:\Users\CouchJockey\Documents\GitHub\ConvergenceER\Scripts-Data-Exposer-FS.dll
[2024-06-15 08:20:51.653] [modengine] [warning] External dll C:\Users\CouchJockey\Documents\GitHub\ConvergenceER\Scripts-Data-Exposer-FS.dll at base address 0x7ff808710000 is not a modengine extension
[2024-06-15 08:20:51.829] [modengine] [info] Loaded external DLL C:\Users\CouchJockey\Documents\GitHub\ConvergenceER\SkipTheIntro.dll
[2024-06-15 08:20:51.829] [modengine] [warning] External dll C:\Users\CouchJockey\Documents\GitHub\ConvergenceER\SkipTheIntro.dll at base address 0x7fffeabf0000 is not a modengine extension
[2024-06-15 08:20:51.829] [modengine] [info] Enabling extension base
[2024-06-15 08:20:51.829] [modengine] [info] Enabled extension base
[2024-06-15 08:20:51.830] [modengine] [info] Enabling extension mod_loader
[2024-06-15 08:20:51.830] [modengine] [info] Installing mod location mod
[2024-06-15 08:20:51.830] [modengine] [info] Resolved mod path to C:\Users\CouchJockey\Documents\GitHub\ConvergenceER\mod
[2024-06-15 08:20:51.830] [modengine] [info] Enabled extension mod_loader
[2024-06-15 08:20:51.889] [modengine] [info] Applied 3 hooks
[2024-06-15 08:20:51.892] [modengine] [info] Starting worker thread
[2024-06-15 09:00:37.641] [modengine] [info] Attempting to load global config at C:\Users\CouchJockey\Documents\GitHub\ConvergenceER\modengine2\config.toml
[2024-06-15 09:00:37.641] [modengine] [info] Attempting to load mod settings config at C:\Users\CouchJockey\Documents\GitHub\ConvergenceER\config_eldenring.toml
[2024-06-15 09:00:37.641] [modengine] [info] Local config loaded
[2024-06-15 09:00:37.641] [modengine] [info] ModEngine version 2.1.0-0924ab36f1311bf84e7e626740b4bf2c0d54909a initializing for Elden Ring
[2024-06-15 09:00:37.641] [modengine] [info] Local settings loaded: true, Global settings loaded: false
[2024-06-15 09:00:37.641] [modengine] [info] Main thread ID: 14368
[2024-06-15 09:00:37.645] [modengine] [info] Loaded external DLL C:\Users\CouchJockey\Documents\GitHub\ConvergenceER\ertransmogrify.dll
[2024-06-15 09:00:37.645] [modengine] [warning] External dll C:\Users\CouchJockey\Documents\GitHub\ConvergenceER\ertransmogrify.dll at base address 0x7fffebba0000 is not a modengine extension
[2024-06-15 09:00:37.645] [modengine] [info] Loaded external DLL C:\Users\CouchJockey\Documents\GitHub\ConvergenceER\ErdTools.dll
[2024-06-15 09:00:37.646] [modengine] [warning] External dll C:\Users\CouchJockey\Documents\GitHub\ConvergenceER\ErdTools.dll at base address 0x7ffff1ac0000 is not a modengine extension
[2024-06-15 09:00:37.737] [modengine] [info] Loaded external DLL C:\Users\CouchJockey\Documents\GitHub\ConvergenceER\Scripts-Data-Exposer-FS.dll
[2024-06-15 09:00:37.737] [modengine] [warning] External dll C:\Users\CouchJockey\Documents\GitHub\ConvergenceER\Scripts-Data-Exposer-FS.dll at base address 0x7ff801ea0000 is not a modengine extension
[2024-06-15 09:00:37.739] [modengine] [info] Loaded external DLL C:\Users\CouchJockey\Documents\GitHub\ConvergenceER\SkipTheIntro.dll
[2024-06-15 09:00:37.739] [modengine] [warning] External dll C:\Users\CouchJockey\Documents\GitHub\ConvergenceER\SkipTheIntro.dll at base address 0x7fffebf60000 is not a modengine extension
[2024-06-15 09:00:37.739] [modengine] [info] Enabling extension base
[2024-06-15 09:00:37.739] [modengine] [info] Enabled extension base
[2024-06-15 09:00:37.739] [modengine] [info] Enabling extension mod_loader
[2024-06-15 09:00:37.740] [modengine] [info] Installing mod location mod
[2024-06-15 09:00:37.740] [modengine] [info] Resolved mod path to C:\Users\CouchJockey\Documents\GitHub\ConvergenceER\mod
[2024-06-15 09:00:37.740] [modengine] [info] Enabled extension mod_loader
[2024-06-15 09:00:37.791] [modengine] [info] Applied 3 hooks
[2024-06-15 09:00:37.792] [modengine] [info] Starting worker thread
[2024-06-15 16:26:40.765] [modengine] [info] Attempting to load global config at C:\Users\CouchJockey\Documents\GitHub\ConvergenceER\modengine2\config.toml
[2024-06-15 16:26:40.765] [modengine] [info] Attempting to load mod settings config at C:\Users\CouchJockey\Documents\GitHub\ConvergenceER\config_eldenring.toml
[2024-06-15 16:26:40.771] [modengine] [info] Local config loaded
[2024-06-15 16:26:40.771] [modengine] [info] ModEngine version 2.1.0-0924ab36f1311bf84e7e626740b4bf2c0d54909a initializing for Elden Ring
[2024-06-15 16:26:40.771] [modengine] [info] Local settings loaded: true, Global settings loaded: false
[2024-06-15 16:26:40.771] [modengine] [info] Main thread ID: 25176
[2024-06-15 16:26:40.808] [modengine] [info] Loaded external DLL C:\Users\CouchJockey\Documents\GitHub\ConvergenceER\ertransmogrify.dll
[2024-06-15 16:26:40.808] [modengine] [warning] External dll C:\Users\CouchJockey\Documents\GitHub\ConvergenceER\ertransmogrify.dll at base address 0x7fffe95b0000 is not a modengine extension
[2024-06-15 16:26:40.834] [modengine] [info] Loaded external DLL C:\Users\CouchJockey\Documents\GitHub\ConvergenceER\ErdTools.dll
[2024-06-15 16:26:40.834] [modengine] [warning] External dll C:\Users\CouchJockey\Documents\GitHub\ConvergenceER\ErdTools.dll at base address 0x7ffff21a0000 is not a modengine extension
[2024-06-15 16:26:40.921] [modengine] [info] Loaded external DLL C:\Users\CouchJockey\Documents\GitHub\ConvergenceER\Scripts-Data-Exposer-FS.dll
[2024-06-15 16:26:40.921] [modengine] [warning] External dll C:\Users\CouchJockey\Documents\GitHub\ConvergenceER\Scripts-Data-Exposer-FS.dll at base address 0x7ff801ea0000 is not a modengine extension
[2024-06-15 16:26:41.102] [modengine] [info] Loaded external DLL C:\Users\CouchJockey\Documents\GitHub\ConvergenceER\SkipTheIntro.dll
[2024-06-15 16:26:41.102] [modengine] [warning] External dll C:\Users\CouchJockey\Documents\GitHub\ConvergenceER\SkipTheIntro.dll at base address 0x7fffec830000 is not a modengine extension
[2024-06-15 16:26:41.102] [modengine] [info] Enabling extension base
[2024-06-15 16:26:41.102] [modengine] [info] Enabled extension base
[2024-06-15 16:26:41.102] [modengine] [info] Enabling extension mod_loader
[2024-06-15 16:26:41.102] [modengine] [info] Installing mod location mod
[2024-06-15 16:26:41.102] [modengine] [info] Resolved mod path to C:\Users\CouchJockey\Documents\GitHub\ConvergenceER\mod
[2024-06-15 16:26:41.102] [modengine] [info] Enabled extension mod_loader
[2024-06-15 16:26:41.152] [modengine] [info] Applied 3 hooks
[2024-06-15 16:26:41.153] [modengine] [info] Starting worker thread
[2024-06-15 16:31:25.745] [modengine] [info] Attempting to load global config at C:\Users\CouchJockey\Documents\GitHub\ConvergenceER\modengine2\config.toml
[2024-06-15 16:31:25.745] [modengine] [info] Attempting to load mod settings config at C:\Users\CouchJockey\Documents\GitHub\ConvergenceER\config_eldenring.toml
[2024-06-15 16:31:25.745] [modengine] [info] Local config loaded
[2024-06-15 16:31:25.745] [modengine] [info] ModEngine version 2.1.0-0924ab36f1311bf84e7e626740b4bf2c0d54909a initializing for Elden Ring
[2024-06-15 16:31:25.745] [modengine] [info] Local settings loaded: true, Global settings loaded: false
[2024-06-15 16:31:25.745] [modengine] [info] Main thread ID: 34432
[2024-06-15 16:31:25.749] [modengine] [info] Loaded external DLL C:\Users\CouchJockey\Documents\GitHub\ConvergenceER\ersc.dll
[2024-06-15 16:31:27.223] [modengine] [info] Loaded external DLL C:\Users\CouchJockey\Documents\GitHub\ConvergenceER\ertransmogrify.dll
[2024-06-15 16:31:27.223] [modengine] [warning] External dll C:\Users\CouchJockey\Documents\GitHub\ConvergenceER\ertransmogrify.dll at base address 0x7fffebba0000 is not a modengine extension
[2024-06-15 16:31:27.224] [modengine] [info] Loaded external DLL C:\Users\CouchJockey\Documents\GitHub\ConvergenceER\ErdTools.dll
[2024-06-15 16:31:27.224] [modengine] [warning] External dll C:\Users\CouchJockey\Documents\GitHub\ConvergenceER\ErdTools.dll at base address 0x7ffff1ac0000 is not a modengine extension
[2024-06-15 16:31:27.293] [modengine] [info] Loaded external DLL C:\Users\CouchJockey\Documents\GitHub\ConvergenceER\Scripts-Data-Exposer-FS.dll
[2024-06-15 16:31:27.293] [modengine] [warning] External dll C:\Users\CouchJockey\Documents\GitHub\ConvergenceER\Scripts-Data-Exposer-FS.dll at base address 0x7ff801be0000 is not a modengine extension
[2024-06-15 16:31:27.294] [modengine] [info] Loaded external DLL C:\Users\CouchJockey\Documents\GitHub\ConvergenceER\SkipTheIntro.dll
[2024-06-15 16:31:27.294] [modengine] [warning] External dll C:\Users\CouchJockey\Documents\GitHub\ConvergenceER\SkipTheIntro.dll at base address 0x7fffec830000 is not a modengine extension
[2024-06-15 16:31:27.294] [modengine] [info] Enabling extension base
[2024-06-15 16:31:27.294] [modengine] [info] Enabled extension base
[2024-06-15 16:31:27.294] [modengine] [info] Enabling extension mod_loader
[2024-06-15 16:31:27.294] [modengine] [info] Installing mod location mod
[2024-06-15 16:31:27.294] [modengine] [info] Resolved mod path to C:\Users\CouchJockey\Documents\GitHub\ConvergenceER\mod
[2024-06-15 16:31:27.294] [modengine] [info] Enabled extension mod_loader
[2024-06-15 16:31:27.351] [modengine] [info] Applied 3 hooks
[2024-06-15 16:31:27.396] [modengine] [info] Starting worker thread
[2024-06-15 16:44:50.857] [modengine] [info] Attempting to load global config at C:\Users\CouchJockey\Documents\GitHub\ConvergenceER\modengine2\config.toml
[2024-06-15 16:44:50.857] [modengine] [info] Attempting to load mod settings config at C:\Users\CouchJockey\Documents\GitHub\ConvergenceER\config_eldenring.toml
[2024-06-15 16:44:50.858] [modengine] [info] Local config loaded
[2024-06-15 16:44:50.858] [modengine] [info] ModEngine version 2.1.0-0924ab36f1311bf84e7e626740b4bf2c0d54909a initializing for Elden Ring
[2024-06-15 16:44:50.858] [modengine] [info] Local settings loaded: true, Global settings loaded: false
[2024-06-15 16:44:50.858] [modengine] [info] Main thread ID: 16312
[2024-06-15 16:44:50.861] [modengine] [info] Loaded external DLL C:\Users\CouchJockey\Documents\GitHub\ConvergenceER\ersc.dll
[2024-06-15 16:44:52.346] [modengine] [info] Loaded external DLL C:\Users\CouchJockey\Documents\GitHub\ConvergenceER\ertransmogrify.dll
[2024-06-15 16:44:52.346] [modengine] [warning] External dll C:\Users\CouchJockey\Documents\GitHub\ConvergenceER\ertransmogrify.dll at base address 0x7fffebba0000 is not a modengine extension
[2024-06-15 16:44:52.347] [modengine] [info] Loaded external DLL C:\Users\CouchJockey\Documents\GitHub\ConvergenceER\ErdTools.dll
[2024-06-15 16:44:52.347] [modengine] [warning] External dll C:\Users\CouchJockey\Documents\GitHub\ConvergenceER\ErdTools.dll at base address 0x7ffff1ac0000 is not a modengine extension
[2024-06-15 16:44:52.412] [modengine] [info] Loaded external DLL C:\Users\CouchJockey\Documents\GitHub\ConvergenceER\Scripts-Data-Exposer-FS.dll
[2024-06-15 16:44:52.413] [modengine] [warning] External dll C:\Users\CouchJockey\Documents\GitHub\ConvergenceER\Scripts-Data-Exposer-FS.dll at base address 0x7ff808710000 is not a modengine extension
[2024-06-15 16:44:52.413] [modengine] [info] Loaded external DLL C:\Users\CouchJockey\Documents\GitHub\ConvergenceER\SkipTheIntro.dll
[2024-06-15 16:44:52.413] [modengine] [warning] External dll C:\Users\CouchJockey\Documents\GitHub\ConvergenceER\SkipTheIntro.dll at base address 0x7fffec830000 is not a modengine extension
[2024-06-15 16:44:52.413] [modengine] [info] Enabling extension base
[2024-06-15 16:44:52.413] [modengine] [info] Enabled extension base
[2024-06-15 16:44:52.413] [modengine] [info] Enabling extension mod_loader
[2024-06-15 16:44:52.413] [modengine] [info] Installing mod location mod
[2024-06-15 16:44:52.414] [modengine] [info] Resolved mod path to C:\Users\CouchJockey\Documents\GitHub\ConvergenceER\mod
[2024-06-15 16:44:52.414] [modengine] [info] Enabled extension mod_loader
[2024-06-15 16:44:52.460] [modengine] [info] Applied 3 hooks
[2024-06-15 16:44:52.463] [modengine] [info] Starting worker thread
