[2024-07-26 01:24:13.913] [modengine] [info] Attempting to load global config at C:\Users\CouchJockey\Documents\GitHub\ConvergenceER\modengine2\config.toml
[2024-07-26 01:24:13.913] [modengine] [info] Attempting to load mod settings config at C:\Users\CouchJockey\Documents\GitHub\ConvergenceER\config_eldenring.toml
[2024-07-26 01:24:13.920] [modengine] [info] Local config loaded
[2024-07-26 01:24:13.920] [modengine] [info] ModEngine version 2.1.0-0924ab36f1311bf84e7e626740b4bf2c0d54909a initializing for Elden Ring
[2024-07-26 01:24:13.920] [modengine] [info] Local settings loaded: true, Global settings loaded: false
[2024-07-26 01:24:13.920] [modengine] [info] Main thread ID: 30272
[2024-07-26 01:24:13.955] [modengine] [info] Loaded external DLL C:\Users\CouchJockey\Documents\GitHub\ConvergenceER\ertransmogrify.dll
[2024-07-26 01:24:13.955] [modengine] [warning] External dll C:\Users\CouchJockey\Documents\GitHub\ConvergenceER\ertransmogrify.dll at base address 0x7fffddb50000 is not a modengine extension
[2024-07-26 01:24:13.981] [modengine] [info] Loaded external DLL C:\Users\CouchJockey\Documents\GitHub\ConvergenceER\ErdTools.dll
[2024-07-26 01:24:13.981] [modengine] [warning] External dll C:\Users\CouchJockey\Documents\GitHub\ConvergenceER\ErdTools.dll at base address 0x7fffe8fa0000 is not a modengine extension
[2024-07-26 01:24:14.066] [modengine] [info] Loaded external DLL C:\Users\CouchJockey\Documents\GitHub\ConvergenceER\Scripts-Data-Exposer-FS.dll
[2024-07-26 01:24:14.066] [modengine] [warning] External dll C:\Users\CouchJockey\Documents\GitHub\ConvergenceER\Scripts-Data-Exposer-FS.dll at base address 0x7fffe9020000 is not a modengine extension
[2024-07-26 01:24:14.066] [modengine] [info] Enabling extension base
[2024-07-26 01:24:14.066] [modengine] [info] Enabled extension base
[2024-07-26 01:24:14.066] [modengine] [info] Enabling extension mod_loader
[2024-07-26 01:24:14.066] [modengine] [info] Installing mod location mod
[2024-07-26 01:24:14.066] [modengine] [info] Resolved mod path to C:\Users\CouchJockey\Documents\GitHub\ConvergenceER\mod
[2024-07-26 01:24:14.066] [modengine] [info] Enabled extension mod_loader
[2024-07-26 01:24:14.113] [modengine] [info] Applied 3 hooks
[2024-07-26 01:24:14.115] [modengine] [info] Starting worker thread
[2024-07-26 03:38:23.500] [modengine] [info] Attempting to load global config at C:\Users\CouchJockey\Documents\GitHub\ConvergenceER\modengine2\config.toml
[2024-07-26 03:38:23.500] [modengine] [info] Attempting to load mod settings config at C:\Users\CouchJockey\Documents\GitHub\ConvergenceER\config_eldenring.toml
[2024-07-26 03:38:23.500] [modengine] [info] Local config loaded
[2024-07-26 03:38:23.500] [modengine] [info] ModEngine version 2.1.0-0924ab36f1311bf84e7e626740b4bf2c0d54909a initializing for Elden Ring
[2024-07-26 03:38:23.500] [modengine] [info] Local settings loaded: true, Global settings loaded: false
[2024-07-26 03:38:23.500] [modengine] [info] Main thread ID: 26160
[2024-07-26 03:38:23.504] [modengine] [info] Loaded external DLL C:\Users\CouchJockey\Documents\GitHub\ConvergenceER\ertransmogrify.dll
[2024-07-26 03:38:23.504] [modengine] [warning] External dll C:\Users\CouchJockey\Documents\GitHub\ConvergenceER\ertransmogrify.dll at base address 0x7fffddb50000 is not a modengine extension
[2024-07-26 03:38:23.505] [modengine] [info] Loaded external DLL C:\Users\CouchJockey\Documents\GitHub\ConvergenceER\ErdTools.dll
[2024-07-26 03:38:23.505] [modengine] [warning] External dll C:\Users\CouchJockey\Documents\GitHub\ConvergenceER\ErdTools.dll at base address 0x7fffe8fa0000 is not a modengine extension
[2024-07-26 03:38:23.587] [modengine] [info] Loaded external DLL C:\Users\CouchJockey\Documents\GitHub\ConvergenceER\Scripts-Data-Exposer-FS.dll
[2024-07-26 03:38:23.587] [modengine] [warning] External dll C:\Users\CouchJockey\Documents\GitHub\ConvergenceER\Scripts-Data-Exposer-FS.dll at base address 0x7fffc87d0000 is not a modengine extension
[2024-07-26 03:38:23.587] [modengine] [info] Enabling extension base
[2024-07-26 03:38:23.587] [modengine] [info] Enabled extension base
[2024-07-26 03:38:23.587] [modengine] [info] Enabling extension mod_loader
[2024-07-26 03:38:23.587] [modengine] [info] Installing mod location mod
[2024-07-26 03:38:23.587] [modengine] [info] Resolved mod path to C:\Users\CouchJockey\Documents\GitHub\ConvergenceER\mod
[2024-07-26 03:38:23.587] [modengine] [info] Enabled extension mod_loader
[2024-07-26 03:38:23.636] [modengine] [info] Applied 3 hooks
[2024-07-26 03:38:23.637] [modengine] [info] Starting worker thread
