[2024-07-23 00:06:58.429] [modengine] [info] Attempting to load global config at C:\Users\CouchJockey\Documents\GitHub\ConvergenceER\modengine2\config.toml
[2024-07-23 00:06:58.429] [modengine] [info] Attempting to load mod settings config at C:\Users\CouchJockey\Documents\GitHub\ConvergenceER\config_eldenring.toml
[2024-07-23 00:06:58.435] [modengine] [info] Local config loaded
[2024-07-23 00:06:58.436] [modengine] [info] ModEngine version 2.1.0-0924ab36f1311bf84e7e626740b4bf2c0d54909a initializing for Elden Ring
[2024-07-23 00:06:58.436] [modengine] [info] Local settings loaded: true, Global settings loaded: false
[2024-07-23 00:06:58.436] [modengine] [info] Main thread ID: 5336
[2024-07-23 00:06:58.464] [modengine] [info] Loaded external DLL C:\Users\CouchJockey\Documents\GitHub\ConvergenceER\ertransmogrify.dll
[2024-07-23 00:06:58.464] [modengine] [warning] External dll C:\Users\CouchJockey\Documents\GitHub\ConvergenceER\ertransmogrify.dll at base address 0x7fffe3150000 is not a modengine extension
[2024-07-23 00:06:58.490] [modengine] [info] Loaded external DLL C:\Users\CouchJockey\Documents\GitHub\ConvergenceER\ErdTools.dll
[2024-07-23 00:06:58.490] [modengine] [warning] External dll C:\Users\CouchJockey\Documents\GitHub\ConvergenceER\ErdTools.dll at base address 0x7fffe95c0000 is not a modengine extension
[2024-07-23 00:06:58.577] [modengine] [info] Loaded external DLL C:\Users\CouchJockey\Documents\GitHub\ConvergenceER\Scripts-Data-Exposer-FS.dll
[2024-07-23 00:06:58.577] [modengine] [warning] External dll C:\Users\CouchJockey\Documents\GitHub\ConvergenceER\Scripts-Data-Exposer-FS.dll at base address 0x7ffff0db0000 is not a modengine extension
[2024-07-23 00:06:58.577] [modengine] [info] Enabling extension base
[2024-07-23 00:06:58.577] [modengine] [info] Enabled extension base
[2024-07-23 00:06:58.577] [modengine] [info] Enabling extension mod_loader
[2024-07-23 00:06:58.577] [modengine] [info] Installing mod location mod
[2024-07-23 00:06:58.577] [modengine] [info] Resolved mod path to C:\Users\CouchJockey\Documents\GitHub\ConvergenceER\mod
[2024-07-23 00:06:58.577] [modengine] [info] Enabled extension mod_loader
[2024-07-23 00:06:58.625] [modengine] [info] Applied 3 hooks
[2024-07-23 00:06:58.626] [modengine] [info] Starting worker thread
[2024-07-23 03:48:49.646] [modengine] [info] Attempting to load global config at C:\Users\CouchJockey\Documents\GitHub\ConvergenceER\modengine2\config.toml
[2024-07-23 03:48:49.646] [modengine] [info] Attempting to load mod settings config at C:\Users\CouchJockey\Documents\GitHub\ConvergenceER\config_eldenring.toml
[2024-07-23 03:48:49.652] [modengine] [info] Local config loaded
[2024-07-23 03:48:49.653] [modengine] [info] ModEngine version 2.1.0-0924ab36f1311bf84e7e626740b4bf2c0d54909a initializing for Elden Ring
[2024-07-23 03:48:49.653] [modengine] [info] Local settings loaded: true, Global settings loaded: false
[2024-07-23 03:48:49.653] [modengine] [info] Main thread ID: 28712
[2024-07-23 03:48:49.690] [modengine] [info] Loaded external DLL C:\Users\CouchJockey\Documents\GitHub\ConvergenceER\ertransmogrify.dll
[2024-07-23 03:48:49.690] [modengine] [warning] External dll C:\Users\CouchJockey\Documents\GitHub\ConvergenceER\ertransmogrify.dll at base address 0x7fffe3150000 is not a modengine extension
[2024-07-23 03:48:49.724] [modengine] [info] Loaded external DLL C:\Users\CouchJockey\Documents\GitHub\ConvergenceER\ErdTools.dll
[2024-07-23 03:48:49.724] [modengine] [warning] External dll C:\Users\CouchJockey\Documents\GitHub\ConvergenceER\ErdTools.dll at base address 0x7fffe95c0000 is not a modengine extension
[2024-07-23 03:48:49.842] [modengine] [info] Loaded external DLL C:\Users\CouchJockey\Documents\GitHub\ConvergenceER\Scripts-Data-Exposer-FS.dll
[2024-07-23 03:48:49.842] [modengine] [warning] External dll C:\Users\CouchJockey\Documents\GitHub\ConvergenceER\Scripts-Data-Exposer-FS.dll at base address 0x7ffff0db0000 is not a modengine extension
[2024-07-23 03:48:49.842] [modengine] [info] Enabling extension base
[2024-07-23 03:48:49.842] [modengine] [info] Enabled extension base
[2024-07-23 03:48:49.842] [modengine] [info] Enabling extension mod_loader
[2024-07-23 03:48:49.842] [modengine] [info] Installing mod location mod
[2024-07-23 03:48:49.842] [modengine] [info] Resolved mod path to C:\Users\CouchJockey\Documents\GitHub\ConvergenceER\mod
[2024-07-23 03:48:49.842] [modengine] [info] Enabled extension mod_loader
[2024-07-23 03:48:49.891] [modengine] [info] Applied 3 hooks
[2024-07-23 03:48:49.892] [modengine] [info] Starting worker thread
