[2024-11-07 01:38:36.969] [modengine] [info] Attempting to load global config at C:\Users\CouchJockey\Documents\GitHub\ConvergenceER\modengine2\config.toml
[2024-11-07 01:38:36.969] [modengine] [info] Attempting to load mod settings config at C:\Users\CouchJockey\Documents\GitHub\ConvergenceER\config_eldenring.toml
[2024-11-07 01:38:36.976] [modengine] [info] Local config loaded
[2024-11-07 01:38:36.976] [modengine] [info] ModEngine version 2.1.0-2440fc717d61eaee1549a9fc94e3109e6c016275 initializing for Elden Ring
[2024-11-07 01:38:36.976] [modengine] [info] Local settings loaded: true, Global settings loaded: false
[2024-11-07 01:38:36.977] [modengine] [info] Main thread ID: 30416
[2024-11-07 01:38:37.006] [modengine] [info] Loaded external DLL C:\Users\CouchJockey\Documents\GitHub\ConvergenceER\mod/ertransmogrify.dll
[2024-11-07 01:38:37.006] [modengine] [warning] External dll C:\Users\CouchJockey\Documents\GitHub\ConvergenceER\mod/ertransmogrify.dll at base address 0x7ffd368f0000 is not a modengine extension
[2024-11-07 01:38:37.023] [modengine] [info] Loaded external DLL C:\Users\CouchJockey\Documents\GitHub\ConvergenceER\mod/ErdTools.dll
[2024-11-07 01:38:37.023] [modengine] [warning] External dll C:\Users\CouchJockey\Documents\GitHub\ConvergenceER\mod/ErdTools.dll at base address 0x7ffd47a40000 is not a modengine extension
[2024-11-07 01:38:37.107] [modengine] [info] Loaded external DLL C:\Users\CouchJockey\Documents\GitHub\ConvergenceER\mod/Scripts-Data-Exposer-FS.dll
[2024-11-07 01:38:37.107] [modengine] [warning] External dll C:\Users\CouchJockey\Documents\GitHub\ConvergenceER\mod/Scripts-Data-Exposer-FS.dll at base address 0x7ffd626c0000 is not a modengine extension
[2024-11-07 01:38:37.107] [modengine] [info] Enabling extension base
[2024-11-07 01:38:37.107] [modengine] [info] Enabled extension base
[2024-11-07 01:38:37.107] [modengine] [info] Enabling extension mod_loader
[2024-11-07 01:38:37.107] [modengine] [info] Installing mod location mod
[2024-11-07 01:38:37.107] [modengine] [info] Resolved mod path to C:\Users\CouchJockey\Documents\GitHub\ConvergenceER\mod
[2024-11-07 01:38:37.107] [modengine] [info] Enabled extension mod_loader
[2024-11-07 01:38:37.190] [modengine] [info] Applied 4 hooks
[2024-11-07 01:38:37.191] [modengine] [info] Starting worker thread
[2024-11-07 02:04:30.493] [modengine] [info] Attempting to load global config at C:\Users\CouchJockey\Documents\GitHub\ConvergenceER\modengine2\config.toml
[2024-11-07 02:04:30.493] [modengine] [info] Attempting to load mod settings config at C:\Users\CouchJockey\Documents\GitHub\ConvergenceER\config_eldenring.toml
[2024-11-07 02:04:30.493] [modengine] [info] Local config loaded
[2024-11-07 02:04:30.494] [modengine] [info] ModEngine version 2.1.0-2440fc717d61eaee1549a9fc94e3109e6c016275 initializing for Elden Ring
[2024-11-07 02:04:30.494] [modengine] [info] Local settings loaded: true, Global settings loaded: false
[2024-11-07 02:04:30.494] [modengine] [info] Main thread ID: 34020
[2024-11-07 02:04:30.497] [modengine] [info] Loaded external DLL C:\Users\CouchJockey\Documents\GitHub\ConvergenceER\mod/ertransmogrify.dll
[2024-11-07 02:04:30.497] [modengine] [warning] External dll C:\Users\CouchJockey\Documents\GitHub\ConvergenceER\mod/ertransmogrify.dll at base address 0x7ffd368f0000 is not a modengine extension
[2024-11-07 02:04:30.498] [modengine] [info] Loaded external DLL C:\Users\CouchJockey\Documents\GitHub\ConvergenceER\mod/ErdTools.dll
[2024-11-07 02:04:30.498] [modengine] [warning] External dll C:\Users\CouchJockey\Documents\GitHub\ConvergenceER\mod/ErdTools.dll at base address 0x7ffd47a40000 is not a modengine extension
[2024-11-07 02:04:30.581] [modengine] [info] Loaded external DLL C:\Users\CouchJockey\Documents\GitHub\ConvergenceER\mod/Scripts-Data-Exposer-FS.dll
[2024-11-07 02:04:30.581] [modengine] [warning] External dll C:\Users\CouchJockey\Documents\GitHub\ConvergenceER\mod/Scripts-Data-Exposer-FS.dll at base address 0x7ffd626c0000 is not a modengine extension
[2024-11-07 02:04:30.581] [modengine] [info] Enabling extension base
[2024-11-07 02:04:30.581] [modengine] [info] Enabled extension base
[2024-11-07 02:04:30.581] [modengine] [info] Enabling extension mod_loader
[2024-11-07 02:04:30.581] [modengine] [info] Installing mod location mod
[2024-11-07 02:04:30.581] [modengine] [info] Resolved mod path to C:\Users\CouchJockey\Documents\GitHub\ConvergenceER\mod
[2024-11-07 02:04:30.581] [modengine] [info] Enabled extension mod_loader
[2024-11-07 02:04:30.665] [modengine] [info] Applied 4 hooks
[2024-11-07 02:04:30.666] [modengine] [info] Starting worker thread
[2024-11-07 04:35:10.117] [modengine] [info] Attempting to load global config at C:\Users\CouchJockey\Documents\GitHub\ConvergenceER\modengine2\config.toml
[2024-11-07 04:35:10.118] [modengine] [info] Attempting to load mod settings config at C:\Users\CouchJockey\Documents\GitHub\ConvergenceER\config_eldenring.toml
[2024-11-07 04:35:10.118] [modengine] [info] Local config loaded
[2024-11-07 04:35:10.118] [modengine] [info] ModEngine version 2.1.0-2440fc717d61eaee1549a9fc94e3109e6c016275 initializing for Elden Ring
[2024-11-07 04:35:10.118] [modengine] [info] Local settings loaded: true, Global settings loaded: false
[2024-11-07 04:35:10.118] [modengine] [info] Main thread ID: 31324
[2024-11-07 04:35:10.122] [modengine] [info] Loaded external DLL C:\Users\CouchJockey\Documents\GitHub\ConvergenceER\mod/ertransmogrify.dll
[2024-11-07 04:35:10.122] [modengine] [warning] External dll C:\Users\CouchJockey\Documents\GitHub\ConvergenceER\mod/ertransmogrify.dll at base address 0x7ffd368f0000 is not a modengine extension
[2024-11-07 04:35:10.122] [modengine] [info] Loaded external DLL C:\Users\CouchJockey\Documents\GitHub\ConvergenceER\mod/ErdTools.dll
[2024-11-07 04:35:10.122] [modengine] [warning] External dll C:\Users\CouchJockey\Documents\GitHub\ConvergenceER\mod/ErdTools.dll at base address 0x7ffd47a40000 is not a modengine extension
[2024-11-07 04:35:10.194] [modengine] [info] Loaded external DLL C:\Users\CouchJockey\Documents\GitHub\ConvergenceER\mod/Scripts-Data-Exposer-FS.dll
[2024-11-07 04:35:10.194] [modengine] [warning] External dll C:\Users\CouchJockey\Documents\GitHub\ConvergenceER\mod/Scripts-Data-Exposer-FS.dll at base address 0x7ffd626c0000 is not a modengine extension
[2024-11-07 04:35:10.194] [modengine] [info] Enabling extension base
[2024-11-07 04:35:10.194] [modengine] [info] Enabled extension base
[2024-11-07 04:35:10.194] [modengine] [info] Enabling extension mod_loader
[2024-11-07 04:35:10.194] [modengine] [info] Installing mod location mod
[2024-11-07 04:35:10.194] [modengine] [info] Resolved mod path to C:\Users\CouchJockey\Documents\GitHub\ConvergenceER\mod
[2024-11-07 04:35:10.194] [modengine] [info] Enabled extension mod_loader
[2024-11-07 04:35:10.277] [modengine] [info] Applied 4 hooks
[2024-11-07 04:35:10.279] [modengine] [info] Starting worker thread
[2024-11-07 05:39:51.814] [modengine] [info] Attempting to load global config at C:\Users\CouchJockey\Documents\GitHub\ConvergenceER\modengine2\config.toml
[2024-11-07 05:39:51.814] [modengine] [info] Attempting to load mod settings config at C:\Users\CouchJockey\Documents\GitHub\ConvergenceER\config_eldenring.toml
[2024-11-07 05:39:51.814] [modengine] [info] Local config loaded
[2024-11-07 05:39:51.814] [modengine] [info] ModEngine version 2.1.0-2440fc717d61eaee1549a9fc94e3109e6c016275 initializing for Elden Ring
[2024-11-07 05:39:51.814] [modengine] [info] Local settings loaded: true, Global settings loaded: false
[2024-11-07 05:39:51.814] [modengine] [info] Main thread ID: 36340
[2024-11-07 05:39:51.819] [modengine] [info] Loaded external DLL C:\Users\CouchJockey\Documents\GitHub\ConvergenceER\mod/ertransmogrify.dll
[2024-11-07 05:39:51.819] [modengine] [warning] External dll C:\Users\CouchJockey\Documents\GitHub\ConvergenceER\mod/ertransmogrify.dll at base address 0x7ffd368f0000 is not a modengine extension
[2024-11-07 05:39:51.819] [modengine] [info] Loaded external DLL C:\Users\CouchJockey\Documents\GitHub\ConvergenceER\mod/ErdTools.dll
[2024-11-07 05:39:51.819] [modengine] [warning] External dll C:\Users\CouchJockey\Documents\GitHub\ConvergenceER\mod/ErdTools.dll at base address 0x7ffd47a40000 is not a modengine extension
[2024-11-07 05:39:51.987] [modengine] [info] Loaded external DLL C:\Users\CouchJockey\Documents\GitHub\ConvergenceER\mod/Scripts-Data-Exposer-FS.dll
[2024-11-07 05:39:51.987] [modengine] [warning] External dll C:\Users\CouchJockey\Documents\GitHub\ConvergenceER\mod/Scripts-Data-Exposer-FS.dll at base address 0x7ffd626c0000 is not a modengine extension
[2024-11-07 05:39:51.987] [modengine] [info] Enabling extension base
[2024-11-07 05:39:51.987] [modengine] [info] Enabled extension base
[2024-11-07 05:39:51.987] [modengine] [info] Enabling extension mod_loader
[2024-11-07 05:39:51.987] [modengine] [info] Installing mod location mod
[2024-11-07 05:39:51.987] [modengine] [info] Resolved mod path to C:\Users\CouchJockey\Documents\GitHub\ConvergenceER\mod
[2024-11-07 05:39:51.987] [modengine] [info] Enabled extension mod_loader
[2024-11-07 05:39:52.073] [modengine] [info] Applied 4 hooks
[2024-11-07 05:39:52.075] [modengine] [info] Starting worker thread
