[2024-08-27 04:28:18.194] [modengine] [info] Attempting to load global config at C:\Users\CouchJockey\Documents\GitHub\ConvergenceER\modengine2\config.toml
[2024-08-27 04:28:18.194] [modengine] [info] Attempting to load mod settings config at C:\Users\CouchJockey\Documents\GitHub\ConvergenceER\config_eldenring.toml
[2024-08-27 04:28:18.202] [modengine] [info] Local config loaded
[2024-08-27 04:28:18.202] [modengine] [info] ModEngine version 2.1.0-0924ab36f1311bf84e7e626740b4bf2c0d54909a initializing for Elden Ring
[2024-08-27 04:28:18.202] [modengine] [info] Local settings loaded: true, Global settings loaded: false
[2024-08-27 04:28:18.202] [modengine] [info] Main thread ID: 17064
[2024-08-27 04:28:18.248] [modengine] [info] Loaded external DLL C:\Users\CouchJockey\Documents\GitHub\ConvergenceER\ertransmogrify.dll
[2024-08-27 04:28:18.248] [modengine] [warning] External dll C:\Users\CouchJockey\Documents\GitHub\ConvergenceER\ertransmogrify.dll at base address 0x7fffc2350000 is not a modengine extension
[2024-08-27 04:28:18.278] [modengine] [info] Loaded external DLL C:\Users\CouchJockey\Documents\GitHub\ConvergenceER\ErdTools.dll
[2024-08-27 04:28:18.278] [modengine] [warning] External dll C:\Users\CouchJockey\Documents\GitHub\ConvergenceER\ErdTools.dll at base address 0x7fffcc2c0000 is not a modengine extension
[2024-08-27 04:28:18.362] [modengine] [info] Loaded external DLL C:\Users\CouchJockey\Documents\GitHub\ConvergenceER\Scripts-Data-Exposer-FS.dll
[2024-08-27 04:28:18.363] [modengine] [warning] External dll C:\Users\CouchJockey\Documents\GitHub\ConvergenceER\Scripts-Data-Exposer-FS.dll at base address 0x7fffcc960000 is not a modengine extension
[2024-08-27 04:28:18.363] [modengine] [info] Enabling extension base
[2024-08-27 04:28:18.363] [modengine] [info] Enabled extension base
[2024-08-27 04:28:18.363] [modengine] [info] Enabling extension mod_loader
[2024-08-27 04:28:18.363] [modengine] [info] Installing mod location mod
[2024-08-27 04:28:18.363] [modengine] [info] Resolved mod path to C:\Users\CouchJockey\Documents\GitHub\ConvergenceER\mod
[2024-08-27 04:28:18.363] [modengine] [info] Enabled extension mod_loader
[2024-08-27 04:28:18.413] [modengine] [info] Applied 3 hooks
[2024-08-27 04:28:18.415] [modengine] [info] Starting worker thread
[2024-08-27 04:36:18.510] [modengine] [info] Attempting to load global config at C:\Users\CouchJockey\Documents\GitHub\ConvergenceER\modengine2\config.toml
[2024-08-27 04:36:18.510] [modengine] [info] Attempting to load mod settings config at C:\Users\CouchJockey\Documents\GitHub\ConvergenceER\config_eldenring.toml
[2024-08-27 04:36:18.511] [modengine] [info] Local config loaded
[2024-08-27 04:36:18.511] [modengine] [info] ModEngine version 2.1.0-0924ab36f1311bf84e7e626740b4bf2c0d54909a initializing for Elden Ring
[2024-08-27 04:36:18.511] [modengine] [info] Local settings loaded: true, Global settings loaded: false
[2024-08-27 04:36:18.511] [modengine] [info] Main thread ID: 23556
[2024-08-27 04:36:18.515] [modengine] [info] Loaded external DLL C:\Users\CouchJockey\Documents\GitHub\ConvergenceER\ertransmogrify.dll
[2024-08-27 04:36:18.515] [modengine] [warning] External dll C:\Users\CouchJockey\Documents\GitHub\ConvergenceER\ertransmogrify.dll at base address 0x7fffc5570000 is not a modengine extension
[2024-08-27 04:36:18.516] [modengine] [info] Loaded external DLL C:\Users\CouchJockey\Documents\GitHub\ConvergenceER\ErdTools.dll
[2024-08-27 04:36:18.516] [modengine] [warning] External dll C:\Users\CouchJockey\Documents\GitHub\ConvergenceER\ErdTools.dll at base address 0x7fffe2610000 is not a modengine extension
[2024-08-27 04:36:18.586] [modengine] [info] Loaded external DLL C:\Users\CouchJockey\Documents\GitHub\ConvergenceER\Scripts-Data-Exposer-FS.dll
[2024-08-27 04:36:18.586] [modengine] [warning] External dll C:\Users\CouchJockey\Documents\GitHub\ConvergenceER\Scripts-Data-Exposer-FS.dll at base address 0x7ff80a8d0000 is not a modengine extension
[2024-08-27 04:36:18.586] [modengine] [info] Enabling extension base
[2024-08-27 04:36:18.586] [modengine] [info] Enabled extension base
[2024-08-27 04:36:18.586] [modengine] [info] Enabling extension mod_loader
[2024-08-27 04:36:18.586] [modengine] [info] Installing mod location mod
[2024-08-27 04:36:18.587] [modengine] [info] Resolved mod path to C:\Users\CouchJockey\Documents\GitHub\ConvergenceER\mod
[2024-08-27 04:36:18.587] [modengine] [info] Enabled extension mod_loader
[2024-08-27 04:36:18.636] [modengine] [info] Applied 3 hooks
[2024-08-27 04:36:18.638] [modengine] [info] Starting worker thread
[2024-08-27 04:39:53.149] [modengine] [info] Attempting to load global config at C:\Users\CouchJockey\Documents\GitHub\ConvergenceER\modengine2\config.toml
[2024-08-27 04:39:53.149] [modengine] [info] Attempting to load mod settings config at C:\Users\CouchJockey\Documents\GitHub\ConvergenceER\config_eldenring.toml
[2024-08-27 04:39:53.149] [modengine] [info] Local config loaded
[2024-08-27 04:39:53.149] [modengine] [info] ModEngine version 2.1.0-0924ab36f1311bf84e7e626740b4bf2c0d54909a initializing for Elden Ring
[2024-08-27 04:39:53.149] [modengine] [info] Local settings loaded: true, Global settings loaded: false
[2024-08-27 04:39:53.149] [modengine] [info] Main thread ID: 2368
[2024-08-27 04:39:53.153] [modengine] [info] Loaded external DLL C:\Users\CouchJockey\Documents\GitHub\ConvergenceER\ertransmogrify.dll
[2024-08-27 04:39:53.153] [modengine] [warning] External dll C:\Users\CouchJockey\Documents\GitHub\ConvergenceER\ertransmogrify.dll at base address 0x7fffc59c0000 is not a modengine extension
[2024-08-27 04:39:53.154] [modengine] [info] Loaded external DLL C:\Users\CouchJockey\Documents\GitHub\ConvergenceER\ErdTools.dll
[2024-08-27 04:39:53.154] [modengine] [warning] External dll C:\Users\CouchJockey\Documents\GitHub\ConvergenceER\ErdTools.dll at base address 0x7fffcc2c0000 is not a modengine extension
[2024-08-27 04:39:53.252] [modengine] [info] Loaded external DLL C:\Users\CouchJockey\Documents\GitHub\ConvergenceER\Scripts-Data-Exposer-FS.dll
[2024-08-27 04:39:53.252] [modengine] [warning] External dll C:\Users\CouchJockey\Documents\GitHub\ConvergenceER\Scripts-Data-Exposer-FS.dll at base address 0x7fffcc1d0000 is not a modengine extension
[2024-08-27 04:39:53.252] [modengine] [info] Enabling extension base
[2024-08-27 04:39:53.252] [modengine] [info] Enabled extension base
[2024-08-27 04:39:53.252] [modengine] [info] Enabling extension mod_loader
[2024-08-27 04:39:53.252] [modengine] [info] Installing mod location mod
[2024-08-27 04:39:53.252] [modengine] [info] Resolved mod path to C:\Users\CouchJockey\Documents\GitHub\ConvergenceER\mod
[2024-08-27 04:39:53.252] [modengine] [info] Enabled extension mod_loader
[2024-08-27 04:39:53.307] [modengine] [info] Applied 3 hooks
[2024-08-27 04:39:53.314] [modengine] [info] Starting worker thread
[2024-08-27 04:45:43.720] [modengine] [info] Attempting to load global config at C:\Users\CouchJockey\Documents\GitHub\ConvergenceER\modengine2\config.toml
[2024-08-27 04:45:43.720] [modengine] [info] Attempting to load mod settings config at C:\Users\CouchJockey\Documents\GitHub\ConvergenceER\config_eldenring.toml
[2024-08-27 04:45:43.720] [modengine] [info] Local config loaded
[2024-08-27 04:45:43.720] [modengine] [info] ModEngine version 2.1.0-0924ab36f1311bf84e7e626740b4bf2c0d54909a initializing for Elden Ring
[2024-08-27 04:45:43.720] [modengine] [info] Local settings loaded: true, Global settings loaded: false
[2024-08-27 04:45:43.720] [modengine] [info] Main thread ID: 16344
[2024-08-27 04:45:43.728] [modengine] [info] Loaded external DLL C:\Users\CouchJockey\Documents\GitHub\ConvergenceER\ertransmogrify.dll
[2024-08-27 04:45:43.728] [modengine] [warning] External dll C:\Users\CouchJockey\Documents\GitHub\ConvergenceER\ertransmogrify.dll at base address 0x7fffc59c0000 is not a modengine extension
[2024-08-27 04:45:43.729] [modengine] [info] Loaded external DLL C:\Users\CouchJockey\Documents\GitHub\ConvergenceER\ErdTools.dll
[2024-08-27 04:45:43.729] [modengine] [warning] External dll C:\Users\CouchJockey\Documents\GitHub\ConvergenceER\ErdTools.dll at base address 0x7fffcc2c0000 is not a modengine extension
[2024-08-27 04:45:43.837] [modengine] [info] Loaded external DLL C:\Users\CouchJockey\Documents\GitHub\ConvergenceER\Scripts-Data-Exposer-FS.dll
[2024-08-27 04:45:43.837] [modengine] [warning] External dll C:\Users\CouchJockey\Documents\GitHub\ConvergenceER\Scripts-Data-Exposer-FS.dll at base address 0x7fffcc1d0000 is not a modengine extension
[2024-08-27 04:45:43.837] [modengine] [info] Enabling extension base
[2024-08-27 04:45:43.837] [modengine] [info] Enabled extension base
[2024-08-27 04:45:43.837] [modengine] [info] Enabling extension mod_loader
[2024-08-27 04:45:43.837] [modengine] [info] Installing mod location mod
[2024-08-27 04:45:43.837] [modengine] [info] Resolved mod path to C:\Users\CouchJockey\Documents\GitHub\ConvergenceER\mod
[2024-08-27 04:45:43.837] [modengine] [info] Enabled extension mod_loader
[2024-08-27 04:45:43.886] [modengine] [info] Applied 3 hooks
[2024-08-27 04:45:43.888] [modengine] [info] Starting worker thread
[2024-08-27 04:48:07.431] [modengine] [info] Attempting to load global config at C:\Users\CouchJockey\Documents\GitHub\ConvergenceER\modengine2\config.toml
[2024-08-27 04:48:07.431] [modengine] [info] Attempting to load mod settings config at C:\Users\CouchJockey\Documents\GitHub\ConvergenceER\config_eldenring.toml
[2024-08-27 04:48:07.431] [modengine] [info] Local config loaded
[2024-08-27 04:48:07.431] [modengine] [info] ModEngine version 2.1.0-0924ab36f1311bf84e7e626740b4bf2c0d54909a initializing for Elden Ring
[2024-08-27 04:48:07.431] [modengine] [info] Local settings loaded: true, Global settings loaded: false
[2024-08-27 04:48:07.431] [modengine] [info] Main thread ID: 38092
[2024-08-27 04:48:07.435] [modengine] [info] Loaded external DLL C:\Users\CouchJockey\Documents\GitHub\ConvergenceER\ertransmogrify.dll
[2024-08-27 04:48:07.435] [modengine] [warning] External dll C:\Users\CouchJockey\Documents\GitHub\ConvergenceER\ertransmogrify.dll at base address 0x7fffc5a30000 is not a modengine extension
[2024-08-27 04:48:07.435] [modengine] [info] Loaded external DLL C:\Users\CouchJockey\Documents\GitHub\ConvergenceER\ErdTools.dll
[2024-08-27 04:48:07.435] [modengine] [warning] External dll C:\Users\CouchJockey\Documents\GitHub\ConvergenceER\ErdTools.dll at base address 0x7fffdf7a0000 is not a modengine extension
[2024-08-27 04:48:07.532] [modengine] [info] Loaded external DLL C:\Users\CouchJockey\Documents\GitHub\ConvergenceER\Scripts-Data-Exposer-FS.dll
[2024-08-27 04:48:07.532] [modengine] [warning] External dll C:\Users\CouchJockey\Documents\GitHub\ConvergenceER\Scripts-Data-Exposer-FS.dll at base address 0x7fffea610000 is not a modengine extension
[2024-08-27 04:48:07.532] [modengine] [info] Enabling extension base
[2024-08-27 04:48:07.532] [modengine] [info] Enabled extension base
[2024-08-27 04:48:07.532] [modengine] [info] Enabling extension mod_loader
[2024-08-27 04:48:07.532] [modengine] [info] Installing mod location mod
[2024-08-27 04:48:07.532] [modengine] [info] Resolved mod path to C:\Users\CouchJockey\Documents\GitHub\ConvergenceER\mod
[2024-08-27 04:48:07.532] [modengine] [info] Enabled extension mod_loader
[2024-08-27 04:48:07.586] [modengine] [info] Applied 3 hooks
[2024-08-27 04:48:07.587] [modengine] [info] Starting worker thread
[2024-08-27 04:56:44.254] [modengine] [info] Attempting to load global config at C:\Users\CouchJockey\Documents\GitHub\ConvergenceER\modengine2\config.toml
[2024-08-27 04:56:44.254] [modengine] [info] Attempting to load mod settings config at C:\Users\CouchJockey\Documents\GitHub\ConvergenceER\config_eldenring.toml
[2024-08-27 04:56:44.254] [modengine] [info] Local config loaded
[2024-08-27 04:56:44.255] [modengine] [info] ModEngine version 2.1.0-0924ab36f1311bf84e7e626740b4bf2c0d54909a initializing for Elden Ring
[2024-08-27 04:56:44.255] [modengine] [info] Local settings loaded: true, Global settings loaded: false
[2024-08-27 04:56:44.255] [modengine] [info] Main thread ID: 8852
[2024-08-27 04:56:44.259] [modengine] [info] Loaded external DLL C:\Users\CouchJockey\Documents\GitHub\ConvergenceER\ertransmogrify.dll
[2024-08-27 04:56:44.259] [modengine] [warning] External dll C:\Users\CouchJockey\Documents\GitHub\ConvergenceER\ertransmogrify.dll at base address 0x7fffc5a30000 is not a modengine extension
[2024-08-27 04:56:44.260] [modengine] [info] Loaded external DLL C:\Users\CouchJockey\Documents\GitHub\ConvergenceER\ErdTools.dll
[2024-08-27 04:56:44.260] [modengine] [warning] External dll C:\Users\CouchJockey\Documents\GitHub\ConvergenceER\ErdTools.dll at base address 0x7fffdf7a0000 is not a modengine extension
[2024-08-27 04:56:44.340] [modengine] [info] Loaded external DLL C:\Users\CouchJockey\Documents\GitHub\ConvergenceER\Scripts-Data-Exposer-FS.dll
[2024-08-27 04:56:44.340] [modengine] [warning] External dll C:\Users\CouchJockey\Documents\GitHub\ConvergenceER\Scripts-Data-Exposer-FS.dll at base address 0x7ff80a8d0000 is not a modengine extension
[2024-08-27 04:56:44.340] [modengine] [info] Enabling extension base
[2024-08-27 04:56:44.340] [modengine] [info] Enabled extension base
[2024-08-27 04:56:44.340] [modengine] [info] Enabling extension mod_loader
[2024-08-27 04:56:44.340] [modengine] [info] Installing mod location mod
[2024-08-27 04:56:44.340] [modengine] [info] Resolved mod path to C:\Users\CouchJockey\Documents\GitHub\ConvergenceER\mod
[2024-08-27 04:56:44.340] [modengine] [info] Enabled extension mod_loader
[2024-08-27 04:56:44.389] [modengine] [info] Applied 3 hooks
[2024-08-27 04:56:44.390] [modengine] [info] Starting worker thread
[2024-08-27 05:07:36.176] [modengine] [info] Attempting to load global config at C:\Users\CouchJockey\Documents\GitHub\ConvergenceER\modengine2\config.toml
[2024-08-27 05:07:36.176] [modengine] [info] Attempting to load mod settings config at C:\Users\CouchJockey\Documents\GitHub\ConvergenceER\config_eldenring.toml
[2024-08-27 05:07:36.176] [modengine] [info] Local config loaded
[2024-08-27 05:07:36.177] [modengine] [info] ModEngine version 2.1.0-0924ab36f1311bf84e7e626740b4bf2c0d54909a initializing for Elden Ring
[2024-08-27 05:07:36.177] [modengine] [info] Local settings loaded: true, Global settings loaded: false
[2024-08-27 05:07:36.177] [modengine] [info] Main thread ID: 32516
[2024-08-27 05:07:36.181] [modengine] [info] Loaded external DLL C:\Users\CouchJockey\Documents\GitHub\ConvergenceER\ertransmogrify.dll
[2024-08-27 05:07:36.181] [modengine] [warning] External dll C:\Users\CouchJockey\Documents\GitHub\ConvergenceER\ertransmogrify.dll at base address 0x7fffdf610000 is not a modengine extension
[2024-08-27 05:07:36.182] [modengine] [info] Loaded external DLL C:\Users\CouchJockey\Documents\GitHub\ConvergenceER\ErdTools.dll
[2024-08-27 05:07:36.182] [modengine] [warning] External dll C:\Users\CouchJockey\Documents\GitHub\ConvergenceER\ErdTools.dll at base address 0x7fffdf7a0000 is not a modengine extension
[2024-08-27 05:07:36.271] [modengine] [info] Loaded external DLL C:\Users\CouchJockey\Documents\GitHub\ConvergenceER\Scripts-Data-Exposer-FS.dll
[2024-08-27 05:07:36.272] [modengine] [warning] External dll C:\Users\CouchJockey\Documents\GitHub\ConvergenceER\Scripts-Data-Exposer-FS.dll at base address 0x7fffea610000 is not a modengine extension
[2024-08-27 05:07:36.272] [modengine] [info] Enabling extension base
[2024-08-27 05:07:36.272] [modengine] [info] Enabled extension base
[2024-08-27 05:07:36.272] [modengine] [info] Enabling extension mod_loader
[2024-08-27 05:07:36.272] [modengine] [info] Installing mod location mod
[2024-08-27 05:07:36.272] [modengine] [info] Resolved mod path to C:\Users\CouchJockey\Documents\GitHub\ConvergenceER\mod
[2024-08-27 05:07:36.272] [modengine] [info] Enabled extension mod_loader
[2024-08-27 05:07:36.320] [modengine] [info] Applied 3 hooks
[2024-08-27 05:07:36.321] [modengine] [info] Starting worker thread
[2024-08-27 05:11:00.004] [modengine] [info] Attempting to load global config at C:\Users\CouchJockey\Documents\GitHub\ConvergenceER\modengine2\config.toml
[2024-08-27 05:11:00.004] [modengine] [info] Attempting to load mod settings config at C:\Users\CouchJockey\Documents\GitHub\ConvergenceER\config_eldenring.toml
[2024-08-27 05:11:00.004] [modengine] [info] Local config loaded
[2024-08-27 05:11:00.005] [modengine] [info] ModEngine version 2.1.0-0924ab36f1311bf84e7e626740b4bf2c0d54909a initializing for Elden Ring
[2024-08-27 05:11:00.005] [modengine] [info] Local settings loaded: true, Global settings loaded: false
[2024-08-27 05:11:00.005] [modengine] [info] Main thread ID: 9912
[2024-08-27 05:11:00.009] [modengine] [info] Loaded external DLL C:\Users\CouchJockey\Documents\GitHub\ConvergenceER\ertransmogrify.dll
[2024-08-27 05:11:00.009] [modengine] [warning] External dll C:\Users\CouchJockey\Documents\GitHub\ConvergenceER\ertransmogrify.dll at base address 0x7fffdf610000 is not a modengine extension
[2024-08-27 05:11:00.012] [modengine] [info] Loaded external DLL C:\Users\CouchJockey\Documents\GitHub\ConvergenceER\ErdTools.dll
[2024-08-27 05:11:00.012] [modengine] [warning] External dll C:\Users\CouchJockey\Documents\GitHub\ConvergenceER\ErdTools.dll at base address 0x7fffdf7a0000 is not a modengine extension
[2024-08-27 05:11:00.099] [modengine] [info] Loaded external DLL C:\Users\CouchJockey\Documents\GitHub\ConvergenceER\Scripts-Data-Exposer-FS.dll
[2024-08-27 05:11:00.100] [modengine] [warning] External dll C:\Users\CouchJockey\Documents\GitHub\ConvergenceER\Scripts-Data-Exposer-FS.dll at base address 0x7fffea610000 is not a modengine extension
[2024-08-27 05:11:00.100] [modengine] [info] Enabling extension base
[2024-08-27 05:11:00.100] [modengine] [info] Enabled extension base
[2024-08-27 05:11:00.100] [modengine] [info] Enabling extension mod_loader
[2024-08-27 05:11:00.100] [modengine] [info] Installing mod location mod
[2024-08-27 05:11:00.100] [modengine] [info] Resolved mod path to C:\Users\CouchJockey\Documents\GitHub\ConvergenceER\mod
[2024-08-27 05:11:00.100] [modengine] [info] Enabled extension mod_loader
[2024-08-27 05:11:00.151] [modengine] [info] Applied 3 hooks
[2024-08-27 05:11:00.152] [modengine] [info] Starting worker thread
[2024-08-27 05:14:32.966] [modengine] [info] Attempting to load global config at C:\Users\CouchJockey\Documents\GitHub\ConvergenceER\modengine2\config.toml
[2024-08-27 05:14:32.966] [modengine] [info] Attempting to load mod settings config at C:\Users\CouchJockey\Documents\GitHub\ConvergenceER\config_eldenring.toml
[2024-08-27 05:14:32.966] [modengine] [info] Local config loaded
[2024-08-27 05:14:32.966] [modengine] [info] ModEngine version 2.1.0-0924ab36f1311bf84e7e626740b4bf2c0d54909a initializing for Elden Ring
[2024-08-27 05:14:32.966] [modengine] [info] Local settings loaded: true, Global settings loaded: false
[2024-08-27 05:14:32.966] [modengine] [info] Main thread ID: 14300
[2024-08-27 05:14:32.970] [modengine] [info] Loaded external DLL C:\Users\CouchJockey\Documents\GitHub\ConvergenceER\ertransmogrify.dll
[2024-08-27 05:14:32.970] [modengine] [warning] External dll C:\Users\CouchJockey\Documents\GitHub\ConvergenceER\ertransmogrify.dll at base address 0x7fffdf610000 is not a modengine extension
[2024-08-27 05:14:32.971] [modengine] [info] Loaded external DLL C:\Users\CouchJockey\Documents\GitHub\ConvergenceER\ErdTools.dll
[2024-08-27 05:14:32.971] [modengine] [warning] External dll C:\Users\CouchJockey\Documents\GitHub\ConvergenceER\ErdTools.dll at base address 0x7fffdf7a0000 is not a modengine extension
[2024-08-27 05:14:33.051] [modengine] [info] Loaded external DLL C:\Users\CouchJockey\Documents\GitHub\ConvergenceER\Scripts-Data-Exposer-FS.dll
[2024-08-27 05:14:33.051] [modengine] [warning] External dll C:\Users\CouchJockey\Documents\GitHub\ConvergenceER\Scripts-Data-Exposer-FS.dll at base address 0x7fffea610000 is not a modengine extension
[2024-08-27 05:14:33.051] [modengine] [info] Enabling extension base
[2024-08-27 05:14:33.052] [modengine] [info] Enabled extension base
[2024-08-27 05:14:33.052] [modengine] [info] Enabling extension mod_loader
[2024-08-27 05:14:33.052] [modengine] [info] Installing mod location mod
[2024-08-27 05:14:33.052] [modengine] [info] Resolved mod path to C:\Users\CouchJockey\Documents\GitHub\ConvergenceER\mod
[2024-08-27 05:14:33.052] [modengine] [info] Enabled extension mod_loader
[2024-08-27 05:14:33.100] [modengine] [info] Applied 3 hooks
[2024-08-27 05:14:33.101] [modengine] [info] Starting worker thread
[2024-08-27 05:16:08.443] [modengine] [info] Attempting to load global config at C:\Users\CouchJockey\Documents\GitHub\ConvergenceER\modengine2\config.toml
[2024-08-27 05:16:08.443] [modengine] [info] Attempting to load mod settings config at C:\Users\CouchJockey\Documents\GitHub\ConvergenceER\config_eldenring.toml
[2024-08-27 05:16:08.443] [modengine] [info] Local config loaded
[2024-08-27 05:16:08.443] [modengine] [info] ModEngine version 2.1.0-0924ab36f1311bf84e7e626740b4bf2c0d54909a initializing for Elden Ring
[2024-08-27 05:16:08.443] [modengine] [info] Local settings loaded: true, Global settings loaded: false
[2024-08-27 05:16:08.443] [modengine] [info] Main thread ID: 20400
[2024-08-27 05:16:08.447] [modengine] [info] Loaded external DLL C:\Users\CouchJockey\Documents\GitHub\ConvergenceER\ertransmogrify.dll
[2024-08-27 05:16:08.447] [modengine] [warning] External dll C:\Users\CouchJockey\Documents\GitHub\ConvergenceER\ertransmogrify.dll at base address 0x7fffdf680000 is not a modengine extension
[2024-08-27 05:16:08.448] [modengine] [info] Loaded external DLL C:\Users\CouchJockey\Documents\GitHub\ConvergenceER\ErdTools.dll
[2024-08-27 05:16:08.448] [modengine] [warning] External dll C:\Users\CouchJockey\Documents\GitHub\ConvergenceER\ErdTools.dll at base address 0x7fffdf650000 is not a modengine extension
[2024-08-27 05:16:08.529] [modengine] [info] Loaded external DLL C:\Users\CouchJockey\Documents\GitHub\ConvergenceER\Scripts-Data-Exposer-FS.dll
[2024-08-27 05:16:08.529] [modengine] [warning] External dll C:\Users\CouchJockey\Documents\GitHub\ConvergenceER\Scripts-Data-Exposer-FS.dll at base address 0x7fffea610000 is not a modengine extension
[2024-08-27 05:16:08.529] [modengine] [info] Enabling extension base
[2024-08-27 05:16:08.529] [modengine] [info] Enabled extension base
[2024-08-27 05:16:08.529] [modengine] [info] Enabling extension mod_loader
[2024-08-27 05:16:08.529] [modengine] [info] Installing mod location mod
[2024-08-27 05:16:08.529] [modengine] [info] Resolved mod path to C:\Users\CouchJockey\Documents\GitHub\ConvergenceER\mod
[2024-08-27 05:16:08.529] [modengine] [info] Enabled extension mod_loader
[2024-08-27 05:16:08.578] [modengine] [info] Applied 3 hooks
[2024-08-27 05:16:08.580] [modengine] [info] Starting worker thread
[2024-08-27 05:39:08.222] [modengine] [info] Attempting to load global config at C:\Users\CouchJockey\Documents\GitHub\ConvergenceER\modengine2\config.toml
[2024-08-27 05:39:08.222] [modengine] [info] Attempting to load mod settings config at C:\Users\CouchJockey\Documents\GitHub\ConvergenceER\config_eldenring.toml
[2024-08-27 05:39:08.222] [modengine] [info] Local config loaded
[2024-08-27 05:39:08.222] [modengine] [info] ModEngine version 2.1.0-0924ab36f1311bf84e7e626740b4bf2c0d54909a initializing for Elden Ring
[2024-08-27 05:39:08.222] [modengine] [info] Local settings loaded: true, Global settings loaded: false
[2024-08-27 05:39:08.222] [modengine] [info] Main thread ID: 10288
[2024-08-27 05:39:08.226] [modengine] [info] Loaded external DLL C:\Users\CouchJockey\Documents\GitHub\ConvergenceER\ertransmogrify.dll
[2024-08-27 05:39:08.226] [modengine] [warning] External dll C:\Users\CouchJockey\Documents\GitHub\ConvergenceER\ertransmogrify.dll at base address 0x7fffc54d0000 is not a modengine extension
[2024-08-27 05:39:08.226] [modengine] [info] Loaded external DLL C:\Users\CouchJockey\Documents\GitHub\ConvergenceER\ErdTools.dll
[2024-08-27 05:39:08.226] [modengine] [warning] External dll C:\Users\CouchJockey\Documents\GitHub\ConvergenceER\ErdTools.dll at base address 0x7fffdd180000 is not a modengine extension
[2024-08-27 05:39:08.304] [modengine] [info] Loaded external DLL C:\Users\CouchJockey\Documents\GitHub\ConvergenceER\Scripts-Data-Exposer-FS.dll
[2024-08-27 05:39:08.304] [modengine] [warning] External dll C:\Users\CouchJockey\Documents\GitHub\ConvergenceER\Scripts-Data-Exposer-FS.dll at base address 0x7fffda8a0000 is not a modengine extension
[2024-08-27 05:39:08.304] [modengine] [info] Enabling extension base
[2024-08-27 05:39:08.304] [modengine] [info] Enabled extension base
[2024-08-27 05:39:08.304] [modengine] [info] Enabling extension mod_loader
[2024-08-27 05:39:08.304] [modengine] [info] Installing mod location mod
[2024-08-27 05:39:08.304] [modengine] [info] Resolved mod path to C:\Users\CouchJockey\Documents\GitHub\ConvergenceER\mod
[2024-08-27 05:39:08.304] [modengine] [info] Enabled extension mod_loader
[2024-08-27 05:39:08.355] [modengine] [info] Applied 3 hooks
[2024-08-27 05:39:08.356] [modengine] [info] Starting worker thread
[2024-08-27 05:39:58.876] [modengine] [info] Attempting to load global config at C:\Users\CouchJockey\Documents\GitHub\ConvergenceER\modengine2\config.toml
[2024-08-27 05:39:58.876] [modengine] [info] Attempting to load mod settings config at C:\Users\CouchJockey\Documents\GitHub\ConvergenceER\config_eldenring.toml
[2024-08-27 05:39:58.877] [modengine] [info] Local config loaded
[2024-08-27 05:39:58.877] [modengine] [info] ModEngine version 2.1.0-0924ab36f1311bf84e7e626740b4bf2c0d54909a initializing for Elden Ring
[2024-08-27 05:39:58.877] [modengine] [info] Local settings loaded: true, Global settings loaded: false
[2024-08-27 05:39:58.877] [modengine] [info] Main thread ID: 32232
[2024-08-27 05:39:58.882] [modengine] [info] Loaded external DLL C:\Users\CouchJockey\Documents\GitHub\ConvergenceER\ertransmogrify.dll
[2024-08-27 05:39:58.882] [modengine] [warning] External dll C:\Users\CouchJockey\Documents\GitHub\ConvergenceER\ertransmogrify.dll at base address 0x7fffc54d0000 is not a modengine extension
[2024-08-27 05:39:58.883] [modengine] [info] Loaded external DLL C:\Users\CouchJockey\Documents\GitHub\ConvergenceER\ErdTools.dll
[2024-08-27 05:39:58.883] [modengine] [warning] External dll C:\Users\CouchJockey\Documents\GitHub\ConvergenceER\ErdTools.dll at base address 0x7fffdd180000 is not a modengine extension
[2024-08-27 05:39:58.967] [modengine] [info] Loaded external DLL C:\Users\CouchJockey\Documents\GitHub\ConvergenceER\Scripts-Data-Exposer-FS.dll
[2024-08-27 05:39:58.967] [modengine] [warning] External dll C:\Users\CouchJockey\Documents\GitHub\ConvergenceER\Scripts-Data-Exposer-FS.dll at base address 0x7fffda8a0000 is not a modengine extension
[2024-08-27 05:39:58.967] [modengine] [info] Enabling extension base
[2024-08-27 05:39:58.967] [modengine] [info] Enabled extension base
[2024-08-27 05:39:58.967] [modengine] [info] Enabling extension mod_loader
[2024-08-27 05:39:58.967] [modengine] [info] Installing mod location mod
[2024-08-27 05:39:58.967] [modengine] [info] Resolved mod path to C:\Users\CouchJockey\Documents\GitHub\ConvergenceER\mod
[2024-08-27 05:39:58.967] [modengine] [info] Enabled extension mod_loader
[2024-08-27 05:39:59.017] [modengine] [info] Applied 3 hooks
[2024-08-27 05:39:59.018] [modengine] [info] Starting worker thread
[2024-08-27 05:40:23.724] [modengine] [info] Attempting to load global config at C:\Users\CouchJockey\Documents\GitHub\ConvergenceER\modengine2\config.toml
[2024-08-27 05:40:23.724] [modengine] [info] Attempting to load mod settings config at C:\Users\CouchJockey\Documents\GitHub\ConvergenceER\config_eldenring.toml
[2024-08-27 05:40:23.725] [modengine] [info] Local config loaded
[2024-08-27 05:40:23.725] [modengine] [info] ModEngine version 2.1.0-0924ab36f1311bf84e7e626740b4bf2c0d54909a initializing for Elden Ring
[2024-08-27 05:40:23.725] [modengine] [info] Local settings loaded: true, Global settings loaded: false
[2024-08-27 05:40:23.725] [modengine] [info] Main thread ID: 35928
[2024-08-27 05:40:23.730] [modengine] [info] Loaded external DLL C:\Users\CouchJockey\Documents\GitHub\ConvergenceER\ertransmogrify.dll
[2024-08-27 05:40:23.730] [modengine] [warning] External dll C:\Users\CouchJockey\Documents\GitHub\ConvergenceER\ertransmogrify.dll at base address 0x7fffc54d0000 is not a modengine extension
[2024-08-27 05:40:23.731] [modengine] [info] Loaded external DLL C:\Users\CouchJockey\Documents\GitHub\ConvergenceER\ErdTools.dll
[2024-08-27 05:40:23.731] [modengine] [warning] External dll C:\Users\CouchJockey\Documents\GitHub\ConvergenceER\ErdTools.dll at base address 0x7fffdd180000 is not a modengine extension
[2024-08-27 05:40:23.810] [modengine] [info] Loaded external DLL C:\Users\CouchJockey\Documents\GitHub\ConvergenceER\Scripts-Data-Exposer-FS.dll
[2024-08-27 05:40:23.810] [modengine] [warning] External dll C:\Users\CouchJockey\Documents\GitHub\ConvergenceER\Scripts-Data-Exposer-FS.dll at base address 0x7fffda8a0000 is not a modengine extension
[2024-08-27 05:40:23.810] [modengine] [info] Enabling extension base
[2024-08-27 05:40:23.810] [modengine] [info] Enabled extension base
[2024-08-27 05:40:23.810] [modengine] [info] Enabling extension mod_loader
[2024-08-27 05:40:23.810] [modengine] [info] Installing mod location mod
[2024-08-27 05:40:23.810] [modengine] [info] Resolved mod path to C:\Users\CouchJockey\Documents\GitHub\ConvergenceER\mod
[2024-08-27 05:40:23.810] [modengine] [info] Enabled extension mod_loader
[2024-08-27 05:40:23.859] [modengine] [info] Applied 3 hooks
[2024-08-27 05:40:23.860] [modengine] [info] Starting worker thread
[2024-08-27 05:44:53.116] [modengine] [info] Attempting to load global config at C:\Users\CouchJockey\Documents\GitHub\ConvergenceER\modengine2\config.toml
[2024-08-27 05:44:53.116] [modengine] [info] Attempting to load mod settings config at C:\Users\CouchJockey\Documents\GitHub\ConvergenceER\config_eldenring.toml
[2024-08-27 05:44:53.116] [modengine] [info] Local config loaded
[2024-08-27 05:44:53.116] [modengine] [info] ModEngine version 2.1.0-0924ab36f1311bf84e7e626740b4bf2c0d54909a initializing for Elden Ring
[2024-08-27 05:44:53.116] [modengine] [info] Local settings loaded: true, Global settings loaded: false
[2024-08-27 05:44:53.116] [modengine] [info] Main thread ID: 36476
[2024-08-27 05:44:53.120] [modengine] [info] Loaded external DLL C:\Users\CouchJockey\Documents\GitHub\ConvergenceER\ertransmogrify.dll
[2024-08-27 05:44:53.120] [modengine] [warning] External dll C:\Users\CouchJockey\Documents\GitHub\ConvergenceER\ertransmogrify.dll at base address 0x7fffc54d0000 is not a modengine extension
[2024-08-27 05:44:53.121] [modengine] [info] Loaded external DLL C:\Users\CouchJockey\Documents\GitHub\ConvergenceER\ErdTools.dll
[2024-08-27 05:44:53.121] [modengine] [warning] External dll C:\Users\CouchJockey\Documents\GitHub\ConvergenceER\ErdTools.dll at base address 0x7fffdf750000 is not a modengine extension
[2024-08-27 05:44:53.214] [modengine] [info] Loaded external DLL C:\Users\CouchJockey\Documents\GitHub\ConvergenceER\Scripts-Data-Exposer-FS.dll
[2024-08-27 05:44:53.214] [modengine] [warning] External dll C:\Users\CouchJockey\Documents\GitHub\ConvergenceER\Scripts-Data-Exposer-FS.dll at base address 0x7fffdfb00000 is not a modengine extension
[2024-08-27 05:44:53.214] [modengine] [info] Enabling extension base
[2024-08-27 05:44:53.214] [modengine] [info] Enabled extension base
[2024-08-27 05:44:53.214] [modengine] [info] Enabling extension mod_loader
[2024-08-27 05:44:53.214] [modengine] [info] Installing mod location mod
[2024-08-27 05:44:53.214] [modengine] [info] Resolved mod path to C:\Users\CouchJockey\Documents\GitHub\ConvergenceER\mod
[2024-08-27 05:44:53.214] [modengine] [info] Enabled extension mod_loader
[2024-08-27 05:44:53.266] [modengine] [info] Applied 3 hooks
[2024-08-27 05:44:53.267] [modengine] [info] Starting worker thread
[2024-08-27 05:47:19.483] [modengine] [info] Attempting to load global config at C:\Users\CouchJockey\Documents\GitHub\ConvergenceER\modengine2\config.toml
[2024-08-27 05:47:19.483] [modengine] [info] Attempting to load mod settings config at C:\Users\CouchJockey\Documents\GitHub\ConvergenceER\config_eldenring.toml
[2024-08-27 05:47:19.483] [modengine] [info] Local config loaded
[2024-08-27 05:47:19.483] [modengine] [info] ModEngine version 2.1.0-0924ab36f1311bf84e7e626740b4bf2c0d54909a initializing for Elden Ring
[2024-08-27 05:47:19.483] [modengine] [info] Local settings loaded: true, Global settings loaded: false
[2024-08-27 05:47:19.483] [modengine] [info] Main thread ID: 29416
[2024-08-27 05:47:19.487] [modengine] [info] Loaded external DLL C:\Users\CouchJockey\Documents\GitHub\ConvergenceER\ertransmogrify.dll
[2024-08-27 05:47:19.487] [modengine] [warning] External dll C:\Users\CouchJockey\Documents\GitHub\ConvergenceER\ertransmogrify.dll at base address 0x7fffc5520000 is not a modengine extension
[2024-08-27 05:47:19.488] [modengine] [info] Loaded external DLL C:\Users\CouchJockey\Documents\GitHub\ConvergenceER\ErdTools.dll
[2024-08-27 05:47:19.488] [modengine] [warning] External dll C:\Users\CouchJockey\Documents\GitHub\ConvergenceER\ErdTools.dll at base address 0x7fffdf750000 is not a modengine extension
[2024-08-27 05:47:19.576] [modengine] [info] Loaded external DLL C:\Users\CouchJockey\Documents\GitHub\ConvergenceER\Scripts-Data-Exposer-FS.dll
[2024-08-27 05:47:19.576] [modengine] [warning] External dll C:\Users\CouchJockey\Documents\GitHub\ConvergenceER\Scripts-Data-Exposer-FS.dll at base address 0x7fffdfb00000 is not a modengine extension
[2024-08-27 05:47:19.576] [modengine] [info] Enabling extension base
[2024-08-27 05:47:19.576] [modengine] [info] Enabled extension base
[2024-08-27 05:47:19.576] [modengine] [info] Enabling extension mod_loader
[2024-08-27 05:47:19.576] [modengine] [info] Installing mod location mod
[2024-08-27 05:47:19.576] [modengine] [info] Resolved mod path to C:\Users\CouchJockey\Documents\GitHub\ConvergenceER\mod
[2024-08-27 05:47:19.576] [modengine] [info] Enabled extension mod_loader
[2024-08-27 05:47:19.629] [modengine] [info] Applied 3 hooks
[2024-08-27 05:47:19.630] [modengine] [info] Starting worker thread
[2024-08-27 05:49:43.525] [modengine] [info] Attempting to load global config at C:\Users\CouchJockey\Documents\GitHub\ConvergenceER\modengine2\config.toml
[2024-08-27 05:49:43.525] [modengine] [info] Attempting to load mod settings config at C:\Users\CouchJockey\Documents\GitHub\ConvergenceER\config_eldenring.toml
[2024-08-27 05:49:43.526] [modengine] [info] Local config loaded
[2024-08-27 05:49:43.526] [modengine] [info] ModEngine version 2.1.0-0924ab36f1311bf84e7e626740b4bf2c0d54909a initializing for Elden Ring
[2024-08-27 05:49:43.526] [modengine] [info] Local settings loaded: true, Global settings loaded: false
[2024-08-27 05:49:43.526] [modengine] [info] Main thread ID: 652
[2024-08-27 05:49:43.531] [modengine] [info] Loaded external DLL C:\Users\CouchJockey\Documents\GitHub\ConvergenceER\ertransmogrify.dll
[2024-08-27 05:49:43.531] [modengine] [warning] External dll C:\Users\CouchJockey\Documents\GitHub\ConvergenceER\ertransmogrify.dll at base address 0x7fffc5520000 is not a modengine extension
[2024-08-27 05:49:43.531] [modengine] [info] Loaded external DLL C:\Users\CouchJockey\Documents\GitHub\ConvergenceER\ErdTools.dll
[2024-08-27 05:49:43.531] [modengine] [warning] External dll C:\Users\CouchJockey\Documents\GitHub\ConvergenceER\ErdTools.dll at base address 0x7fffdf750000 is not a modengine extension
[2024-08-27 05:49:43.609] [modengine] [info] Loaded external DLL C:\Users\CouchJockey\Documents\GitHub\ConvergenceER\Scripts-Data-Exposer-FS.dll
[2024-08-27 05:49:43.609] [modengine] [warning] External dll C:\Users\CouchJockey\Documents\GitHub\ConvergenceER\Scripts-Data-Exposer-FS.dll at base address 0x7fffdfb00000 is not a modengine extension
[2024-08-27 05:49:43.609] [modengine] [info] Enabling extension base
[2024-08-27 05:49:43.609] [modengine] [info] Enabled extension base
[2024-08-27 05:49:43.609] [modengine] [info] Enabling extension mod_loader
[2024-08-27 05:49:43.609] [modengine] [info] Installing mod location mod
[2024-08-27 05:49:43.609] [modengine] [info] Resolved mod path to C:\Users\CouchJockey\Documents\GitHub\ConvergenceER\mod
[2024-08-27 05:49:43.609] [modengine] [info] Enabled extension mod_loader
[2024-08-27 05:49:43.658] [modengine] [info] Applied 3 hooks
[2024-08-27 05:49:43.660] [modengine] [info] Starting worker thread
[2024-08-27 05:52:10.247] [modengine] [info] Attempting to load global config at C:\Users\CouchJockey\Documents\GitHub\ConvergenceER\modengine2\config.toml
[2024-08-27 05:52:10.247] [modengine] [info] Attempting to load mod settings config at C:\Users\CouchJockey\Documents\GitHub\ConvergenceER\config_eldenring.toml
[2024-08-27 05:52:10.247] [modengine] [info] Local config loaded
[2024-08-27 05:52:10.247] [modengine] [info] ModEngine version 2.1.0-0924ab36f1311bf84e7e626740b4bf2c0d54909a initializing for Elden Ring
[2024-08-27 05:52:10.247] [modengine] [info] Local settings loaded: true, Global settings loaded: false
[2024-08-27 05:52:10.247] [modengine] [info] Main thread ID: 34416
[2024-08-27 05:52:10.251] [modengine] [info] Loaded external DLL C:\Users\CouchJockey\Documents\GitHub\ConvergenceER\ertransmogrify.dll
[2024-08-27 05:52:10.251] [modengine] [warning] External dll C:\Users\CouchJockey\Documents\GitHub\ConvergenceER\ertransmogrify.dll at base address 0x7fffc5410000 is not a modengine extension
[2024-08-27 05:52:10.252] [modengine] [info] Loaded external DLL C:\Users\CouchJockey\Documents\GitHub\ConvergenceER\ErdTools.dll
[2024-08-27 05:52:10.252] [modengine] [warning] External dll C:\Users\CouchJockey\Documents\GitHub\ConvergenceER\ErdTools.dll at base address 0x7fffdf750000 is not a modengine extension
[2024-08-27 05:52:10.330] [modengine] [info] Loaded external DLL C:\Users\CouchJockey\Documents\GitHub\ConvergenceER\Scripts-Data-Exposer-FS.dll
[2024-08-27 05:52:10.330] [modengine] [warning] External dll C:\Users\CouchJockey\Documents\GitHub\ConvergenceER\Scripts-Data-Exposer-FS.dll at base address 0x7fffdfb00000 is not a modengine extension
[2024-08-27 05:52:10.330] [modengine] [info] Enabling extension base
[2024-08-27 05:52:10.330] [modengine] [info] Enabled extension base
[2024-08-27 05:52:10.330] [modengine] [info] Enabling extension mod_loader
[2024-08-27 05:52:10.330] [modengine] [info] Installing mod location mod
[2024-08-27 05:52:10.330] [modengine] [info] Resolved mod path to C:\Users\CouchJockey\Documents\GitHub\ConvergenceER\mod
[2024-08-27 05:52:10.330] [modengine] [info] Enabled extension mod_loader
[2024-08-27 05:52:10.379] [modengine] [info] Applied 3 hooks
[2024-08-27 05:52:10.381] [modengine] [info] Starting worker thread
[2024-08-27 06:17:48.360] [modengine] [info] Attempting to load global config at C:\Users\CouchJockey\Documents\GitHub\ConvergenceER\modengine2\config.toml
[2024-08-27 06:17:48.360] [modengine] [info] Attempting to load mod settings config at C:\Users\CouchJockey\Documents\GitHub\ConvergenceER\config_eldenring.toml
[2024-08-27 06:17:48.360] [modengine] [info] Local config loaded
[2024-08-27 06:17:48.361] [modengine] [info] ModEngine version 2.1.0-0924ab36f1311bf84e7e626740b4bf2c0d54909a initializing for Elden Ring
[2024-08-27 06:17:48.361] [modengine] [info] Local settings loaded: true, Global settings loaded: false
[2024-08-27 06:17:48.361] [modengine] [info] Main thread ID: 23580
[2024-08-27 06:17:48.364] [modengine] [info] Loaded external DLL C:\Users\CouchJockey\Documents\GitHub\ConvergenceER\ertransmogrify.dll
[2024-08-27 06:17:48.364] [modengine] [warning] External dll C:\Users\CouchJockey\Documents\GitHub\ConvergenceER\ertransmogrify.dll at base address 0x7fffc9550000 is not a modengine extension
[2024-08-27 06:17:48.365] [modengine] [info] Loaded external DLL C:\Users\CouchJockey\Documents\GitHub\ConvergenceER\ErdTools.dll
[2024-08-27 06:17:48.365] [modengine] [warning] External dll C:\Users\CouchJockey\Documents\GitHub\ConvergenceER\ErdTools.dll at base address 0x7fffdf750000 is not a modengine extension
[2024-08-27 06:17:48.441] [modengine] [info] Loaded external DLL C:\Users\CouchJockey\Documents\GitHub\ConvergenceER\Scripts-Data-Exposer-FS.dll
[2024-08-27 06:17:48.441] [modengine] [warning] External dll C:\Users\CouchJockey\Documents\GitHub\ConvergenceER\Scripts-Data-Exposer-FS.dll at base address 0x7fffdfb00000 is not a modengine extension
[2024-08-27 06:17:48.441] [modengine] [info] Enabling extension base
[2024-08-27 06:17:48.441] [modengine] [info] Enabled extension base
[2024-08-27 06:17:48.441] [modengine] [info] Enabling extension mod_loader
[2024-08-27 06:17:48.441] [modengine] [info] Installing mod location mod
[2024-08-27 06:17:48.442] [modengine] [info] Resolved mod path to C:\Users\CouchJockey\Documents\GitHub\ConvergenceER\mod
[2024-08-27 06:17:48.442] [modengine] [info] Enabled extension mod_loader
[2024-08-27 06:17:48.491] [modengine] [info] Applied 3 hooks
[2024-08-27 06:17:48.492] [modengine] [info] Starting worker thread
[2024-08-27 06:42:36.681] [modengine] [info] Attempting to load global config at C:\Users\CouchJockey\Documents\GitHub\ConvergenceER\modengine2\config.toml
[2024-08-27 06:42:36.681] [modengine] [info] Attempting to load mod settings config at C:\Users\CouchJockey\Documents\GitHub\ConvergenceER\config_eldenring.toml
[2024-08-27 06:42:36.682] [modengine] [info] Local config loaded
[2024-08-27 06:42:36.682] [modengine] [info] ModEngine version 2.1.0-0924ab36f1311bf84e7e626740b4bf2c0d54909a initializing for Elden Ring
[2024-08-27 06:42:36.682] [modengine] [info] Local settings loaded: true, Global settings loaded: false
[2024-08-27 06:42:36.682] [modengine] [info] Main thread ID: 15724
[2024-08-27 06:42:36.686] [modengine] [info] Loaded external DLL C:\Users\CouchJockey\Documents\GitHub\ConvergenceER\ertransmogrify.dll
[2024-08-27 06:42:36.686] [modengine] [warning] External dll C:\Users\CouchJockey\Documents\GitHub\ConvergenceER\ertransmogrify.dll at base address 0x7fffc9550000 is not a modengine extension
[2024-08-27 06:42:36.686] [modengine] [info] Loaded external DLL C:\Users\CouchJockey\Documents\GitHub\ConvergenceER\ErdTools.dll
[2024-08-27 06:42:36.686] [modengine] [warning] External dll C:\Users\CouchJockey\Documents\GitHub\ConvergenceER\ErdTools.dll at base address 0x7fffcf3a0000 is not a modengine extension
[2024-08-27 06:42:36.763] [modengine] [info] Loaded external DLL C:\Users\CouchJockey\Documents\GitHub\ConvergenceER\Scripts-Data-Exposer-FS.dll
[2024-08-27 06:42:36.764] [modengine] [warning] External dll C:\Users\CouchJockey\Documents\GitHub\ConvergenceER\Scripts-Data-Exposer-FS.dll at base address 0x7fffdfb00000 is not a modengine extension
[2024-08-27 06:42:36.764] [modengine] [info] Enabling extension base
[2024-08-27 06:42:36.764] [modengine] [info] Enabled extension base
[2024-08-27 06:42:36.764] [modengine] [info] Enabling extension mod_loader
[2024-08-27 06:42:36.764] [modengine] [info] Installing mod location mod
[2024-08-27 06:42:36.764] [modengine] [info] Resolved mod path to C:\Users\CouchJockey\Documents\GitHub\ConvergenceER\mod
[2024-08-27 06:42:36.764] [modengine] [info] Enabled extension mod_loader
[2024-08-27 06:42:36.812] [modengine] [info] Applied 3 hooks
[2024-08-27 06:42:36.813] [modengine] [info] Starting worker thread
[2024-08-27 06:48:10.632] [modengine] [info] Attempting to load global config at C:\Users\CouchJockey\Documents\GitHub\ConvergenceER\modengine2\config.toml
[2024-08-27 06:48:10.633] [modengine] [info] Attempting to load mod settings config at C:\Users\CouchJockey\Documents\GitHub\ConvergenceER\config_eldenring.toml
[2024-08-27 06:48:10.633] [modengine] [info] Local config loaded
[2024-08-27 06:48:10.633] [modengine] [info] ModEngine version 2.1.0-0924ab36f1311bf84e7e626740b4bf2c0d54909a initializing for Elden Ring
[2024-08-27 06:48:10.633] [modengine] [info] Local settings loaded: true, Global settings loaded: false
[2024-08-27 06:48:10.633] [modengine] [info] Main thread ID: 38696
[2024-08-27 06:48:10.637] [modengine] [info] Loaded external DLL C:\Users\CouchJockey\Documents\GitHub\ConvergenceER\ertransmogrify.dll
[2024-08-27 06:48:10.637] [modengine] [warning] External dll C:\Users\CouchJockey\Documents\GitHub\ConvergenceER\ertransmogrify.dll at base address 0x7fffc9550000 is not a modengine extension
[2024-08-27 06:48:10.638] [modengine] [info] Loaded external DLL C:\Users\CouchJockey\Documents\GitHub\ConvergenceER\ErdTools.dll
[2024-08-27 06:48:10.638] [modengine] [warning] External dll C:\Users\CouchJockey\Documents\GitHub\ConvergenceER\ErdTools.dll at base address 0x7fffcf3a0000 is not a modengine extension
[2024-08-27 06:48:10.715] [modengine] [info] Loaded external DLL C:\Users\CouchJockey\Documents\GitHub\ConvergenceER\Scripts-Data-Exposer-FS.dll
[2024-08-27 06:48:10.715] [modengine] [warning] External dll C:\Users\CouchJockey\Documents\GitHub\ConvergenceER\Scripts-Data-Exposer-FS.dll at base address 0x7fffdfb00000 is not a modengine extension
[2024-08-27 06:48:10.715] [modengine] [info] Enabling extension base
[2024-08-27 06:48:10.715] [modengine] [info] Enabled extension base
[2024-08-27 06:48:10.715] [modengine] [info] Enabling extension mod_loader
[2024-08-27 06:48:10.715] [modengine] [info] Installing mod location mod
[2024-08-27 06:48:10.715] [modengine] [info] Resolved mod path to C:\Users\CouchJockey\Documents\GitHub\ConvergenceER\mod
[2024-08-27 06:48:10.715] [modengine] [info] Enabled extension mod_loader
[2024-08-27 06:48:10.765] [modengine] [info] Applied 3 hooks
[2024-08-27 06:48:10.767] [modengine] [info] Starting worker thread
[2024-08-27 06:52:00.668] [modengine] [info] Attempting to load global config at C:\Users\CouchJockey\Documents\GitHub\ConvergenceER\modengine2\config.toml
[2024-08-27 06:52:00.668] [modengine] [info] Attempting to load mod settings config at C:\Users\CouchJockey\Documents\GitHub\ConvergenceER\config_eldenring.toml
[2024-08-27 06:52:00.668] [modengine] [info] Local config loaded
[2024-08-27 06:52:00.669] [modengine] [info] ModEngine version 2.1.0-0924ab36f1311bf84e7e626740b4bf2c0d54909a initializing for Elden Ring
[2024-08-27 06:52:00.669] [modengine] [info] Local settings loaded: true, Global settings loaded: false
[2024-08-27 06:52:00.669] [modengine] [info] Main thread ID: 5156
[2024-08-27 06:52:00.673] [modengine] [info] Loaded external DLL C:\Users\CouchJockey\Documents\GitHub\ConvergenceER\ertransmogrify.dll
[2024-08-27 06:52:00.673] [modengine] [warning] External dll C:\Users\CouchJockey\Documents\GitHub\ConvergenceER\ertransmogrify.dll at base address 0x7fffc9550000 is not a modengine extension
[2024-08-27 06:52:00.673] [modengine] [info] Loaded external DLL C:\Users\CouchJockey\Documents\GitHub\ConvergenceER\ErdTools.dll
[2024-08-27 06:52:00.673] [modengine] [warning] External dll C:\Users\CouchJockey\Documents\GitHub\ConvergenceER\ErdTools.dll at base address 0x7fffdf750000 is not a modengine extension
[2024-08-27 06:52:00.737] [modengine] [info] Loaded external DLL C:\Users\CouchJockey\Documents\GitHub\ConvergenceER\Scripts-Data-Exposer-FS.dll
[2024-08-27 06:52:00.737] [modengine] [warning] External dll C:\Users\CouchJockey\Documents\GitHub\ConvergenceER\Scripts-Data-Exposer-FS.dll at base address 0x7fffdfb00000 is not a modengine extension
[2024-08-27 06:52:00.737] [modengine] [info] Enabling extension base
[2024-08-27 06:52:00.737] [modengine] [info] Enabled extension base
[2024-08-27 06:52:00.737] [modengine] [info] Enabling extension mod_loader
[2024-08-27 06:52:00.737] [modengine] [info] Installing mod location mod
[2024-08-27 06:52:00.737] [modengine] [info] Resolved mod path to C:\Users\CouchJockey\Documents\GitHub\ConvergenceER\mod
[2024-08-27 06:52:00.737] [modengine] [info] Enabled extension mod_loader
[2024-08-27 06:52:00.795] [modengine] [info] Applied 3 hooks
[2024-08-27 06:52:00.796] [modengine] [info] Starting worker thread
[2024-08-27 06:54:26.394] [modengine] [info] Attempting to load global config at C:\Users\CouchJockey\Documents\GitHub\ConvergenceER\modengine2\config.toml
[2024-08-27 06:54:26.394] [modengine] [info] Attempting to load mod settings config at C:\Users\CouchJockey\Documents\GitHub\ConvergenceER\config_eldenring.toml
[2024-08-27 06:54:26.394] [modengine] [info] Local config loaded
[2024-08-27 06:54:26.394] [modengine] [info] ModEngine version 2.1.0-0924ab36f1311bf84e7e626740b4bf2c0d54909a initializing for Elden Ring
[2024-08-27 06:54:26.394] [modengine] [info] Local settings loaded: true, Global settings loaded: false
[2024-08-27 06:54:26.394] [modengine] [info] Main thread ID: 8584
[2024-08-27 06:54:26.398] [modengine] [info] Loaded external DLL C:\Users\CouchJockey\Documents\GitHub\ConvergenceER\ertransmogrify.dll
[2024-08-27 06:54:26.398] [modengine] [warning] External dll C:\Users\CouchJockey\Documents\GitHub\ConvergenceER\ertransmogrify.dll at base address 0x7fffc9550000 is not a modengine extension
[2024-08-27 06:54:26.399] [modengine] [info] Loaded external DLL C:\Users\CouchJockey\Documents\GitHub\ConvergenceER\ErdTools.dll
[2024-08-27 06:54:26.399] [modengine] [warning] External dll C:\Users\CouchJockey\Documents\GitHub\ConvergenceER\ErdTools.dll at base address 0x7fffdf750000 is not a modengine extension
[2024-08-27 06:54:26.470] [modengine] [info] Loaded external DLL C:\Users\CouchJockey\Documents\GitHub\ConvergenceER\Scripts-Data-Exposer-FS.dll
[2024-08-27 06:54:26.470] [modengine] [warning] External dll C:\Users\CouchJockey\Documents\GitHub\ConvergenceER\Scripts-Data-Exposer-FS.dll at base address 0x7fffdfb00000 is not a modengine extension
[2024-08-27 06:54:26.470] [modengine] [info] Enabling extension base
[2024-08-27 06:54:26.470] [modengine] [info] Enabled extension base
[2024-08-27 06:54:26.470] [modengine] [info] Enabling extension mod_loader
[2024-08-27 06:54:26.470] [modengine] [info] Installing mod location mod
[2024-08-27 06:54:26.470] [modengine] [info] Resolved mod path to C:\Users\CouchJockey\Documents\GitHub\ConvergenceER\mod
[2024-08-27 06:54:26.470] [modengine] [info] Enabled extension mod_loader
[2024-08-27 06:54:26.517] [modengine] [info] Applied 3 hooks
[2024-08-27 06:54:26.518] [modengine] [info] Starting worker thread
[2024-08-27 07:00:35.309] [modengine] [info] Attempting to load global config at C:\Users\CouchJockey\Documents\GitHub\ConvergenceER\modengine2\config.toml
[2024-08-27 07:00:35.309] [modengine] [info] Attempting to load mod settings config at C:\Users\CouchJockey\Documents\GitHub\ConvergenceER\config_eldenring.toml
[2024-08-27 07:00:35.309] [modengine] [info] Local config loaded
[2024-08-27 07:00:35.309] [modengine] [info] ModEngine version 2.1.0-0924ab36f1311bf84e7e626740b4bf2c0d54909a initializing for Elden Ring
[2024-08-27 07:00:35.309] [modengine] [info] Local settings loaded: true, Global settings loaded: false
[2024-08-27 07:00:35.309] [modengine] [info] Main thread ID: 3888
[2024-08-27 07:00:35.313] [modengine] [info] Loaded external DLL C:\Users\CouchJockey\Documents\GitHub\ConvergenceER\ertransmogrify.dll
[2024-08-27 07:00:35.313] [modengine] [warning] External dll C:\Users\CouchJockey\Documents\GitHub\ConvergenceER\ertransmogrify.dll at base address 0x7fffe89f0000 is not a modengine extension
[2024-08-27 07:00:35.313] [modengine] [info] Loaded external DLL C:\Users\CouchJockey\Documents\GitHub\ConvergenceER\ErdTools.dll
[2024-08-27 07:00:35.314] [modengine] [warning] External dll C:\Users\CouchJockey\Documents\GitHub\ConvergenceER\ErdTools.dll at base address 0x7ffff9d30000 is not a modengine extension
[2024-08-27 07:00:35.394] [modengine] [info] Loaded external DLL C:\Users\CouchJockey\Documents\GitHub\ConvergenceER\Scripts-Data-Exposer-FS.dll
[2024-08-27 07:00:35.394] [modengine] [warning] External dll C:\Users\CouchJockey\Documents\GitHub\ConvergenceER\Scripts-Data-Exposer-FS.dll at base address 0x7ffff9d70000 is not a modengine extension
[2024-08-27 07:00:35.394] [modengine] [info] Enabling extension base
[2024-08-27 07:00:35.394] [modengine] [info] Enabled extension base
[2024-08-27 07:00:35.394] [modengine] [info] Enabling extension mod_loader
[2024-08-27 07:00:35.394] [modengine] [info] Installing mod location mod
[2024-08-27 07:00:35.394] [modengine] [info] Resolved mod path to C:\Users\CouchJockey\Documents\GitHub\ConvergenceER\mod
[2024-08-27 07:00:35.394] [modengine] [info] Enabled extension mod_loader
[2024-08-27 07:00:35.449] [modengine] [info] Applied 3 hooks
[2024-08-27 07:00:35.451] [modengine] [info] Starting worker thread
[2024-08-27 07:11:51.676] [modengine] [info] Attempting to load global config at C:\Users\CouchJockey\Documents\GitHub\ConvergenceER\modengine2\config.toml
[2024-08-27 07:11:51.676] [modengine] [info] Attempting to load mod settings config at C:\Users\CouchJockey\Documents\GitHub\ConvergenceER\config_eldenring.toml
[2024-08-27 07:11:51.676] [modengine] [info] Local config loaded
[2024-08-27 07:11:51.677] [modengine] [info] ModEngine version 2.1.0-0924ab36f1311bf84e7e626740b4bf2c0d54909a initializing for Elden Ring
[2024-08-27 07:11:51.677] [modengine] [info] Local settings loaded: true, Global settings loaded: false
[2024-08-27 07:11:51.677] [modengine] [info] Main thread ID: 33856
[2024-08-27 07:11:51.681] [modengine] [info] Loaded external DLL C:\Users\CouchJockey\Documents\GitHub\ConvergenceER\ertransmogrify.dll
[2024-08-27 07:11:51.681] [modengine] [warning] External dll C:\Users\CouchJockey\Documents\GitHub\ConvergenceER\ertransmogrify.dll at base address 0x7fffc3680000 is not a modengine extension
[2024-08-27 07:11:51.682] [modengine] [info] Loaded external DLL C:\Users\CouchJockey\Documents\GitHub\ConvergenceER\ErdTools.dll
[2024-08-27 07:11:51.682] [modengine] [warning] External dll C:\Users\CouchJockey\Documents\GitHub\ConvergenceER\ErdTools.dll at base address 0x7fffc87f0000 is not a modengine extension
[2024-08-27 07:11:51.756] [modengine] [info] Loaded external DLL C:\Users\CouchJockey\Documents\GitHub\ConvergenceER\Scripts-Data-Exposer-FS.dll
[2024-08-27 07:11:51.756] [modengine] [warning] External dll C:\Users\CouchJockey\Documents\GitHub\ConvergenceER\Scripts-Data-Exposer-FS.dll at base address 0x7fffda8a0000 is not a modengine extension
[2024-08-27 07:11:51.756] [modengine] [info] Enabling extension base
[2024-08-27 07:11:51.756] [modengine] [info] Enabled extension base
[2024-08-27 07:11:51.756] [modengine] [info] Enabling extension mod_loader
[2024-08-27 07:11:51.756] [modengine] [info] Installing mod location mod
[2024-08-27 07:11:51.756] [modengine] [info] Resolved mod path to C:\Users\CouchJockey\Documents\GitHub\ConvergenceER\mod
[2024-08-27 07:11:51.756] [modengine] [info] Enabled extension mod_loader
[2024-08-27 07:11:51.805] [modengine] [info] Applied 3 hooks
[2024-08-27 07:11:51.807] [modengine] [info] Starting worker thread
[2024-08-27 07:12:11.629] [modengine] [info] Attempting to load global config at C:\Users\CouchJockey\Documents\GitHub\ConvergenceER\modengine2\config.toml
[2024-08-27 07:12:11.630] [modengine] [info] Attempting to load mod settings config at C:\Users\CouchJockey\Documents\GitHub\ConvergenceER\config_eldenring.toml
[2024-08-27 07:12:11.630] [modengine] [info] Local config loaded
[2024-08-27 07:12:11.630] [modengine] [info] ModEngine version 2.1.0-0924ab36f1311bf84e7e626740b4bf2c0d54909a initializing for Elden Ring
[2024-08-27 07:12:11.630] [modengine] [info] Local settings loaded: true, Global settings loaded: false
[2024-08-27 07:12:11.630] [modengine] [info] Main thread ID: 20696
[2024-08-27 07:12:11.634] [modengine] [info] Loaded external DLL C:\Users\CouchJockey\Documents\GitHub\ConvergenceER\ertransmogrify.dll
[2024-08-27 07:12:11.634] [modengine] [warning] External dll C:\Users\CouchJockey\Documents\GitHub\ConvergenceER\ertransmogrify.dll at base address 0x7fffc3680000 is not a modengine extension
[2024-08-27 07:12:11.634] [modengine] [info] Loaded external DLL C:\Users\CouchJockey\Documents\GitHub\ConvergenceER\ErdTools.dll
[2024-08-27 07:12:11.634] [modengine] [warning] External dll C:\Users\CouchJockey\Documents\GitHub\ConvergenceER\ErdTools.dll at base address 0x7fffc87f0000 is not a modengine extension
[2024-08-27 07:12:11.709] [modengine] [info] Loaded external DLL C:\Users\CouchJockey\Documents\GitHub\ConvergenceER\Scripts-Data-Exposer-FS.dll
[2024-08-27 07:12:11.709] [modengine] [warning] External dll C:\Users\CouchJockey\Documents\GitHub\ConvergenceER\Scripts-Data-Exposer-FS.dll at base address 0x7fffda8a0000 is not a modengine extension
[2024-08-27 07:12:11.709] [modengine] [info] Enabling extension base
[2024-08-27 07:12:11.709] [modengine] [info] Enabled extension base
[2024-08-27 07:12:11.709] [modengine] [info] Enabling extension mod_loader
[2024-08-27 07:12:11.709] [modengine] [info] Installing mod location mod
[2024-08-27 07:12:11.709] [modengine] [info] Resolved mod path to C:\Users\CouchJockey\Documents\GitHub\ConvergenceER\mod
[2024-08-27 07:12:11.709] [modengine] [info] Enabled extension mod_loader
[2024-08-27 07:12:11.761] [modengine] [info] Applied 3 hooks
[2024-08-27 07:12:11.763] [modengine] [info] Starting worker thread
[2024-08-27 07:15:03.760] [modengine] [info] Attempting to load global config at C:\Users\CouchJockey\Documents\GitHub\ConvergenceER\modengine2\config.toml
[2024-08-27 07:15:03.760] [modengine] [info] Attempting to load mod settings config at C:\Users\CouchJockey\Documents\GitHub\ConvergenceER\config_eldenring.toml
[2024-08-27 07:15:03.760] [modengine] [info] Local config loaded
[2024-08-27 07:15:03.760] [modengine] [info] ModEngine version 2.1.0-0924ab36f1311bf84e7e626740b4bf2c0d54909a initializing for Elden Ring
[2024-08-27 07:15:03.760] [modengine] [info] Local settings loaded: true, Global settings loaded: false
[2024-08-27 07:15:03.760] [modengine] [info] Main thread ID: 29904
[2024-08-27 07:15:03.764] [modengine] [info] Loaded external DLL C:\Users\CouchJockey\Documents\GitHub\ConvergenceER\ertransmogrify.dll
[2024-08-27 07:15:03.764] [modengine] [warning] External dll C:\Users\CouchJockey\Documents\GitHub\ConvergenceER\ertransmogrify.dll at base address 0x7fffc3680000 is not a modengine extension
[2024-08-27 07:15:03.765] [modengine] [info] Loaded external DLL C:\Users\CouchJockey\Documents\GitHub\ConvergenceER\ErdTools.dll
[2024-08-27 07:15:03.765] [modengine] [warning] External dll C:\Users\CouchJockey\Documents\GitHub\ConvergenceER\ErdTools.dll at base address 0x7fffcc090000 is not a modengine extension
[2024-08-27 07:15:03.849] [modengine] [info] Loaded external DLL C:\Users\CouchJockey\Documents\GitHub\ConvergenceER\Scripts-Data-Exposer-FS.dll
[2024-08-27 07:15:03.849] [modengine] [warning] External dll C:\Users\CouchJockey\Documents\GitHub\ConvergenceER\Scripts-Data-Exposer-FS.dll at base address 0x7fffe8830000 is not a modengine extension
[2024-08-27 07:15:03.849] [modengine] [info] Enabling extension base
[2024-08-27 07:15:03.849] [modengine] [info] Enabled extension base
[2024-08-27 07:15:03.849] [modengine] [info] Enabling extension mod_loader
[2024-08-27 07:15:03.849] [modengine] [info] Installing mod location mod
[2024-08-27 07:15:03.849] [modengine] [info] Resolved mod path to C:\Users\CouchJockey\Documents\GitHub\ConvergenceER\mod
[2024-08-27 07:15:03.849] [modengine] [info] Enabled extension mod_loader
[2024-08-27 07:15:03.901] [modengine] [info] Applied 3 hooks
[2024-08-27 07:15:03.903] [modengine] [info] Starting worker thread
[2024-08-27 07:25:25.835] [modengine] [info] Attempting to load global config at C:\Users\CouchJockey\Documents\GitHub\ConvergenceER\modengine2\config.toml
[2024-08-27 07:25:25.835] [modengine] [info] Attempting to load mod settings config at C:\Users\CouchJockey\Documents\GitHub\ConvergenceER\config_eldenring.toml
[2024-08-27 07:25:25.835] [modengine] [info] Local config loaded
[2024-08-27 07:25:25.835] [modengine] [info] ModEngine version 2.1.0-0924ab36f1311bf84e7e626740b4bf2c0d54909a initializing for Elden Ring
[2024-08-27 07:25:25.836] [modengine] [info] Local settings loaded: true, Global settings loaded: false
[2024-08-27 07:25:25.836] [modengine] [info] Main thread ID: 36100
[2024-08-27 07:25:25.839] [modengine] [info] Loaded external DLL C:\Users\CouchJockey\Documents\GitHub\ConvergenceER\ertransmogrify.dll
[2024-08-27 07:25:25.839] [modengine] [warning] External dll C:\Users\CouchJockey\Documents\GitHub\ConvergenceER\ertransmogrify.dll at base address 0x7fffc3680000 is not a modengine extension
[2024-08-27 07:25:25.840] [modengine] [info] Loaded external DLL C:\Users\CouchJockey\Documents\GitHub\ConvergenceER\ErdTools.dll
[2024-08-27 07:25:25.840] [modengine] [warning] External dll C:\Users\CouchJockey\Documents\GitHub\ConvergenceER\ErdTools.dll at base address 0x7fffcc090000 is not a modengine extension
[2024-08-27 07:25:25.915] [modengine] [info] Loaded external DLL C:\Users\CouchJockey\Documents\GitHub\ConvergenceER\Scripts-Data-Exposer-FS.dll
[2024-08-27 07:25:25.915] [modengine] [warning] External dll C:\Users\CouchJockey\Documents\GitHub\ConvergenceER\Scripts-Data-Exposer-FS.dll at base address 0x7fffe8830000 is not a modengine extension
[2024-08-27 07:25:25.915] [modengine] [info] Enabling extension base
[2024-08-27 07:25:25.915] [modengine] [info] Enabled extension base
[2024-08-27 07:25:25.915] [modengine] [info] Enabling extension mod_loader
[2024-08-27 07:25:25.915] [modengine] [info] Installing mod location mod
[2024-08-27 07:25:25.915] [modengine] [info] Resolved mod path to C:\Users\CouchJockey\Documents\GitHub\ConvergenceER\mod
[2024-08-27 07:25:25.915] [modengine] [info] Enabled extension mod_loader
[2024-08-27 07:25:25.964] [modengine] [info] Applied 3 hooks
[2024-08-27 07:25:25.966] [modengine] [info] Starting worker thread
[2024-08-27 07:30:07.271] [modengine] [info] Attempting to load global config at C:\Users\CouchJockey\Documents\GitHub\ConvergenceER\modengine2\config.toml
[2024-08-27 07:30:07.271] [modengine] [info] Attempting to load mod settings config at C:\Users\CouchJockey\Documents\GitHub\ConvergenceER\config_eldenring.toml
[2024-08-27 07:30:07.272] [modengine] [info] Local config loaded
[2024-08-27 07:30:07.272] [modengine] [info] ModEngine version 2.1.0-0924ab36f1311bf84e7e626740b4bf2c0d54909a initializing for Elden Ring
[2024-08-27 07:30:07.272] [modengine] [info] Local settings loaded: true, Global settings loaded: false
[2024-08-27 07:30:07.272] [modengine] [info] Main thread ID: 20496
[2024-08-27 07:30:07.276] [modengine] [info] Loaded external DLL C:\Users\CouchJockey\Documents\GitHub\ConvergenceER\ertransmogrify.dll
[2024-08-27 07:30:07.276] [modengine] [warning] External dll C:\Users\CouchJockey\Documents\GitHub\ConvergenceER\ertransmogrify.dll at base address 0x7fffc3680000 is not a modengine extension
[2024-08-27 07:30:07.277] [modengine] [info] Loaded external DLL C:\Users\CouchJockey\Documents\GitHub\ConvergenceER\ErdTools.dll
[2024-08-27 07:30:07.277] [modengine] [warning] External dll C:\Users\CouchJockey\Documents\GitHub\ConvergenceER\ErdTools.dll at base address 0x7fffcc090000 is not a modengine extension
[2024-08-27 07:30:07.359] [modengine] [info] Loaded external DLL C:\Users\CouchJockey\Documents\GitHub\ConvergenceER\Scripts-Data-Exposer-FS.dll
[2024-08-27 07:30:07.359] [modengine] [warning] External dll C:\Users\CouchJockey\Documents\GitHub\ConvergenceER\Scripts-Data-Exposer-FS.dll at base address 0x7fffe8830000 is not a modengine extension
[2024-08-27 07:30:07.359] [modengine] [info] Enabling extension base
[2024-08-27 07:30:07.359] [modengine] [info] Enabled extension base
[2024-08-27 07:30:07.359] [modengine] [info] Enabling extension mod_loader
[2024-08-27 07:30:07.359] [modengine] [info] Installing mod location mod
[2024-08-27 07:30:07.359] [modengine] [info] Resolved mod path to C:\Users\CouchJockey\Documents\GitHub\ConvergenceER\mod
[2024-08-27 07:30:07.359] [modengine] [info] Enabled extension mod_loader
[2024-08-27 07:30:07.408] [modengine] [info] Applied 3 hooks
[2024-08-27 07:30:07.410] [modengine] [info] Starting worker thread
[2024-08-27 07:32:24.690] [modengine] [info] Attempting to load global config at C:\Users\CouchJockey\Documents\GitHub\ConvergenceER\modengine2\config.toml
[2024-08-27 07:32:24.690] [modengine] [info] Attempting to load mod settings config at C:\Users\CouchJockey\Documents\GitHub\ConvergenceER\config_eldenring.toml
[2024-08-27 07:32:24.690] [modengine] [info] Local config loaded
[2024-08-27 07:32:24.690] [modengine] [info] ModEngine version 2.1.0-0924ab36f1311bf84e7e626740b4bf2c0d54909a initializing for Elden Ring
[2024-08-27 07:32:24.690] [modengine] [info] Local settings loaded: true, Global settings loaded: false
[2024-08-27 07:32:24.690] [modengine] [info] Main thread ID: 37820
[2024-08-27 07:32:24.694] [modengine] [info] Loaded external DLL C:\Users\CouchJockey\Documents\GitHub\ConvergenceER\ertransmogrify.dll
[2024-08-27 07:32:24.694] [modengine] [warning] External dll C:\Users\CouchJockey\Documents\GitHub\ConvergenceER\ertransmogrify.dll at base address 0x7fffc3680000 is not a modengine extension
[2024-08-27 07:32:24.694] [modengine] [info] Loaded external DLL C:\Users\CouchJockey\Documents\GitHub\ConvergenceER\ErdTools.dll
[2024-08-27 07:32:24.694] [modengine] [warning] External dll C:\Users\CouchJockey\Documents\GitHub\ConvergenceER\ErdTools.dll at base address 0x7fffcc090000 is not a modengine extension
[2024-08-27 07:32:24.769] [modengine] [info] Loaded external DLL C:\Users\CouchJockey\Documents\GitHub\ConvergenceER\Scripts-Data-Exposer-FS.dll
[2024-08-27 07:32:24.769] [modengine] [warning] External dll C:\Users\CouchJockey\Documents\GitHub\ConvergenceER\Scripts-Data-Exposer-FS.dll at base address 0x7fffe8830000 is not a modengine extension
[2024-08-27 07:32:24.770] [modengine] [info] Enabling extension base
[2024-08-27 07:32:24.770] [modengine] [info] Enabled extension base
[2024-08-27 07:32:24.770] [modengine] [info] Enabling extension mod_loader
[2024-08-27 07:32:24.770] [modengine] [info] Installing mod location mod
[2024-08-27 07:32:24.770] [modengine] [info] Resolved mod path to C:\Users\CouchJockey\Documents\GitHub\ConvergenceER\mod
[2024-08-27 07:32:24.770] [modengine] [info] Enabled extension mod_loader
[2024-08-27 07:32:24.820] [modengine] [info] Applied 3 hooks
[2024-08-27 07:32:24.822] [modengine] [info] Starting worker thread
[2024-08-27 07:35:24.696] [modengine] [info] Attempting to load global config at C:\Users\CouchJockey\Documents\GitHub\ConvergenceER\modengine2\config.toml
[2024-08-27 07:35:24.697] [modengine] [info] Attempting to load mod settings config at C:\Users\CouchJockey\Documents\GitHub\ConvergenceER\config_eldenring.toml
[2024-08-27 07:35:24.697] [modengine] [info] Local config loaded
[2024-08-27 07:35:24.697] [modengine] [info] ModEngine version 2.1.0-0924ab36f1311bf84e7e626740b4bf2c0d54909a initializing for Elden Ring
[2024-08-27 07:35:24.697] [modengine] [info] Local settings loaded: true, Global settings loaded: false
[2024-08-27 07:35:24.697] [modengine] [info] Main thread ID: 1240
[2024-08-27 07:35:24.701] [modengine] [info] Loaded external DLL C:\Users\CouchJockey\Documents\GitHub\ConvergenceER\ertransmogrify.dll
[2024-08-27 07:35:24.701] [modengine] [warning] External dll C:\Users\CouchJockey\Documents\GitHub\ConvergenceER\ertransmogrify.dll at base address 0x7fffc3680000 is not a modengine extension
[2024-08-27 07:35:24.702] [modengine] [info] Loaded external DLL C:\Users\CouchJockey\Documents\GitHub\ConvergenceER\ErdTools.dll
[2024-08-27 07:35:24.702] [modengine] [warning] External dll C:\Users\CouchJockey\Documents\GitHub\ConvergenceER\ErdTools.dll at base address 0x7fffe4090000 is not a modengine extension
[2024-08-27 07:35:24.776] [modengine] [info] Loaded external DLL C:\Users\CouchJockey\Documents\GitHub\ConvergenceER\Scripts-Data-Exposer-FS.dll
[2024-08-27 07:35:24.776] [modengine] [warning] External dll C:\Users\CouchJockey\Documents\GitHub\ConvergenceER\Scripts-Data-Exposer-FS.dll at base address 0x7fffe2640000 is not a modengine extension
[2024-08-27 07:35:24.777] [modengine] [info] Enabling extension base
[2024-08-27 07:35:24.777] [modengine] [info] Enabled extension base
[2024-08-27 07:35:24.777] [modengine] [info] Enabling extension mod_loader
[2024-08-27 07:35:24.777] [modengine] [info] Installing mod location mod
[2024-08-27 07:35:24.777] [modengine] [info] Resolved mod path to C:\Users\CouchJockey\Documents\GitHub\ConvergenceER\mod
[2024-08-27 07:35:24.777] [modengine] [info] Enabled extension mod_loader
[2024-08-27 07:35:24.826] [modengine] [info] Applied 3 hooks
[2024-08-27 07:35:24.827] [modengine] [info] Starting worker thread
[2024-08-27 07:37:25.088] [modengine] [info] Attempting to load global config at C:\Users\CouchJockey\Documents\GitHub\ConvergenceER\modengine2\config.toml
[2024-08-27 07:37:25.088] [modengine] [info] Attempting to load mod settings config at C:\Users\CouchJockey\Documents\GitHub\ConvergenceER\config_eldenring.toml
[2024-08-27 07:37:25.088] [modengine] [info] Local config loaded
[2024-08-27 07:37:25.089] [modengine] [info] ModEngine version 2.1.0-0924ab36f1311bf84e7e626740b4bf2c0d54909a initializing for Elden Ring
[2024-08-27 07:37:25.089] [modengine] [info] Local settings loaded: true, Global settings loaded: false
[2024-08-27 07:37:25.089] [modengine] [info] Main thread ID: 36536
[2024-08-27 07:37:25.092] [modengine] [info] Loaded external DLL C:\Users\CouchJockey\Documents\GitHub\ConvergenceER\ertransmogrify.dll
[2024-08-27 07:37:25.092] [modengine] [warning] External dll C:\Users\CouchJockey\Documents\GitHub\ConvergenceER\ertransmogrify.dll at base address 0x7fffc3680000 is not a modengine extension
[2024-08-27 07:37:25.093] [modengine] [info] Loaded external DLL C:\Users\CouchJockey\Documents\GitHub\ConvergenceER\ErdTools.dll
[2024-08-27 07:37:25.093] [modengine] [warning] External dll C:\Users\CouchJockey\Documents\GitHub\ConvergenceER\ErdTools.dll at base address 0x7fffe4090000 is not a modengine extension
[2024-08-27 07:37:25.170] [modengine] [info] Loaded external DLL C:\Users\CouchJockey\Documents\GitHub\ConvergenceER\Scripts-Data-Exposer-FS.dll
[2024-08-27 07:37:25.170] [modengine] [warning] External dll C:\Users\CouchJockey\Documents\GitHub\ConvergenceER\Scripts-Data-Exposer-FS.dll at base address 0x7fffe2640000 is not a modengine extension
[2024-08-27 07:37:25.170] [modengine] [info] Enabling extension base
[2024-08-27 07:37:25.170] [modengine] [info] Enabled extension base
[2024-08-27 07:37:25.170] [modengine] [info] Enabling extension mod_loader
[2024-08-27 07:37:25.170] [modengine] [info] Installing mod location mod
[2024-08-27 07:37:25.170] [modengine] [info] Resolved mod path to C:\Users\CouchJockey\Documents\GitHub\ConvergenceER\mod
[2024-08-27 07:37:25.170] [modengine] [info] Enabled extension mod_loader
[2024-08-27 07:37:25.218] [modengine] [info] Applied 3 hooks
[2024-08-27 07:37:25.219] [modengine] [info] Starting worker thread
