[2024-11-02 09:28:01.511] [modengine] [info] Attempting to load global config at C:\Users\CouchJockey\Documents\GitHub\ConvergenceER\modengine2\config.toml
[2024-11-02 09:28:01.511] [modengine] [info] Attempting to load mod settings config at C:\Users\CouchJockey\Documents\GitHub\ConvergenceER\config_eldenring.toml
[2024-11-02 09:28:01.518] [modengine] [info] Local config loaded
[2024-11-02 09:28:01.519] [modengine] [info] ModEngine version 2.1.0-2440fc717d61eaee1549a9fc94e3109e6c016275 initializing for Elden Ring
[2024-11-02 09:28:01.519] [modengine] [info] Local settings loaded: true, Global settings loaded: false
[2024-11-02 09:28:01.519] [modengine] [info] Main thread ID: 8324
[2024-11-02 09:28:01.552] [modengine] [info] Loaded external DLL C:\Users\CouchJockey\Documents\GitHub\ConvergenceER\mod/ertransmogrify.dll
[2024-11-02 09:28:01.552] [modengine] [warning] External dll C:\Users\CouchJockey\Documents\GitHub\ConvergenceER\mod/ertransmogrify.dll at base address 0x7ffd34490000 is not a modengine extension
[2024-11-02 09:28:01.574] [modengine] [info] Loaded external DLL C:\Users\CouchJockey\Documents\GitHub\ConvergenceER\mod/ErdTools.dll
[2024-11-02 09:28:01.574] [modengine] [warning] External dll C:\Users\CouchJockey\Documents\GitHub\ConvergenceER\mod/ErdTools.dll at base address 0x7ffd3dad0000 is not a modengine extension
[2024-11-02 09:28:01.674] [modengine] [info] Loaded external DLL C:\Users\CouchJockey\Documents\GitHub\ConvergenceER\mod/Scripts-Data-Exposer-FS.dll
[2024-11-02 09:28:01.674] [modengine] [warning] External dll C:\Users\CouchJockey\Documents\GitHub\ConvergenceER\mod/Scripts-Data-Exposer-FS.dll at base address 0x7ffd47a50000 is not a modengine extension
[2024-11-02 09:28:01.674] [modengine] [info] Enabling extension base
[2024-11-02 09:28:01.674] [modengine] [info] Enabled extension base
[2024-11-02 09:28:01.674] [modengine] [info] Enabling extension mod_loader
[2024-11-02 09:28:01.674] [modengine] [info] Installing mod location mod
[2024-11-02 09:28:01.674] [modengine] [info] Resolved mod path to C:\Users\CouchJockey\Documents\GitHub\ConvergenceER\mod
[2024-11-02 09:28:01.674] [modengine] [info] Enabled extension mod_loader
[2024-11-02 09:28:01.759] [modengine] [info] Applied 4 hooks
[2024-11-02 09:28:01.760] [modengine] [info] Starting worker thread
[2024-11-02 23:44:55.542] [modengine] [info] Attempting to load global config at C:\Users\CouchJockey\Documents\GitHub\ConvergenceER\modengine2\config.toml
[2024-11-02 23:44:55.542] [modengine] [info] Attempting to load mod settings config at C:\Users\CouchJockey\Documents\GitHub\ConvergenceER\config_eldenring.toml
[2024-11-02 23:44:55.549] [modengine] [info] Local config loaded
[2024-11-02 23:44:55.549] [modengine] [info] ModEngine version 2.1.0-2440fc717d61eaee1549a9fc94e3109e6c016275 initializing for Elden Ring
[2024-11-02 23:44:55.549] [modengine] [info] Local settings loaded: true, Global settings loaded: false
[2024-11-02 23:44:55.549] [modengine] [info] Main thread ID: 25964
[2024-11-02 23:44:55.583] [modengine] [info] Loaded external DLL C:\Users\CouchJockey\Documents\GitHub\ConvergenceER\mod/ertransmogrify.dll
[2024-11-02 23:44:55.583] [modengine] [warning] External dll C:\Users\CouchJockey\Documents\GitHub\ConvergenceER\mod/ertransmogrify.dll at base address 0x7ffd39a40000 is not a modengine extension
[2024-11-02 23:44:55.602] [modengine] [info] Loaded external DLL C:\Users\CouchJockey\Documents\GitHub\ConvergenceER\mod/ErdTools.dll
[2024-11-02 23:44:55.602] [modengine] [warning] External dll C:\Users\CouchJockey\Documents\GitHub\ConvergenceER\mod/ErdTools.dll at base address 0x7ffd3e090000 is not a modengine extension
[2024-11-02 23:44:55.689] [modengine] [info] Loaded external DLL C:\Users\CouchJockey\Documents\GitHub\ConvergenceER\mod/Scripts-Data-Exposer-FS.dll
[2024-11-02 23:44:55.689] [modengine] [warning] External dll C:\Users\CouchJockey\Documents\GitHub\ConvergenceER\mod/Scripts-Data-Exposer-FS.dll at base address 0x7ffd4dba0000 is not a modengine extension
[2024-11-02 23:44:55.689] [modengine] [info] Enabling extension base
[2024-11-02 23:44:55.689] [modengine] [info] Enabled extension base
[2024-11-02 23:44:55.689] [modengine] [info] Enabling extension mod_loader
[2024-11-02 23:44:55.689] [modengine] [info] Installing mod location mod
[2024-11-02 23:44:55.689] [modengine] [info] Resolved mod path to C:\Users\CouchJockey\Documents\GitHub\ConvergenceER\mod
[2024-11-02 23:44:55.689] [modengine] [info] Enabled extension mod_loader
[2024-11-02 23:44:55.775] [modengine] [info] Applied 4 hooks
[2024-11-02 23:44:55.777] [modengine] [info] Starting worker thread
