[2024-07-08 04:00:08.527] [modengine] [info] Attempting to load global config at C:\Users\CouchJockey\Documents\GitHub\ConvergenceER\modengine2\config.toml
[2024-07-08 04:00:08.527] [modengine] [info] Attempting to load mod settings config at C:\Users\CouchJockey\Documents\GitHub\ConvergenceER\config_eldenring.toml
[2024-07-08 04:00:08.533] [modengine] [info] Local config loaded
[2024-07-08 04:00:08.534] [modengine] [info] ModEngine version 2.1.0-0924ab36f1311bf84e7e626740b4bf2c0d54909a initializing for Elden Ring
[2024-07-08 04:00:08.534] [modengine] [info] Local settings loaded: true, Global settings loaded: false
[2024-07-08 04:00:08.534] [modengine] [info] Main thread ID: 13760
[2024-07-08 04:00:08.538] [modengine] [info] Loaded external DLL C:\Users\CouchJockey\Documents\GitHub\ConvergenceER\ertransmogrify.dll
[2024-07-08 04:00:08.538] [modengine] [warning] External dll C:\Users\CouchJockey\Documents\GitHub\ConvergenceER\ertransmogrify.dll at base address 0x7fffe0cd0000 is not a modengine extension
[2024-07-08 04:00:08.539] [modengine] [info] Loaded external DLL C:\Users\CouchJockey\Documents\GitHub\ConvergenceER\ErdTools.dll
[2024-07-08 04:00:08.539] [modengine] [warning] External dll C:\Users\CouchJockey\Documents\GitHub\ConvergenceER\ErdTools.dll at base address 0x7ff8017e0000 is not a modengine extension
[2024-07-08 04:00:08.630] [modengine] [info] Loaded external DLL C:\Users\CouchJockey\Documents\GitHub\ConvergenceER\Scripts-Data-Exposer-FS.dll
[2024-07-08 04:00:08.630] [modengine] [warning] External dll C:\Users\CouchJockey\Documents\GitHub\ConvergenceER\Scripts-Data-Exposer-FS.dll at base address 0x7ff801590000 is not a modengine extension
[2024-07-08 04:00:08.630] [modengine] [info] Enabling extension base
[2024-07-08 04:00:08.630] [modengine] [info] Enabled extension base
[2024-07-08 04:00:08.630] [modengine] [info] Enabling extension mod_loader
[2024-07-08 04:00:08.630] [modengine] [info] Installing mod location mod
[2024-07-08 04:00:08.630] [modengine] [info] Resolved mod path to C:\Users\CouchJockey\Documents\GitHub\ConvergenceER\mod
[2024-07-08 04:00:08.630] [modengine] [info] Enabled extension mod_loader
[2024-07-08 04:00:08.677] [modengine] [info] Applied 3 hooks
[2024-07-08 04:00:08.679] [modengine] [info] Starting worker thread
[2024-07-08 04:14:00.137] [modengine] [info] Attempting to load global config at C:\Users\CouchJockey\Documents\GitHub\ConvergenceER\modengine2\config.toml
[2024-07-08 04:14:00.137] [modengine] [info] Attempting to load mod settings config at C:\Users\CouchJockey\Documents\GitHub\ConvergenceER\config_eldenring.toml
[2024-07-08 04:14:00.147] [modengine] [info] Local config loaded
[2024-07-08 04:14:00.147] [modengine] [info] ModEngine version 2.1.0-0924ab36f1311bf84e7e626740b4bf2c0d54909a initializing for Elden Ring
[2024-07-08 04:14:00.147] [modengine] [info] Local settings loaded: true, Global settings loaded: false
[2024-07-08 04:14:00.147] [modengine] [info] Main thread ID: 23772
[2024-07-08 04:14:00.172] [modengine] [info] Loaded external DLL C:\Users\CouchJockey\Documents\GitHub\ConvergenceER\ertransmogrify.dll
[2024-07-08 04:14:00.172] [modengine] [warning] External dll C:\Users\CouchJockey\Documents\GitHub\ConvergenceER\ertransmogrify.dll at base address 0x7fffdfa10000 is not a modengine extension
[2024-07-08 04:14:00.188] [modengine] [info] Loaded external DLL C:\Users\CouchJockey\Documents\GitHub\ConvergenceER\ErdTools.dll
[2024-07-08 04:14:00.188] [modengine] [warning] External dll C:\Users\CouchJockey\Documents\GitHub\ConvergenceER\ErdTools.dll at base address 0x7ff8017e0000 is not a modengine extension
[2024-07-08 04:14:00.274] [modengine] [info] Loaded external DLL C:\Users\CouchJockey\Documents\GitHub\ConvergenceER\Scripts-Data-Exposer-FS.dll
[2024-07-08 04:14:00.274] [modengine] [warning] External dll C:\Users\CouchJockey\Documents\GitHub\ConvergenceER\Scripts-Data-Exposer-FS.dll at base address 0x7ff801590000 is not a modengine extension
[2024-07-08 04:14:00.274] [modengine] [info] Enabling extension base
[2024-07-08 04:14:00.274] [modengine] [info] Enabled extension base
[2024-07-08 04:14:00.274] [modengine] [info] Enabling extension mod_loader
[2024-07-08 04:14:00.274] [modengine] [info] Installing mod location mod
[2024-07-08 04:14:00.274] [modengine] [info] Resolved mod path to C:\Users\CouchJockey\Documents\GitHub\ConvergenceER\mod
[2024-07-08 04:14:00.274] [modengine] [info] Enabled extension mod_loader
[2024-07-08 04:14:00.322] [modengine] [info] Applied 3 hooks
[2024-07-08 04:14:00.323] [modengine] [info] Starting worker thread
[2024-07-08 06:12:36.076] [modengine] [info] Attempting to load global config at C:\Users\CouchJockey\Documents\GitHub\ConvergenceER\modengine2\config.toml
[2024-07-08 06:12:36.076] [modengine] [info] Attempting to load mod settings config at C:\Users\CouchJockey\Documents\GitHub\ConvergenceER\config_eldenring.toml
[2024-07-08 06:12:36.077] [modengine] [info] Local config loaded
[2024-07-08 06:12:36.077] [modengine] [info] ModEngine version 2.1.0-0924ab36f1311bf84e7e626740b4bf2c0d54909a initializing for Elden Ring
[2024-07-08 06:12:36.077] [modengine] [info] Local settings loaded: true, Global settings loaded: false
[2024-07-08 06:12:36.077] [modengine] [info] Main thread ID: 7064
[2024-07-08 06:12:36.080] [modengine] [info] Loaded external DLL C:\Users\CouchJockey\Documents\GitHub\ConvergenceER\ertransmogrify.dll
[2024-07-08 06:12:36.080] [modengine] [warning] External dll C:\Users\CouchJockey\Documents\GitHub\ConvergenceER\ertransmogrify.dll at base address 0x7fffdf9d0000 is not a modengine extension
[2024-07-08 06:12:36.081] [modengine] [info] Loaded external DLL C:\Users\CouchJockey\Documents\GitHub\ConvergenceER\ErdTools.dll
[2024-07-08 06:12:36.081] [modengine] [warning] External dll C:\Users\CouchJockey\Documents\GitHub\ConvergenceER\ErdTools.dll at base address 0x7fffffad0000 is not a modengine extension
[2024-07-08 06:12:36.158] [modengine] [info] Loaded external DLL C:\Users\CouchJockey\Documents\GitHub\ConvergenceER\Scripts-Data-Exposer-FS.dll
[2024-07-08 06:12:36.158] [modengine] [warning] External dll C:\Users\CouchJockey\Documents\GitHub\ConvergenceER\Scripts-Data-Exposer-FS.dll at base address 0x7fffff5b0000 is not a modengine extension
[2024-07-08 06:12:36.158] [modengine] [info] Enabling extension base
[2024-07-08 06:12:36.158] [modengine] [info] Enabled extension base
[2024-07-08 06:12:36.158] [modengine] [info] Enabling extension mod_loader
[2024-07-08 06:12:36.158] [modengine] [info] Installing mod location mod
[2024-07-08 06:12:36.159] [modengine] [info] Resolved mod path to C:\Users\CouchJockey\Documents\GitHub\ConvergenceER\mod
[2024-07-08 06:12:36.159] [modengine] [info] Enabled extension mod_loader
[2024-07-08 06:12:36.206] [modengine] [info] Applied 3 hooks
[2024-07-08 06:12:36.208] [modengine] [info] Starting worker thread
[2024-07-08 06:39:40.681] [modengine] [info] Attempting to load global config at C:\Users\CouchJockey\Documents\GitHub\ConvergenceER\modengine2\config.toml
[2024-07-08 06:39:40.681] [modengine] [info] Attempting to load mod settings config at C:\Users\CouchJockey\Documents\GitHub\ConvergenceER\config_eldenring.toml
[2024-07-08 06:39:40.681] [modengine] [info] Local config loaded
[2024-07-08 06:39:40.681] [modengine] [info] ModEngine version 2.1.0-0924ab36f1311bf84e7e626740b4bf2c0d54909a initializing for Elden Ring
[2024-07-08 06:39:40.681] [modengine] [info] Local settings loaded: true, Global settings loaded: false
[2024-07-08 06:39:40.681] [modengine] [info] Main thread ID: 14452
[2024-07-08 06:39:40.685] [modengine] [info] Loaded external DLL C:\Users\CouchJockey\Documents\GitHub\ConvergenceER\ertransmogrify.dll
[2024-07-08 06:39:40.685] [modengine] [warning] External dll C:\Users\CouchJockey\Documents\GitHub\ConvergenceER\ertransmogrify.dll at base address 0x7fffe9fb0000 is not a modengine extension
[2024-07-08 06:39:40.685] [modengine] [info] Loaded external DLL C:\Users\CouchJockey\Documents\GitHub\ConvergenceER\ErdTools.dll
[2024-07-08 06:39:40.685] [modengine] [warning] External dll C:\Users\CouchJockey\Documents\GitHub\ConvergenceER\ErdTools.dll at base address 0x7fffffad0000 is not a modengine extension
[2024-07-08 06:39:40.760] [modengine] [info] Loaded external DLL C:\Users\CouchJockey\Documents\GitHub\ConvergenceER\Scripts-Data-Exposer-FS.dll
[2024-07-08 06:39:40.760] [modengine] [warning] External dll C:\Users\CouchJockey\Documents\GitHub\ConvergenceER\Scripts-Data-Exposer-FS.dll at base address 0x7ff801cb0000 is not a modengine extension
[2024-07-08 06:39:40.760] [modengine] [info] Enabling extension base
[2024-07-08 06:39:40.760] [modengine] [info] Enabled extension base
[2024-07-08 06:39:40.760] [modengine] [info] Enabling extension mod_loader
[2024-07-08 06:39:40.760] [modengine] [info] Installing mod location mod
[2024-07-08 06:39:40.760] [modengine] [info] Resolved mod path to C:\Users\CouchJockey\Documents\GitHub\ConvergenceER\mod
[2024-07-08 06:39:40.760] [modengine] [info] Enabled extension mod_loader
[2024-07-08 06:39:40.809] [modengine] [info] Applied 3 hooks
[2024-07-08 06:39:40.811] [modengine] [info] Starting worker thread
[2024-07-08 07:11:58.261] [modengine] [info] Attempting to load global config at C:\Users\CouchJockey\Documents\GitHub\ConvergenceER\modengine2\config.toml
[2024-07-08 07:11:58.261] [modengine] [info] Attempting to load mod settings config at C:\Users\CouchJockey\Documents\GitHub\ConvergenceER\config_eldenring.toml
[2024-07-08 07:11:58.261] [modengine] [info] Local config loaded
[2024-07-08 07:11:58.262] [modengine] [info] ModEngine version 2.1.0-0924ab36f1311bf84e7e626740b4bf2c0d54909a initializing for Elden Ring
[2024-07-08 07:11:58.262] [modengine] [info] Local settings loaded: true, Global settings loaded: false
[2024-07-08 07:11:58.262] [modengine] [info] Main thread ID: 33700
[2024-07-08 07:11:58.265] [modengine] [info] Loaded external DLL C:\Users\CouchJockey\Documents\GitHub\ConvergenceER\ertransmogrify.dll
[2024-07-08 07:11:58.265] [modengine] [warning] External dll C:\Users\CouchJockey\Documents\GitHub\ConvergenceER\ertransmogrify.dll at base address 0x7fffe9fb0000 is not a modengine extension
[2024-07-08 07:11:58.265] [modengine] [info] Loaded external DLL C:\Users\CouchJockey\Documents\GitHub\ConvergenceER\ErdTools.dll
[2024-07-08 07:11:58.266] [modengine] [warning] External dll C:\Users\CouchJockey\Documents\GitHub\ConvergenceER\ErdTools.dll at base address 0x7ff8017e0000 is not a modengine extension
[2024-07-08 07:11:58.340] [modengine] [info] Loaded external DLL C:\Users\CouchJockey\Documents\GitHub\ConvergenceER\Scripts-Data-Exposer-FS.dll
[2024-07-08 07:11:58.340] [modengine] [warning] External dll C:\Users\CouchJockey\Documents\GitHub\ConvergenceER\Scripts-Data-Exposer-FS.dll at base address 0x7ff801cb0000 is not a modengine extension
[2024-07-08 07:11:58.340] [modengine] [info] Enabling extension base
[2024-07-08 07:11:58.340] [modengine] [info] Enabled extension base
[2024-07-08 07:11:58.340] [modengine] [info] Enabling extension mod_loader
[2024-07-08 07:11:58.340] [modengine] [info] Installing mod location mod
[2024-07-08 07:11:58.340] [modengine] [info] Resolved mod path to C:\Users\CouchJockey\Documents\GitHub\ConvergenceER\mod
[2024-07-08 07:11:58.340] [modengine] [info] Enabled extension mod_loader
[2024-07-08 07:11:58.388] [modengine] [info] Applied 3 hooks
[2024-07-08 07:11:58.389] [modengine] [info] Starting worker thread
[2024-07-08 07:13:17.904] [modengine] [info] Attempting to load global config at C:\Users\CouchJockey\Documents\GitHub\ConvergenceER\modengine2\config.toml
[2024-07-08 07:13:17.904] [modengine] [info] Attempting to load mod settings config at C:\Users\CouchJockey\Documents\GitHub\ConvergenceER\config_eldenring.toml
[2024-07-08 07:13:17.905] [modengine] [info] Local config loaded
[2024-07-08 07:13:17.905] [modengine] [info] ModEngine version 2.1.0-0924ab36f1311bf84e7e626740b4bf2c0d54909a initializing for Elden Ring
[2024-07-08 07:13:17.905] [modengine] [info] Local settings loaded: true, Global settings loaded: false
[2024-07-08 07:13:17.905] [modengine] [info] Main thread ID: 35516
[2024-07-08 07:13:17.909] [modengine] [info] Loaded external DLL C:\Users\CouchJockey\Documents\GitHub\ConvergenceER\ertransmogrify.dll
[2024-07-08 07:13:17.909] [modengine] [warning] External dll C:\Users\CouchJockey\Documents\GitHub\ConvergenceER\ertransmogrify.dll at base address 0x7fffeaf50000 is not a modengine extension
[2024-07-08 07:13:17.909] [modengine] [info] Loaded external DLL C:\Users\CouchJockey\Documents\GitHub\ConvergenceER\ErdTools.dll
[2024-07-08 07:13:17.909] [modengine] [warning] External dll C:\Users\CouchJockey\Documents\GitHub\ConvergenceER\ErdTools.dll at base address 0x7ff8017e0000 is not a modengine extension
[2024-07-08 07:13:17.986] [modengine] [info] Loaded external DLL C:\Users\CouchJockey\Documents\GitHub\ConvergenceER\Scripts-Data-Exposer-FS.dll
[2024-07-08 07:13:17.986] [modengine] [warning] External dll C:\Users\CouchJockey\Documents\GitHub\ConvergenceER\Scripts-Data-Exposer-FS.dll at base address 0x7ff801b00000 is not a modengine extension
[2024-07-08 07:13:17.986] [modengine] [info] Enabling extension base
[2024-07-08 07:13:17.986] [modengine] [info] Enabled extension base
[2024-07-08 07:13:17.986] [modengine] [info] Enabling extension mod_loader
[2024-07-08 07:13:17.986] [modengine] [info] Installing mod location mod
[2024-07-08 07:13:17.986] [modengine] [info] Resolved mod path to C:\Users\CouchJockey\Documents\GitHub\ConvergenceER\mod
[2024-07-08 07:13:17.986] [modengine] [info] Enabled extension mod_loader
[2024-07-08 07:13:18.035] [modengine] [info] Applied 3 hooks
[2024-07-08 07:13:18.036] [modengine] [info] Starting worker thread
[2024-07-08 09:03:29.774] [modengine] [info] Attempting to load global config at C:\Users\CouchJockey\Documents\GitHub\ConvergenceER\modengine2\config.toml
[2024-07-08 09:03:29.774] [modengine] [info] Attempting to load mod settings config at C:\Users\CouchJockey\Documents\GitHub\ConvergenceER\config_eldenring.toml
[2024-07-08 09:03:29.780] [modengine] [info] Local config loaded
[2024-07-08 09:03:29.781] [modengine] [info] ModEngine version 2.1.0-0924ab36f1311bf84e7e626740b4bf2c0d54909a initializing for Elden Ring
[2024-07-08 09:03:29.781] [modengine] [info] Local settings loaded: true, Global settings loaded: false
[2024-07-08 09:03:29.781] [modengine] [info] Main thread ID: 33340
[2024-07-08 09:03:29.805] [modengine] [info] Loaded external DLL C:\Users\CouchJockey\Documents\GitHub\ConvergenceER\ertransmogrify.dll
[2024-07-08 09:03:29.805] [modengine] [warning] External dll C:\Users\CouchJockey\Documents\GitHub\ConvergenceER\ertransmogrify.dll at base address 0x7fffe9fb0000 is not a modengine extension
[2024-07-08 09:03:29.821] [modengine] [info] Loaded external DLL C:\Users\CouchJockey\Documents\GitHub\ConvergenceER\ErdTools.dll
[2024-07-08 09:03:29.822] [modengine] [warning] External dll C:\Users\CouchJockey\Documents\GitHub\ConvergenceER\ErdTools.dll at base address 0x7ff8017e0000 is not a modengine extension
[2024-07-08 09:03:29.903] [modengine] [info] Loaded external DLL C:\Users\CouchJockey\Documents\GitHub\ConvergenceER\Scripts-Data-Exposer-FS.dll
[2024-07-08 09:03:29.903] [modengine] [warning] External dll C:\Users\CouchJockey\Documents\GitHub\ConvergenceER\Scripts-Data-Exposer-FS.dll at base address 0x7ff802630000 is not a modengine extension
[2024-07-08 09:03:29.903] [modengine] [info] Enabling extension base
[2024-07-08 09:03:29.903] [modengine] [info] Enabled extension base
[2024-07-08 09:03:29.903] [modengine] [info] Enabling extension mod_loader
[2024-07-08 09:03:29.903] [modengine] [info] Installing mod location mod
[2024-07-08 09:03:29.903] [modengine] [info] Resolved mod path to C:\Users\CouchJockey\Documents\GitHub\ConvergenceER\mod
[2024-07-08 09:03:29.903] [modengine] [info] Enabled extension mod_loader
[2024-07-08 09:03:29.950] [modengine] [info] Applied 3 hooks
[2024-07-08 09:03:29.952] [modengine] [info] Starting worker thread
[2024-07-08 09:04:13.910] [modengine] [info] Attempting to load global config at C:\Users\CouchJockey\Documents\GitHub\ConvergenceER\modengine2\config.toml
[2024-07-08 09:04:13.910] [modengine] [info] Attempting to load mod settings config at C:\Users\CouchJockey\Documents\GitHub\ConvergenceER\config_eldenring.toml
[2024-07-08 09:04:13.910] [modengine] [info] Local config loaded
[2024-07-08 09:04:13.911] [modengine] [info] ModEngine version 2.1.0-0924ab36f1311bf84e7e626740b4bf2c0d54909a initializing for Elden Ring
[2024-07-08 09:04:13.911] [modengine] [info] Local settings loaded: true, Global settings loaded: false
[2024-07-08 09:04:13.911] [modengine] [info] Main thread ID: 20544
[2024-07-08 09:04:13.915] [modengine] [info] Loaded external DLL C:\Users\CouchJockey\Documents\GitHub\ConvergenceER\ertransmogrify.dll
[2024-07-08 09:04:13.915] [modengine] [warning] External dll C:\Users\CouchJockey\Documents\GitHub\ConvergenceER\ertransmogrify.dll at base address 0x7fffe0110000 is not a modengine extension
[2024-07-08 09:04:13.915] [modengine] [info] Loaded external DLL C:\Users\CouchJockey\Documents\GitHub\ConvergenceER\ErdTools.dll
[2024-07-08 09:04:13.915] [modengine] [warning] External dll C:\Users\CouchJockey\Documents\GitHub\ConvergenceER\ErdTools.dll at base address 0x7ffff29d0000 is not a modengine extension
[2024-07-08 09:04:13.992] [modengine] [info] Loaded external DLL C:\Users\CouchJockey\Documents\GitHub\ConvergenceER\Scripts-Data-Exposer-FS.dll
[2024-07-08 09:04:13.992] [modengine] [warning] External dll C:\Users\CouchJockey\Documents\GitHub\ConvergenceER\Scripts-Data-Exposer-FS.dll at base address 0x7ffffd800000 is not a modengine extension
[2024-07-08 09:04:13.992] [modengine] [info] Enabling extension base
[2024-07-08 09:04:13.992] [modengine] [info] Enabled extension base
[2024-07-08 09:04:13.992] [modengine] [info] Enabling extension mod_loader
[2024-07-08 09:04:13.992] [modengine] [info] Installing mod location mod
[2024-07-08 09:04:13.992] [modengine] [info] Resolved mod path to C:\Users\CouchJockey\Documents\GitHub\ConvergenceER\mod
[2024-07-08 09:04:13.992] [modengine] [info] Enabled extension mod_loader
[2024-07-08 09:04:14.039] [modengine] [info] Applied 3 hooks
[2024-07-08 09:04:14.041] [modengine] [info] Starting worker thread
[2024-07-08 09:04:56.535] [modengine] [info] Attempting to load global config at C:\Users\CouchJockey\Documents\GitHub\ConvergenceER\modengine2\config.toml
[2024-07-08 09:04:56.535] [modengine] [info] Attempting to load mod settings config at C:\Users\CouchJockey\Documents\GitHub\ConvergenceER\config_eldenring.toml
[2024-07-08 09:04:56.536] [modengine] [info] Local config loaded
[2024-07-08 09:04:56.536] [modengine] [info] ModEngine version 2.1.0-0924ab36f1311bf84e7e626740b4bf2c0d54909a initializing for Elden Ring
[2024-07-08 09:04:56.536] [modengine] [info] Local settings loaded: true, Global settings loaded: false
[2024-07-08 09:04:56.536] [modengine] [info] Main thread ID: 22060
[2024-07-08 09:04:56.540] [modengine] [info] Loaded external DLL C:\Users\CouchJockey\Documents\GitHub\ConvergenceER\ertransmogrify.dll
[2024-07-08 09:04:56.540] [modengine] [warning] External dll C:\Users\CouchJockey\Documents\GitHub\ConvergenceER\ertransmogrify.dll at base address 0x7fffe0110000 is not a modengine extension
[2024-07-08 09:04:56.540] [modengine] [info] Loaded external DLL C:\Users\CouchJockey\Documents\GitHub\ConvergenceER\ErdTools.dll
[2024-07-08 09:04:56.540] [modengine] [warning] External dll C:\Users\CouchJockey\Documents\GitHub\ConvergenceER\ErdTools.dll at base address 0x7ffff29d0000 is not a modengine extension
[2024-07-08 09:04:56.623] [modengine] [info] Loaded external DLL C:\Users\CouchJockey\Documents\GitHub\ConvergenceER\Scripts-Data-Exposer-FS.dll
[2024-07-08 09:04:56.623] [modengine] [warning] External dll C:\Users\CouchJockey\Documents\GitHub\ConvergenceER\Scripts-Data-Exposer-FS.dll at base address 0x7ffffd800000 is not a modengine extension
[2024-07-08 09:04:56.623] [modengine] [info] Enabling extension base
[2024-07-08 09:04:56.623] [modengine] [info] Enabled extension base
[2024-07-08 09:04:56.623] [modengine] [info] Enabling extension mod_loader
[2024-07-08 09:04:56.623] [modengine] [info] Installing mod location mod
[2024-07-08 09:04:56.624] [modengine] [info] Resolved mod path to C:\Users\CouchJockey\Documents\GitHub\ConvergenceER\mod
[2024-07-08 09:04:56.624] [modengine] [info] Enabled extension mod_loader
[2024-07-08 09:04:56.671] [modengine] [info] Applied 3 hooks
[2024-07-08 09:04:56.673] [modengine] [info] Starting worker thread
[2024-07-08 09:28:35.638] [modengine] [info] Attempting to load global config at C:\Users\CouchJockey\Documents\GitHub\ConvergenceER\modengine2\config.toml
[2024-07-08 09:28:35.638] [modengine] [info] Attempting to load mod settings config at C:\Users\CouchJockey\Documents\GitHub\ConvergenceER\config_eldenring.toml
[2024-07-08 09:28:35.638] [modengine] [info] Local config loaded
[2024-07-08 09:28:35.638] [modengine] [info] ModEngine version 2.1.0-0924ab36f1311bf84e7e626740b4bf2c0d54909a initializing for Elden Ring
[2024-07-08 09:28:35.638] [modengine] [info] Local settings loaded: true, Global settings loaded: false
[2024-07-08 09:28:35.638] [modengine] [info] Main thread ID: 26032
[2024-07-08 09:28:35.642] [modengine] [info] Loaded external DLL C:\Users\CouchJockey\Documents\GitHub\ConvergenceER\ertransmogrify.dll
[2024-07-08 09:28:35.642] [modengine] [warning] External dll C:\Users\CouchJockey\Documents\GitHub\ConvergenceER\ertransmogrify.dll at base address 0x7fffeafa0000 is not a modengine extension
[2024-07-08 09:28:35.643] [modengine] [info] Loaded external DLL C:\Users\CouchJockey\Documents\GitHub\ConvergenceER\ErdTools.dll
[2024-07-08 09:28:35.643] [modengine] [warning] External dll C:\Users\CouchJockey\Documents\GitHub\ConvergenceER\ErdTools.dll at base address 0x7ff8017e0000 is not a modengine extension
[2024-07-08 09:28:35.740] [modengine] [info] Loaded external DLL C:\Users\CouchJockey\Documents\GitHub\ConvergenceER\Scripts-Data-Exposer-FS.dll
[2024-07-08 09:28:35.740] [modengine] [warning] External dll C:\Users\CouchJockey\Documents\GitHub\ConvergenceER\Scripts-Data-Exposer-FS.dll at base address 0x7ff819910000 is not a modengine extension
[2024-07-08 09:28:35.740] [modengine] [info] Enabling extension base
[2024-07-08 09:28:35.740] [modengine] [info] Enabled extension base
[2024-07-08 09:28:35.740] [modengine] [info] Enabling extension mod_loader
[2024-07-08 09:28:35.740] [modengine] [info] Installing mod location mod
[2024-07-08 09:28:35.741] [modengine] [info] Resolved mod path to C:\Users\CouchJockey\Documents\GitHub\ConvergenceER\mod
[2024-07-08 09:28:35.741] [modengine] [info] Enabled extension mod_loader
[2024-07-08 09:28:35.798] [modengine] [info] Applied 3 hooks
[2024-07-08 09:28:35.799] [modengine] [info] Starting worker thread
[2024-07-08 09:53:12.431] [modengine] [info] Attempting to load global config at C:\Users\CouchJockey\Documents\GitHub\ConvergenceER\modengine2\config.toml
[2024-07-08 09:53:12.431] [modengine] [info] Attempting to load mod settings config at C:\Users\CouchJockey\Documents\GitHub\ConvergenceER\config_eldenring.toml
[2024-07-08 09:53:12.431] [modengine] [info] Local config loaded
[2024-07-08 09:53:12.432] [modengine] [info] ModEngine version 2.1.0-0924ab36f1311bf84e7e626740b4bf2c0d54909a initializing for Elden Ring
[2024-07-08 09:53:12.432] [modengine] [info] Local settings loaded: true, Global settings loaded: false
[2024-07-08 09:53:12.432] [modengine] [info] Main thread ID: 29656
[2024-07-08 09:53:12.435] [modengine] [info] Loaded external DLL C:\Users\CouchJockey\Documents\GitHub\ConvergenceER\ertransmogrify.dll
[2024-07-08 09:53:12.435] [modengine] [warning] External dll C:\Users\CouchJockey\Documents\GitHub\ConvergenceER\ertransmogrify.dll at base address 0x7fffe56c0000 is not a modengine extension
[2024-07-08 09:53:12.436] [modengine] [info] Loaded external DLL C:\Users\CouchJockey\Documents\GitHub\ConvergenceER\ErdTools.dll
[2024-07-08 09:53:12.436] [modengine] [warning] External dll C:\Users\CouchJockey\Documents\GitHub\ConvergenceER\ErdTools.dll at base address 0x7ff8017e0000 is not a modengine extension
[2024-07-08 09:53:12.514] [modengine] [info] Loaded external DLL C:\Users\CouchJockey\Documents\GitHub\ConvergenceER\Scripts-Data-Exposer-FS.dll
[2024-07-08 09:53:12.514] [modengine] [warning] External dll C:\Users\CouchJockey\Documents\GitHub\ConvergenceER\Scripts-Data-Exposer-FS.dll at base address 0x7ff802630000 is not a modengine extension
[2024-07-08 09:53:12.514] [modengine] [info] Enabling extension base
[2024-07-08 09:53:12.514] [modengine] [info] Enabled extension base
[2024-07-08 09:53:12.514] [modengine] [info] Enabling extension mod_loader
[2024-07-08 09:53:12.514] [modengine] [info] Installing mod location mod
[2024-07-08 09:53:12.514] [modengine] [info] Resolved mod path to C:\Users\CouchJockey\Documents\GitHub\ConvergenceER\mod
[2024-07-08 09:53:12.514] [modengine] [info] Enabled extension mod_loader
[2024-07-08 09:53:12.563] [modengine] [info] Applied 3 hooks
[2024-07-08 09:53:12.564] [modengine] [info] Starting worker thread
[2024-07-08 09:55:12.955] [modengine] [info] Attempting to load global config at C:\Users\CouchJockey\Documents\GitHub\ConvergenceER\modengine2\config.toml
[2024-07-08 09:55:12.955] [modengine] [info] Attempting to load mod settings config at C:\Users\CouchJockey\Documents\GitHub\ConvergenceER\config_eldenring.toml
[2024-07-08 09:55:12.955] [modengine] [info] Local config loaded
[2024-07-08 09:55:12.955] [modengine] [info] ModEngine version 2.1.0-0924ab36f1311bf84e7e626740b4bf2c0d54909a initializing for Elden Ring
[2024-07-08 09:55:12.955] [modengine] [info] Local settings loaded: true, Global settings loaded: false
[2024-07-08 09:55:12.955] [modengine] [info] Main thread ID: 23028
[2024-07-08 09:55:12.959] [modengine] [info] Loaded external DLL C:\Users\CouchJockey\Documents\GitHub\ConvergenceER\ertransmogrify.dll
[2024-07-08 09:55:12.959] [modengine] [warning] External dll C:\Users\CouchJockey\Documents\GitHub\ConvergenceER\ertransmogrify.dll at base address 0x7fffe56c0000 is not a modengine extension
[2024-07-08 09:55:12.959] [modengine] [info] Loaded external DLL C:\Users\CouchJockey\Documents\GitHub\ConvergenceER\ErdTools.dll
[2024-07-08 09:55:12.959] [modengine] [warning] External dll C:\Users\CouchJockey\Documents\GitHub\ConvergenceER\ErdTools.dll at base address 0x7ff812700000 is not a modengine extension
[2024-07-08 09:55:13.031] [modengine] [info] Loaded external DLL C:\Users\CouchJockey\Documents\GitHub\ConvergenceER\Scripts-Data-Exposer-FS.dll
[2024-07-08 09:55:13.031] [modengine] [warning] External dll C:\Users\CouchJockey\Documents\GitHub\ConvergenceER\Scripts-Data-Exposer-FS.dll at base address 0x7ff8087e0000 is not a modengine extension
[2024-07-08 09:55:13.031] [modengine] [info] Enabling extension base
[2024-07-08 09:55:13.031] [modengine] [info] Enabled extension base
[2024-07-08 09:55:13.031] [modengine] [info] Enabling extension mod_loader
[2024-07-08 09:55:13.031] [modengine] [info] Installing mod location mod
[2024-07-08 09:55:13.031] [modengine] [info] Resolved mod path to C:\Users\CouchJockey\Documents\GitHub\ConvergenceER\mod
[2024-07-08 09:55:13.031] [modengine] [info] Enabled extension mod_loader
[2024-07-08 09:55:13.078] [modengine] [info] Applied 3 hooks
[2024-07-08 09:55:13.080] [modengine] [info] Starting worker thread
[2024-07-08 15:33:37.621] [modengine] [info] Attempting to load global config at C:\Users\CouchJockey\Documents\GitHub\ConvergenceER\modengine2\config.toml
[2024-07-08 15:33:37.621] [modengine] [info] Attempting to load mod settings config at C:\Users\CouchJockey\Documents\GitHub\ConvergenceER\config_eldenring.toml
[2024-07-08 15:33:37.626] [modengine] [info] Local config loaded
[2024-07-08 15:33:37.626] [modengine] [info] ModEngine version 2.1.0-0924ab36f1311bf84e7e626740b4bf2c0d54909a initializing for Elden Ring
[2024-07-08 15:33:37.626] [modengine] [info] Local settings loaded: true, Global settings loaded: false
[2024-07-08 15:33:37.626] [modengine] [info] Main thread ID: 8808
[2024-07-08 15:33:37.652] [modengine] [info] Loaded external DLL C:\Users\CouchJockey\Documents\GitHub\ConvergenceER\ertransmogrify.dll
[2024-07-08 15:33:37.653] [modengine] [warning] External dll C:\Users\CouchJockey\Documents\GitHub\ConvergenceER\ertransmogrify.dll at base address 0x7fffeb4b0000 is not a modengine extension
[2024-07-08 15:33:37.671] [modengine] [info] Loaded external DLL C:\Users\CouchJockey\Documents\GitHub\ConvergenceER\ErdTools.dll
[2024-07-08 15:33:37.671] [modengine] [warning] External dll C:\Users\CouchJockey\Documents\GitHub\ConvergenceER\ErdTools.dll at base address 0x7ffff9db0000 is not a modengine extension
[2024-07-08 15:33:37.738] [modengine] [info] Loaded external DLL C:\Users\CouchJockey\Documents\GitHub\ConvergenceER\Scripts-Data-Exposer-FS.dll
[2024-07-08 15:33:37.738] [modengine] [warning] External dll C:\Users\CouchJockey\Documents\GitHub\ConvergenceER\Scripts-Data-Exposer-FS.dll at base address 0x7fffeb830000 is not a modengine extension
[2024-07-08 15:33:37.738] [modengine] [info] Enabling extension base
[2024-07-08 15:33:37.738] [modengine] [info] Enabled extension base
[2024-07-08 15:33:37.738] [modengine] [info] Enabling extension mod_loader
[2024-07-08 15:33:37.738] [modengine] [info] Installing mod location mod
[2024-07-08 15:33:37.738] [modengine] [info] Resolved mod path to C:\Users\CouchJockey\Documents\GitHub\ConvergenceER\mod
[2024-07-08 15:33:37.738] [modengine] [info] Enabled extension mod_loader
[2024-07-08 15:33:37.785] [modengine] [info] Applied 3 hooks
[2024-07-08 15:33:37.787] [modengine] [info] Starting worker thread
