[2024-11-01 10:46:45.903] [modengine] [info] Attempting to load global config at C:\Users\CouchJockey\Documents\GitHub\ConvergenceER\modengine2\config.toml
[2024-11-01 10:46:45.903] [modengine] [info] Attempting to load mod settings config at C:\Users\CouchJockey\Documents\GitHub\ConvergenceER\config_eldenring.toml
[2024-11-01 10:46:45.909] [modengine] [info] Local config loaded
[2024-11-01 10:46:45.909] [modengine] [info] ModEngine version 2.1.0-2440fc717d61eaee1549a9fc94e3109e6c016275 initializing for Elden Ring
[2024-11-01 10:46:45.909] [modengine] [info] Local settings loaded: true, Global settings loaded: false
[2024-11-01 10:46:45.909] [modengine] [info] Main thread ID: 24100
[2024-11-01 10:46:45.952] [modengine] [info] Loaded external DLL C:\Users\CouchJockey\Documents\GitHub\ConvergenceER\mod/ertransmogrify.dll
[2024-11-01 10:46:45.952] [modengine] [warning] External dll C:\Users\CouchJockey\Documents\GitHub\ConvergenceER\mod/ertransmogrify.dll at base address 0x7ffd346e0000 is not a modengine extension
[2024-11-01 10:46:45.972] [modengine] [info] Loaded external DLL C:\Users\CouchJockey\Documents\GitHub\ConvergenceER\mod/ErdTools.dll
[2024-11-01 10:46:45.972] [modengine] [warning] External dll C:\Users\CouchJockey\Documents\GitHub\ConvergenceER\mod/ErdTools.dll at base address 0x7ffd4db50000 is not a modengine extension
[2024-11-01 10:46:46.065] [modengine] [info] Loaded external DLL C:\Users\CouchJockey\Documents\GitHub\ConvergenceER\mod/Scripts-Data-Exposer-FS.dll
[2024-11-01 10:46:46.065] [modengine] [warning] External dll C:\Users\CouchJockey\Documents\GitHub\ConvergenceER\mod/Scripts-Data-Exposer-FS.dll at base address 0x7ffd4dc60000 is not a modengine extension
[2024-11-01 10:46:46.065] [modengine] [info] Enabling extension base
[2024-11-01 10:46:46.065] [modengine] [info] Enabled extension base
[2024-11-01 10:46:46.065] [modengine] [info] Enabling extension mod_loader
[2024-11-01 10:46:46.065] [modengine] [info] Installing mod location mod
[2024-11-01 10:46:46.065] [modengine] [info] Resolved mod path to C:\Users\CouchJockey\Documents\GitHub\ConvergenceER\mod
[2024-11-01 10:46:46.065] [modengine] [info] Enabled extension mod_loader
[2024-11-01 10:46:46.145] [modengine] [info] Applied 4 hooks
[2024-11-01 10:46:46.147] [modengine] [info] Starting worker thread
[2024-11-01 13:34:23.127] [modengine] [info] Attempting to load global config at C:\Users\CouchJockey\Documents\GitHub\ConvergenceER\modengine2\config.toml
[2024-11-01 13:34:23.127] [modengine] [info] Attempting to load mod settings config at C:\Users\CouchJockey\Documents\GitHub\ConvergenceER\config_eldenring.toml
[2024-11-01 13:34:23.128] [modengine] [info] Local config loaded
[2024-11-01 13:34:23.128] [modengine] [info] ModEngine version 2.1.0-2440fc717d61eaee1549a9fc94e3109e6c016275 initializing for Elden Ring
[2024-11-01 13:34:23.128] [modengine] [info] Local settings loaded: true, Global settings loaded: false
[2024-11-01 13:34:23.128] [modengine] [info] Main thread ID: 9312
[2024-11-01 13:34:23.132] [modengine] [info] Loaded external DLL C:\Users\CouchJockey\Documents\GitHub\ConvergenceER\mod/ertransmogrify.dll
[2024-11-01 13:34:23.132] [modengine] [warning] External dll C:\Users\CouchJockey\Documents\GitHub\ConvergenceER\mod/ertransmogrify.dll at base address 0x7ffd1e7e0000 is not a modengine extension
[2024-11-01 13:34:23.132] [modengine] [info] Loaded external DLL C:\Users\CouchJockey\Documents\GitHub\ConvergenceER\mod/ErdTools.dll
[2024-11-01 13:34:23.132] [modengine] [warning] External dll C:\Users\CouchJockey\Documents\GitHub\ConvergenceER\mod/ErdTools.dll at base address 0x7ffd4db50000 is not a modengine extension
[2024-11-01 13:34:23.212] [modengine] [info] Loaded external DLL C:\Users\CouchJockey\Documents\GitHub\ConvergenceER\mod/Scripts-Data-Exposer-FS.dll
[2024-11-01 13:34:23.212] [modengine] [warning] External dll C:\Users\CouchJockey\Documents\GitHub\ConvergenceER\mod/Scripts-Data-Exposer-FS.dll at base address 0x7ffd3dae0000 is not a modengine extension
[2024-11-01 13:34:23.212] [modengine] [info] Enabling extension base
[2024-11-01 13:34:23.212] [modengine] [info] Enabled extension base
[2024-11-01 13:34:23.212] [modengine] [info] Enabling extension mod_loader
[2024-11-01 13:34:23.212] [modengine] [info] Installing mod location mod
[2024-11-01 13:34:23.212] [modengine] [info] Resolved mod path to C:\Users\CouchJockey\Documents\GitHub\ConvergenceER\mod
[2024-11-01 13:34:23.212] [modengine] [info] Enabled extension mod_loader
[2024-11-01 13:34:23.297] [modengine] [info] Applied 4 hooks
[2024-11-01 13:34:23.298] [modengine] [info] Starting worker thread
[2024-11-01 15:13:17.136] [modengine] [info] Attempting to load global config at C:\Users\CouchJockey\Documents\GitHub\ConvergenceER\modengine2\config.toml
[2024-11-01 15:13:17.136] [modengine] [info] Attempting to load mod settings config at C:\Users\CouchJockey\Documents\GitHub\ConvergenceER\config_eldenring.toml
[2024-11-01 15:13:17.136] [modengine] [info] Local config loaded
[2024-11-01 15:13:17.136] [modengine] [info] ModEngine version 2.1.0-2440fc717d61eaee1549a9fc94e3109e6c016275 initializing for Elden Ring
[2024-11-01 15:13:17.136] [modengine] [info] Local settings loaded: true, Global settings loaded: false
[2024-11-01 15:13:17.136] [modengine] [info] Main thread ID: 17660
[2024-11-01 15:13:17.140] [modengine] [info] Loaded external DLL C:\Users\CouchJockey\Documents\GitHub\ConvergenceER\mod/ertransmogrify.dll
[2024-11-01 15:13:17.140] [modengine] [warning] External dll C:\Users\CouchJockey\Documents\GitHub\ConvergenceER\mod/ertransmogrify.dll at base address 0x7ffd1e3f0000 is not a modengine extension
[2024-11-01 15:13:17.141] [modengine] [info] Loaded external DLL C:\Users\CouchJockey\Documents\GitHub\ConvergenceER\mod/ErdTools.dll
[2024-11-01 15:13:17.141] [modengine] [warning] External dll C:\Users\CouchJockey\Documents\GitHub\ConvergenceER\mod/ErdTools.dll at base address 0x7ffd4db50000 is not a modengine extension
[2024-11-01 15:13:17.215] [modengine] [info] Loaded external DLL C:\Users\CouchJockey\Documents\GitHub\ConvergenceER\mod/Scripts-Data-Exposer-FS.dll
[2024-11-01 15:13:17.215] [modengine] [warning] External dll C:\Users\CouchJockey\Documents\GitHub\ConvergenceER\mod/Scripts-Data-Exposer-FS.dll at base address 0x7ffd43ca0000 is not a modengine extension
[2024-11-01 15:13:17.215] [modengine] [info] Enabling extension base
[2024-11-01 15:13:17.215] [modengine] [info] Enabled extension base
[2024-11-01 15:13:17.215] [modengine] [info] Enabling extension mod_loader
[2024-11-01 15:13:17.215] [modengine] [info] Installing mod location mod
[2024-11-01 15:13:17.216] [modengine] [info] Resolved mod path to C:\Users\CouchJockey\Documents\GitHub\ConvergenceER\mod
[2024-11-01 15:13:17.216] [modengine] [info] Enabled extension mod_loader
[2024-11-01 15:13:17.303] [modengine] [info] Applied 4 hooks
[2024-11-01 15:13:17.305] [modengine] [info] Starting worker thread
[2024-11-01 15:13:40.504] [modengine] [info] Attempting to load global config at C:\Users\CouchJockey\Documents\GitHub\ConvergenceER\modengine2\config.toml
[2024-11-01 15:13:40.504] [modengine] [info] Attempting to load mod settings config at C:\Users\CouchJockey\Documents\GitHub\ConvergenceER\config_eldenring.toml
[2024-11-01 15:13:40.504] [modengine] [info] Local config loaded
[2024-11-01 15:13:40.504] [modengine] [info] ModEngine version 2.1.0-2440fc717d61eaee1549a9fc94e3109e6c016275 initializing for Elden Ring
[2024-11-01 15:13:40.504] [modengine] [info] Local settings loaded: true, Global settings loaded: false
[2024-11-01 15:13:40.504] [modengine] [info] Main thread ID: 8308
[2024-11-01 15:13:40.508] [modengine] [info] Loaded external DLL C:\Users\CouchJockey\Documents\GitHub\ConvergenceER\mod/ertransmogrify.dll
[2024-11-01 15:13:40.508] [modengine] [warning] External dll C:\Users\CouchJockey\Documents\GitHub\ConvergenceER\mod/ertransmogrify.dll at base address 0x7ffd1e3f0000 is not a modengine extension
[2024-11-01 15:13:40.509] [modengine] [info] Loaded external DLL C:\Users\CouchJockey\Documents\GitHub\ConvergenceER\mod/ErdTools.dll
[2024-11-01 15:13:40.509] [modengine] [warning] External dll C:\Users\CouchJockey\Documents\GitHub\ConvergenceER\mod/ErdTools.dll at base address 0x7ffd4db50000 is not a modengine extension
[2024-11-01 15:13:40.594] [modengine] [info] Loaded external DLL C:\Users\CouchJockey\Documents\GitHub\ConvergenceER\mod/Scripts-Data-Exposer-FS.dll
[2024-11-01 15:13:40.594] [modengine] [warning] External dll C:\Users\CouchJockey\Documents\GitHub\ConvergenceER\mod/Scripts-Data-Exposer-FS.dll at base address 0x7ffd43ca0000 is not a modengine extension
[2024-11-01 15:13:40.594] [modengine] [info] Enabling extension base
[2024-11-01 15:13:40.594] [modengine] [info] Enabled extension base
[2024-11-01 15:13:40.594] [modengine] [info] Enabling extension mod_loader
[2024-11-01 15:13:40.594] [modengine] [info] Installing mod location mod
[2024-11-01 15:13:40.594] [modengine] [info] Resolved mod path to C:\Users\CouchJockey\Documents\GitHub\ConvergenceER\mod
[2024-11-01 15:13:40.594] [modengine] [info] Enabled extension mod_loader
[2024-11-01 15:13:40.679] [modengine] [info] Applied 4 hooks
[2024-11-01 15:13:40.681] [modengine] [info] Starting worker thread
