[2024-05-15 02:44:06.417] [modengine] [info] Attempting to load global config at C:\Users\CouchJockey\Documents\GitHub\ConvergenceER\modengine2\config.toml
[2024-05-15 02:44:06.417] [modengine] [info] Attempting to load mod settings config at C:\Users\CouchJockey\Documents\GitHub\ConvergenceER\config_eldenring.toml
[2024-05-15 02:44:06.423] [modengine] [info] Local config loaded
[2024-05-15 02:44:06.423] [modengine] [info] ModEngine version 2.1.0-0924ab36f1311bf84e7e626740b4bf2c0d54909a initializing for Elden Ring
[2024-05-15 02:44:06.423] [modengine] [info] Local settings loaded: true, Global settings loaded: false
[2024-05-15 02:44:06.423] [modengine] [info] Main thread ID: 20424
[2024-05-15 02:44:06.444] [modengine] [info] Loaded external DLL C:\Users\CouchJockey\Documents\GitHub\ConvergenceER\ErdTools.dll
[2024-05-15 02:44:06.444] [modengine] [warning] External dll C:\Users\CouchJockey\Documents\GitHub\ConvergenceER\ErdTools.dll at base address 0x7ff80d140000 is not a modengine extension
[2024-05-15 02:44:06.608] [modengine] [info] Loaded external DLL C:\Users\CouchJockey\Documents\GitHub\ConvergenceER\SkipTheIntro.dll
[2024-05-15 02:44:06.608] [modengine] [warning] External dll C:\Users\CouchJockey\Documents\GitHub\ConvergenceER\SkipTheIntro.dll at base address 0x7ff802600000 is not a modengine extension
[2024-05-15 02:44:06.631] [modengine] [info] Loaded external DLL C:\Users\CouchJockey\Documents\GitHub\ConvergenceER\ertransmogrify.dll
[2024-05-15 02:44:06.631] [modengine] [warning] External dll C:\Users\CouchJockey\Documents\GitHub\ConvergenceER\ertransmogrify.dll at base address 0x7fffedb30000 is not a modengine extension
[2024-05-15 02:44:06.698] [modengine] [info] Loaded external DLL C:\Users\CouchJockey\Documents\GitHub\ConvergenceER\Scripts-Data-Exposer-FS.dll
[2024-05-15 02:44:06.698] [modengine] [warning] External dll C:\Users\CouchJockey\Documents\GitHub\ConvergenceER\Scripts-Data-Exposer-FS.dll at base address 0x7ff833d90000 is not a modengine extension
[2024-05-15 02:44:06.698] [modengine] [info] Enabling extension base
[2024-05-15 02:44:06.699] [modengine] [info] Enabled extension base
[2024-05-15 02:44:06.699] [modengine] [info] Enabling extension mod_loader
[2024-05-15 02:44:06.699] [modengine] [info] Installing mod location mod
[2024-05-15 02:44:06.699] [modengine] [info] Resolved mod path to C:\Users\CouchJockey\Documents\GitHub\ConvergenceER\mod
[2024-05-15 02:44:06.699] [modengine] [info] Enabled extension mod_loader
[2024-05-15 02:44:06.746] [modengine] [info] Applied 3 hooks
[2024-05-15 02:44:06.747] [modengine] [info] Starting worker thread
[2024-05-15 08:56:12.761] [modengine] [info] Attempting to load global config at C:\Users\CouchJockey\Documents\GitHub\ConvergenceER\modengine2\config.toml
[2024-05-15 08:56:12.761] [modengine] [info] Attempting to load mod settings config at C:\Users\CouchJockey\Documents\GitHub\ConvergenceER\config_eldenring.toml
[2024-05-15 08:56:12.767] [modengine] [info] Local config loaded
[2024-05-15 08:56:12.767] [modengine] [info] ModEngine version 2.1.0-0924ab36f1311bf84e7e626740b4bf2c0d54909a initializing for Elden Ring
[2024-05-15 08:56:12.767] [modengine] [info] Local settings loaded: true, Global settings loaded: false
[2024-05-15 08:56:12.767] [modengine] [info] Main thread ID: 8808
[2024-05-15 08:56:12.787] [modengine] [info] Loaded external DLL C:\Users\CouchJockey\Documents\GitHub\ConvergenceER\ErdTools.dll
[2024-05-15 08:56:12.787] [modengine] [warning] External dll C:\Users\CouchJockey\Documents\GitHub\ConvergenceER\ErdTools.dll at base address 0x7ff80a650000 is not a modengine extension
[2024-05-15 08:56:12.974] [modengine] [info] Loaded external DLL C:\Users\CouchJockey\Documents\GitHub\ConvergenceER\SkipTheIntro.dll
[2024-05-15 08:56:12.974] [modengine] [warning] External dll C:\Users\CouchJockey\Documents\GitHub\ConvergenceER\SkipTheIntro.dll at base address 0x7ff80a5f0000 is not a modengine extension
[2024-05-15 08:56:12.998] [modengine] [info] Loaded external DLL C:\Users\CouchJockey\Documents\GitHub\ConvergenceER\ertransmogrify.dll
[2024-05-15 08:56:12.998] [modengine] [warning] External dll C:\Users\CouchJockey\Documents\GitHub\ConvergenceER\ertransmogrify.dll at base address 0x7fffedb30000 is not a modengine extension
[2024-05-15 08:56:13.067] [modengine] [info] Loaded external DLL C:\Users\CouchJockey\Documents\GitHub\ConvergenceER\Scripts-Data-Exposer-FS.dll
[2024-05-15 08:56:13.068] [modengine] [warning] External dll C:\Users\CouchJockey\Documents\GitHub\ConvergenceER\Scripts-Data-Exposer-FS.dll at base address 0x7ff833d90000 is not a modengine extension
[2024-05-15 08:56:13.068] [modengine] [info] Enabling extension base
[2024-05-15 08:56:13.068] [modengine] [info] Enabled extension base
[2024-05-15 08:56:13.068] [modengine] [info] Enabling extension mod_loader
[2024-05-15 08:56:13.068] [modengine] [info] Installing mod location mod
[2024-05-15 08:56:13.068] [modengine] [info] Resolved mod path to C:\Users\CouchJockey\Documents\GitHub\ConvergenceER\mod
[2024-05-15 08:56:13.068] [modengine] [info] Enabled extension mod_loader
[2024-05-15 08:56:13.115] [modengine] [info] Applied 3 hooks
[2024-05-15 08:56:13.116] [modengine] [info] Starting worker thread
