[2024-07-21 13:27:44.232] [modengine] [info] Attempting to load global config at C:\Users\CouchJockey\Documents\GitHub\ConvergenceER\modengine2\config.toml
[2024-07-21 13:27:44.232] [modengine] [info] Attempting to load mod settings config at C:\Users\CouchJockey\Documents\GitHub\ConvergenceER\config_eldenring.toml
[2024-07-21 13:27:44.238] [modengine] [info] Local config loaded
[2024-07-21 13:27:44.239] [modengine] [info] ModEngine version 2.1.0-0924ab36f1311bf84e7e626740b4bf2c0d54909a initializing for Elden Ring
[2024-07-21 13:27:44.239] [modengine] [info] Local settings loaded: true, Global settings loaded: false
[2024-07-21 13:27:44.239] [modengine] [info] Main thread ID: 30908
[2024-07-21 13:27:44.267] [modengine] [info] Loaded external DLL C:\Users\CouchJockey\Documents\GitHub\ConvergenceER\ertransmogrify.dll
[2024-07-21 13:27:44.267] [modengine] [warning] External dll C:\Users\CouchJockey\Documents\GitHub\ConvergenceER\ertransmogrify.dll at base address 0x7fffcc820000 is not a modengine extension
[2024-07-21 13:27:44.292] [modengine] [info] Loaded external DLL C:\Users\CouchJockey\Documents\GitHub\ConvergenceER\ErdTools.dll
[2024-07-21 13:27:44.292] [modengine] [warning] External dll C:\Users\CouchJockey\Documents\GitHub\ConvergenceER\ErdTools.dll at base address 0x7ffff9c00000 is not a modengine extension
[2024-07-21 13:27:44.382] [modengine] [info] Loaded external DLL C:\Users\CouchJockey\Documents\GitHub\ConvergenceER\Scripts-Data-Exposer-FS.dll
[2024-07-21 13:27:44.382] [modengine] [warning] External dll C:\Users\CouchJockey\Documents\GitHub\ConvergenceER\Scripts-Data-Exposer-FS.dll at base address 0x7ffff0db0000 is not a modengine extension
[2024-07-21 13:27:44.382] [modengine] [info] Enabling extension base
[2024-07-21 13:27:44.382] [modengine] [info] Enabled extension base
[2024-07-21 13:27:44.382] [modengine] [info] Enabling extension mod_loader
[2024-07-21 13:27:44.382] [modengine] [info] Installing mod location mod
[2024-07-21 13:27:44.382] [modengine] [info] Resolved mod path to C:\Users\CouchJockey\Documents\GitHub\ConvergenceER\mod
[2024-07-21 13:27:44.382] [modengine] [info] Enabled extension mod_loader
[2024-07-21 13:27:44.430] [modengine] [info] Applied 3 hooks
[2024-07-21 13:27:44.431] [modengine] [info] Starting worker thread
[2024-07-21 23:30:29.493] [modengine] [info] Attempting to load global config at C:\Users\CouchJockey\Documents\GitHub\ConvergenceER\modengine2\config.toml
[2024-07-21 23:30:29.493] [modengine] [info] Attempting to load mod settings config at C:\Users\CouchJockey\Documents\GitHub\ConvergenceER\config_eldenring.toml
[2024-07-21 23:30:29.493] [modengine] [info] Local config loaded
[2024-07-21 23:30:29.493] [modengine] [info] ModEngine version 2.1.0-0924ab36f1311bf84e7e626740b4bf2c0d54909a initializing for Elden Ring
[2024-07-21 23:30:29.493] [modengine] [info] Local settings loaded: true, Global settings loaded: false
[2024-07-21 23:30:29.493] [modengine] [info] Main thread ID: 11892
[2024-07-21 23:30:29.497] [modengine] [info] Loaded external DLL C:\Users\CouchJockey\Documents\GitHub\ConvergenceER\ertransmogrify.dll
[2024-07-21 23:30:29.497] [modengine] [warning] External dll C:\Users\CouchJockey\Documents\GitHub\ConvergenceER\ertransmogrify.dll at base address 0x7fffc86b0000 is not a modengine extension
[2024-07-21 23:30:29.498] [modengine] [info] Loaded external DLL C:\Users\CouchJockey\Documents\GitHub\ConvergenceER\ErdTools.dll
[2024-07-21 23:30:29.498] [modengine] [warning] External dll C:\Users\CouchJockey\Documents\GitHub\ConvergenceER\ErdTools.dll at base address 0x7ffff9c00000 is not a modengine extension
[2024-07-21 23:30:29.576] [modengine] [info] Loaded external DLL C:\Users\CouchJockey\Documents\GitHub\ConvergenceER\Scripts-Data-Exposer-FS.dll
[2024-07-21 23:30:29.577] [modengine] [warning] External dll C:\Users\CouchJockey\Documents\GitHub\ConvergenceER\Scripts-Data-Exposer-FS.dll at base address 0x7ffff0db0000 is not a modengine extension
[2024-07-21 23:30:29.577] [modengine] [info] Enabling extension base
[2024-07-21 23:30:29.577] [modengine] [info] Enabled extension base
[2024-07-21 23:30:29.577] [modengine] [info] Enabling extension mod_loader
[2024-07-21 23:30:29.577] [modengine] [info] Installing mod location mod
[2024-07-21 23:30:29.577] [modengine] [info] Resolved mod path to C:\Users\CouchJockey\Documents\GitHub\ConvergenceER\mod
[2024-07-21 23:30:29.577] [modengine] [info] Enabled extension mod_loader
[2024-07-21 23:30:29.624] [modengine] [info] Applied 3 hooks
[2024-07-21 23:30:29.626] [modengine] [info] Starting worker thread
