[2024-11-18 03:30:55.558] [modengine] [info] Attempting to load global config at C:\Users\CouchJockey\Documents\GitHub\ConvergenceER\modengine2\config.toml
[2024-11-18 03:30:55.558] [modengine] [info] Attempting to load mod settings config at C:\Users\CouchJockey\Documents\GitHub\ConvergenceER\config_eldenring.toml
[2024-11-18 03:30:55.558] [modengine] [info] Local config loaded
[2024-11-18 03:30:55.559] [modengine] [info] ModEngine version 2.1.0-2440fc717d61eaee1549a9fc94e3109e6c016275 initializing for Elden Ring
[2024-11-18 03:30:55.559] [modengine] [info] Local settings loaded: true, Global settings loaded: false
[2024-11-18 03:30:55.559] [modengine] [info] Main thread ID: 20528
[2024-11-18 03:30:55.587] [modengine] [info] Loaded external DLL C:\Users\CouchJockey\Documents\GitHub\ConvergenceER\mod/ertransmogrify.dll
[2024-11-18 03:30:55.587] [modengine] [warning] External dll C:\Users\CouchJockey\Documents\GitHub\ConvergenceER\mod/ertransmogrify.dll at base address 0x7ffe250b0000 is not a modengine extension
[2024-11-18 03:30:55.606] [modengine] [info] Loaded external DLL C:\Users\CouchJockey\Documents\GitHub\ConvergenceER\mod/ErdTools.dll
[2024-11-18 03:30:55.606] [modengine] [warning] External dll C:\Users\CouchJockey\Documents\GitHub\ConvergenceER\mod/ErdTools.dll at base address 0x7ffeae6a0000 is not a modengine extension
[2024-11-18 03:30:55.680] [modengine] [info] Loaded external DLL C:\Users\CouchJockey\Documents\GitHub\ConvergenceER\mod/Scripts-Data-Exposer-FS.dll
[2024-11-18 03:30:55.680] [modengine] [warning] External dll C:\Users\CouchJockey\Documents\GitHub\ConvergenceER\mod/Scripts-Data-Exposer-FS.dll at base address 0x7ffeae8e0000 is not a modengine extension
[2024-11-18 03:30:55.851] [modengine] [info] Loaded external DLL C:\Users\CouchJockey\Documents\GitHub\ConvergenceER\mod/SkipTheIntro.dll
[2024-11-18 03:30:55.851] [modengine] [warning] External dll C:\Users\CouchJockey\Documents\GitHub\ConvergenceER\mod/SkipTheIntro.dll at base address 0x7ffe246e0000 is not a modengine extension
[2024-11-18 03:30:55.854] [modengine] [info] Loaded external DLL C:\Users\CouchJockey\Documents\GitHub\ConvergenceER\mod/erdyes.dll
[2024-11-18 03:30:55.854] [modengine] [warning] External dll C:\Users\CouchJockey\Documents\GitHub\ConvergenceER\mod/erdyes.dll at base address 0x7ffe22e30000 is not a modengine extension
[2024-11-18 03:30:55.854] [modengine] [info] Enabling extension base
[2024-11-18 03:30:55.854] [modengine] [info] Enabled extension base
[2024-11-18 03:30:55.854] [modengine] [info] Enabling extension mod_loader
[2024-11-18 03:30:55.854] [modengine] [info] Installing mod location mod
[2024-11-18 03:30:55.854] [modengine] [info] Resolved mod path to C:\Users\CouchJockey\Documents\GitHub\ConvergenceER\mod
[2024-11-18 03:30:55.854] [modengine] [info] Enabled extension mod_loader
[2024-11-18 03:30:55.937] [modengine] [info] Applied 4 hooks
[2024-11-18 03:30:55.939] [modengine] [info] Starting worker thread
[2024-11-18 04:26:30.823] [modengine] [info] Attempting to load global config at C:\Users\CouchJockey\Documents\GitHub\ConvergenceER\modengine2\config.toml
[2024-11-18 04:26:30.823] [modengine] [info] Attempting to load mod settings config at C:\Users\CouchJockey\Documents\GitHub\ConvergenceER\config_eldenring.toml
[2024-11-18 04:26:30.823] [modengine] [info] Local config loaded
[2024-11-18 04:26:30.823] [modengine] [info] ModEngine version 2.1.0-2440fc717d61eaee1549a9fc94e3109e6c016275 initializing for Elden Ring
[2024-11-18 04:26:30.823] [modengine] [info] Local settings loaded: true, Global settings loaded: false
[2024-11-18 04:26:30.823] [modengine] [info] Main thread ID: 8900
[2024-11-18 04:26:30.828] [modengine] [info] Loaded external DLL C:\Users\CouchJockey\Documents\GitHub\ConvergenceER\mod/ertransmogrify.dll
[2024-11-18 04:26:30.828] [modengine] [warning] External dll C:\Users\CouchJockey\Documents\GitHub\ConvergenceER\mod/ertransmogrify.dll at base address 0x7ffe250b0000 is not a modengine extension
[2024-11-18 04:26:30.828] [modengine] [info] Loaded external DLL C:\Users\CouchJockey\Documents\GitHub\ConvergenceER\mod/ErdTools.dll
[2024-11-18 04:26:30.828] [modengine] [warning] External dll C:\Users\CouchJockey\Documents\GitHub\ConvergenceER\mod/ErdTools.dll at base address 0x7ffeafe30000 is not a modengine extension
[2024-11-18 04:26:30.905] [modengine] [info] Loaded external DLL C:\Users\CouchJockey\Documents\GitHub\ConvergenceER\mod/Scripts-Data-Exposer-FS.dll
[2024-11-18 04:26:30.905] [modengine] [warning] External dll C:\Users\CouchJockey\Documents\GitHub\ConvergenceER\mod/Scripts-Data-Exposer-FS.dll at base address 0x7ffee1a90000 is not a modengine extension
[2024-11-18 04:26:30.906] [modengine] [info] Loaded external DLL C:\Users\CouchJockey\Documents\GitHub\ConvergenceER\mod/SkipTheIntro.dll
[2024-11-18 04:26:30.906] [modengine] [warning] External dll C:\Users\CouchJockey\Documents\GitHub\ConvergenceER\mod/SkipTheIntro.dll at base address 0x7ffe92410000 is not a modengine extension
[2024-11-18 04:26:30.907] [modengine] [info] Loaded external DLL C:\Users\CouchJockey\Documents\GitHub\ConvergenceER\mod/erdyes.dll
[2024-11-18 04:26:30.907] [modengine] [warning] External dll C:\Users\CouchJockey\Documents\GitHub\ConvergenceER\mod/erdyes.dll at base address 0x7ffe68750000 is not a modengine extension
[2024-11-18 04:26:30.907] [modengine] [info] Enabling extension base
[2024-11-18 04:26:30.907] [modengine] [info] Enabled extension base
[2024-11-18 04:26:30.907] [modengine] [info] Enabling extension mod_loader
[2024-11-18 04:26:30.907] [modengine] [info] Installing mod location mod
[2024-11-18 04:26:30.907] [modengine] [info] Resolved mod path to C:\Users\CouchJockey\Documents\GitHub\ConvergenceER\mod
[2024-11-18 04:26:30.907] [modengine] [info] Enabled extension mod_loader
[2024-11-18 04:26:30.992] [modengine] [info] Applied 4 hooks
[2024-11-18 04:26:30.994] [modengine] [info] Starting worker thread
[2024-11-18 04:29:01.239] [modengine] [info] Attempting to load global config at C:\Users\CouchJockey\Documents\GitHub\ConvergenceER\modengine2\config.toml
[2024-11-18 04:29:01.239] [modengine] [info] Attempting to load mod settings config at C:\Users\CouchJockey\Documents\GitHub\ConvergenceER\config_eldenring.toml
[2024-11-18 04:29:01.239] [modengine] [info] Local config loaded
[2024-11-18 04:29:01.239] [modengine] [info] ModEngine version 2.1.0-2440fc717d61eaee1549a9fc94e3109e6c016275 initializing for Elden Ring
[2024-11-18 04:29:01.239] [modengine] [info] Local settings loaded: true, Global settings loaded: false
[2024-11-18 04:29:01.239] [modengine] [info] Main thread ID: 7856
[2024-11-18 04:29:01.243] [modengine] [info] Loaded external DLL C:\Users\CouchJockey\Documents\GitHub\ConvergenceER\mod/ertransmogrify.dll
[2024-11-18 04:29:01.243] [modengine] [warning] External dll C:\Users\CouchJockey\Documents\GitHub\ConvergenceER\mod/ertransmogrify.dll at base address 0x7ffe250b0000 is not a modengine extension
[2024-11-18 04:29:01.244] [modengine] [info] Loaded external DLL C:\Users\CouchJockey\Documents\GitHub\ConvergenceER\mod/ErdTools.dll
[2024-11-18 04:29:01.244] [modengine] [warning] External dll C:\Users\CouchJockey\Documents\GitHub\ConvergenceER\mod/ErdTools.dll at base address 0x7ffeafe30000 is not a modengine extension
[2024-11-18 04:29:01.314] [modengine] [info] Loaded external DLL C:\Users\CouchJockey\Documents\GitHub\ConvergenceER\mod/Scripts-Data-Exposer-FS.dll
[2024-11-18 04:29:01.314] [modengine] [warning] External dll C:\Users\CouchJockey\Documents\GitHub\ConvergenceER\mod/Scripts-Data-Exposer-FS.dll at base address 0x7ffee1a90000 is not a modengine extension
[2024-11-18 04:29:01.315] [modengine] [info] Loaded external DLL C:\Users\CouchJockey\Documents\GitHub\ConvergenceER\mod/SkipTheIntro.dll
[2024-11-18 04:29:01.315] [modengine] [warning] External dll C:\Users\CouchJockey\Documents\GitHub\ConvergenceER\mod/SkipTheIntro.dll at base address 0x7ffe20a50000 is not a modengine extension
[2024-11-18 04:29:01.316] [modengine] [info] Loaded external DLL C:\Users\CouchJockey\Documents\GitHub\ConvergenceER\mod/erdyes.dll
[2024-11-18 04:29:01.316] [modengine] [warning] External dll C:\Users\CouchJockey\Documents\GitHub\ConvergenceER\mod/erdyes.dll at base address 0x7ffe20310000 is not a modengine extension
[2024-11-18 04:29:01.316] [modengine] [info] Enabling extension base
[2024-11-18 04:29:01.316] [modengine] [info] Enabled extension base
[2024-11-18 04:29:01.316] [modengine] [info] Enabling extension mod_loader
[2024-11-18 04:29:01.316] [modengine] [info] Installing mod location mod
[2024-11-18 04:29:01.316] [modengine] [info] Resolved mod path to C:\Users\CouchJockey\Documents\GitHub\ConvergenceER\mod
[2024-11-18 04:29:01.316] [modengine] [info] Enabled extension mod_loader
[2024-11-18 04:29:01.398] [modengine] [info] Applied 4 hooks
[2024-11-18 04:29:01.399] [modengine] [info] Starting worker thread
[2024-11-18 04:31:01.660] [modengine] [info] Attempting to load global config at C:\Users\CouchJockey\Documents\GitHub\ConvergenceER\modengine2\config.toml
[2024-11-18 04:31:01.660] [modengine] [info] Attempting to load mod settings config at C:\Users\CouchJockey\Documents\GitHub\ConvergenceER\config_eldenring.toml
[2024-11-18 04:31:01.660] [modengine] [info] Local config loaded
[2024-11-18 04:31:01.660] [modengine] [info] ModEngine version 2.1.0-2440fc717d61eaee1549a9fc94e3109e6c016275 initializing for Elden Ring
[2024-11-18 04:31:01.660] [modengine] [info] Local settings loaded: true, Global settings loaded: false
[2024-11-18 04:31:01.660] [modengine] [info] Main thread ID: 23788
[2024-11-18 04:31:01.664] [modengine] [info] Loaded external DLL C:\Users\CouchJockey\Documents\GitHub\ConvergenceER\mod/ertransmogrify.dll
[2024-11-18 04:31:01.664] [modengine] [warning] External dll C:\Users\CouchJockey\Documents\GitHub\ConvergenceER\mod/ertransmogrify.dll at base address 0x7ffe250b0000 is not a modengine extension
[2024-11-18 04:31:01.665] [modengine] [info] Loaded external DLL C:\Users\CouchJockey\Documents\GitHub\ConvergenceER\mod/ErdTools.dll
[2024-11-18 04:31:01.665] [modengine] [warning] External dll C:\Users\CouchJockey\Documents\GitHub\ConvergenceER\mod/ErdTools.dll at base address 0x7ffeafe30000 is not a modengine extension
[2024-11-18 04:31:01.737] [modengine] [info] Loaded external DLL C:\Users\CouchJockey\Documents\GitHub\ConvergenceER\mod/Scripts-Data-Exposer-FS.dll
[2024-11-18 04:31:01.737] [modengine] [warning] External dll C:\Users\CouchJockey\Documents\GitHub\ConvergenceER\mod/Scripts-Data-Exposer-FS.dll at base address 0x7ffeb00d0000 is not a modengine extension
[2024-11-18 04:31:01.738] [modengine] [info] Loaded external DLL C:\Users\CouchJockey\Documents\GitHub\ConvergenceER\mod/SkipTheIntro.dll
[2024-11-18 04:31:01.738] [modengine] [warning] External dll C:\Users\CouchJockey\Documents\GitHub\ConvergenceER\mod/SkipTheIntro.dll at base address 0x7ffe20a50000 is not a modengine extension
[2024-11-18 04:31:01.739] [modengine] [info] Loaded external DLL C:\Users\CouchJockey\Documents\GitHub\ConvergenceER\mod/erdyes.dll
[2024-11-18 04:31:01.739] [modengine] [warning] External dll C:\Users\CouchJockey\Documents\GitHub\ConvergenceER\mod/erdyes.dll at base address 0x7ffe20310000 is not a modengine extension
[2024-11-18 04:31:01.739] [modengine] [info] Enabling extension base
[2024-11-18 04:31:01.739] [modengine] [info] Enabled extension base
[2024-11-18 04:31:01.739] [modengine] [info] Enabling extension mod_loader
[2024-11-18 04:31:01.739] [modengine] [info] Installing mod location mod
[2024-11-18 04:31:01.739] [modengine] [info] Resolved mod path to C:\Users\CouchJockey\Documents\GitHub\ConvergenceER\mod
[2024-11-18 04:31:01.739] [modengine] [info] Enabled extension mod_loader
[2024-11-18 04:31:01.825] [modengine] [info] Applied 4 hooks
[2024-11-18 04:31:01.827] [modengine] [info] Starting worker thread
[2024-11-18 04:33:18.702] [modengine] [info] Attempting to load global config at C:\Users\CouchJockey\Documents\GitHub\ConvergenceER\modengine2\config.toml
[2024-11-18 04:33:18.702] [modengine] [info] Attempting to load mod settings config at C:\Users\CouchJockey\Documents\GitHub\ConvergenceER\config_eldenring.toml
[2024-11-18 04:33:18.702] [modengine] [info] Local config loaded
[2024-11-18 04:33:18.703] [modengine] [info] ModEngine version 2.1.0-2440fc717d61eaee1549a9fc94e3109e6c016275 initializing for Elden Ring
[2024-11-18 04:33:18.703] [modengine] [info] Local settings loaded: true, Global settings loaded: false
[2024-11-18 04:33:18.703] [modengine] [info] Main thread ID: 13808
[2024-11-18 04:33:18.707] [modengine] [info] Loaded external DLL C:\Users\CouchJockey\Documents\GitHub\ConvergenceER\mod/ertransmogrify.dll
[2024-11-18 04:33:18.707] [modengine] [warning] External dll C:\Users\CouchJockey\Documents\GitHub\ConvergenceER\mod/ertransmogrify.dll at base address 0x7ffe250b0000 is not a modengine extension
[2024-11-18 04:33:18.708] [modengine] [info] Loaded external DLL C:\Users\CouchJockey\Documents\GitHub\ConvergenceER\mod/ErdTools.dll
[2024-11-18 04:33:18.708] [modengine] [warning] External dll C:\Users\CouchJockey\Documents\GitHub\ConvergenceER\mod/ErdTools.dll at base address 0x7ffeafe30000 is not a modengine extension
[2024-11-18 04:33:18.786] [modengine] [info] Loaded external DLL C:\Users\CouchJockey\Documents\GitHub\ConvergenceER\mod/Scripts-Data-Exposer-FS.dll
[2024-11-18 04:33:18.786] [modengine] [warning] External dll C:\Users\CouchJockey\Documents\GitHub\ConvergenceER\mod/Scripts-Data-Exposer-FS.dll at base address 0x7ffeae8e0000 is not a modengine extension
[2024-11-18 04:33:18.787] [modengine] [info] Loaded external DLL C:\Users\CouchJockey\Documents\GitHub\ConvergenceER\mod/SkipTheIntro.dll
[2024-11-18 04:33:18.787] [modengine] [warning] External dll C:\Users\CouchJockey\Documents\GitHub\ConvergenceER\mod/SkipTheIntro.dll at base address 0x7ffe68770000 is not a modengine extension
[2024-11-18 04:33:18.788] [modengine] [info] Loaded external DLL C:\Users\CouchJockey\Documents\GitHub\ConvergenceER\mod/erdyes.dll
[2024-11-18 04:33:18.788] [modengine] [warning] External dll C:\Users\CouchJockey\Documents\GitHub\ConvergenceER\mod/erdyes.dll at base address 0x7ffe246c0000 is not a modengine extension
[2024-11-18 04:33:18.788] [modengine] [info] Enabling extension base
[2024-11-18 04:33:18.788] [modengine] [info] Enabled extension base
[2024-11-18 04:33:18.788] [modengine] [info] Enabling extension mod_loader
[2024-11-18 04:33:18.788] [modengine] [info] Installing mod location mod
[2024-11-18 04:33:18.788] [modengine] [info] Resolved mod path to C:\Users\CouchJockey\Documents\GitHub\ConvergenceER\mod
[2024-11-18 04:33:18.788] [modengine] [info] Enabled extension mod_loader
[2024-11-18 04:33:18.875] [modengine] [info] Applied 4 hooks
[2024-11-18 04:33:18.877] [modengine] [info] Starting worker thread
[2024-11-18 04:36:52.745] [modengine] [info] Attempting to load global config at C:\Users\CouchJockey\Documents\GitHub\ConvergenceER\modengine2\config.toml
[2024-11-18 04:36:52.745] [modengine] [info] Attempting to load mod settings config at C:\Users\CouchJockey\Documents\GitHub\ConvergenceER\config_eldenring.toml
[2024-11-18 04:36:52.746] [modengine] [info] Local config loaded
[2024-11-18 04:36:52.746] [modengine] [info] ModEngine version 2.1.0-2440fc717d61eaee1549a9fc94e3109e6c016275 initializing for Elden Ring
[2024-11-18 04:36:52.746] [modengine] [info] Local settings loaded: true, Global settings loaded: false
[2024-11-18 04:36:52.746] [modengine] [info] Main thread ID: 23680
[2024-11-18 04:36:52.749] [modengine] [info] Loaded external DLL C:\Users\CouchJockey\Documents\GitHub\ConvergenceER\mod/ertransmogrify.dll
[2024-11-18 04:36:52.749] [modengine] [warning] External dll C:\Users\CouchJockey\Documents\GitHub\ConvergenceER\mod/ertransmogrify.dll at base address 0x7ffdedf70000 is not a modengine extension
[2024-11-18 04:36:52.750] [modengine] [info] Loaded external DLL C:\Users\CouchJockey\Documents\GitHub\ConvergenceER\mod/ErdTools.dll
[2024-11-18 04:36:52.750] [modengine] [warning] External dll C:\Users\CouchJockey\Documents\GitHub\ConvergenceER\mod/ErdTools.dll at base address 0x7ffdedf40000 is not a modengine extension
[2024-11-18 04:36:52.825] [modengine] [info] Loaded external DLL C:\Users\CouchJockey\Documents\GitHub\ConvergenceER\mod/Scripts-Data-Exposer-FS.dll
[2024-11-18 04:36:52.825] [modengine] [warning] External dll C:\Users\CouchJockey\Documents\GitHub\ConvergenceER\mod/Scripts-Data-Exposer-FS.dll at base address 0x7ffe06f10000 is not a modengine extension
[2024-11-18 04:36:52.826] [modengine] [info] Loaded external DLL C:\Users\CouchJockey\Documents\GitHub\ConvergenceER\mod/SkipTheIntro.dll
[2024-11-18 04:36:52.826] [modengine] [warning] External dll C:\Users\CouchJockey\Documents\GitHub\ConvergenceER\mod/SkipTheIntro.dll at base address 0x7ffdedee0000 is not a modengine extension
[2024-11-18 04:36:52.827] [modengine] [info] Loaded external DLL C:\Users\CouchJockey\Documents\GitHub\ConvergenceER\mod/erdyes.dll
[2024-11-18 04:36:52.827] [modengine] [warning] External dll C:\Users\CouchJockey\Documents\GitHub\ConvergenceER\mod/erdyes.dll at base address 0x7ffdede60000 is not a modengine extension
[2024-11-18 04:36:52.827] [modengine] [info] Enabling extension base
[2024-11-18 04:36:52.827] [modengine] [info] Enabled extension base
[2024-11-18 04:36:52.827] [modengine] [info] Enabling extension mod_loader
[2024-11-18 04:36:52.827] [modengine] [info] Installing mod location mod
[2024-11-18 04:36:52.827] [modengine] [info] Resolved mod path to C:\Users\CouchJockey\Documents\GitHub\ConvergenceER\mod
[2024-11-18 04:36:52.827] [modengine] [info] Enabled extension mod_loader
[2024-11-18 04:36:52.918] [modengine] [info] Applied 4 hooks
[2024-11-18 04:36:52.920] [modengine] [info] Starting worker thread
[2024-11-18 09:14:53.941] [modengine] [info] Attempting to load global config at C:\Users\CouchJockey\Documents\GitHub\ConvergenceER\modengine2\config.toml
[2024-11-18 09:14:53.941] [modengine] [info] Attempting to load mod settings config at C:\Users\CouchJockey\Documents\GitHub\ConvergenceER\config_eldenring.toml
[2024-11-18 09:14:53.942] [modengine] [info] Local config loaded
[2024-11-18 09:14:53.942] [modengine] [info] ModEngine version 2.1.0-2440fc717d61eaee1549a9fc94e3109e6c016275 initializing for Elden Ring
[2024-11-18 09:14:53.942] [modengine] [info] Local settings loaded: true, Global settings loaded: false
[2024-11-18 09:14:53.942] [modengine] [info] Main thread ID: 24280
[2024-11-18 09:14:53.946] [modengine] [info] Loaded external DLL C:\Users\CouchJockey\Documents\GitHub\ConvergenceER\mod/ertransmogrify.dll
[2024-11-18 09:14:53.946] [modengine] [warning] External dll C:\Users\CouchJockey\Documents\GitHub\ConvergenceER\mod/ertransmogrify.dll at base address 0x7ffe06ea0000 is not a modengine extension
[2024-11-18 09:14:53.947] [modengine] [info] Loaded external DLL C:\Users\CouchJockey\Documents\GitHub\ConvergenceER\mod/ErdTools.dll
[2024-11-18 09:14:53.947] [modengine] [warning] External dll C:\Users\CouchJockey\Documents\GitHub\ConvergenceER\mod/ErdTools.dll at base address 0x7ffeadf90000 is not a modengine extension
[2024-11-18 09:14:54.015] [modengine] [info] Loaded external DLL C:\Users\CouchJockey\Documents\GitHub\ConvergenceER\mod/Scripts-Data-Exposer-FS.dll
[2024-11-18 09:14:54.015] [modengine] [warning] External dll C:\Users\CouchJockey\Documents\GitHub\ConvergenceER\mod/Scripts-Data-Exposer-FS.dll at base address 0x7ffe0ddd0000 is not a modengine extension
[2024-11-18 09:14:54.016] [modengine] [info] Loaded external DLL C:\Users\CouchJockey\Documents\GitHub\ConvergenceER\mod/SkipTheIntro.dll
[2024-11-18 09:14:54.016] [modengine] [warning] External dll C:\Users\CouchJockey\Documents\GitHub\ConvergenceER\mod/SkipTheIntro.dll at base address 0x7ffe070f0000 is not a modengine extension
[2024-11-18 09:14:54.017] [modengine] [info] Loaded external DLL C:\Users\CouchJockey\Documents\GitHub\ConvergenceER\mod/erdyes.dll
[2024-11-18 09:14:54.017] [modengine] [warning] External dll C:\Users\CouchJockey\Documents\GitHub\ConvergenceER\mod/erdyes.dll at base address 0x7ffe043f0000 is not a modengine extension
[2024-11-18 09:14:54.017] [modengine] [info] Enabling extension base
[2024-11-18 09:14:54.017] [modengine] [info] Enabled extension base
[2024-11-18 09:14:54.017] [modengine] [info] Enabling extension mod_loader
[2024-11-18 09:14:54.017] [modengine] [info] Installing mod location mod
[2024-11-18 09:14:54.017] [modengine] [info] Resolved mod path to C:\Users\CouchJockey\Documents\GitHub\ConvergenceER\mod
[2024-11-18 09:14:54.017] [modengine] [info] Enabled extension mod_loader
[2024-11-18 09:14:54.100] [modengine] [info] Applied 4 hooks
[2024-11-18 09:14:54.101] [modengine] [info] Starting worker thread
[2024-11-18 11:35:45.798] [modengine] [info] Attempting to load global config at C:\Users\CouchJockey\Documents\GitHub\ConvergenceER\modengine2\config.toml
[2024-11-18 11:35:45.798] [modengine] [info] Attempting to load mod settings config at C:\Users\CouchJockey\Documents\GitHub\ConvergenceER\config_eldenring.toml
[2024-11-18 11:35:45.805] [modengine] [info] Local config loaded
[2024-11-18 11:35:45.805] [modengine] [info] ModEngine version 2.1.0-2440fc717d61eaee1549a9fc94e3109e6c016275 initializing for Elden Ring
[2024-11-18 11:35:45.805] [modengine] [info] Local settings loaded: true, Global settings loaded: false
[2024-11-18 11:35:45.805] [modengine] [info] Main thread ID: 21812
[2024-11-18 11:35:45.834] [modengine] [info] Loaded external DLL C:\Users\CouchJockey\Documents\GitHub\ConvergenceER\mod/ertransmogrify.dll
[2024-11-18 11:35:45.834] [modengine] [warning] External dll C:\Users\CouchJockey\Documents\GitHub\ConvergenceER\mod/ertransmogrify.dll at base address 0x7ffe0ace0000 is not a modengine extension
[2024-11-18 11:35:45.854] [modengine] [info] Loaded external DLL C:\Users\CouchJockey\Documents\GitHub\ConvergenceER\mod/ErdTools.dll
[2024-11-18 11:35:45.854] [modengine] [warning] External dll C:\Users\CouchJockey\Documents\GitHub\ConvergenceER\mod/ErdTools.dll at base address 0x7ffeadf90000 is not a modengine extension
[2024-11-18 11:35:45.951] [modengine] [info] Loaded external DLL C:\Users\CouchJockey\Documents\GitHub\ConvergenceER\mod/Scripts-Data-Exposer-FS.dll
[2024-11-18 11:35:45.951] [modengine] [warning] External dll C:\Users\CouchJockey\Documents\GitHub\ConvergenceER\mod/Scripts-Data-Exposer-FS.dll at base address 0x7ffe92510000 is not a modengine extension
[2024-11-18 11:35:46.153] [modengine] [info] Loaded external DLL C:\Users\CouchJockey\Documents\GitHub\ConvergenceER\mod/SkipTheIntro.dll
[2024-11-18 11:35:46.153] [modengine] [warning] External dll C:\Users\CouchJockey\Documents\GitHub\ConvergenceER\mod/SkipTheIntro.dll at base address 0x7ffe22e50000 is not a modengine extension
[2024-11-18 11:35:46.180] [modengine] [info] Loaded external DLL C:\Users\CouchJockey\Documents\GitHub\ConvergenceER\mod/erdyes.dll
[2024-11-18 11:35:46.181] [modengine] [warning] External dll C:\Users\CouchJockey\Documents\GitHub\ConvergenceER\mod/erdyes.dll at base address 0x7ffe0ac60000 is not a modengine extension
[2024-11-18 11:35:46.181] [modengine] [info] Enabling extension base
[2024-11-18 11:35:46.181] [modengine] [info] Enabled extension base
[2024-11-18 11:35:46.181] [modengine] [info] Enabling extension mod_loader
[2024-11-18 11:35:46.181] [modengine] [info] Installing mod location mod
[2024-11-18 11:35:46.181] [modengine] [info] Resolved mod path to C:\Users\CouchJockey\Documents\GitHub\ConvergenceER\mod
[2024-11-18 11:35:46.181] [modengine] [info] Enabled extension mod_loader
[2024-11-18 11:35:46.263] [modengine] [info] Applied 4 hooks
[2024-11-18 11:35:46.264] [modengine] [info] Starting worker thread
