[2024-06-05 01:30:42.467] [modengine] [info] Attempting to load global config at C:\Users\CouchJockey\Documents\GitHub\ConvergenceER\modengine2\config.toml
[2024-06-05 01:30:42.467] [modengine] [info] Attempting to load mod settings config at C:\Users\CouchJockey\Documents\GitHub\ConvergenceER\config_eldenring.toml
[2024-06-05 01:30:42.474] [modengine] [info] Local config loaded
[2024-06-05 01:30:42.474] [modengine] [info] ModEngine version 2.1.0-0924ab36f1311bf84e7e626740b4bf2c0d54909a initializing for Elden Ring
[2024-06-05 01:30:42.474] [modengine] [info] Local settings loaded: true, Global settings loaded: false
[2024-06-05 01:30:42.474] [modengine] [info] Main thread ID: 28848
[2024-06-05 01:30:42.503] [modengine] [info] Loaded external DLL C:\Users\CouchJockey\Documents\GitHub\ConvergenceER\ertransmogrify.dll
[2024-06-05 01:30:42.503] [modengine] [warning] External dll C:\Users\CouchJockey\Documents\GitHub\ConvergenceER\ertransmogrify.dll at base address 0x7fffe9f10000 is not a modengine extension
[2024-06-05 01:30:42.523] [modengine] [info] Loaded external DLL C:\Users\CouchJockey\Documents\GitHub\ConvergenceER\ErdTools.dll
[2024-06-05 01:30:42.523] [modengine] [warning] External dll C:\Users\CouchJockey\Documents\GitHub\ConvergenceER\ErdTools.dll at base address 0x7ffff1b70000 is not a modengine extension
[2024-06-05 01:30:42.611] [modengine] [info] Loaded external DLL C:\Users\CouchJockey\Documents\GitHub\ConvergenceER\Scripts-Data-Exposer-FS.dll
[2024-06-05 01:30:42.611] [modengine] [warning] External dll C:\Users\CouchJockey\Documents\GitHub\ConvergenceER\Scripts-Data-Exposer-FS.dll at base address 0x7ff801cb0000 is not a modengine extension
[2024-06-05 01:30:42.786] [modengine] [info] Loaded external DLL C:\Users\CouchJockey\Documents\GitHub\ConvergenceER\SkipTheIntro.dll
[2024-06-05 01:30:42.786] [modengine] [warning] External dll C:\Users\CouchJockey\Documents\GitHub\ConvergenceER\SkipTheIntro.dll at base address 0x7fffe9c00000 is not a modengine extension
[2024-06-05 01:30:42.786] [modengine] [info] Enabling extension base
[2024-06-05 01:30:42.786] [modengine] [info] Enabled extension base
[2024-06-05 01:30:42.786] [modengine] [info] Enabling extension mod_loader
[2024-06-05 01:30:42.786] [modengine] [info] Installing mod location mod
[2024-06-05 01:30:42.786] [modengine] [info] Resolved mod path to C:\Users\CouchJockey\Documents\GitHub\ConvergenceER\mod
[2024-06-05 01:30:42.786] [modengine] [info] Enabled extension mod_loader
[2024-06-05 01:30:42.834] [modengine] [info] Applied 3 hooks
[2024-06-05 01:30:42.836] [modengine] [info] Starting worker thread
[2024-06-05 02:26:14.195] [modengine] [info] Attempting to load global config at C:\Users\CouchJockey\Documents\GitHub\ConvergenceER\modengine2\config.toml
[2024-06-05 02:26:14.196] [modengine] [info] Attempting to load mod settings config at C:\Users\CouchJockey\Documents\GitHub\ConvergenceER\config_eldenring.toml
[2024-06-05 02:26:14.196] [modengine] [info] Local config loaded
[2024-06-05 02:26:14.196] [modengine] [info] ModEngine version 2.1.0-0924ab36f1311bf84e7e626740b4bf2c0d54909a initializing for Elden Ring
[2024-06-05 02:26:14.196] [modengine] [info] Local settings loaded: true, Global settings loaded: false
[2024-06-05 02:26:14.196] [modengine] [info] Main thread ID: 35216
[2024-06-05 02:26:14.200] [modengine] [info] Loaded external DLL C:\Users\CouchJockey\Documents\GitHub\ConvergenceER\ertransmogrify.dll
[2024-06-05 02:26:14.200] [modengine] [warning] External dll C:\Users\CouchJockey\Documents\GitHub\ConvergenceER\ertransmogrify.dll at base address 0x7fffe95a0000 is not a modengine extension
[2024-06-05 02:26:14.200] [modengine] [info] Loaded external DLL C:\Users\CouchJockey\Documents\GitHub\ConvergenceER\ErdTools.dll
[2024-06-05 02:26:14.200] [modengine] [warning] External dll C:\Users\CouchJockey\Documents\GitHub\ConvergenceER\ErdTools.dll at base address 0x7ffff1b70000 is not a modengine extension
[2024-06-05 02:26:14.276] [modengine] [info] Loaded external DLL C:\Users\CouchJockey\Documents\GitHub\ConvergenceER\Scripts-Data-Exposer-FS.dll
[2024-06-05 02:26:14.276] [modengine] [warning] External dll C:\Users\CouchJockey\Documents\GitHub\ConvergenceER\Scripts-Data-Exposer-FS.dll at base address 0x7ffff2050000 is not a modengine extension
[2024-06-05 02:26:14.276] [modengine] [info] Loaded external DLL C:\Users\CouchJockey\Documents\GitHub\ConvergenceER\SkipTheIntro.dll
[2024-06-05 02:26:14.276] [modengine] [warning] External dll C:\Users\CouchJockey\Documents\GitHub\ConvergenceER\SkipTheIntro.dll at base address 0x7fffe9d40000 is not a modengine extension
[2024-06-05 02:26:14.276] [modengine] [info] Enabling extension base
[2024-06-05 02:26:14.276] [modengine] [info] Enabled extension base
[2024-06-05 02:26:14.276] [modengine] [info] Enabling extension mod_loader
[2024-06-05 02:26:14.276] [modengine] [info] Installing mod location mod
[2024-06-05 02:26:14.276] [modengine] [info] Resolved mod path to C:\Users\CouchJockey\Documents\GitHub\ConvergenceER\mod
[2024-06-05 02:26:14.277] [modengine] [info] Enabled extension mod_loader
[2024-06-05 02:26:14.325] [modengine] [info] Applied 3 hooks
[2024-06-05 02:26:14.326] [modengine] [info] Starting worker thread
