[2024-11-17 02:50:33.620] [modengine] [info] Attempting to load global config at C:\Users\CouchJockey\Documents\GitHub\ConvergenceER\modengine2\config.toml
[2024-11-17 02:50:33.620] [modengine] [info] Attempting to load mod settings config at C:\Users\CouchJockey\Documents\GitHub\ConvergenceER\config_eldenring.toml
[2024-11-17 02:50:33.627] [modengine] [info] Local config loaded
[2024-11-17 02:50:33.628] [modengine] [info] ModEngine version 2.1.0-2440fc717d61eaee1549a9fc94e3109e6c016275 initializing for Elden Ring
[2024-11-17 02:50:33.628] [modengine] [info] Local settings loaded: true, Global settings loaded: false
[2024-11-17 02:50:33.628] [modengine] [info] Main thread ID: 11628
[2024-11-17 02:50:33.658] [modengine] [info] Loaded external DLL C:\Users\CouchJockey\Documents\GitHub\ConvergenceER\mod/ertransmogrify.dll
[2024-11-17 02:50:33.658] [modengine] [warning] External dll C:\Users\CouchJockey\Documents\GitHub\ConvergenceER\mod/ertransmogrify.dll at base address 0x7ffec6190000 is not a modengine extension
[2024-11-17 02:50:33.680] [modengine] [info] Loaded external DLL C:\Users\CouchJockey\Documents\GitHub\ConvergenceER\mod/ErdTools.dll
[2024-11-17 02:50:33.680] [modengine] [warning] External dll C:\Users\CouchJockey\Documents\GitHub\ConvergenceER\mod/ErdTools.dll at base address 0x7ffecc160000 is not a modengine extension
[2024-11-17 02:50:33.756] [modengine] [info] Loaded external DLL C:\Users\CouchJockey\Documents\GitHub\ConvergenceER\mod/Scripts-Data-Exposer-FS.dll
[2024-11-17 02:50:33.756] [modengine] [warning] External dll C:\Users\CouchJockey\Documents\GitHub\ConvergenceER\mod/Scripts-Data-Exposer-FS.dll at base address 0x7ffec63d0000 is not a modengine extension
[2024-11-17 02:50:33.930] [modengine] [info] Loaded external DLL C:\Users\CouchJockey\Documents\GitHub\ConvergenceER\mod/SkipTheIntro.dll
[2024-11-17 02:50:33.930] [modengine] [warning] External dll C:\Users\CouchJockey\Documents\GitHub\ConvergenceER\mod/SkipTheIntro.dll at base address 0x7ffec3d20000 is not a modengine extension
[2024-11-17 02:50:33.930] [modengine] [info] Enabling extension base
[2024-11-17 02:50:33.930] [modengine] [info] Enabled extension base
[2024-11-17 02:50:33.930] [modengine] [info] Enabling extension mod_loader
[2024-11-17 02:50:33.930] [modengine] [info] Installing mod location mod
[2024-11-17 02:50:33.930] [modengine] [info] Resolved mod path to C:\Users\CouchJockey\Documents\GitHub\ConvergenceER\mod
[2024-11-17 02:50:33.930] [modengine] [info] Enabled extension mod_loader
[2024-11-17 02:50:34.014] [modengine] [info] Applied 4 hooks
[2024-11-17 02:50:34.016] [modengine] [info] Starting worker thread
[2024-11-17 03:43:28.407] [modengine] [info] Attempting to load global config at C:\Users\CouchJockey\Documents\GitHub\ConvergenceER\modengine2\config.toml
[2024-11-17 03:43:28.407] [modengine] [info] Attempting to load mod settings config at C:\Users\CouchJockey\Documents\GitHub\ConvergenceER\config_eldenring.toml
[2024-11-17 03:43:28.407] [modengine] [info] Local config loaded
[2024-11-17 03:43:28.408] [modengine] [info] ModEngine version 2.1.0-2440fc717d61eaee1549a9fc94e3109e6c016275 initializing for Elden Ring
[2024-11-17 03:43:28.408] [modengine] [info] Local settings loaded: true, Global settings loaded: false
[2024-11-17 03:43:28.408] [modengine] [info] Main thread ID: 12808
[2024-11-17 03:43:28.411] [modengine] [info] Loaded external DLL C:\Users\CouchJockey\Documents\GitHub\ConvergenceER\mod/ertransmogrify.dll
[2024-11-17 03:43:28.411] [modengine] [warning] External dll C:\Users\CouchJockey\Documents\GitHub\ConvergenceER\mod/ertransmogrify.dll at base address 0x7ffe250c0000 is not a modengine extension
[2024-11-17 03:43:28.412] [modengine] [info] Loaded external DLL C:\Users\CouchJockey\Documents\GitHub\ConvergenceER\mod/ErdTools.dll
[2024-11-17 03:43:28.412] [modengine] [warning] External dll C:\Users\CouchJockey\Documents\GitHub\ConvergenceER\mod/ErdTools.dll at base address 0x7ffed1b20000 is not a modengine extension
[2024-11-17 03:43:28.476] [modengine] [info] Loaded external DLL C:\Users\CouchJockey\Documents\GitHub\ConvergenceER\mod/Scripts-Data-Exposer-FS.dll
[2024-11-17 03:43:28.476] [modengine] [warning] External dll C:\Users\CouchJockey\Documents\GitHub\ConvergenceER\mod/Scripts-Data-Exposer-FS.dll at base address 0x7ffed5580000 is not a modengine extension
[2024-11-17 03:43:28.477] [modengine] [info] Loaded external DLL C:\Users\CouchJockey\Documents\GitHub\ConvergenceER\mod/SkipTheIntro.dll
[2024-11-17 03:43:28.477] [modengine] [warning] External dll C:\Users\CouchJockey\Documents\GitHub\ConvergenceER\mod/SkipTheIntro.dll at base address 0x7ffe3c120000 is not a modengine extension
[2024-11-17 03:43:28.477] [modengine] [info] Enabling extension base
[2024-11-17 03:43:28.477] [modengine] [info] Enabled extension base
[2024-11-17 03:43:28.477] [modengine] [info] Enabling extension mod_loader
[2024-11-17 03:43:28.477] [modengine] [info] Installing mod location mod
[2024-11-17 03:43:28.477] [modengine] [info] Resolved mod path to C:\Users\CouchJockey\Documents\GitHub\ConvergenceER\mod
[2024-11-17 03:43:28.477] [modengine] [info] Enabled extension mod_loader
[2024-11-17 03:43:28.561] [modengine] [info] Applied 4 hooks
[2024-11-17 03:43:28.563] [modengine] [info] Starting worker thread
