[2024-07-17 13:15:16.114] [modengine] [info] Attempting to load global config at C:\Users\CouchJockey\Documents\GitHub\ConvergenceER\modengine2\config.toml
[2024-07-17 13:15:16.114] [modengine] [info] Attempting to load mod settings config at C:\Users\CouchJockey\Documents\GitHub\ConvergenceER\config_eldenring.toml
[2024-07-17 13:15:16.121] [modengine] [info] Local config loaded
[2024-07-17 13:15:16.121] [modengine] [info] ModEngine version 2.1.0-0924ab36f1311bf84e7e626740b4bf2c0d54909a initializing for Elden Ring
[2024-07-17 13:15:16.121] [modengine] [info] Local settings loaded: true, Global settings loaded: false
[2024-07-17 13:15:16.121] [modengine] [info] Main thread ID: 11892
[2024-07-17 13:15:16.150] [modengine] [info] Loaded external DLL C:\Users\CouchJockey\Documents\GitHub\ConvergenceER\ertransmogrify.dll
[2024-07-17 13:15:16.150] [modengine] [warning] External dll C:\Users\CouchJockey\Documents\GitHub\ConvergenceER\ertransmogrify.dll at base address 0x7fffc86b0000 is not a modengine extension
[2024-07-17 13:15:16.168] [modengine] [info] Loaded external DLL C:\Users\CouchJockey\Documents\GitHub\ConvergenceER\ErdTools.dll
[2024-07-17 13:15:16.168] [modengine] [warning] External dll C:\Users\CouchJockey\Documents\GitHub\ConvergenceER\ErdTools.dll at base address 0x7fffe32e0000 is not a modengine extension
[2024-07-17 13:15:16.260] [modengine] [info] Loaded external DLL C:\Users\CouchJockey\Documents\GitHub\ConvergenceER\Scripts-Data-Exposer-FS.dll
[2024-07-17 13:15:16.260] [modengine] [warning] External dll C:\Users\CouchJockey\Documents\GitHub\ConvergenceER\Scripts-Data-Exposer-FS.dll at base address 0x7ffff0db0000 is not a modengine extension
[2024-07-17 13:15:16.260] [modengine] [info] Enabling extension base
[2024-07-17 13:15:16.260] [modengine] [info] Enabled extension base
[2024-07-17 13:15:16.260] [modengine] [info] Enabling extension mod_loader
[2024-07-17 13:15:16.260] [modengine] [info] Installing mod location mod
[2024-07-17 13:15:16.260] [modengine] [info] Resolved mod path to C:\Users\CouchJockey\Documents\GitHub\ConvergenceER\mod
[2024-07-17 13:15:16.260] [modengine] [info] Enabled extension mod_loader
[2024-07-17 13:15:16.309] [modengine] [info] Applied 3 hooks
[2024-07-17 13:15:16.311] [modengine] [info] Starting worker thread
