[2024-10-21 00:57:01.709] [modengine] [info] Attempting to load global config at C:\Users\CouchJockey\Documents\GitHub\ConvergenceER\modengine2\config.toml
[2024-10-21 00:57:01.709] [modengine] [info] Attempting to load mod settings config at C:\Users\CouchJockey\Documents\GitHub\ConvergenceER\config_eldenring.toml
[2024-10-21 00:57:01.717] [modengine] [info] Local config loaded
[2024-10-21 00:57:01.717] [modengine] [info] ModEngine version 2.1.0-2440fc717d61eaee1549a9fc94e3109e6c016275 initializing for Elden Ring
[2024-10-21 00:57:01.717] [modengine] [info] Local settings loaded: true, Global settings loaded: false
[2024-10-21 00:57:01.717] [modengine] [info] Main thread ID: 24904
[2024-10-21 00:57:01.783] [modengine] [info] Loaded external DLL C:\Users\CouchJockey\Documents\GitHub\ConvergenceER\mod/ertransmogrify.dll
[2024-10-21 00:57:01.783] [modengine] [warning] External dll C:\Users\CouchJockey\Documents\GitHub\ConvergenceER\mod/ertransmogrify.dll at base address 0x7ffd3c2f0000 is not a modengine extension
[2024-10-21 00:57:01.804] [modengine] [info] Loaded external DLL C:\Users\CouchJockey\Documents\GitHub\ConvergenceER\mod/ErdTools.dll
[2024-10-21 00:57:01.804] [modengine] [warning] External dll C:\Users\CouchJockey\Documents\GitHub\ConvergenceER\mod/ErdTools.dll at base address 0x7ffd3c250000 is not a modengine extension
[2024-10-21 00:57:01.879] [modengine] [info] Loaded external DLL C:\Users\CouchJockey\Documents\GitHub\ConvergenceER\mod/Scripts-Data-Exposer-FS.dll
[2024-10-21 00:57:01.879] [modengine] [warning] External dll C:\Users\CouchJockey\Documents\GitHub\ConvergenceER\mod/Scripts-Data-Exposer-FS.dll at base address 0x7ffd56990000 is not a modengine extension
[2024-10-21 00:57:01.879] [modengine] [info] Enabling extension base
[2024-10-21 00:57:01.879] [modengine] [info] Enabled extension base
[2024-10-21 00:57:01.879] [modengine] [info] Enabling extension mod_loader
[2024-10-21 00:57:01.879] [modengine] [info] Installing mod location mod
[2024-10-21 00:57:01.879] [modengine] [info] Resolved mod path to C:\Users\CouchJockey\Documents\GitHub\ConvergenceER\mod
[2024-10-21 00:57:01.879] [modengine] [info] Enabled extension mod_loader
[2024-10-21 00:57:01.963] [modengine] [info] Applied 4 hooks
[2024-10-21 00:57:01.965] [modengine] [info] Starting worker thread
[2024-10-21 02:10:39.178] [modengine] [info] Attempting to load global config at C:\Users\CouchJockey\Documents\GitHub\ConvergenceER\modengine2\config.toml
[2024-10-21 02:10:39.178] [modengine] [info] Attempting to load mod settings config at C:\Users\CouchJockey\Documents\GitHub\ConvergenceER\config_eldenring.toml
[2024-10-21 02:10:39.184] [modengine] [info] Local config loaded
[2024-10-21 02:10:39.184] [modengine] [info] ModEngine version 2.1.0-2440fc717d61eaee1549a9fc94e3109e6c016275 initializing for Elden Ring
[2024-10-21 02:10:39.184] [modengine] [info] Local settings loaded: true, Global settings loaded: false
[2024-10-21 02:10:39.184] [modengine] [info] Main thread ID: 11648
[2024-10-21 02:10:39.210] [modengine] [info] Loaded external DLL C:\Users\CouchJockey\Documents\GitHub\ConvergenceER\mod/ertransmogrify.dll
[2024-10-21 02:10:39.210] [modengine] [warning] External dll C:\Users\CouchJockey\Documents\GitHub\ConvergenceER\mod/ertransmogrify.dll at base address 0x7ffd3c2f0000 is not a modengine extension
[2024-10-21 02:10:39.228] [modengine] [info] Loaded external DLL C:\Users\CouchJockey\Documents\GitHub\ConvergenceER\mod/ErdTools.dll
[2024-10-21 02:10:39.228] [modengine] [warning] External dll C:\Users\CouchJockey\Documents\GitHub\ConvergenceER\mod/ErdTools.dll at base address 0x7ffd3c250000 is not a modengine extension
[2024-10-21 02:10:39.306] [modengine] [info] Loaded external DLL C:\Users\CouchJockey\Documents\GitHub\ConvergenceER\mod/Scripts-Data-Exposer-FS.dll
[2024-10-21 02:10:39.306] [modengine] [warning] External dll C:\Users\CouchJockey\Documents\GitHub\ConvergenceER\mod/Scripts-Data-Exposer-FS.dll at base address 0x7ffd56990000 is not a modengine extension
[2024-10-21 02:10:39.306] [modengine] [info] Enabling extension base
[2024-10-21 02:10:39.306] [modengine] [info] Enabled extension base
[2024-10-21 02:10:39.306] [modengine] [info] Enabling extension mod_loader
[2024-10-21 02:10:39.306] [modengine] [info] Installing mod location mod
[2024-10-21 02:10:39.306] [modengine] [info] Resolved mod path to C:\Users\CouchJockey\Documents\GitHub\ConvergenceER\mod
[2024-10-21 02:10:39.306] [modengine] [info] Enabled extension mod_loader
[2024-10-21 02:10:39.389] [modengine] [info] Applied 4 hooks
[2024-10-21 02:10:39.391] [modengine] [info] Starting worker thread
[2024-10-21 10:04:16.140] [modengine] [info] Attempting to load global config at C:\Users\CouchJockey\Documents\GitHub\ConvergenceER\modengine2\config.toml
[2024-10-21 10:04:16.140] [modengine] [info] Attempting to load mod settings config at C:\Users\CouchJockey\Documents\GitHub\ConvergenceER\config_eldenring.toml
[2024-10-21 10:04:16.140] [modengine] [info] Local config loaded
[2024-10-21 10:04:16.140] [modengine] [info] ModEngine version 2.1.0-2440fc717d61eaee1549a9fc94e3109e6c016275 initializing for Elden Ring
[2024-10-21 10:04:16.140] [modengine] [info] Local settings loaded: true, Global settings loaded: false
[2024-10-21 10:04:16.140] [modengine] [info] Main thread ID: 27396
[2024-10-21 10:04:16.144] [modengine] [info] Loaded external DLL C:\Users\CouchJockey\Documents\GitHub\ConvergenceER\mod/ertransmogrify.dll
[2024-10-21 10:04:16.145] [modengine] [warning] External dll C:\Users\CouchJockey\Documents\GitHub\ConvergenceER\mod/ertransmogrify.dll at base address 0x7ffd1dfc0000 is not a modengine extension
[2024-10-21 10:04:16.145] [modengine] [info] Loaded external DLL C:\Users\CouchJockey\Documents\GitHub\ConvergenceER\mod/ErdTools.dll
[2024-10-21 10:04:16.145] [modengine] [warning] External dll C:\Users\CouchJockey\Documents\GitHub\ConvergenceER\mod/ErdTools.dll at base address 0x7ffd449e0000 is not a modengine extension
[2024-10-21 10:04:16.215] [modengine] [info] Loaded external DLL C:\Users\CouchJockey\Documents\GitHub\ConvergenceER\mod/Scripts-Data-Exposer-FS.dll
[2024-10-21 10:04:16.215] [modengine] [warning] External dll C:\Users\CouchJockey\Documents\GitHub\ConvergenceER\mod/Scripts-Data-Exposer-FS.dll at base address 0x7ffd3dfc0000 is not a modengine extension
[2024-10-21 10:04:16.215] [modengine] [info] Enabling extension base
[2024-10-21 10:04:16.215] [modengine] [info] Enabled extension base
[2024-10-21 10:04:16.215] [modengine] [info] Enabling extension mod_loader
[2024-10-21 10:04:16.215] [modengine] [info] Installing mod location mod
[2024-10-21 10:04:16.215] [modengine] [info] Resolved mod path to C:\Users\CouchJockey\Documents\GitHub\ConvergenceER\mod
[2024-10-21 10:04:16.215] [modengine] [info] Enabled extension mod_loader
[2024-10-21 10:04:16.303] [modengine] [info] Applied 4 hooks
[2024-10-21 10:04:16.305] [modengine] [info] Starting worker thread
[2024-10-21 10:31:56.899] [modengine] [info] Attempting to load global config at C:\Users\CouchJockey\Documents\GitHub\ConvergenceER\modengine2\config.toml
[2024-10-21 10:31:56.899] [modengine] [info] Attempting to load mod settings config at C:\Users\CouchJockey\Documents\GitHub\ConvergenceER\config_eldenring.toml
[2024-10-21 10:31:56.899] [modengine] [info] Local config loaded
[2024-10-21 10:31:56.900] [modengine] [info] ModEngine version 2.1.0-2440fc717d61eaee1549a9fc94e3109e6c016275 initializing for Elden Ring
[2024-10-21 10:31:56.900] [modengine] [info] Local settings loaded: true, Global settings loaded: false
[2024-10-21 10:31:56.900] [modengine] [info] Main thread ID: 21280
[2024-10-21 10:31:56.904] [modengine] [info] Loaded external DLL C:\Users\CouchJockey\Documents\GitHub\ConvergenceER\mod/ertransmogrify.dll
[2024-10-21 10:31:56.904] [modengine] [warning] External dll C:\Users\CouchJockey\Documents\GitHub\ConvergenceER\mod/ertransmogrify.dll at base address 0x7ffca6770000 is not a modengine extension
[2024-10-21 10:31:56.905] [modengine] [info] Loaded external DLL C:\Users\CouchJockey\Documents\GitHub\ConvergenceER\mod/ErdTools.dll
[2024-10-21 10:31:56.905] [modengine] [warning] External dll C:\Users\CouchJockey\Documents\GitHub\ConvergenceER\mod/ErdTools.dll at base address 0x7ffd206b0000 is not a modengine extension
[2024-10-21 10:31:56.979] [modengine] [info] Loaded external DLL C:\Users\CouchJockey\Documents\GitHub\ConvergenceER\mod/Scripts-Data-Exposer-FS.dll
[2024-10-21 10:31:56.979] [modengine] [warning] External dll C:\Users\CouchJockey\Documents\GitHub\ConvergenceER\mod/Scripts-Data-Exposer-FS.dll at base address 0x7ffd1db80000 is not a modengine extension
[2024-10-21 10:31:56.979] [modengine] [info] Enabling extension base
[2024-10-21 10:31:56.979] [modengine] [info] Enabled extension base
[2024-10-21 10:31:56.979] [modengine] [info] Enabling extension mod_loader
[2024-10-21 10:31:56.979] [modengine] [info] Installing mod location mod
[2024-10-21 10:31:56.979] [modengine] [info] Resolved mod path to C:\Users\CouchJockey\Documents\GitHub\ConvergenceER\mod
[2024-10-21 10:31:56.979] [modengine] [info] Enabled extension mod_loader
[2024-10-21 10:31:57.063] [modengine] [info] Applied 4 hooks
[2024-10-21 10:31:57.064] [modengine] [info] Starting worker thread
