[2025-01-24 06:50:14.562] [modengine] [info] Attempting to load global config at C:\Users\Bahme\Desktop\ConvergenceER\modengine2\config.toml
[2025-01-24 06:50:14.563] [modengine] [info] Attempting to load mod settings config at C:\Users\Bahme\Desktop\ConvergenceER\config_eldenring.toml
[2025-01-24 06:50:14.563] [modengine] [info] Local config loaded
[2025-01-24 06:50:14.563] [modengine] [info] ModEngine version 2.1.0-2440fc717d61eaee1549a9fc94e3109e6c016275 initializing for Elden Ring
[2025-01-24 06:50:14.563] [modengine] [info] Local settings loaded: true, Global settings loaded: false
[2025-01-24 06:50:14.563] [modengine] [info] Main thread ID: 20564
[2025-01-24 06:50:14.568] [modengine] [info] Loaded external DLL C:\Users\Bahme\Desktop\ConvergenceER\mod/ertransmogrify.dll
[2025-01-24 06:50:14.568] [modengine] [warning] External dll C:\Users\Bahme\Desktop\ConvergenceER\mod/ertransmogrify.dll at base address 0x7ffe929e0000 is not a modengine extension
[2025-01-24 06:50:14.569] [modengine] [info] Loaded external DLL C:\Users\Bahme\Desktop\ConvergenceER\mod/ErdTools.dll
[2025-01-24 06:50:14.569] [modengine] [warning] External dll C:\Users\Bahme\Desktop\ConvergenceER\mod/ErdTools.dll at base address 0x7ffe9d020000 is not a modengine extension
[2025-01-24 06:50:14.628] [modengine] [info] Loaded external DLL C:\Users\Bahme\Desktop\ConvergenceER\mod/eldenring_alt_saves.dll
[2025-01-24 06:50:14.628] [modengine] [warning] External dll C:\Users\Bahme\Desktop\ConvergenceER\mod/eldenring_alt_saves.dll at base address 0x7ffe2dba0000 is not a modengine extension
[2025-01-24 06:50:14.692] [modengine] [info] Loaded external DLL C:\Users\Bahme\Desktop\ConvergenceER\mod/Scripts-Data-Exposer-FS.dll
[2025-01-24 06:50:14.692] [modengine] [warning] External dll C:\Users\Bahme\Desktop\ConvergenceER\mod/Scripts-Data-Exposer-FS.dll at base address 0x7ffe929c0000 is not a modengine extension
[2025-01-24 06:50:14.694] [modengine] [info] Loaded external DLL C:\Users\Bahme\Desktop\ConvergenceER\mod/erdyes.dll
[2025-01-24 06:50:14.694] [modengine] [warning] External dll C:\Users\Bahme\Desktop\ConvergenceER\mod/erdyes.dll at base address 0x7ffe328d0000 is not a modengine extension
[2025-01-24 06:50:14.694] [modengine] [info] Enabling extension base
[2025-01-24 06:50:14.694] [modengine] [info] Enabled extension base
[2025-01-24 06:50:14.695] [modengine] [info] Enabling extension mod_loader
[2025-01-24 06:50:14.695] [modengine] [info] Installing mod location mod
[2025-01-24 06:50:14.695] [modengine] [info] Resolved mod path to C:\Users\Bahme\Desktop\ConvergenceER\mod
[2025-01-24 06:50:14.695] [modengine] [info] Enabled extension mod_loader
[2025-01-24 06:50:14.808] [modengine] [info] Applied 4 hooks
[2025-01-24 06:50:14.809] [modengine] [info] Starting worker thread
[2025-01-24 06:56:07.314] [modengine] [info] Attempting to load global config at C:\Users\Bahme\Desktop\ConvergenceER\modengine2\config.toml
[2025-01-24 06:56:07.314] [modengine] [info] Attempting to load mod settings config at C:\Users\Bahme\Desktop\ConvergenceER\config_eldenring.toml
[2025-01-24 06:56:07.314] [modengine] [info] Local config loaded
[2025-01-24 06:56:07.314] [modengine] [info] ModEngine version 2.1.0-2440fc717d61eaee1549a9fc94e3109e6c016275 initializing for Elden Ring
[2025-01-24 06:56:07.314] [modengine] [info] Local settings loaded: true, Global settings loaded: false
[2025-01-24 06:56:07.314] [modengine] [info] Main thread ID: 14072
[2025-01-24 06:56:07.319] [modengine] [info] Loaded external DLL C:\Users\Bahme\Desktop\ConvergenceER\mod/ertransmogrify.dll
[2025-01-24 06:56:07.319] [modengine] [warning] External dll C:\Users\Bahme\Desktop\ConvergenceER\mod/ertransmogrify.dll at base address 0x7ffe2dbd0000 is not a modengine extension
[2025-01-24 06:56:07.320] [modengine] [info] Loaded external DLL C:\Users\Bahme\Desktop\ConvergenceER\mod/ErdTools.dll
[2025-01-24 06:56:07.320] [modengine] [warning] External dll C:\Users\Bahme\Desktop\ConvergenceER\mod/ErdTools.dll at base address 0x7ffe794d0000 is not a modengine extension
[2025-01-24 06:56:07.380] [modengine] [info] Loaded external DLL C:\Users\Bahme\Desktop\ConvergenceER\mod/eldenring_alt_saves.dll
[2025-01-24 06:56:07.380] [modengine] [warning] External dll C:\Users\Bahme\Desktop\ConvergenceER\mod/eldenring_alt_saves.dll at base address 0x7ffe2d210000 is not a modengine extension
[2025-01-24 06:56:07.451] [modengine] [info] Loaded external DLL C:\Users\Bahme\Desktop\ConvergenceER\mod/Scripts-Data-Exposer-FS.dll
[2025-01-24 06:56:07.451] [modengine] [warning] External dll C:\Users\Bahme\Desktop\ConvergenceER\mod/Scripts-Data-Exposer-FS.dll at base address 0x7ffea4000000 is not a modengine extension
[2025-01-24 06:56:07.452] [modengine] [info] Loaded external DLL C:\Users\Bahme\Desktop\ConvergenceER\mod/erdyes.dll
[2025-01-24 06:56:07.452] [modengine] [warning] External dll C:\Users\Bahme\Desktop\ConvergenceER\mod/erdyes.dll at base address 0x7ffe92d80000 is not a modengine extension
[2025-01-24 06:56:07.452] [modengine] [info] Enabling extension base
[2025-01-24 06:56:07.452] [modengine] [info] Enabled extension base
[2025-01-24 06:56:07.452] [modengine] [info] Enabling extension mod_loader
[2025-01-24 06:56:07.452] [modengine] [info] Installing mod location mod
[2025-01-24 06:56:07.452] [modengine] [info] Resolved mod path to C:\Users\Bahme\Desktop\ConvergenceER\mod
[2025-01-24 06:56:07.452] [modengine] [info] Enabled extension mod_loader
[2025-01-24 06:56:07.557] [modengine] [info] Applied 4 hooks
[2025-01-24 06:56:07.558] [modengine] [info] Starting worker thread
[2025-01-24 07:05:09.100] [modengine] [info] Attempting to load global config at C:\Users\Bahme\Desktop\ConvergenceER\modengine2\config.toml
[2025-01-24 07:05:09.101] [modengine] [info] Attempting to load mod settings config at C:\Users\Bahme\Desktop\ConvergenceER\config_eldenring.toml
[2025-01-24 07:05:09.101] [modengine] [info] Local config loaded
[2025-01-24 07:05:09.101] [modengine] [info] ModEngine version 2.1.0-2440fc717d61eaee1549a9fc94e3109e6c016275 initializing for Elden Ring
[2025-01-24 07:05:09.101] [modengine] [info] Local settings loaded: true, Global settings loaded: false
[2025-01-24 07:05:09.101] [modengine] [info] Main thread ID: 20816
[2025-01-24 07:05:09.104] [modengine] [info] Loaded external DLL C:\Users\Bahme\Desktop\ConvergenceER\mod/ertransmogrify.dll
[2025-01-24 07:05:09.104] [modengine] [warning] External dll C:\Users\Bahme\Desktop\ConvergenceER\mod/ertransmogrify.dll at base address 0x7ffe2dbd0000 is not a modengine extension
[2025-01-24 07:05:09.106] [modengine] [info] Loaded external DLL C:\Users\Bahme\Desktop\ConvergenceER\mod/ErdTools.dll
[2025-01-24 07:05:09.106] [modengine] [warning] External dll C:\Users\Bahme\Desktop\ConvergenceER\mod/ErdTools.dll at base address 0x7ffe8d200000 is not a modengine extension
[2025-01-24 07:05:09.163] [modengine] [info] Loaded external DLL C:\Users\Bahme\Desktop\ConvergenceER\mod/eldenring_alt_saves.dll
[2025-01-24 07:05:09.163] [modengine] [warning] External dll C:\Users\Bahme\Desktop\ConvergenceER\mod/eldenring_alt_saves.dll at base address 0x7ffe2d210000 is not a modengine extension
[2025-01-24 07:05:09.235] [modengine] [info] Loaded external DLL C:\Users\Bahme\Desktop\ConvergenceER\mod/Scripts-Data-Exposer-FS.dll
[2025-01-24 07:05:09.235] [modengine] [warning] External dll C:\Users\Bahme\Desktop\ConvergenceER\mod/Scripts-Data-Exposer-FS.dll at base address 0x7ffea4010000 is not a modengine extension
[2025-01-24 07:05:09.236] [modengine] [info] Loaded external DLL C:\Users\Bahme\Desktop\ConvergenceER\mod/erdyes.dll
[2025-01-24 07:05:09.236] [modengine] [warning] External dll C:\Users\Bahme\Desktop\ConvergenceER\mod/erdyes.dll at base address 0x7ffe92da0000 is not a modengine extension
[2025-01-24 07:05:09.236] [modengine] [info] Enabling extension base
[2025-01-24 07:05:09.236] [modengine] [info] Enabled extension base
[2025-01-24 07:05:09.236] [modengine] [info] Enabling extension mod_loader
[2025-01-24 07:05:09.237] [modengine] [info] Installing mod location mod
[2025-01-24 07:05:09.237] [modengine] [info] Resolved mod path to C:\Users\Bahme\Desktop\ConvergenceER\mod
[2025-01-24 07:05:09.237] [modengine] [info] Enabled extension mod_loader
[2025-01-24 07:05:09.333] [modengine] [info] Applied 4 hooks
[2025-01-24 07:05:09.335] [modengine] [info] Starting worker thread
[2025-01-24 07:38:18.513] [modengine] [info] Attempting to load global config at C:\Users\Bahme\Desktop\ConvergenceER\modengine2\config.toml
[2025-01-24 07:38:18.513] [modengine] [info] Attempting to load mod settings config at C:\Users\Bahme\Desktop\ConvergenceER\config_eldenring.toml
[2025-01-24 07:38:18.514] [modengine] [info] Local config loaded
[2025-01-24 07:38:18.514] [modengine] [info] ModEngine version 2.1.0-2440fc717d61eaee1549a9fc94e3109e6c016275 initializing for Elden Ring
[2025-01-24 07:38:18.514] [modengine] [info] Local settings loaded: true, Global settings loaded: false
[2025-01-24 07:38:18.514] [modengine] [info] Main thread ID: 20024
[2025-01-24 07:38:18.518] [modengine] [info] Loaded external DLL C:\Users\Bahme\Desktop\ConvergenceER\mod/ertransmogrify.dll
[2025-01-24 07:38:18.518] [modengine] [warning] External dll C:\Users\Bahme\Desktop\ConvergenceER\mod/ertransmogrify.dll at base address 0x7ffe3b4d0000 is not a modengine extension
[2025-01-24 07:38:18.519] [modengine] [info] Loaded external DLL C:\Users\Bahme\Desktop\ConvergenceER\mod/ErdTools.dll
[2025-01-24 07:38:18.519] [modengine] [warning] External dll C:\Users\Bahme\Desktop\ConvergenceER\mod/ErdTools.dll at base address 0x7ffe5b590000 is not a modengine extension
[2025-01-24 07:38:18.578] [modengine] [info] Loaded external DLL C:\Users\Bahme\Desktop\ConvergenceER\mod/eldenring_alt_saves.dll
[2025-01-24 07:38:18.578] [modengine] [warning] External dll C:\Users\Bahme\Desktop\ConvergenceER\mod/eldenring_alt_saves.dll at base address 0x7ffe354d0000 is not a modengine extension
[2025-01-24 07:38:18.643] [modengine] [info] Loaded external DLL C:\Users\Bahme\Desktop\ConvergenceER\mod/Scripts-Data-Exposer-FS.dll
[2025-01-24 07:38:18.643] [modengine] [warning] External dll C:\Users\Bahme\Desktop\ConvergenceER\mod/Scripts-Data-Exposer-FS.dll at base address 0x7ffe9e2f0000 is not a modengine extension
[2025-01-24 07:38:18.644] [modengine] [info] Loaded external DLL C:\Users\Bahme\Desktop\ConvergenceER\mod/erdyes.dll
[2025-01-24 07:38:18.645] [modengine] [warning] External dll C:\Users\Bahme\Desktop\ConvergenceER\mod/erdyes.dll at base address 0x7ffe92db0000 is not a modengine extension
[2025-01-24 07:38:18.645] [modengine] [info] Enabling extension base
[2025-01-24 07:38:18.645] [modengine] [info] Enabled extension base
[2025-01-24 07:38:18.645] [modengine] [info] Enabling extension mod_loader
[2025-01-24 07:38:18.645] [modengine] [info] Installing mod location mod
[2025-01-24 07:38:18.645] [modengine] [info] Resolved mod path to C:\Users\Bahme\Desktop\ConvergenceER\mod
[2025-01-24 07:38:18.645] [modengine] [info] Enabled extension mod_loader
[2025-01-24 07:38:18.745] [modengine] [info] Applied 4 hooks
[2025-01-24 07:38:18.747] [modengine] [info] Starting worker thread
[2025-01-24 08:31:39.655] [modengine] [info] Attempting to load global config at C:\Users\Bahme\Desktop\ConvergenceER\modengine2\config.toml
[2025-01-24 08:31:39.655] [modengine] [info] Attempting to load mod settings config at C:\Users\Bahme\Desktop\ConvergenceER\config_eldenring.toml
[2025-01-24 08:31:39.655] [modengine] [info] Local config loaded
[2025-01-24 08:31:39.655] [modengine] [info] ModEngine version 2.1.0-2440fc717d61eaee1549a9fc94e3109e6c016275 initializing for Elden Ring
[2025-01-24 08:31:39.655] [modengine] [info] Local settings loaded: true, Global settings loaded: false
[2025-01-24 08:31:39.655] [modengine] [info] Main thread ID: 21644
[2025-01-24 08:31:39.659] [modengine] [info] Loaded external DLL C:\Users\Bahme\Desktop\ConvergenceER\mod/ertransmogrify.dll
[2025-01-24 08:31:39.659] [modengine] [warning] External dll C:\Users\Bahme\Desktop\ConvergenceER\mod/ertransmogrify.dll at base address 0x7ffe35500000 is not a modengine extension
[2025-01-24 08:31:39.660] [modengine] [info] Loaded external DLL C:\Users\Bahme\Desktop\ConvergenceER\mod/ErdTools.dll
[2025-01-24 08:31:39.660] [modengine] [warning] External dll C:\Users\Bahme\Desktop\ConvergenceER\mod/ErdTools.dll at base address 0x7ffe92d30000 is not a modengine extension
[2025-01-24 08:31:39.715] [modengine] [info] Loaded external DLL C:\Users\Bahme\Desktop\ConvergenceER\mod/eldenring_alt_saves.dll
[2025-01-24 08:31:39.715] [modengine] [warning] External dll C:\Users\Bahme\Desktop\ConvergenceER\mod/eldenring_alt_saves.dll at base address 0x7ffe2d050000 is not a modengine extension
[2025-01-24 08:31:39.780] [modengine] [info] Loaded external DLL C:\Users\Bahme\Desktop\ConvergenceER\mod/Scripts-Data-Exposer-FS.dll
[2025-01-24 08:31:39.780] [modengine] [warning] External dll C:\Users\Bahme\Desktop\ConvergenceER\mod/Scripts-Data-Exposer-FS.dll at base address 0x7ffe92940000 is not a modengine extension
[2025-01-24 08:31:39.781] [modengine] [info] Loaded external DLL C:\Users\Bahme\Desktop\ConvergenceER\mod/erdyes.dll
[2025-01-24 08:31:39.781] [modengine] [warning] External dll C:\Users\Bahme\Desktop\ConvergenceER\mod/erdyes.dll at base address 0x7ffe328d0000 is not a modengine extension
[2025-01-24 08:31:39.781] [modengine] [info] Enabling extension base
[2025-01-24 08:31:39.781] [modengine] [info] Enabled extension base
[2025-01-24 08:31:39.781] [modengine] [info] Enabling extension mod_loader
[2025-01-24 08:31:39.781] [modengine] [info] Installing mod location mod
[2025-01-24 08:31:39.781] [modengine] [info] Resolved mod path to C:\Users\Bahme\Desktop\ConvergenceER\mod
[2025-01-24 08:31:39.781] [modengine] [info] Enabled extension mod_loader
[2025-01-24 08:31:39.881] [modengine] [info] Applied 4 hooks
[2025-01-24 08:31:39.883] [modengine] [info] Starting worker thread
[2025-01-24 09:01:11.169] [modengine] [info] Attempting to load global config at C:\Users\Bahme\Desktop\ConvergenceER\modengine2\config.toml
[2025-01-24 09:01:11.169] [modengine] [info] Attempting to load mod settings config at C:\Users\Bahme\Desktop\ConvergenceER\config_eldenring.toml
[2025-01-24 09:01:11.169] [modengine] [info] Local config loaded
[2025-01-24 09:01:11.169] [modengine] [info] ModEngine version 2.1.0-2440fc717d61eaee1549a9fc94e3109e6c016275 initializing for Elden Ring
[2025-01-24 09:01:11.169] [modengine] [info] Local settings loaded: true, Global settings loaded: false
[2025-01-24 09:01:11.169] [modengine] [info] Main thread ID: 7992
[2025-01-24 09:01:11.173] [modengine] [info] Loaded external DLL C:\Users\Bahme\Desktop\ConvergenceER\mod/ertransmogrify.dll
[2025-01-24 09:01:11.173] [modengine] [warning] External dll C:\Users\Bahme\Desktop\ConvergenceER\mod/ertransmogrify.dll at base address 0x7ffe92a20000 is not a modengine extension
[2025-01-24 09:01:11.174] [modengine] [info] Loaded external DLL C:\Users\Bahme\Desktop\ConvergenceER\mod/ErdTools.dll
[2025-01-24 09:01:11.174] [modengine] [warning] External dll C:\Users\Bahme\Desktop\ConvergenceER\mod/ErdTools.dll at base address 0x7ffe986b0000 is not a modengine extension
[2025-01-24 09:01:11.230] [modengine] [info] Loaded external DLL C:\Users\Bahme\Desktop\ConvergenceER\mod/eldenring_alt_saves.dll
[2025-01-24 09:01:11.230] [modengine] [warning] External dll C:\Users\Bahme\Desktop\ConvergenceER\mod/eldenring_alt_saves.dll at base address 0x7ffe354d0000 is not a modengine extension
[2025-01-24 09:01:11.287] [modengine] [info] Loaded external DLL C:\Users\Bahme\Desktop\ConvergenceER\mod/Scripts-Data-Exposer-FS.dll
[2025-01-24 09:01:11.287] [modengine] [warning] External dll C:\Users\Bahme\Desktop\ConvergenceER\mod/Scripts-Data-Exposer-FS.dll at base address 0x7ffe9d010000 is not a modengine extension
[2025-01-24 09:01:11.288] [modengine] [info] Loaded external DLL C:\Users\Bahme\Desktop\ConvergenceER\mod/erdyes.dll
[2025-01-24 09:01:11.288] [modengine] [warning] External dll C:\Users\Bahme\Desktop\ConvergenceER\mod/erdyes.dll at base address 0x7ffe92c00000 is not a modengine extension
[2025-01-24 09:01:11.288] [modengine] [info] Enabling extension base
[2025-01-24 09:01:11.288] [modengine] [info] Enabled extension base
[2025-01-24 09:01:11.289] [modengine] [info] Enabling extension mod_loader
[2025-01-24 09:01:11.289] [modengine] [info] Installing mod location mod
[2025-01-24 09:01:11.289] [modengine] [info] Resolved mod path to C:\Users\Bahme\Desktop\ConvergenceER\mod
[2025-01-24 09:01:11.289] [modengine] [info] Enabled extension mod_loader
[2025-01-24 09:01:11.383] [modengine] [info] Applied 4 hooks
[2025-01-24 09:01:11.385] [modengine] [info] Starting worker thread
