[2024-07-25 05:34:13.116] [modengine] [info] Attempting to load global config at C:\Users\CouchJockey\Documents\GitHub\ConvergenceER\modengine2\config.toml
[2024-07-25 05:34:13.116] [modengine] [info] Attempting to load mod settings config at C:\Users\CouchJockey\Documents\GitHub\ConvergenceER\config_eldenring.toml
[2024-07-25 05:34:13.117] [modengine] [info] Local config loaded
[2024-07-25 05:34:13.117] [modengine] [info] ModEngine version 2.1.0-0924ab36f1311bf84e7e626740b4bf2c0d54909a initializing for Elden Ring
[2024-07-25 05:34:13.117] [modengine] [info] Local settings loaded: true, Global settings loaded: false
[2024-07-25 05:34:13.117] [modengine] [info] Main thread ID: 25832
[2024-07-25 05:34:13.121] [modengine] [info] Loaded external DLL C:\Users\CouchJockey\Documents\GitHub\ConvergenceER\ertransmogrify.dll
[2024-07-25 05:34:13.121] [modengine] [warning] External dll C:\Users\CouchJockey\Documents\GitHub\ConvergenceER\ertransmogrify.dll at base address 0x7fffc6c50000 is not a modengine extension
[2024-07-25 05:34:13.122] [modengine] [info] Loaded external DLL C:\Users\CouchJockey\Documents\GitHub\ConvergenceER\ErdTools.dll
[2024-07-25 05:34:13.122] [modengine] [warning] External dll C:\Users\CouchJockey\Documents\GitHub\ConvergenceER\ErdTools.dll at base address 0x7fffe3950000 is not a modengine extension
[2024-07-25 05:34:13.196] [modengine] [info] Loaded external DLL C:\Users\CouchJockey\Documents\GitHub\ConvergenceER\Scripts-Data-Exposer-FS.dll
[2024-07-25 05:34:13.196] [modengine] [warning] External dll C:\Users\CouchJockey\Documents\GitHub\ConvergenceER\Scripts-Data-Exposer-FS.dll at base address 0x7fffe9020000 is not a modengine extension
[2024-07-25 05:34:13.196] [modengine] [info] Enabling extension base
[2024-07-25 05:34:13.196] [modengine] [info] Enabled extension base
[2024-07-25 05:34:13.196] [modengine] [info] Enabling extension mod_loader
[2024-07-25 05:34:13.196] [modengine] [info] Installing mod location mod
[2024-07-25 05:34:13.196] [modengine] [info] Resolved mod path to C:\Users\CouchJockey\Documents\GitHub\ConvergenceER\mod
[2024-07-25 05:34:13.196] [modengine] [info] Enabled extension mod_loader
[2024-07-25 05:34:13.244] [modengine] [info] Applied 3 hooks
[2024-07-25 05:34:13.245] [modengine] [info] Starting worker thread
