[2024-08-20 06:09:12.926] [modengine] [info] Attempting to load global config at C:\Users\CouchJockey\Documents\GitHub\ConvergenceER\modengine2\config.toml
[2024-08-20 06:09:12.926] [modengine] [info] Attempting to load mod settings config at C:\Users\CouchJockey\Documents\GitHub\ConvergenceER\config_eldenring.toml
[2024-08-20 06:09:12.931] [modengine] [info] Local config loaded
[2024-08-20 06:09:12.932] [modengine] [info] ModEngine version 2.1.0-0924ab36f1311bf84e7e626740b4bf2c0d54909a initializing for Elden Ring
[2024-08-20 06:09:12.932] [modengine] [info] Local settings loaded: true, Global settings loaded: false
[2024-08-20 06:09:12.932] [modengine] [info] Main thread ID: 30188
[2024-08-20 06:09:12.964] [modengine] [info] Loaded external DLL C:\Users\CouchJockey\Documents\GitHub\ConvergenceER\ertransmogrify.dll
[2024-08-20 06:09:12.964] [modengine] [warning] External dll C:\Users\CouchJockey\Documents\GitHub\ConvergenceER\ertransmogrify.dll at base address 0x7fffc6d50000 is not a modengine extension
[2024-08-20 06:09:12.989] [modengine] [info] Loaded external DLL C:\Users\CouchJockey\Documents\GitHub\ConvergenceER\ErdTools.dll
[2024-08-20 06:09:12.989] [modengine] [warning] External dll C:\Users\CouchJockey\Documents\GitHub\ConvergenceER\ErdTools.dll at base address 0x7fffd0110000 is not a modengine extension
[2024-08-20 06:09:13.082] [modengine] [info] Loaded external DLL C:\Users\CouchJockey\Documents\GitHub\ConvergenceER\Scripts-Data-Exposer-FS.dll
[2024-08-20 06:09:13.082] [modengine] [warning] External dll C:\Users\CouchJockey\Documents\GitHub\ConvergenceER\Scripts-Data-Exposer-FS.dll at base address 0x7fffe0bc0000 is not a modengine extension
[2024-08-20 06:09:13.082] [modengine] [info] Enabling extension base
[2024-08-20 06:09:13.082] [modengine] [info] Enabled extension base
[2024-08-20 06:09:13.082] [modengine] [info] Enabling extension mod_loader
[2024-08-20 06:09:13.082] [modengine] [info] Installing mod location mod
[2024-08-20 06:09:13.082] [modengine] [info] Resolved mod path to C:\Users\CouchJockey\Documents\GitHub\ConvergenceER\mod
[2024-08-20 06:09:13.082] [modengine] [info] Enabled extension mod_loader
[2024-08-20 06:09:13.131] [modengine] [info] Applied 3 hooks
[2024-08-20 06:09:13.132] [modengine] [info] Starting worker thread
