[2024-08-18 01:01:52.126] [modengine] [info] Attempting to load global config at C:\Users\CouchJockey\Documents\GitHub\ConvergenceER\modengine2\config.toml
[2024-08-18 01:01:52.126] [modengine] [info] Attempting to load mod settings config at C:\Users\CouchJockey\Documents\GitHub\ConvergenceER\config_eldenring.toml
[2024-08-18 01:01:52.132] [modengine] [info] Local config loaded
[2024-08-18 01:01:52.132] [modengine] [info] ModEngine version 2.1.0-0924ab36f1311bf84e7e626740b4bf2c0d54909a initializing for Elden Ring
[2024-08-18 01:01:52.132] [modengine] [info] Local settings loaded: true, Global settings loaded: false
[2024-08-18 01:01:52.133] [modengine] [info] Main thread ID: 32276
[2024-08-18 01:01:52.172] [modengine] [info] Loaded external DLL C:\Users\CouchJockey\Documents\GitHub\ConvergenceER\ertransmogrify.dll
[2024-08-18 01:01:52.172] [modengine] [warning] External dll C:\Users\CouchJockey\Documents\GitHub\ConvergenceER\ertransmogrify.dll at base address 0x7fffe8890000 is not a modengine extension
[2024-08-18 01:01:52.197] [modengine] [info] Loaded external DLL C:\Users\CouchJockey\Documents\GitHub\ConvergenceER\ErdTools.dll
[2024-08-18 01:01:52.197] [modengine] [warning] External dll C:\Users\CouchJockey\Documents\GitHub\ConvergenceER\ErdTools.dll at base address 0x7ffffe870000 is not a modengine extension
[2024-08-18 01:01:52.286] [modengine] [info] Loaded external DLL C:\Users\CouchJockey\Documents\GitHub\ConvergenceER\Scripts-Data-Exposer-FS.dll
[2024-08-18 01:01:52.286] [modengine] [warning] External dll C:\Users\CouchJockey\Documents\GitHub\ConvergenceER\Scripts-Data-Exposer-FS.dll at base address 0x7ff807a10000 is not a modengine extension
[2024-08-18 01:01:52.286] [modengine] [info] Enabling extension base
[2024-08-18 01:01:52.286] [modengine] [info] Enabled extension base
[2024-08-18 01:01:52.286] [modengine] [info] Enabling extension mod_loader
[2024-08-18 01:01:52.286] [modengine] [info] Installing mod location mod
[2024-08-18 01:01:52.286] [modengine] [info] Resolved mod path to C:\Users\CouchJockey\Documents\GitHub\ConvergenceER\mod
[2024-08-18 01:01:52.286] [modengine] [info] Enabled extension mod_loader
[2024-08-18 01:01:52.334] [modengine] [info] Applied 3 hooks
[2024-08-18 01:01:52.335] [modengine] [info] Starting worker thread
[2024-08-18 02:19:03.047] [modengine] [info] Attempting to load global config at C:\Users\CouchJockey\Documents\GitHub\ConvergenceER\modengine2\config.toml
[2024-08-18 02:19:03.047] [modengine] [info] Attempting to load mod settings config at C:\Users\CouchJockey\Documents\GitHub\ConvergenceER\config_eldenring.toml
[2024-08-18 02:19:03.047] [modengine] [info] Local config loaded
[2024-08-18 02:19:03.047] [modengine] [info] ModEngine version 2.1.0-0924ab36f1311bf84e7e626740b4bf2c0d54909a initializing for Elden Ring
[2024-08-18 02:19:03.047] [modengine] [info] Local settings loaded: true, Global settings loaded: false
[2024-08-18 02:19:03.047] [modengine] [info] Main thread ID: 34484
[2024-08-18 02:19:03.051] [modengine] [info] Loaded external DLL C:\Users\CouchJockey\Documents\GitHub\ConvergenceER\ertransmogrify.dll
[2024-08-18 02:19:03.051] [modengine] [warning] External dll C:\Users\CouchJockey\Documents\GitHub\ConvergenceER\ertransmogrify.dll at base address 0x7fffe88a0000 is not a modengine extension
[2024-08-18 02:19:03.052] [modengine] [info] Loaded external DLL C:\Users\CouchJockey\Documents\GitHub\ConvergenceER\ErdTools.dll
[2024-08-18 02:19:03.052] [modengine] [warning] External dll C:\Users\CouchJockey\Documents\GitHub\ConvergenceER\ErdTools.dll at base address 0x7ffffe870000 is not a modengine extension
[2024-08-18 02:19:03.131] [modengine] [info] Loaded external DLL C:\Users\CouchJockey\Documents\GitHub\ConvergenceER\Scripts-Data-Exposer-FS.dll
[2024-08-18 02:19:03.131] [modengine] [warning] External dll C:\Users\CouchJockey\Documents\GitHub\ConvergenceER\Scripts-Data-Exposer-FS.dll at base address 0x7ff807a10000 is not a modengine extension
[2024-08-18 02:19:03.131] [modengine] [info] Enabling extension base
[2024-08-18 02:19:03.131] [modengine] [info] Enabled extension base
[2024-08-18 02:19:03.131] [modengine] [info] Enabling extension mod_loader
[2024-08-18 02:19:03.131] [modengine] [info] Installing mod location mod
[2024-08-18 02:19:03.131] [modengine] [info] Resolved mod path to C:\Users\CouchJockey\Documents\GitHub\ConvergenceER\mod
[2024-08-18 02:19:03.131] [modengine] [info] Enabled extension mod_loader
[2024-08-18 02:19:03.178] [modengine] [info] Applied 3 hooks
[2024-08-18 02:19:03.180] [modengine] [info] Starting worker thread
[2024-08-18 03:03:23.085] [modengine] [info] Attempting to load global config at C:\Users\CouchJockey\Documents\GitHub\ConvergenceER\modengine2\config.toml
[2024-08-18 03:03:23.085] [modengine] [info] Attempting to load mod settings config at C:\Users\CouchJockey\Documents\GitHub\ConvergenceER\config_eldenring.toml
[2024-08-18 03:03:23.085] [modengine] [info] Local config loaded
[2024-08-18 03:03:23.085] [modengine] [info] ModEngine version 2.1.0-0924ab36f1311bf84e7e626740b4bf2c0d54909a initializing for Elden Ring
[2024-08-18 03:03:23.085] [modengine] [info] Local settings loaded: true, Global settings loaded: false
[2024-08-18 03:03:23.085] [modengine] [info] Main thread ID: 17640
[2024-08-18 03:03:23.089] [modengine] [info] Loaded external DLL C:\Users\CouchJockey\Documents\GitHub\ConvergenceER\ertransmogrify.dll
[2024-08-18 03:03:23.089] [modengine] [warning] External dll C:\Users\CouchJockey\Documents\GitHub\ConvergenceER\ertransmogrify.dll at base address 0x7fffe8fb0000 is not a modengine extension
[2024-08-18 03:03:23.090] [modengine] [info] Loaded external DLL C:\Users\CouchJockey\Documents\GitHub\ConvergenceER\ErdTools.dll
[2024-08-18 03:03:23.090] [modengine] [warning] External dll C:\Users\CouchJockey\Documents\GitHub\ConvergenceER\ErdTools.dll at base address 0x7ffffe870000 is not a modengine extension
[2024-08-18 03:03:23.169] [modengine] [info] Loaded external DLL C:\Users\CouchJockey\Documents\GitHub\ConvergenceER\Scripts-Data-Exposer-FS.dll
[2024-08-18 03:03:23.169] [modengine] [warning] External dll C:\Users\CouchJockey\Documents\GitHub\ConvergenceER\Scripts-Data-Exposer-FS.dll at base address 0x7ff808ea0000 is not a modengine extension
[2024-08-18 03:03:23.169] [modengine] [info] Enabling extension base
[2024-08-18 03:03:23.169] [modengine] [info] Enabled extension base
[2024-08-18 03:03:23.169] [modengine] [info] Enabling extension mod_loader
[2024-08-18 03:03:23.169] [modengine] [info] Installing mod location mod
[2024-08-18 03:03:23.169] [modengine] [info] Resolved mod path to C:\Users\CouchJockey\Documents\GitHub\ConvergenceER\mod
[2024-08-18 03:03:23.169] [modengine] [info] Enabled extension mod_loader
[2024-08-18 03:03:23.217] [modengine] [info] Applied 3 hooks
[2024-08-18 03:03:23.218] [modengine] [info] Starting worker thread
