[2025-02-11 20:12:55.406] [modengine] [info] Attempting to load global config at C:\Users\Vibezzify\Desktop\CCW 3.5x\modengine2\config.toml
[2025-02-11 20:12:55.407] [modengine] [info] Attempting to load mod settings config at C:\Users\Vibezzify\Desktop\CCW 3.5x\config_eldenring.toml
[2025-02-11 20:12:55.414] [modengine] [info] Local config loaded
[2025-02-11 20:12:55.415] [modengine] [info] ModEngine version 2.1.0-2440fc717d61eaee1549a9fc94e3109e6c016275 initializing for Elden Ring
[2025-02-11 20:12:55.415] [modengine] [info] Local settings loaded: true, Global settings loaded: false
[2025-02-11 20:12:55.415] [modengine] [info] Main thread ID: 5892
[2025-02-11 20:12:55.457] [modengine] [info] Loaded external DLL C:\Users\Vibezzify\Desktop\CCW 3.5x\mod/ertransmogrify.dll
[2025-02-11 20:12:55.457] [modengine] [warning] External dll C:\Users\Vibezzify\Desktop\CCW 3.5x\mod/ertransmogrify.dll at base address 0x7ff9cc020000 is not a modengine extension
[2025-02-11 20:12:55.492] [modengine] [info] Loaded external DLL C:\Users\Vibezzify\Desktop\CCW 3.5x\mod/ErdTools.dll
[2025-02-11 20:12:55.492] [modengine] [warning] External dll C:\Users\Vibezzify\Desktop\CCW 3.5x\mod/ErdTools.dll at base address 0x7ff9dbbb0000 is not a modengine extension
[2025-02-11 20:12:55.643] [modengine] [info] Loaded external DLL C:\Users\Vibezzify\Desktop\CCW 3.5x\mod/eldenring_alt_saves.dll
[2025-02-11 20:12:55.644] [modengine] [warning] External dll C:\Users\Vibezzify\Desktop\CCW 3.5x\mod/eldenring_alt_saves.dll at base address 0x7ff9a7090000 is not a modengine extension
[2025-02-11 20:12:55.732] [modengine] [info] Loaded external DLL C:\Users\Vibezzify\Desktop\CCW 3.5x\mod/Scripts-Data-Exposer-FS.dll
[2025-02-11 20:12:55.732] [modengine] [warning] External dll C:\Users\Vibezzify\Desktop\CCW 3.5x\mod/Scripts-Data-Exposer-FS.dll at base address 0x7ff9dd460000 is not a modengine extension
[2025-02-11 20:12:55.771] [modengine] [info] Loaded external DLL C:\Users\Vibezzify\Desktop\CCW 3.5x\mod/erdyes.dll
[2025-02-11 20:12:55.771] [modengine] [warning] External dll C:\Users\Vibezzify\Desktop\CCW 3.5x\mod/erdyes.dll at base address 0x7ff9b5140000 is not a modengine extension
[2025-02-11 20:12:55.788] [modengine] [info] Loaded external DLL C:\Users\Vibezzify\Desktop\CCW 3.5x\mod/ermerchant.dll
[2025-02-11 20:12:55.788] [modengine] [warning] External dll C:\Users\Vibezzify\Desktop\CCW 3.5x\mod/ermerchant.dll at base address 0x7ff9ad6d0000 is not a modengine extension
[2025-02-11 20:12:55.798] [modengine] [info] Loaded external DLL C:\Users\Vibezzify\Desktop\CCW 3.5x\mod/SetCPUAffinity.dll
[2025-02-11 20:12:55.798] [modengine] [warning] External dll C:\Users\Vibezzify\Desktop\CCW 3.5x\mod/SetCPUAffinity.dll at base address 0x7ff9f57c0000 is not a modengine extension
[2025-02-11 20:12:55.798] [modengine] [info] Enabling extension base
[2025-02-11 20:12:55.798] [modengine] [info] Enabled extension base
[2025-02-11 20:12:55.798] [modengine] [info] Enabling extension mod_loader
[2025-02-11 20:12:55.798] [modengine] [info] Installing mod location mod
[2025-02-11 20:12:55.798] [modengine] [info] Resolved mod path to C:\Users\Vibezzify\Desktop\CCW 3.5x\mod
[2025-02-11 20:12:55.798] [modengine] [info] Enabled extension mod_loader
[2025-02-11 20:12:55.899] [modengine] [info] Applied 4 hooks
[2025-02-11 20:12:55.900] [modengine] [info] Starting worker thread
[2025-02-11 20:15:08.899] [modengine] [info] Attempting to load global config at C:\Users\Vibezzify\Desktop\CCW 3.5x\modengine2\config.toml
[2025-02-11 20:15:08.899] [modengine] [info] Attempting to load mod settings config at C:\Users\Vibezzify\Desktop\CCW 3.5x\config_eldenring.toml
[2025-02-11 20:15:08.899] [modengine] [info] Local config loaded
[2025-02-11 20:15:08.899] [modengine] [info] ModEngine version 2.1.0-2440fc717d61eaee1549a9fc94e3109e6c016275 initializing for Elden Ring
[2025-02-11 20:15:08.899] [modengine] [info] Local settings loaded: true, Global settings loaded: false
[2025-02-11 20:15:08.899] [modengine] [info] Main thread ID: 1612
[2025-02-11 20:15:08.906] [modengine] [info] Loaded external DLL C:\Users\Vibezzify\Desktop\CCW 3.5x\mod/ertransmogrify.dll
[2025-02-11 20:15:08.906] [modengine] [warning] External dll C:\Users\Vibezzify\Desktop\CCW 3.5x\mod/ertransmogrify.dll at base address 0x7ff9d4b00000 is not a modengine extension
[2025-02-11 20:15:08.907] [modengine] [info] Loaded external DLL C:\Users\Vibezzify\Desktop\CCW 3.5x\mod/ErdTools.dll
[2025-02-11 20:15:08.907] [modengine] [warning] External dll C:\Users\Vibezzify\Desktop\CCW 3.5x\mod/ErdTools.dll at base address 0x7ff9f64b0000 is not a modengine extension
[2025-02-11 20:15:08.965] [modengine] [info] Loaded external DLL C:\Users\Vibezzify\Desktop\CCW 3.5x\mod/eldenring_alt_saves.dll
[2025-02-11 20:15:08.965] [modengine] [warning] External dll C:\Users\Vibezzify\Desktop\CCW 3.5x\mod/eldenring_alt_saves.dll at base address 0x7ff992d40000 is not a modengine extension
[2025-02-11 20:15:09.024] [modengine] [info] Loaded external DLL C:\Users\Vibezzify\Desktop\CCW 3.5x\mod/Scripts-Data-Exposer-FS.dll
[2025-02-11 20:15:09.024] [modengine] [warning] External dll C:\Users\Vibezzify\Desktop\CCW 3.5x\mod/Scripts-Data-Exposer-FS.dll at base address 0x7ff9f80e0000 is not a modengine extension
[2025-02-11 20:15:09.026] [modengine] [info] Loaded external DLL C:\Users\Vibezzify\Desktop\CCW 3.5x\mod/erdyes.dll
[2025-02-11 20:15:09.026] [modengine] [warning] External dll C:\Users\Vibezzify\Desktop\CCW 3.5x\mod/erdyes.dll at base address 0x7ff9ad6d0000 is not a modengine extension
[2025-02-11 20:15:09.027] [modengine] [info] Loaded external DLL C:\Users\Vibezzify\Desktop\CCW 3.5x\mod/ermerchant.dll
[2025-02-11 20:15:09.027] [modengine] [warning] External dll C:\Users\Vibezzify\Desktop\CCW 3.5x\mod/ermerchant.dll at base address 0x7ff9acb60000 is not a modengine extension
[2025-02-11 20:15:09.028] [modengine] [info] Loaded external DLL C:\Users\Vibezzify\Desktop\CCW 3.5x\mod/SetCPUAffinity.dll
[2025-02-11 20:15:09.028] [modengine] [warning] External dll C:\Users\Vibezzify\Desktop\CCW 3.5x\mod/SetCPUAffinity.dll at base address 0x7ff9f64a0000 is not a modengine extension
[2025-02-11 20:15:09.028] [modengine] [info] Enabling extension base
[2025-02-11 20:15:09.028] [modengine] [info] Enabled extension base
[2025-02-11 20:15:09.028] [modengine] [info] Enabling extension mod_loader
[2025-02-11 20:15:09.028] [modengine] [info] Installing mod location mod
[2025-02-11 20:15:09.028] [modengine] [info] Resolved mod path to C:\Users\Vibezzify\Desktop\CCW 3.5x\mod
[2025-02-11 20:15:09.028] [modengine] [info] Enabled extension mod_loader
[2025-02-11 20:15:09.126] [modengine] [info] Applied 4 hooks
[2025-02-11 20:15:09.127] [modengine] [info] Starting worker thread
