[2024-09-30 10:09:35.512] [modengine] [info] Attempting to load global config at C:\Users\CouchJockey\Documents\GitHub\ConvergenceER\modengine2\config.toml
[2024-09-30 10:09:35.512] [modengine] [info] Attempting to load mod settings config at C:\Users\CouchJockey\Documents\GitHub\ConvergenceER\config_eldenring.toml
[2024-09-30 10:09:35.519] [modengine] [info] Local config loaded
[2024-09-30 10:09:35.519] [modengine] [info] ModEngine version 2.1.0-0924ab36f1311bf84e7e626740b4bf2c0d54909a initializing for Elden Ring
[2024-09-30 10:09:35.519] [modengine] [info] Local settings loaded: true, Global settings loaded: false
[2024-09-30 10:09:35.519] [modengine] [info] Main thread ID: 32788
[2024-09-30 10:09:35.547] [modengine] [info] Loaded external DLL C:\Users\CouchJockey\Documents\GitHub\ConvergenceER\mod/ertransmogrify.dll
[2024-09-30 10:09:35.547] [modengine] [warning] External dll C:\Users\CouchJockey\Documents\GitHub\ConvergenceER\mod/ertransmogrify.dll at base address 0x7fffca670000 is not a modengine extension
[2024-09-30 10:09:35.567] [modengine] [info] Loaded external DLL C:\Users\CouchJockey\Documents\GitHub\ConvergenceER\mod/ErdTools.dll
[2024-09-30 10:09:35.567] [modengine] [warning] External dll C:\Users\CouchJockey\Documents\GitHub\ConvergenceER\mod/ErdTools.dll at base address 0x7fffd04e0000 is not a modengine extension
[2024-09-30 10:09:35.650] [modengine] [info] Loaded external DLL C:\Users\CouchJockey\Documents\GitHub\ConvergenceER\mod/Scripts-Data-Exposer-FS.dll
[2024-09-30 10:09:35.650] [modengine] [warning] External dll C:\Users\CouchJockey\Documents\GitHub\ConvergenceER\mod/Scripts-Data-Exposer-FS.dll at base address 0x7fffdda90000 is not a modengine extension
[2024-09-30 10:09:35.650] [modengine] [info] Enabling extension base
[2024-09-30 10:09:35.650] [modengine] [info] Enabled extension base
[2024-09-30 10:09:35.650] [modengine] [info] Enabling extension mod_loader
[2024-09-30 10:09:35.650] [modengine] [info] Installing mod location mod
[2024-09-30 10:09:35.650] [modengine] [info] Resolved mod path to C:\Users\CouchJockey\Documents\GitHub\ConvergenceER\mod
[2024-09-30 10:09:35.650] [modengine] [info] Enabled extension mod_loader
[2024-09-30 10:09:35.697] [modengine] [info] Applied 3 hooks
[2024-09-30 10:09:35.698] [modengine] [info] Starting worker thread
