[2024-11-08 02:52:01.412] [modengine] [info] Attempting to load global config at C:\Users\CouchJockey\Documents\GitHub\ConvergenceER\modengine2\config.toml
[2024-11-08 02:52:01.412] [modengine] [info] Attempting to load mod settings config at C:\Users\CouchJockey\Documents\GitHub\ConvergenceER\config_eldenring.toml
[2024-11-08 02:52:01.419] [modengine] [info] Local config loaded
[2024-11-08 02:52:01.419] [modengine] [info] ModEngine version 2.1.0-2440fc717d61eaee1549a9fc94e3109e6c016275 initializing for Elden Ring
[2024-11-08 02:52:01.419] [modengine] [info] Local settings loaded: true, Global settings loaded: false
[2024-11-08 02:52:01.419] [modengine] [info] Main thread ID: 24592
[2024-11-08 02:52:01.455] [modengine] [info] Loaded external DLL C:\Users\CouchJockey\Documents\GitHub\ConvergenceER\mod/ertransmogrify.dll
[2024-11-08 02:52:01.455] [modengine] [warning] External dll C:\Users\CouchJockey\Documents\GitHub\ConvergenceER\mod/ertransmogrify.dll at base address 0x7ffd39630000 is not a modengine extension
[2024-11-08 02:52:01.473] [modengine] [info] Loaded external DLL C:\Users\CouchJockey\Documents\GitHub\ConvergenceER\mod/ErdTools.dll
[2024-11-08 02:52:01.473] [modengine] [warning] External dll C:\Users\CouchJockey\Documents\GitHub\ConvergenceER\mod/ErdTools.dll at base address 0x7ffd4db90000 is not a modengine extension
[2024-11-08 02:52:01.553] [modengine] [info] Loaded external DLL C:\Users\CouchJockey\Documents\GitHub\ConvergenceER\mod/Scripts-Data-Exposer-FS.dll
[2024-11-08 02:52:01.553] [modengine] [warning] External dll C:\Users\CouchJockey\Documents\GitHub\ConvergenceER\mod/Scripts-Data-Exposer-FS.dll at base address 0x7ffd47a50000 is not a modengine extension
[2024-11-08 02:52:01.553] [modengine] [info] Enabling extension base
[2024-11-08 02:52:01.553] [modengine] [info] Enabled extension base
[2024-11-08 02:52:01.553] [modengine] [info] Enabling extension mod_loader
[2024-11-08 02:52:01.553] [modengine] [info] Installing mod location mod
[2024-11-08 02:52:01.553] [modengine] [info] Resolved mod path to C:\Users\CouchJockey\Documents\GitHub\ConvergenceER\mod
[2024-11-08 02:52:01.553] [modengine] [info] Enabled extension mod_loader
[2024-11-08 02:52:01.636] [modengine] [info] Applied 4 hooks
[2024-11-08 02:52:01.638] [modengine] [info] Starting worker thread
[2024-11-08 05:37:56.840] [modengine] [info] Attempting to load global config at C:\Users\CouchJockey\Documents\GitHub\ConvergenceER\modengine2\config.toml
[2024-11-08 05:37:56.840] [modengine] [info] Attempting to load mod settings config at C:\Users\CouchJockey\Documents\GitHub\ConvergenceER\config_eldenring.toml
[2024-11-08 05:37:56.840] [modengine] [info] Local config loaded
[2024-11-08 05:37:56.841] [modengine] [info] ModEngine version 2.1.0-2440fc717d61eaee1549a9fc94e3109e6c016275 initializing for Elden Ring
[2024-11-08 05:37:56.841] [modengine] [info] Local settings loaded: true, Global settings loaded: false
[2024-11-08 05:37:56.841] [modengine] [info] Main thread ID: 34948
[2024-11-08 05:37:56.845] [modengine] [info] Loaded external DLL C:\Users\CouchJockey\Documents\GitHub\ConvergenceER\mod/ertransmogrify.dll
[2024-11-08 05:37:56.845] [modengine] [warning] External dll C:\Users\CouchJockey\Documents\GitHub\ConvergenceER\mod/ertransmogrify.dll at base address 0x7ffd39880000 is not a modengine extension
[2024-11-08 05:37:56.846] [modengine] [info] Loaded external DLL C:\Users\CouchJockey\Documents\GitHub\ConvergenceER\mod/ErdTools.dll
[2024-11-08 05:37:56.846] [modengine] [warning] External dll C:\Users\CouchJockey\Documents\GitHub\ConvergenceER\mod/ErdTools.dll at base address 0x7ffd47a40000 is not a modengine extension
[2024-11-08 05:37:56.922] [modengine] [info] Loaded external DLL C:\Users\CouchJockey\Documents\GitHub\ConvergenceER\mod/Scripts-Data-Exposer-FS.dll
[2024-11-08 05:37:56.922] [modengine] [warning] External dll C:\Users\CouchJockey\Documents\GitHub\ConvergenceER\mod/Scripts-Data-Exposer-FS.dll at base address 0x7ffd46f20000 is not a modengine extension
[2024-11-08 05:37:56.922] [modengine] [info] Enabling extension base
[2024-11-08 05:37:56.922] [modengine] [info] Enabled extension base
[2024-11-08 05:37:56.922] [modengine] [info] Enabling extension mod_loader
[2024-11-08 05:37:56.922] [modengine] [info] Installing mod location mod
[2024-11-08 05:37:56.922] [modengine] [info] Resolved mod path to C:\Users\CouchJockey\Documents\GitHub\ConvergenceER\mod
[2024-11-08 05:37:56.922] [modengine] [info] Enabled extension mod_loader
[2024-11-08 05:37:57.005] [modengine] [info] Applied 4 hooks
[2024-11-08 05:37:57.007] [modengine] [info] Starting worker thread
