[2025-01-29 08:36:19.965] [modengine] [info] Attempting to load global config at C:\Users\Bahme\Desktop\ME2\modengine2\config.toml
[2025-01-29 08:36:19.966] [modengine] [info] Attempting to load mod settings config at C:\Users\Bahme\Desktop\ME2\config_eldenring.toml
[2025-01-29 08:36:19.966] [modengine] [info] Local config loaded
[2025-01-29 08:36:19.966] [modengine] [info] ModEngine version 2.1.0-2440fc717d61eaee1549a9fc94e3109e6c016275 initializing for Elden Ring
[2025-01-29 08:36:19.966] [modengine] [info] Local settings loaded: true, Global settings loaded: false
[2025-01-29 08:36:19.966] [modengine] [info] Main thread ID: 20108
[2025-01-29 08:36:20.036] [modengine] [info] Loaded external DLL C:\Users\Bahme\Desktop\ME2\SeamlessCoop/ersc.dll
[2025-01-29 08:36:22.553] [modengine] [info] Loaded external DLL C:\Users\Bahme\Desktop\ME2\mod/ertransmogrify.dll
[2025-01-29 08:36:22.553] [modengine] [warning] External dll C:\Users\Bahme\Desktop\ME2\mod/ertransmogrify.dll at base address 0x7ffb301c0000 is not a modengine extension
[2025-01-29 08:36:22.554] [modengine] [info] Loaded external DLL C:\Users\Bahme\Desktop\ME2\mod/ErdTools.dll
[2025-01-29 08:36:22.554] [modengine] [warning] External dll C:\Users\Bahme\Desktop\ME2\mod/ErdTools.dll at base address 0x7ffb728d0000 is not a modengine extension
[2025-01-29 08:36:22.678] [modengine] [info] Loaded external DLL C:\Users\Bahme\Desktop\ME2\mod/eldenring_alt_saves.dll
[2025-01-29 08:36:22.679] [modengine] [warning] External dll C:\Users\Bahme\Desktop\ME2\mod/eldenring_alt_saves.dll at base address 0x7ffb2f820000 is not a modengine extension
[2025-01-29 08:36:22.761] [modengine] [info] Loaded external DLL C:\Users\Bahme\Desktop\ME2\mod/Scripts-Data-Exposer-FS.dll
[2025-01-29 08:36:22.761] [modengine] [warning] External dll C:\Users\Bahme\Desktop\ME2\mod/Scripts-Data-Exposer-FS.dll at base address 0x7ffb73640000 is not a modengine extension
[2025-01-29 08:36:22.768] [modengine] [info] Loaded external DLL C:\Users\Bahme\Desktop\ME2\mod/erdyes.dll
[2025-01-29 08:36:22.768] [modengine] [warning] External dll C:\Users\Bahme\Desktop\ME2\mod/erdyes.dll at base address 0x7ffb62600000 is not a modengine extension
[2025-01-29 08:36:22.796] [modengine] [info] Loaded external DLL C:\Users\Bahme\Desktop\ME2\mod/ermerchant.dll
[2025-01-29 08:36:22.796] [modengine] [warning] External dll C:\Users\Bahme\Desktop\ME2\mod/ermerchant.dll at base address 0x7ffb2f7a0000 is not a modengine extension
[2025-01-29 08:36:22.818] [modengine] [info] Loaded external DLL C:\Users\Bahme\Desktop\ME2\mod/SetCPUAffinity.dll
[2025-01-29 08:36:22.818] [modengine] [warning] External dll C:\Users\Bahme\Desktop\ME2\mod/SetCPUAffinity.dll at base address 0x7ffc08cd0000 is not a modengine extension
[2025-01-29 08:36:22.818] [modengine] [info] Enabling extension base
[2025-01-29 08:36:22.818] [modengine] [info] Enabled extension base
[2025-01-29 08:36:22.818] [modengine] [info] Enabling extension mod_loader
[2025-01-29 08:36:22.818] [modengine] [info] Installing mod location mod
[2025-01-29 08:36:22.818] [modengine] [info] Resolved mod path to C:\Users\Bahme\Desktop\ME2\mod
[2025-01-29 08:36:22.818] [modengine] [info] Enabled extension mod_loader
[2025-01-29 08:36:22.923] [modengine] [info] Applied 4 hooks
[2025-01-29 08:36:22.926] [modengine] [info] Starting worker thread
[2025-01-29 13:11:24.470] [modengine] [info] Attempting to load global config at C:\Users\Bahme\Desktop\ME2\modengine2\config.toml
[2025-01-29 13:11:24.470] [modengine] [info] Attempting to load mod settings config at C:\Users\Bahme\Desktop\ME2\config_eldenring.toml
[2025-01-29 13:11:24.477] [modengine] [info] Local config loaded
[2025-01-29 13:11:24.477] [modengine] [info] ModEngine version 2.1.0-2440fc717d61eaee1549a9fc94e3109e6c016275 initializing for Elden Ring
[2025-01-29 13:11:24.477] [modengine] [info] Local settings loaded: true, Global settings loaded: false
[2025-01-29 13:11:24.477] [modengine] [info] Main thread ID: 5968
[2025-01-29 13:11:24.508] [modengine] [info] Loaded external DLL C:\Users\Bahme\Desktop\ME2\mod/ertransmogrify.dll
[2025-01-29 13:11:24.508] [modengine] [warning] External dll C:\Users\Bahme\Desktop\ME2\mod/ertransmogrify.dll at base address 0x7ffc26ed0000 is not a modengine extension
[2025-01-29 13:11:24.529] [modengine] [info] Loaded external DLL C:\Users\Bahme\Desktop\ME2\mod/ErdTools.dll
[2025-01-29 13:11:24.529] [modengine] [warning] External dll C:\Users\Bahme\Desktop\ME2\mod/ErdTools.dll at base address 0x7ffc265d0000 is not a modengine extension
[2025-01-29 13:11:24.584] [modengine] [info] Loaded external DLL C:\Users\Bahme\Desktop\ME2\mod/eldenring_alt_saves.dll
[2025-01-29 13:11:24.584] [modengine] [warning] External dll C:\Users\Bahme\Desktop\ME2\mod/eldenring_alt_saves.dll at base address 0x7ffc26510000 is not a modengine extension
[2025-01-29 13:11:24.663] [modengine] [info] Loaded external DLL C:\Users\Bahme\Desktop\ME2\mod/Scripts-Data-Exposer-FS.dll
[2025-01-29 13:11:24.663] [modengine] [warning] External dll C:\Users\Bahme\Desktop\ME2\mod/Scripts-Data-Exposer-FS.dll at base address 0x7ffc264f0000 is not a modengine extension
[2025-01-29 13:11:24.692] [modengine] [info] Loaded external DLL C:\Users\Bahme\Desktop\ME2\mod/erdyes.dll
[2025-01-29 13:11:24.692] [modengine] [warning] External dll C:\Users\Bahme\Desktop\ME2\mod/erdyes.dll at base address 0x7ffbd5990000 is not a modengine extension
[2025-01-29 13:11:24.718] [modengine] [info] Loaded external DLL C:\Users\Bahme\Desktop\ME2\mod/ermerchant.dll
[2025-01-29 13:11:24.718] [modengine] [warning] External dll C:\Users\Bahme\Desktop\ME2\mod/ermerchant.dll at base address 0x7ffbc5a50000 is not a modengine extension
[2025-01-29 13:11:24.737] [modengine] [info] Loaded external DLL C:\Users\Bahme\Desktop\ME2\mod/SetCPUAffinity.dll
[2025-01-29 13:11:24.737] [modengine] [warning] External dll C:\Users\Bahme\Desktop\ME2\mod/SetCPUAffinity.dll at base address 0x7ffc59cc0000 is not a modengine extension
[2025-01-29 13:11:24.737] [modengine] [info] Enabling extension base
[2025-01-29 13:11:24.737] [modengine] [info] Enabled extension base
[2025-01-29 13:11:24.737] [modengine] [info] Enabling extension mod_loader
[2025-01-29 13:11:24.737] [modengine] [info] Installing mod location mod
[2025-01-29 13:11:24.738] [modengine] [info] Resolved mod path to C:\Users\Bahme\Desktop\ME2\mod
[2025-01-29 13:11:24.738] [modengine] [info] Enabled extension mod_loader
[2025-01-29 13:11:24.833] [modengine] [info] Applied 4 hooks
[2025-01-29 13:11:24.834] [modengine] [info] Starting worker thread
[2025-01-29 13:12:22.539] [modengine] [info] Attempting to load global config at C:\Users\Bahme\Desktop\ME2\modengine2\config.toml
[2025-01-29 13:12:22.539] [modengine] [info] Attempting to load mod settings config at C:\Users\Bahme\Desktop\ME2\config_eldenring.toml
[2025-01-29 13:12:22.539] [modengine] [info] Local config loaded
[2025-01-29 13:12:22.540] [modengine] [info] ModEngine version 2.1.0-2440fc717d61eaee1549a9fc94e3109e6c016275 initializing for Elden Ring
[2025-01-29 13:12:22.540] [modengine] [info] Local settings loaded: true, Global settings loaded: false
[2025-01-29 13:12:22.540] [modengine] [info] Main thread ID: 11852
[2025-01-29 13:12:22.543] [modengine] [info] Loaded external DLL C:\Users\Bahme\Desktop\ME2\mod/ertransmogrify.dll
[2025-01-29 13:12:22.543] [modengine] [warning] External dll C:\Users\Bahme\Desktop\ME2\mod/ertransmogrify.dll at base address 0x7ffbc5a40000 is not a modengine extension
[2025-01-29 13:12:22.544] [modengine] [info] Loaded external DLL C:\Users\Bahme\Desktop\ME2\mod/ErdTools.dll
[2025-01-29 13:12:22.545] [modengine] [warning] External dll C:\Users\Bahme\Desktop\ME2\mod/ErdTools.dll at base address 0x7ffc24bf0000 is not a modengine extension
[2025-01-29 13:12:22.601] [modengine] [info] Loaded external DLL C:\Users\Bahme\Desktop\ME2\mod/eldenring_alt_saves.dll
[2025-01-29 13:12:22.601] [modengine] [warning] External dll C:\Users\Bahme\Desktop\ME2\mod/eldenring_alt_saves.dll at base address 0x7ffbb83b0000 is not a modengine extension
[2025-01-29 13:12:22.659] [modengine] [info] Loaded external DLL C:\Users\Bahme\Desktop\ME2\mod/Scripts-Data-Exposer-FS.dll
[2025-01-29 13:12:22.660] [modengine] [warning] External dll C:\Users\Bahme\Desktop\ME2\mod/Scripts-Data-Exposer-FS.dll at base address 0x7ffc27440000 is not a modengine extension
[2025-01-29 13:12:22.661] [modengine] [info] Loaded external DLL C:\Users\Bahme\Desktop\ME2\mod/erdyes.dll
[2025-01-29 13:12:22.661] [modengine] [warning] External dll C:\Users\Bahme\Desktop\ME2\mod/erdyes.dll at base address 0x7ffc273c0000 is not a modengine extension
[2025-01-29 13:12:22.662] [modengine] [info] Loaded external DLL C:\Users\Bahme\Desktop\ME2\mod/ermerchant.dll
[2025-01-29 13:12:22.662] [modengine] [warning] External dll C:\Users\Bahme\Desktop\ME2\mod/ermerchant.dll at base address 0x7ffc27340000 is not a modengine extension
[2025-01-29 13:12:22.663] [modengine] [info] Loaded external DLL C:\Users\Bahme\Desktop\ME2\mod/SetCPUAffinity.dll
[2025-01-29 13:12:22.663] [modengine] [warning] External dll C:\Users\Bahme\Desktop\ME2\mod/SetCPUAffinity.dll at base address 0x7ffc59cc0000 is not a modengine extension
[2025-01-29 13:12:22.663] [modengine] [info] Enabling extension base
[2025-01-29 13:12:22.663] [modengine] [info] Enabled extension base
[2025-01-29 13:12:22.663] [modengine] [info] Enabling extension mod_loader
[2025-01-29 13:12:22.663] [modengine] [info] Installing mod location mod
[2025-01-29 13:12:22.663] [modengine] [info] Resolved mod path to C:\Users\Bahme\Desktop\ME2\mod
[2025-01-29 13:12:22.663] [modengine] [info] Enabled extension mod_loader
[2025-01-29 13:12:22.762] [modengine] [info] Applied 4 hooks
[2025-01-29 13:12:22.764] [modengine] [info] Starting worker thread
[2025-01-29 14:17:30.831] [modengine] [info] Attempting to load global config at C:\Users\Bahme\Desktop\ME2\modengine2\config.toml
[2025-01-29 14:17:30.831] [modengine] [info] Attempting to load mod settings config at C:\Users\Bahme\Desktop\ME2\config_eldenring.toml
[2025-01-29 14:17:30.831] [modengine] [info] Local config loaded
[2025-01-29 14:17:30.832] [modengine] [info] ModEngine version 2.1.0-2440fc717d61eaee1549a9fc94e3109e6c016275 initializing for Elden Ring
[2025-01-29 14:17:30.832] [modengine] [info] Local settings loaded: true, Global settings loaded: false
[2025-01-29 14:17:30.832] [modengine] [info] Main thread ID: 14832
[2025-01-29 14:17:30.836] [modengine] [info] Loaded external DLL C:\Users\Bahme\Desktop\ME2\mod/ertransmogrify.dll
[2025-01-29 14:17:30.836] [modengine] [warning] External dll C:\Users\Bahme\Desktop\ME2\mod/ertransmogrify.dll at base address 0x7ffc26500000 is not a modengine extension
[2025-01-29 14:17:30.837] [modengine] [info] Loaded external DLL C:\Users\Bahme\Desktop\ME2\mod/ErdTools.dll
[2025-01-29 14:17:30.837] [modengine] [warning] External dll C:\Users\Bahme\Desktop\ME2\mod/ErdTools.dll at base address 0x7ffc354f0000 is not a modengine extension
[2025-01-29 14:17:30.897] [modengine] [info] Loaded external DLL C:\Users\Bahme\Desktop\ME2\mod/eldenring_alt_saves.dll
[2025-01-29 14:17:30.897] [modengine] [warning] External dll C:\Users\Bahme\Desktop\ME2\mod/eldenring_alt_saves.dll at base address 0x7ffbe7170000 is not a modengine extension
[2025-01-29 14:17:30.963] [modengine] [info] Loaded external DLL C:\Users\Bahme\Desktop\ME2\mod/Scripts-Data-Exposer-FS.dll
[2025-01-29 14:17:30.963] [modengine] [warning] External dll C:\Users\Bahme\Desktop\ME2\mod/Scripts-Data-Exposer-FS.dll at base address 0x7ffc46610000 is not a modengine extension
[2025-01-29 14:17:30.965] [modengine] [info] Loaded external DLL C:\Users\Bahme\Desktop\ME2\mod/erdyes.dll
[2025-01-29 14:17:30.965] [modengine] [warning] External dll C:\Users\Bahme\Desktop\ME2\mod/erdyes.dll at base address 0x7ffc3e200000 is not a modengine extension
[2025-01-29 14:17:30.966] [modengine] [info] Loaded external DLL C:\Users\Bahme\Desktop\ME2\mod/ermerchant.dll
[2025-01-29 14:17:30.966] [modengine] [warning] External dll C:\Users\Bahme\Desktop\ME2\mod/ermerchant.dll at base address 0x7ffc27620000 is not a modengine extension
[2025-01-29 14:17:30.967] [modengine] [info] Loaded external DLL C:\Users\Bahme\Desktop\ME2\mod/SetCPUAffinity.dll
[2025-01-29 14:17:30.967] [modengine] [warning] External dll C:\Users\Bahme\Desktop\ME2\mod/SetCPUAffinity.dll at base address 0x7ffc59300000 is not a modengine extension
[2025-01-29 14:17:30.967] [modengine] [info] Enabling extension base
[2025-01-29 14:17:30.967] [modengine] [info] Enabled extension base
[2025-01-29 14:17:30.967] [modengine] [info] Enabling extension mod_loader
[2025-01-29 14:17:30.967] [modengine] [info] Installing mod location mod
[2025-01-29 14:17:30.967] [modengine] [info] Resolved mod path to C:\Users\Bahme\Desktop\ME2\mod
[2025-01-29 14:17:30.967] [modengine] [info] Enabled extension mod_loader
[2025-01-29 14:17:31.061] [modengine] [info] Applied 4 hooks
[2025-01-29 14:17:31.063] [modengine] [info] Starting worker thread
[2025-01-29 14:24:26.048] [modengine] [info] Attempting to load global config at C:\Users\Bahme\Desktop\ME2\modengine2\config.toml
[2025-01-29 14:24:26.048] [modengine] [info] Attempting to load mod settings config at C:\Users\Bahme\Desktop\ME2\config_eldenring.toml
[2025-01-29 14:24:26.048] [modengine] [info] Local config loaded
[2025-01-29 14:24:26.048] [modengine] [info] ModEngine version 2.1.0-2440fc717d61eaee1549a9fc94e3109e6c016275 initializing for Elden Ring
[2025-01-29 14:24:26.048] [modengine] [info] Local settings loaded: true, Global settings loaded: false
[2025-01-29 14:24:26.048] [modengine] [info] Main thread ID: 8988
[2025-01-29 14:24:26.052] [modengine] [info] Loaded external DLL C:\Users\Bahme\Desktop\ME2\mod/ertransmogrify.dll
[2025-01-29 14:24:26.052] [modengine] [warning] External dll C:\Users\Bahme\Desktop\ME2\mod/ertransmogrify.dll at base address 0x7ffbb83f0000 is not a modengine extension
[2025-01-29 14:24:26.053] [modengine] [info] Loaded external DLL C:\Users\Bahme\Desktop\ME2\mod/ErdTools.dll
[2025-01-29 14:24:26.053] [modengine] [warning] External dll C:\Users\Bahme\Desktop\ME2\mod/ErdTools.dll at base address 0x7ffc354f0000 is not a modengine extension
[2025-01-29 14:24:26.114] [modengine] [info] Loaded external DLL C:\Users\Bahme\Desktop\ME2\mod/eldenring_alt_saves.dll
[2025-01-29 14:24:26.114] [modengine] [warning] External dll C:\Users\Bahme\Desktop\ME2\mod/eldenring_alt_saves.dll at base address 0x7ffb8dde0000 is not a modengine extension
[2025-01-29 14:24:26.175] [modengine] [info] Loaded external DLL C:\Users\Bahme\Desktop\ME2\mod/Scripts-Data-Exposer-FS.dll
[2025-01-29 14:24:26.175] [modengine] [warning] External dll C:\Users\Bahme\Desktop\ME2\mod/Scripts-Data-Exposer-FS.dll at base address 0x7ffc3e3b0000 is not a modengine extension
[2025-01-29 14:24:26.176] [modengine] [info] Loaded external DLL C:\Users\Bahme\Desktop\ME2\mod/erdyes.dll
[2025-01-29 14:24:26.176] [modengine] [warning] External dll C:\Users\Bahme\Desktop\ME2\mod/erdyes.dll at base address 0x7ffc3e330000 is not a modengine extension
[2025-01-29 14:24:26.177] [modengine] [info] Loaded external DLL C:\Users\Bahme\Desktop\ME2\mod/ermerchant.dll
[2025-01-29 14:24:26.177] [modengine] [warning] External dll C:\Users\Bahme\Desktop\ME2\mod/ermerchant.dll at base address 0x7ffc3e2b0000 is not a modengine extension
[2025-01-29 14:24:26.178] [modengine] [info] Loaded external DLL C:\Users\Bahme\Desktop\ME2\mod/SetCPUAffinity.dll
[2025-01-29 14:24:26.178] [modengine] [warning] External dll C:\Users\Bahme\Desktop\ME2\mod/SetCPUAffinity.dll at base address 0x7ffc59cc0000 is not a modengine extension
[2025-01-29 14:24:26.178] [modengine] [info] Enabling extension base
[2025-01-29 14:24:26.178] [modengine] [info] Enabled extension base
[2025-01-29 14:24:26.178] [modengine] [info] Enabling extension mod_loader
[2025-01-29 14:24:26.178] [modengine] [info] Installing mod location mod
[2025-01-29 14:24:26.178] [modengine] [info] Resolved mod path to C:\Users\Bahme\Desktop\ME2\mod
[2025-01-29 14:24:26.178] [modengine] [info] Enabled extension mod_loader
[2025-01-29 14:24:26.273] [modengine] [info] Applied 4 hooks
[2025-01-29 14:24:26.274] [modengine] [info] Starting worker thread
[2025-01-29 14:35:23.168] [modengine] [info] Attempting to load global config at C:\Users\Bahme\Desktop\ME2\modengine2\config.toml
[2025-01-29 14:35:23.168] [modengine] [info] Attempting to load mod settings config at C:\Users\Bahme\Desktop\ME2\config_eldenring.toml
[2025-01-29 14:35:23.168] [modengine] [info] Local config loaded
[2025-01-29 14:35:23.169] [modengine] [info] ModEngine version 2.1.0-2440fc717d61eaee1549a9fc94e3109e6c016275 initializing for Elden Ring
[2025-01-29 14:35:23.169] [modengine] [info] Local settings loaded: true, Global settings loaded: false
[2025-01-29 14:35:23.169] [modengine] [info] Main thread ID: 10076
[2025-01-29 14:35:23.172] [modengine] [info] Loaded external DLL C:\Users\Bahme\Desktop\ME2\mod/ertransmogrify.dll
[2025-01-29 14:35:23.172] [modengine] [warning] External dll C:\Users\Bahme\Desktop\ME2\mod/ertransmogrify.dll at base address 0x7ffb88460000 is not a modengine extension
[2025-01-29 14:35:23.173] [modengine] [info] Loaded external DLL C:\Users\Bahme\Desktop\ME2\mod/ErdTools.dll
[2025-01-29 14:35:23.173] [modengine] [warning] External dll C:\Users\Bahme\Desktop\ME2\mod/ErdTools.dll at base address 0x7ffb88670000 is not a modengine extension
[2025-01-29 14:35:23.232] [modengine] [info] Loaded external DLL C:\Users\Bahme\Desktop\ME2\mod/eldenring_alt_saves.dll
[2025-01-29 14:35:23.232] [modengine] [warning] External dll C:\Users\Bahme\Desktop\ME2\mod/eldenring_alt_saves.dll at base address 0x7ffb883a0000 is not a modengine extension
[2025-01-29 14:35:23.296] [modengine] [info] Loaded external DLL C:\Users\Bahme\Desktop\ME2\mod/Scripts-Data-Exposer-FS.dll
[2025-01-29 14:35:23.296] [modengine] [warning] External dll C:\Users\Bahme\Desktop\ME2\mod/Scripts-Data-Exposer-FS.dll at base address 0x7ffc53260000 is not a modengine extension
[2025-01-29 14:35:23.297] [modengine] [info] Loaded external DLL C:\Users\Bahme\Desktop\ME2\mod/erdyes.dll
[2025-01-29 14:35:23.297] [modengine] [warning] External dll C:\Users\Bahme\Desktop\ME2\mod/erdyes.dll at base address 0x7ffb893d0000 is not a modengine extension
[2025-01-29 14:35:23.299] [modengine] [info] Loaded external DLL C:\Users\Bahme\Desktop\ME2\mod/ermerchant.dll
[2025-01-29 14:35:23.299] [modengine] [warning] External dll C:\Users\Bahme\Desktop\ME2\mod/ermerchant.dll at base address 0x7ffb89350000 is not a modengine extension
[2025-01-29 14:35:23.299] [modengine] [info] Loaded external DLL C:\Users\Bahme\Desktop\ME2\mod/SetCPUAffinity.dll
[2025-01-29 14:35:23.299] [modengine] [warning] External dll C:\Users\Bahme\Desktop\ME2\mod/SetCPUAffinity.dll at base address 0x7ffbb7980000 is not a modengine extension
[2025-01-29 14:35:23.299] [modengine] [info] Enabling extension base
[2025-01-29 14:35:23.299] [modengine] [info] Enabled extension base
[2025-01-29 14:35:23.299] [modengine] [info] Enabling extension mod_loader
[2025-01-29 14:35:23.299] [modengine] [info] Installing mod location mod
[2025-01-29 14:35:23.299] [modengine] [info] Resolved mod path to C:\Users\Bahme\Desktop\ME2\mod
[2025-01-29 14:35:23.299] [modengine] [info] Enabled extension mod_loader
[2025-01-29 14:35:23.394] [modengine] [info] Applied 4 hooks
[2025-01-29 14:35:23.395] [modengine] [info] Starting worker thread
[2025-01-29 14:40:45.147] [modengine] [info] Attempting to load global config at C:\Users\Bahme\Desktop\ME2\modengine2\config.toml
[2025-01-29 14:40:45.147] [modengine] [info] Attempting to load mod settings config at C:\Users\Bahme\Desktop\ME2\config_eldenring.toml
[2025-01-29 14:40:45.147] [modengine] [info] Local config loaded
[2025-01-29 14:40:45.148] [modengine] [info] ModEngine version 2.1.0-2440fc717d61eaee1549a9fc94e3109e6c016275 initializing for Elden Ring
[2025-01-29 14:40:45.148] [modengine] [info] Local settings loaded: true, Global settings loaded: false
[2025-01-29 14:40:45.148] [modengine] [info] Main thread ID: 6200
[2025-01-29 14:40:45.153] [modengine] [info] Loaded external DLL C:\Users\Bahme\Desktop\ME2\mod/ertransmogrify.dll
[2025-01-29 14:40:45.153] [modengine] [warning] External dll C:\Users\Bahme\Desktop\ME2\mod/ertransmogrify.dll at base address 0x7ffb867d0000 is not a modengine extension
[2025-01-29 14:40:45.154] [modengine] [info] Loaded external DLL C:\Users\Bahme\Desktop\ME2\mod/ErdTools.dll
[2025-01-29 14:40:45.154] [modengine] [warning] External dll C:\Users\Bahme\Desktop\ME2\mod/ErdTools.dll at base address 0x7ffb867a0000 is not a modengine extension
[2025-01-29 14:40:45.214] [modengine] [info] Loaded external DLL C:\Users\Bahme\Desktop\ME2\mod/eldenring_alt_saves.dll
[2025-01-29 14:40:45.214] [modengine] [warning] External dll C:\Users\Bahme\Desktop\ME2\mod/eldenring_alt_saves.dll at base address 0x7ffb866e0000 is not a modengine extension
[2025-01-29 14:40:45.283] [modengine] [info] Loaded external DLL C:\Users\Bahme\Desktop\ME2\mod/Scripts-Data-Exposer-FS.dll
[2025-01-29 14:40:45.283] [modengine] [warning] External dll C:\Users\Bahme\Desktop\ME2\mod/Scripts-Data-Exposer-FS.dll at base address 0x7ffbb8750000 is not a modengine extension
[2025-01-29 14:40:45.284] [modengine] [info] Loaded external DLL C:\Users\Bahme\Desktop\ME2\mod/erdyes.dll
[2025-01-29 14:40:45.284] [modengine] [warning] External dll C:\Users\Bahme\Desktop\ME2\mod/erdyes.dll at base address 0x7ffb890e0000 is not a modengine extension
[2025-01-29 14:40:45.286] [modengine] [info] Loaded external DLL C:\Users\Bahme\Desktop\ME2\mod/ermerchant.dll
[2025-01-29 14:40:45.286] [modengine] [warning] External dll C:\Users\Bahme\Desktop\ME2\mod/ermerchant.dll at base address 0x7ffb87620000 is not a modengine extension
[2025-01-29 14:40:45.286] [modengine] [info] Loaded external DLL C:\Users\Bahme\Desktop\ME2\mod/SetCPUAffinity.dll
[2025-01-29 14:40:45.286] [modengine] [warning] External dll C:\Users\Bahme\Desktop\ME2\mod/SetCPUAffinity.dll at base address 0x7ffbb86e0000 is not a modengine extension
[2025-01-29 14:40:45.286] [modengine] [info] Enabling extension base
[2025-01-29 14:40:45.286] [modengine] [info] Enabled extension base
[2025-01-29 14:40:45.286] [modengine] [info] Enabling extension mod_loader
[2025-01-29 14:40:45.286] [modengine] [info] Installing mod location mod
[2025-01-29 14:40:45.287] [modengine] [info] Resolved mod path to C:\Users\Bahme\Desktop\ME2\mod
[2025-01-29 14:40:45.287] [modengine] [info] Enabled extension mod_loader
[2025-01-29 14:40:45.390] [modengine] [info] Applied 4 hooks
[2025-01-29 14:40:45.391] [modengine] [info] Starting worker thread
[2025-01-29 14:49:22.640] [modengine] [info] Attempting to load global config at C:\Users\Bahme\Desktop\ME2\modengine2\config.toml
[2025-01-29 14:49:22.640] [modengine] [info] Attempting to load mod settings config at C:\Users\Bahme\Desktop\ME2\config_eldenring.toml
[2025-01-29 14:49:22.640] [modengine] [info] Local config loaded
[2025-01-29 14:49:22.641] [modengine] [info] ModEngine version 2.1.0-2440fc717d61eaee1549a9fc94e3109e6c016275 initializing for Elden Ring
[2025-01-29 14:49:22.641] [modengine] [info] Local settings loaded: true, Global settings loaded: false
[2025-01-29 14:49:22.641] [modengine] [info] Main thread ID: 20180
[2025-01-29 14:49:22.645] [modengine] [info] Loaded external DLL C:\Users\Bahme\Desktop\ME2\mod/ertransmogrify.dll
[2025-01-29 14:49:22.645] [modengine] [warning] External dll C:\Users\Bahme\Desktop\ME2\mod/ertransmogrify.dll at base address 0x7ffb890d0000 is not a modengine extension
[2025-01-29 14:49:22.646] [modengine] [info] Loaded external DLL C:\Users\Bahme\Desktop\ME2\mod/ErdTools.dll
[2025-01-29 14:49:22.646] [modengine] [warning] External dll C:\Users\Bahme\Desktop\ME2\mod/ErdTools.dll at base address 0x7ffb89520000 is not a modengine extension
[2025-01-29 14:49:22.707] [modengine] [info] Loaded external DLL C:\Users\Bahme\Desktop\ME2\mod/eldenring_alt_saves.dll
[2025-01-29 14:49:22.707] [modengine] [warning] External dll C:\Users\Bahme\Desktop\ME2\mod/eldenring_alt_saves.dll at base address 0x7ffb88740000 is not a modengine extension
[2025-01-29 14:49:22.772] [modengine] [info] Loaded external DLL C:\Users\Bahme\Desktop\ME2\mod/Scripts-Data-Exposer-FS.dll
[2025-01-29 14:49:22.772] [modengine] [warning] External dll C:\Users\Bahme\Desktop\ME2\mod/Scripts-Data-Exposer-FS.dll at base address 0x7ffc27090000 is not a modengine extension
[2025-01-29 14:49:22.773] [modengine] [info] Loaded external DLL C:\Users\Bahme\Desktop\ME2\mod/erdyes.dll
[2025-01-29 14:49:22.773] [modengine] [warning] External dll C:\Users\Bahme\Desktop\ME2\mod/erdyes.dll at base address 0x7ffc27010000 is not a modengine extension
[2025-01-29 14:49:22.775] [modengine] [info] Loaded external DLL C:\Users\Bahme\Desktop\ME2\mod/ermerchant.dll
[2025-01-29 14:49:22.775] [modengine] [warning] External dll C:\Users\Bahme\Desktop\ME2\mod/ermerchant.dll at base address 0x7ffc26f90000 is not a modengine extension
[2025-01-29 14:49:22.776] [modengine] [info] Loaded external DLL C:\Users\Bahme\Desktop\ME2\mod/SetCPUAffinity.dll
[2025-01-29 14:49:22.776] [modengine] [warning] External dll C:\Users\Bahme\Desktop\ME2\mod/SetCPUAffinity.dll at base address 0x7ffc3e6d0000 is not a modengine extension
[2025-01-29 14:49:22.776] [modengine] [info] Enabling extension base
[2025-01-29 14:49:22.776] [modengine] [info] Enabled extension base
[2025-01-29 14:49:22.776] [modengine] [info] Enabling extension mod_loader
[2025-01-29 14:49:22.776] [modengine] [info] Installing mod location mod
[2025-01-29 14:49:22.776] [modengine] [info] Resolved mod path to C:\Users\Bahme\Desktop\ME2\mod
[2025-01-29 14:49:22.776] [modengine] [info] Enabled extension mod_loader
[2025-01-29 14:49:22.894] [modengine] [info] Applied 4 hooks
[2025-01-29 14:49:22.895] [modengine] [info] Starting worker thread
[2025-01-29 15:00:32.781] [modengine] [info] Attempting to load global config at C:\Users\Bahme\Desktop\ME2\modengine2\config.toml
[2025-01-29 15:00:32.781] [modengine] [info] Attempting to load mod settings config at C:\Users\Bahme\Desktop\ME2\config_eldenring.toml
[2025-01-29 15:00:32.782] [modengine] [info] Local config loaded
[2025-01-29 15:00:32.782] [modengine] [info] ModEngine version 2.1.0-2440fc717d61eaee1549a9fc94e3109e6c016275 initializing for Elden Ring
[2025-01-29 15:00:32.782] [modengine] [info] Local settings loaded: true, Global settings loaded: false
[2025-01-29 15:00:32.782] [modengine] [info] Main thread ID: 14260
[2025-01-29 15:00:32.786] [modengine] [info] Loaded external DLL C:\Users\Bahme\Desktop\ME2\mod/ertransmogrify.dll
[2025-01-29 15:00:32.786] [modengine] [warning] External dll C:\Users\Bahme\Desktop\ME2\mod/ertransmogrify.dll at base address 0x7ffb87ff0000 is not a modengine extension
[2025-01-29 15:00:32.787] [modengine] [info] Loaded external DLL C:\Users\Bahme\Desktop\ME2\mod/ErdTools.dll
[2025-01-29 15:00:32.787] [modengine] [warning] External dll C:\Users\Bahme\Desktop\ME2\mod/ErdTools.dll at base address 0x7ffb8a090000 is not a modengine extension
[2025-01-29 15:00:32.853] [modengine] [info] Loaded external DLL C:\Users\Bahme\Desktop\ME2\mod/eldenring_alt_saves.dll
[2025-01-29 15:00:32.853] [modengine] [warning] External dll C:\Users\Bahme\Desktop\ME2\mod/eldenring_alt_saves.dll at base address 0x7ffb87f30000 is not a modengine extension
[2025-01-29 15:00:32.916] [modengine] [info] Loaded external DLL C:\Users\Bahme\Desktop\ME2\mod/Scripts-Data-Exposer-FS.dll
[2025-01-29 15:00:32.916] [modengine] [warning] External dll C:\Users\Bahme\Desktop\ME2\mod/Scripts-Data-Exposer-FS.dll at base address 0x7ffc3e6d0000 is not a modengine extension
[2025-01-29 15:00:32.918] [modengine] [info] Loaded external DLL C:\Users\Bahme\Desktop\ME2\mod/erdyes.dll
[2025-01-29 15:00:32.918] [modengine] [warning] External dll C:\Users\Bahme\Desktop\ME2\mod/erdyes.dll at base address 0x7ffc26bb0000 is not a modengine extension
[2025-01-29 15:00:32.919] [modengine] [info] Loaded external DLL C:\Users\Bahme\Desktop\ME2\mod/ermerchant.dll
[2025-01-29 15:00:32.919] [modengine] [warning] External dll C:\Users\Bahme\Desktop\ME2\mod/ermerchant.dll at base address 0x7ffbb8720000 is not a modengine extension
[2025-01-29 15:00:32.920] [modengine] [info] Loaded external DLL C:\Users\Bahme\Desktop\ME2\mod/SetCPUAffinity.dll
[2025-01-29 15:00:32.920] [modengine] [warning] External dll C:\Users\Bahme\Desktop\ME2\mod/SetCPUAffinity.dll at base address 0x7ffc26f60000 is not a modengine extension
[2025-01-29 15:00:32.920] [modengine] [info] Enabling extension base
[2025-01-29 15:00:32.920] [modengine] [info] Enabled extension base
[2025-01-29 15:00:32.920] [modengine] [info] Enabling extension mod_loader
[2025-01-29 15:00:32.920] [modengine] [info] Installing mod location mod
[2025-01-29 15:00:32.920] [modengine] [info] Resolved mod path to C:\Users\Bahme\Desktop\ME2\mod
[2025-01-29 15:00:32.920] [modengine] [info] Enabled extension mod_loader
[2025-01-29 15:00:33.017] [modengine] [info] Applied 4 hooks
[2025-01-29 15:00:33.018] [modengine] [info] Starting worker thread
[2025-01-29 15:06:17.058] [modengine] [info] Attempting to load global config at C:\Users\Bahme\Desktop\ME2\modengine2\config.toml
[2025-01-29 15:06:17.059] [modengine] [info] Attempting to load mod settings config at C:\Users\Bahme\Desktop\ME2\config_eldenring.toml
[2025-01-29 15:06:17.059] [modengine] [info] Local config loaded
[2025-01-29 15:06:17.059] [modengine] [info] ModEngine version 2.1.0-2440fc717d61eaee1549a9fc94e3109e6c016275 initializing for Elden Ring
[2025-01-29 15:06:17.059] [modengine] [info] Local settings loaded: true, Global settings loaded: false
[2025-01-29 15:06:17.059] [modengine] [info] Main thread ID: 22164
[2025-01-29 15:06:17.063] [modengine] [info] Loaded external DLL C:\Users\Bahme\Desktop\ME2\mod/ertransmogrify.dll
[2025-01-29 15:06:17.063] [modengine] [warning] External dll C:\Users\Bahme\Desktop\ME2\mod/ertransmogrify.dll at base address 0x7ffb890d0000 is not a modengine extension
[2025-01-29 15:06:17.064] [modengine] [info] Loaded external DLL C:\Users\Bahme\Desktop\ME2\mod/ErdTools.dll
[2025-01-29 15:06:17.064] [modengine] [warning] External dll C:\Users\Bahme\Desktop\ME2\mod/ErdTools.dll at base address 0x7ffb89520000 is not a modengine extension
[2025-01-29 15:06:17.122] [modengine] [info] Loaded external DLL C:\Users\Bahme\Desktop\ME2\mod/eldenring_alt_saves.dll
[2025-01-29 15:06:17.123] [modengine] [warning] External dll C:\Users\Bahme\Desktop\ME2\mod/eldenring_alt_saves.dll at base address 0x7ffb88010000 is not a modengine extension
[2025-01-29 15:06:17.197] [modengine] [info] Loaded external DLL C:\Users\Bahme\Desktop\ME2\mod/Scripts-Data-Exposer-FS.dll
[2025-01-29 15:06:17.197] [modengine] [warning] External dll C:\Users\Bahme\Desktop\ME2\mod/Scripts-Data-Exposer-FS.dll at base address 0x7ffc27060000 is not a modengine extension
[2025-01-29 15:06:17.199] [modengine] [info] Loaded external DLL C:\Users\Bahme\Desktop\ME2\mod/erdyes.dll
[2025-01-29 15:06:17.199] [modengine] [warning] External dll C:\Users\Bahme\Desktop\ME2\mod/erdyes.dll at base address 0x7ffc26fe0000 is not a modengine extension
[2025-01-29 15:06:17.200] [modengine] [info] Loaded external DLL C:\Users\Bahme\Desktop\ME2\mod/ermerchant.dll
[2025-01-29 15:06:17.200] [modengine] [warning] External dll C:\Users\Bahme\Desktop\ME2\mod/ermerchant.dll at base address 0x7ffc26f60000 is not a modengine extension
[2025-01-29 15:06:17.201] [modengine] [info] Loaded external DLL C:\Users\Bahme\Desktop\ME2\mod/SetCPUAffinity.dll
[2025-01-29 15:06:17.201] [modengine] [warning] External dll C:\Users\Bahme\Desktop\ME2\mod/SetCPUAffinity.dll at base address 0x7ffc3e6d0000 is not a modengine extension
[2025-01-29 15:06:17.201] [modengine] [info] Enabling extension base
[2025-01-29 15:06:17.201] [modengine] [info] Enabled extension base
[2025-01-29 15:06:17.201] [modengine] [info] Enabling extension mod_loader
[2025-01-29 15:06:17.201] [modengine] [info] Installing mod location mod
[2025-01-29 15:06:17.201] [modengine] [info] Resolved mod path to C:\Users\Bahme\Desktop\ME2\mod
[2025-01-29 15:06:17.201] [modengine] [info] Enabled extension mod_loader
[2025-01-29 15:06:17.296] [modengine] [info] Applied 4 hooks
[2025-01-29 15:06:17.297] [modengine] [info] Starting worker thread
[2025-01-29 15:12:13.801] [modengine] [info] Attempting to load global config at C:\Users\Bahme\Desktop\ME2\modengine2\config.toml
[2025-01-29 15:12:13.802] [modengine] [info] Attempting to load mod settings config at C:\Users\Bahme\Desktop\ME2\config_eldenring.toml
[2025-01-29 15:12:13.802] [modengine] [info] Local config loaded
[2025-01-29 15:12:13.802] [modengine] [info] ModEngine version 2.1.0-2440fc717d61eaee1549a9fc94e3109e6c016275 initializing for Elden Ring
[2025-01-29 15:12:13.802] [modengine] [info] Local settings loaded: true, Global settings loaded: false
[2025-01-29 15:12:13.802] [modengine] [info] Main thread ID: 19032
[2025-01-29 15:12:13.808] [modengine] [info] Loaded external DLL C:\Users\Bahme\Desktop\ME2\mod/ertransmogrify.dll
[2025-01-29 15:12:13.808] [modengine] [warning] External dll C:\Users\Bahme\Desktop\ME2\mod/ertransmogrify.dll at base address 0x7ffbc2b30000 is not a modengine extension
[2025-01-29 15:12:13.809] [modengine] [info] Loaded external DLL C:\Users\Bahme\Desktop\ME2\mod/ErdTools.dll
[2025-01-29 15:12:13.809] [modengine] [warning] External dll C:\Users\Bahme\Desktop\ME2\mod/ErdTools.dll at base address 0x7ffbc2b00000 is not a modengine extension
[2025-01-29 15:12:13.875] [modengine] [info] Loaded external DLL C:\Users\Bahme\Desktop\ME2\mod/eldenring_alt_saves.dll
[2025-01-29 15:12:13.875] [modengine] [warning] External dll C:\Users\Bahme\Desktop\ME2\mod/eldenring_alt_saves.dll at base address 0x7ffbc2a40000 is not a modengine extension
[2025-01-29 15:12:13.938] [modengine] [info] Loaded external DLL C:\Users\Bahme\Desktop\ME2\mod/Scripts-Data-Exposer-FS.dll
[2025-01-29 15:12:13.938] [modengine] [warning] External dll C:\Users\Bahme\Desktop\ME2\mod/Scripts-Data-Exposer-FS.dll at base address 0x7ffc26df0000 is not a modengine extension
[2025-01-29 15:12:13.939] [modengine] [info] Loaded external DLL C:\Users\Bahme\Desktop\ME2\mod/erdyes.dll
[2025-01-29 15:12:13.939] [modengine] [warning] External dll C:\Users\Bahme\Desktop\ME2\mod/erdyes.dll at base address 0x7ffc04d70000 is not a modengine extension
[2025-01-29 15:12:13.941] [modengine] [info] Loaded external DLL C:\Users\Bahme\Desktop\ME2\mod/ermerchant.dll
[2025-01-29 15:12:13.941] [modengine] [warning] External dll C:\Users\Bahme\Desktop\ME2\mod/ermerchant.dll at base address 0x7ffc04cf0000 is not a modengine extension
[2025-01-29 15:12:13.942] [modengine] [info] Loaded external DLL C:\Users\Bahme\Desktop\ME2\mod/SetCPUAffinity.dll
[2025-01-29 15:12:13.942] [modengine] [warning] External dll C:\Users\Bahme\Desktop\ME2\mod/SetCPUAffinity.dll at base address 0x7ffc3e6d0000 is not a modengine extension
[2025-01-29 15:12:13.942] [modengine] [info] Enabling extension base
[2025-01-29 15:12:13.942] [modengine] [info] Enabled extension base
[2025-01-29 15:12:13.942] [modengine] [info] Enabling extension mod_loader
[2025-01-29 15:12:13.942] [modengine] [info] Installing mod location mod
[2025-01-29 15:12:13.942] [modengine] [info] Resolved mod path to C:\Users\Bahme\Desktop\ME2\mod
[2025-01-29 15:12:13.942] [modengine] [info] Enabled extension mod_loader
[2025-01-29 15:12:14.037] [modengine] [info] Applied 4 hooks
[2025-01-29 15:12:14.039] [modengine] [info] Starting worker thread
[2025-01-29 15:17:53.983] [modengine] [info] Attempting to load global config at C:\Users\Bahme\Desktop\ME2\modengine2\config.toml
[2025-01-29 15:17:53.983] [modengine] [info] Attempting to load mod settings config at C:\Users\Bahme\Desktop\ME2\config_eldenring.toml
[2025-01-29 15:17:53.984] [modengine] [info] Local config loaded
[2025-01-29 15:17:53.984] [modengine] [info] ModEngine version 2.1.0-2440fc717d61eaee1549a9fc94e3109e6c016275 initializing for Elden Ring
[2025-01-29 15:17:53.984] [modengine] [info] Local settings loaded: true, Global settings loaded: false
[2025-01-29 15:17:53.984] [modengine] [info] Main thread ID: 22596
[2025-01-29 15:17:53.988] [modengine] [info] Loaded external DLL C:\Users\Bahme\Desktop\ME2\mod/ertransmogrify.dll
[2025-01-29 15:17:53.988] [modengine] [warning] External dll C:\Users\Bahme\Desktop\ME2\mod/ertransmogrify.dll at base address 0x7ffbc2a10000 is not a modengine extension
[2025-01-29 15:17:53.989] [modengine] [info] Loaded external DLL C:\Users\Bahme\Desktop\ME2\mod/ErdTools.dll
[2025-01-29 15:17:53.989] [modengine] [warning] External dll C:\Users\Bahme\Desktop\ME2\mod/ErdTools.dll at base address 0x7ffc04be0000 is not a modengine extension
[2025-01-29 15:17:54.046] [modengine] [info] Loaded external DLL C:\Users\Bahme\Desktop\ME2\mod/eldenring_alt_saves.dll
[2025-01-29 15:17:54.047] [modengine] [warning] External dll C:\Users\Bahme\Desktop\ME2\mod/eldenring_alt_saves.dll at base address 0x7ffbc2950000 is not a modengine extension
[2025-01-29 15:17:54.109] [modengine] [info] Loaded external DLL C:\Users\Bahme\Desktop\ME2\mod/Scripts-Data-Exposer-FS.dll
[2025-01-29 15:17:54.110] [modengine] [warning] External dll C:\Users\Bahme\Desktop\ME2\mod/Scripts-Data-Exposer-FS.dll at base address 0x7ffc3e6d0000 is not a modengine extension
[2025-01-29 15:17:54.111] [modengine] [info] Loaded external DLL C:\Users\Bahme\Desktop\ME2\mod/erdyes.dll
[2025-01-29 15:17:54.111] [modengine] [warning] External dll C:\Users\Bahme\Desktop\ME2\mod/erdyes.dll at base address 0x7ffc26fa0000 is not a modengine extension
[2025-01-29 15:17:54.112] [modengine] [info] Loaded external DLL C:\Users\Bahme\Desktop\ME2\mod/ermerchant.dll
[2025-01-29 15:17:54.112] [modengine] [warning] External dll C:\Users\Bahme\Desktop\ME2\mod/ermerchant.dll at base address 0x7ffc04cb0000 is not a modengine extension
[2025-01-29 15:17:54.113] [modengine] [info] Loaded external DLL C:\Users\Bahme\Desktop\ME2\mod/SetCPUAffinity.dll
[2025-01-29 15:17:54.113] [modengine] [warning] External dll C:\Users\Bahme\Desktop\ME2\mod/SetCPUAffinity.dll at base address 0x7ffc26f90000 is not a modengine extension
[2025-01-29 15:17:54.113] [modengine] [info] Enabling extension base
[2025-01-29 15:17:54.113] [modengine] [info] Enabled extension base
[2025-01-29 15:17:54.113] [modengine] [info] Enabling extension mod_loader
[2025-01-29 15:17:54.113] [modengine] [info] Installing mod location mod
[2025-01-29 15:17:54.113] [modengine] [info] Resolved mod path to C:\Users\Bahme\Desktop\ME2\mod
[2025-01-29 15:17:54.113] [modengine] [info] Enabled extension mod_loader
[2025-01-29 15:17:54.210] [modengine] [info] Applied 4 hooks
[2025-01-29 15:17:54.211] [modengine] [info] Starting worker thread
