[2024-05-11 00:41:42.910] [modengine] [info] Attempting to load global config at C:\Users\CouchJockey\Documents\GitHub\ConvergenceER\modengine2\config.toml
[2024-05-11 00:41:42.910] [modengine] [info] Attempting to load mod settings config at C:\Users\CouchJockey\Documents\GitHub\ConvergenceER\config_eldenring.toml
[2024-05-11 00:41:42.916] [modengine] [info] Local config loaded
[2024-05-11 00:41:42.916] [modengine] [info] ModEngine version 2.1.0-0924ab36f1311bf84e7e626740b4bf2c0d54909a initializing for Elden Ring
[2024-05-11 00:41:42.916] [modengine] [info] Local settings loaded: true, Global settings loaded: false
[2024-05-11 00:41:42.916] [modengine] [info] Main thread ID: 24912
[2024-05-11 00:41:42.939] [modengine] [info] Loaded external DLL C:\Users\CouchJockey\Documents\GitHub\ConvergenceER\ErdTools.dll
[2024-05-11 00:41:42.939] [modengine] [warning] External dll C:\Users\CouchJockey\Documents\GitHub\ConvergenceER\ErdTools.dll at base address 0x7ff80e1e0000 is not a modengine extension
[2024-05-11 00:41:43.107] [modengine] [info] Loaded external DLL C:\Users\CouchJockey\Documents\GitHub\ConvergenceER\SkipTheIntro.dll
[2024-05-11 00:41:43.107] [modengine] [warning] External dll C:\Users\CouchJockey\Documents\GitHub\ConvergenceER\SkipTheIntro.dll at base address 0x7ff80e050000 is not a modengine extension
[2024-05-11 00:41:43.127] [modengine] [info] Loaded external DLL C:\Users\CouchJockey\Documents\GitHub\ConvergenceER\ertransmogrify.dll
[2024-05-11 00:41:43.127] [modengine] [warning] External dll C:\Users\CouchJockey\Documents\GitHub\ConvergenceER\ertransmogrify.dll at base address 0x7ff80d150000 is not a modengine extension
[2024-05-11 00:41:43.192] [modengine] [info] Loaded external DLL C:\Users\CouchJockey\Documents\GitHub\ConvergenceER\Scripts-Data-Exposer-FS.dll
[2024-05-11 00:41:43.192] [modengine] [warning] External dll C:\Users\CouchJockey\Documents\GitHub\ConvergenceER\Scripts-Data-Exposer-FS.dll at base address 0x7ff82ceb0000 is not a modengine extension
[2024-05-11 00:41:43.192] [modengine] [info] Enabling extension base
[2024-05-11 00:41:43.192] [modengine] [info] Enabled extension base
[2024-05-11 00:41:43.192] [modengine] [info] Enabling extension mod_loader
[2024-05-11 00:41:43.192] [modengine] [info] Installing mod location mod
[2024-05-11 00:41:43.192] [modengine] [info] Resolved mod path to C:\Users\CouchJockey\Documents\GitHub\ConvergenceER\mod
[2024-05-11 00:41:43.192] [modengine] [info] Enabled extension mod_loader
[2024-05-11 00:41:43.240] [modengine] [info] Applied 3 hooks
[2024-05-11 00:41:43.241] [modengine] [info] Starting worker thread
