[2024-05-22 08:01:25.321] [modengine] [info] Attempting to load global config at C:\Users\CouchJockey\Documents\GitHub\ConvergenceER\modengine2\config.toml
[2024-05-22 08:01:25.321] [modengine] [info] Attempting to load mod settings config at C:\Users\CouchJockey\Documents\GitHub\ConvergenceER\config_eldenring.toml
[2024-05-22 08:01:25.327] [modengine] [info] Local config loaded
[2024-05-22 08:01:25.327] [modengine] [info] ModEngine version 2.1.0-0924ab36f1311bf84e7e626740b4bf2c0d54909a initializing for Elden Ring
[2024-05-22 08:01:25.327] [modengine] [info] Local settings loaded: true, Global settings loaded: false
[2024-05-22 08:01:25.327] [modengine] [info] Main thread ID: 29784
[2024-05-22 08:01:25.346] [modengine] [info] Loaded external DLL C:\Users\CouchJockey\Documents\GitHub\ConvergenceER\ErdTools.dll
[2024-05-22 08:01:25.346] [modengine] [warning] External dll C:\Users\CouchJockey\Documents\GitHub\ConvergenceER\ErdTools.dll at base address 0x7ff808c10000 is not a modengine extension
[2024-05-22 08:01:25.502] [modengine] [info] Loaded external DLL C:\Users\CouchJockey\Documents\GitHub\ConvergenceER\SkipTheIntro.dll
[2024-05-22 08:01:25.502] [modengine] [warning] External dll C:\Users\CouchJockey\Documents\GitHub\ConvergenceER\SkipTheIntro.dll at base address 0x7ff808970000 is not a modengine extension
[2024-05-22 08:01:25.526] [modengine] [info] Loaded external DLL C:\Users\CouchJockey\Documents\GitHub\ConvergenceER\ertransmogrify.dll
[2024-05-22 08:01:25.526] [modengine] [warning] External dll C:\Users\CouchJockey\Documents\GitHub\ConvergenceER\ertransmogrify.dll at base address 0x7ff801860000 is not a modengine extension
[2024-05-22 08:01:25.600] [modengine] [info] Loaded external DLL C:\Users\CouchJockey\Documents\GitHub\ConvergenceER\Scripts-Data-Exposer-FS.dll
[2024-05-22 08:01:25.600] [modengine] [warning] External dll C:\Users\CouchJockey\Documents\GitHub\ConvergenceER\Scripts-Data-Exposer-FS.dll at base address 0x7ff813f00000 is not a modengine extension
[2024-05-22 08:01:25.600] [modengine] [info] Enabling extension base
[2024-05-22 08:01:25.600] [modengine] [info] Enabled extension base
[2024-05-22 08:01:25.600] [modengine] [info] Enabling extension mod_loader
[2024-05-22 08:01:25.600] [modengine] [info] Installing mod location mod
[2024-05-22 08:01:25.600] [modengine] [info] Resolved mod path to C:\Users\CouchJockey\Documents\GitHub\ConvergenceER\mod
[2024-05-22 08:01:25.600] [modengine] [info] Enabled extension mod_loader
[2024-05-22 08:01:25.647] [modengine] [info] Applied 3 hooks
[2024-05-22 08:01:25.649] [modengine] [info] Starting worker thread
[2024-05-22 09:18:41.017] [modengine] [info] Attempting to load global config at C:\Users\CouchJockey\Documents\GitHub\ConvergenceER\modengine2\config.toml
[2024-05-22 09:18:41.017] [modengine] [info] Attempting to load mod settings config at C:\Users\CouchJockey\Documents\GitHub\ConvergenceER\config_eldenring.toml
[2024-05-22 09:18:41.017] [modengine] [info] Local config loaded
[2024-05-22 09:18:41.017] [modengine] [info] ModEngine version 2.1.0-0924ab36f1311bf84e7e626740b4bf2c0d54909a initializing for Elden Ring
[2024-05-22 09:18:41.017] [modengine] [info] Local settings loaded: true, Global settings loaded: false
[2024-05-22 09:18:41.017] [modengine] [info] Main thread ID: 28444
[2024-05-22 09:18:41.020] [modengine] [info] Loaded external DLL C:\Users\CouchJockey\Documents\GitHub\ConvergenceER\ErdTools.dll
[2024-05-22 09:18:41.020] [modengine] [warning] External dll C:\Users\CouchJockey\Documents\GitHub\ConvergenceER\ErdTools.dll at base address 0x7ff808c10000 is not a modengine extension
[2024-05-22 09:18:41.021] [modengine] [info] Loaded external DLL C:\Users\CouchJockey\Documents\GitHub\ConvergenceER\SkipTheIntro.dll
[2024-05-22 09:18:41.021] [modengine] [warning] External dll C:\Users\CouchJockey\Documents\GitHub\ConvergenceER\SkipTheIntro.dll at base address 0x7ff801840000 is not a modengine extension
[2024-05-22 09:18:41.023] [modengine] [info] Loaded external DLL C:\Users\CouchJockey\Documents\GitHub\ConvergenceER\ertransmogrify.dll
[2024-05-22 09:18:41.024] [modengine] [warning] External dll C:\Users\CouchJockey\Documents\GitHub\ConvergenceER\ertransmogrify.dll at base address 0x7fffe7c30000 is not a modengine extension
[2024-05-22 09:18:41.102] [modengine] [info] Loaded external DLL C:\Users\CouchJockey\Documents\GitHub\ConvergenceER\Scripts-Data-Exposer-FS.dll
[2024-05-22 09:18:41.102] [modengine] [warning] External dll C:\Users\CouchJockey\Documents\GitHub\ConvergenceER\Scripts-Data-Exposer-FS.dll at base address 0x7ff813f00000 is not a modengine extension
[2024-05-22 09:18:41.102] [modengine] [info] Enabling extension base
[2024-05-22 09:18:41.102] [modengine] [info] Enabled extension base
[2024-05-22 09:18:41.102] [modengine] [info] Enabling extension mod_loader
[2024-05-22 09:18:41.102] [modengine] [info] Installing mod location mod
[2024-05-22 09:18:41.102] [modengine] [info] Resolved mod path to C:\Users\CouchJockey\Documents\GitHub\ConvergenceER\mod
[2024-05-22 09:18:41.102] [modengine] [info] Enabled extension mod_loader
[2024-05-22 09:18:41.150] [modengine] [info] Applied 3 hooks
[2024-05-22 09:18:41.152] [modengine] [info] Starting worker thread
[2024-05-22 10:00:21.932] [modengine] [info] Attempting to load global config at C:\Users\CouchJockey\Documents\GitHub\ConvergenceER\modengine2\config.toml
[2024-05-22 10:00:21.932] [modengine] [info] Attempting to load mod settings config at C:\Users\CouchJockey\Documents\GitHub\ConvergenceER\config_eldenring.toml
[2024-05-22 10:00:21.932] [modengine] [info] Local config loaded
[2024-05-22 10:00:21.932] [modengine] [info] ModEngine version 2.1.0-0924ab36f1311bf84e7e626740b4bf2c0d54909a initializing for Elden Ring
[2024-05-22 10:00:21.932] [modengine] [info] Local settings loaded: true, Global settings loaded: false
[2024-05-22 10:00:21.932] [modengine] [info] Main thread ID: 30372
[2024-05-22 10:00:21.935] [modengine] [info] Loaded external DLL C:\Users\CouchJockey\Documents\GitHub\ConvergenceER\ErdTools.dll
[2024-05-22 10:00:21.935] [modengine] [warning] External dll C:\Users\CouchJockey\Documents\GitHub\ConvergenceER\ErdTools.dll at base address 0x7ff808c20000 is not a modengine extension
[2024-05-22 10:00:21.936] [modengine] [info] Loaded external DLL C:\Users\CouchJockey\Documents\GitHub\ConvergenceER\SkipTheIntro.dll
[2024-05-22 10:00:21.936] [modengine] [warning] External dll C:\Users\CouchJockey\Documents\GitHub\ConvergenceER\SkipTheIntro.dll at base address 0x7fffe7c40000 is not a modengine extension
[2024-05-22 10:00:21.937] [modengine] [info] Loaded external DLL C:\Users\CouchJockey\Documents\GitHub\ConvergenceER\ertransmogrify.dll
[2024-05-22 10:00:21.937] [modengine] [warning] External dll C:\Users\CouchJockey\Documents\GitHub\ConvergenceER\ertransmogrify.dll at base address 0x7fffb27c0000 is not a modengine extension
[2024-05-22 10:00:22.012] [modengine] [info] Loaded external DLL C:\Users\CouchJockey\Documents\GitHub\ConvergenceER\Scripts-Data-Exposer-FS.dll
[2024-05-22 10:00:22.012] [modengine] [warning] External dll C:\Users\CouchJockey\Documents\GitHub\ConvergenceER\Scripts-Data-Exposer-FS.dll at base address 0x7ff813f00000 is not a modengine extension
[2024-05-22 10:00:22.012] [modengine] [info] Enabling extension base
[2024-05-22 10:00:22.012] [modengine] [info] Enabled extension base
[2024-05-22 10:00:22.012] [modengine] [info] Enabling extension mod_loader
[2024-05-22 10:00:22.012] [modengine] [info] Installing mod location mod
[2024-05-22 10:00:22.012] [modengine] [info] Resolved mod path to C:\Users\CouchJockey\Documents\GitHub\ConvergenceER\mod
[2024-05-22 10:00:22.012] [modengine] [info] Enabled extension mod_loader
[2024-05-22 10:00:22.061] [modengine] [info] Applied 3 hooks
[2024-05-22 10:00:22.063] [modengine] [info] Starting worker thread
