[2024-10-27 11:58:58.175] [modengine] [info] Attempting to load global config at C:\Users\CouchJockey\Documents\GitHub\ConvergenceER\modengine2\config.toml
[2024-10-27 11:58:58.175] [modengine] [info] Attempting to load mod settings config at C:\Users\CouchJockey\Documents\GitHub\ConvergenceER\config_eldenring.toml
[2024-10-27 11:58:58.181] [modengine] [info] Local config loaded
[2024-10-27 11:58:58.181] [modengine] [info] ModEngine version 2.1.0-2440fc717d61eaee1549a9fc94e3109e6c016275 initializing for Elden Ring
[2024-10-27 11:58:58.181] [modengine] [info] Local settings loaded: true, Global settings loaded: false
[2024-10-27 11:58:58.181] [modengine] [info] Main thread ID: 21444
[2024-10-27 11:58:58.211] [modengine] [info] Loaded external DLL C:\Users\CouchJockey\Documents\GitHub\ConvergenceER\mod/ertransmogrify.dll
[2024-10-27 11:58:58.211] [modengine] [warning] External dll C:\Users\CouchJockey\Documents\GitHub\ConvergenceER\mod/ertransmogrify.dll at base address 0x7ffcfb300000 is not a modengine extension
[2024-10-27 11:58:58.229] [modengine] [info] Loaded external DLL C:\Users\CouchJockey\Documents\GitHub\ConvergenceER\mod/ErdTools.dll
[2024-10-27 11:58:58.229] [modengine] [warning] External dll C:\Users\CouchJockey\Documents\GitHub\ConvergenceER\mod/ErdTools.dll at base address 0x7ffd1d570000 is not a modengine extension
[2024-10-27 11:58:58.313] [modengine] [info] Loaded external DLL C:\Users\CouchJockey\Documents\GitHub\ConvergenceER\mod/Scripts-Data-Exposer-FS.dll
[2024-10-27 11:58:58.313] [modengine] [warning] External dll C:\Users\CouchJockey\Documents\GitHub\ConvergenceER\mod/Scripts-Data-Exposer-FS.dll at base address 0x7ffd1da90000 is not a modengine extension
[2024-10-27 11:58:58.313] [modengine] [info] Enabling extension base
[2024-10-27 11:58:58.313] [modengine] [info] Enabled extension base
[2024-10-27 11:58:58.313] [modengine] [info] Enabling extension mod_loader
[2024-10-27 11:58:58.313] [modengine] [info] Installing mod location mod
[2024-10-27 11:58:58.313] [modengine] [info] Resolved mod path to C:\Users\CouchJockey\Documents\GitHub\ConvergenceER\mod
[2024-10-27 11:58:58.313] [modengine] [info] Enabled extension mod_loader
[2024-10-27 11:58:58.397] [modengine] [info] Applied 4 hooks
[2024-10-27 11:58:58.398] [modengine] [info] Starting worker thread
[2024-10-27 17:08:49.259] [modengine] [info] Attempting to load global config at C:\Users\CouchJockey\Documents\GitHub\ConvergenceER\modengine2\config.toml
[2024-10-27 17:08:49.259] [modengine] [info] Attempting to load mod settings config at C:\Users\CouchJockey\Documents\GitHub\ConvergenceER\config_eldenring.toml
[2024-10-27 17:08:49.259] [modengine] [info] Local config loaded
[2024-10-27 17:08:49.259] [modengine] [info] ModEngine version 2.1.0-2440fc717d61eaee1549a9fc94e3109e6c016275 initializing for Elden Ring
[2024-10-27 17:08:49.259] [modengine] [info] Local settings loaded: true, Global settings loaded: false
[2024-10-27 17:08:49.259] [modengine] [info] Main thread ID: 31700
[2024-10-27 17:08:49.264] [modengine] [info] Loaded external DLL C:\Users\CouchJockey\Documents\GitHub\ConvergenceER\mod/ertransmogrify.dll
[2024-10-27 17:08:49.264] [modengine] [warning] External dll C:\Users\CouchJockey\Documents\GitHub\ConvergenceER\mod/ertransmogrify.dll at base address 0x7ffcf9df0000 is not a modengine extension
[2024-10-27 17:08:49.264] [modengine] [info] Loaded external DLL C:\Users\CouchJockey\Documents\GitHub\ConvergenceER\mod/ErdTools.dll
[2024-10-27 17:08:49.264] [modengine] [warning] External dll C:\Users\CouchJockey\Documents\GitHub\ConvergenceER\mod/ErdTools.dll at base address 0x7ffd32aa0000 is not a modengine extension
[2024-10-27 17:08:49.338] [modengine] [info] Loaded external DLL C:\Users\CouchJockey\Documents\GitHub\ConvergenceER\mod/Scripts-Data-Exposer-FS.dll
[2024-10-27 17:08:49.338] [modengine] [warning] External dll C:\Users\CouchJockey\Documents\GitHub\ConvergenceER\mod/Scripts-Data-Exposer-FS.dll at base address 0x7ffd32a80000 is not a modengine extension
[2024-10-27 17:08:49.338] [modengine] [info] Enabling extension base
[2024-10-27 17:08:49.338] [modengine] [info] Enabled extension base
[2024-10-27 17:08:49.338] [modengine] [info] Enabling extension mod_loader
[2024-10-27 17:08:49.338] [modengine] [info] Installing mod location mod
[2024-10-27 17:08:49.338] [modengine] [info] Resolved mod path to C:\Users\CouchJockey\Documents\GitHub\ConvergenceER\mod
[2024-10-27 17:08:49.338] [modengine] [info] Enabled extension mod_loader
[2024-10-27 17:08:49.421] [modengine] [info] Applied 4 hooks
[2024-10-27 17:08:49.422] [modengine] [info] Starting worker thread
[2024-10-27 17:13:01.444] [modengine] [info] Attempting to load global config at C:\Users\CouchJockey\Documents\GitHub\ConvergenceER\modengine2\config.toml
[2024-10-27 17:13:01.445] [modengine] [info] Attempting to load mod settings config at C:\Users\CouchJockey\Documents\GitHub\ConvergenceER\config_eldenring.toml
[2024-10-27 17:13:01.445] [modengine] [info] Local config loaded
[2024-10-27 17:13:01.445] [modengine] [info] ModEngine version 2.1.0-2440fc717d61eaee1549a9fc94e3109e6c016275 initializing for Elden Ring
[2024-10-27 17:13:01.445] [modengine] [info] Local settings loaded: true, Global settings loaded: false
[2024-10-27 17:13:01.445] [modengine] [info] Main thread ID: 30504
[2024-10-27 17:13:01.449] [modengine] [info] Loaded external DLL C:\Users\CouchJockey\Documents\GitHub\ConvergenceER\mod/ertransmogrify.dll
[2024-10-27 17:13:01.449] [modengine] [warning] External dll C:\Users\CouchJockey\Documents\GitHub\ConvergenceER\mod/ertransmogrify.dll at base address 0x7ffcf9df0000 is not a modengine extension
[2024-10-27 17:13:01.449] [modengine] [info] Loaded external DLL C:\Users\CouchJockey\Documents\GitHub\ConvergenceER\mod/ErdTools.dll
[2024-10-27 17:13:01.449] [modengine] [warning] External dll C:\Users\CouchJockey\Documents\GitHub\ConvergenceER\mod/ErdTools.dll at base address 0x7ffd32aa0000 is not a modengine extension
[2024-10-27 17:13:01.534] [modengine] [info] Loaded external DLL C:\Users\CouchJockey\Documents\GitHub\ConvergenceER\mod/Scripts-Data-Exposer-FS.dll
[2024-10-27 17:13:01.534] [modengine] [warning] External dll C:\Users\CouchJockey\Documents\GitHub\ConvergenceER\mod/Scripts-Data-Exposer-FS.dll at base address 0x7ffd34400000 is not a modengine extension
[2024-10-27 17:13:01.534] [modengine] [info] Enabling extension base
[2024-10-27 17:13:01.534] [modengine] [info] Enabled extension base
[2024-10-27 17:13:01.534] [modengine] [info] Enabling extension mod_loader
[2024-10-27 17:13:01.534] [modengine] [info] Installing mod location mod
[2024-10-27 17:13:01.534] [modengine] [info] Resolved mod path to C:\Users\CouchJockey\Documents\GitHub\ConvergenceER\mod
[2024-10-27 17:13:01.534] [modengine] [info] Enabled extension mod_loader
[2024-10-27 17:13:01.617] [modengine] [info] Applied 4 hooks
[2024-10-27 17:13:01.618] [modengine] [info] Starting worker thread
[2024-10-27 17:18:35.520] [modengine] [info] Attempting to load global config at C:\Users\CouchJockey\Documents\GitHub\ConvergenceER\modengine2\config.toml
[2024-10-27 17:18:35.520] [modengine] [info] Attempting to load mod settings config at C:\Users\CouchJockey\Documents\GitHub\ConvergenceER\config_eldenring.toml
[2024-10-27 17:18:35.520] [modengine] [info] Local config loaded
[2024-10-27 17:18:35.520] [modengine] [info] ModEngine version 2.1.0-2440fc717d61eaee1549a9fc94e3109e6c016275 initializing for Elden Ring
[2024-10-27 17:18:35.520] [modengine] [info] Local settings loaded: true, Global settings loaded: false
[2024-10-27 17:18:35.520] [modengine] [info] Main thread ID: 19048
[2024-10-27 17:18:35.524] [modengine] [info] Loaded external DLL C:\Users\CouchJockey\Documents\GitHub\ConvergenceER\mod/ertransmogrify.dll
[2024-10-27 17:18:35.524] [modengine] [warning] External dll C:\Users\CouchJockey\Documents\GitHub\ConvergenceER\mod/ertransmogrify.dll at base address 0x7ffd34420000 is not a modengine extension
[2024-10-27 17:18:35.524] [modengine] [info] Loaded external DLL C:\Users\CouchJockey\Documents\GitHub\ConvergenceER\mod/ErdTools.dll
[2024-10-27 17:18:35.524] [modengine] [warning] External dll C:\Users\CouchJockey\Documents\GitHub\ConvergenceER\mod/ErdTools.dll at base address 0x7ffd33420000 is not a modengine extension
[2024-10-27 17:18:35.597] [modengine] [info] Loaded external DLL C:\Users\CouchJockey\Documents\GitHub\ConvergenceER\mod/Scripts-Data-Exposer-FS.dll
[2024-10-27 17:18:35.597] [modengine] [warning] External dll C:\Users\CouchJockey\Documents\GitHub\ConvergenceER\mod/Scripts-Data-Exposer-FS.dll at base address 0x7ffd34400000 is not a modengine extension
[2024-10-27 17:18:35.597] [modengine] [info] Enabling extension base
[2024-10-27 17:18:35.597] [modengine] [info] Enabled extension base
[2024-10-27 17:18:35.597] [modengine] [info] Enabling extension mod_loader
[2024-10-27 17:18:35.597] [modengine] [info] Installing mod location mod
[2024-10-27 17:18:35.597] [modengine] [info] Resolved mod path to C:\Users\CouchJockey\Documents\GitHub\ConvergenceER\mod
[2024-10-27 17:18:35.597] [modengine] [info] Enabled extension mod_loader
[2024-10-27 17:18:35.681] [modengine] [info] Applied 4 hooks
[2024-10-27 17:18:35.682] [modengine] [info] Starting worker thread
[2024-10-27 17:22:43.587] [modengine] [info] Attempting to load global config at C:\Users\CouchJockey\Documents\GitHub\ConvergenceER\modengine2\config.toml
[2024-10-27 17:22:43.587] [modengine] [info] Attempting to load mod settings config at C:\Users\CouchJockey\Documents\GitHub\ConvergenceER\config_eldenring.toml
[2024-10-27 17:22:43.587] [modengine] [info] Local config loaded
[2024-10-27 17:22:43.588] [modengine] [info] ModEngine version 2.1.0-2440fc717d61eaee1549a9fc94e3109e6c016275 initializing for Elden Ring
[2024-10-27 17:22:43.588] [modengine] [info] Local settings loaded: true, Global settings loaded: false
[2024-10-27 17:22:43.588] [modengine] [info] Main thread ID: 31076
[2024-10-27 17:22:43.591] [modengine] [info] Loaded external DLL C:\Users\CouchJockey\Documents\GitHub\ConvergenceER\mod/ertransmogrify.dll
[2024-10-27 17:22:43.591] [modengine] [warning] External dll C:\Users\CouchJockey\Documents\GitHub\ConvergenceER\mod/ertransmogrify.dll at base address 0x7ffd34420000 is not a modengine extension
[2024-10-27 17:22:43.592] [modengine] [info] Loaded external DLL C:\Users\CouchJockey\Documents\GitHub\ConvergenceER\mod/ErdTools.dll
[2024-10-27 17:22:43.592] [modengine] [warning] External dll C:\Users\CouchJockey\Documents\GitHub\ConvergenceER\mod/ErdTools.dll at base address 0x7ffd33420000 is not a modengine extension
[2024-10-27 17:22:43.703] [modengine] [info] Loaded external DLL C:\Users\CouchJockey\Documents\GitHub\ConvergenceER\mod/Scripts-Data-Exposer-FS.dll
[2024-10-27 17:22:43.703] [modengine] [warning] External dll C:\Users\CouchJockey\Documents\GitHub\ConvergenceER\mod/Scripts-Data-Exposer-FS.dll at base address 0x7ffd34400000 is not a modengine extension
[2024-10-27 17:22:43.703] [modengine] [info] Enabling extension base
[2024-10-27 17:22:43.703] [modengine] [info] Enabled extension base
[2024-10-27 17:22:43.703] [modengine] [info] Enabling extension mod_loader
[2024-10-27 17:22:43.703] [modengine] [info] Installing mod location mod
[2024-10-27 17:22:43.704] [modengine] [info] Resolved mod path to C:\Users\CouchJockey\Documents\GitHub\ConvergenceER\mod
[2024-10-27 17:22:43.704] [modengine] [info] Enabled extension mod_loader
[2024-10-27 17:22:43.793] [modengine] [info] Applied 4 hooks
[2024-10-27 17:22:43.797] [modengine] [info] Starting worker thread
