[2024-05-18 11:03:31.538] [modengine] [info] Attempting to load global config at C:\Users\CouchJockey\Documents\GitHub\ConvergenceER\modengine2\config.toml
[2024-05-18 11:03:31.538] [modengine] [info] Attempting to load mod settings config at C:\Users\CouchJockey\Documents\GitHub\ConvergenceER\config_eldenring.toml
[2024-05-18 11:03:31.544] [modengine] [info] Local config loaded
[2024-05-18 11:03:31.544] [modengine] [info] ModEngine version 2.1.0-0924ab36f1311bf84e7e626740b4bf2c0d54909a initializing for Elden Ring
[2024-05-18 11:03:31.544] [modengine] [info] Local settings loaded: true, Global settings loaded: false
[2024-05-18 11:03:31.544] [modengine] [info] Main thread ID: 24892
[2024-05-18 11:03:31.566] [modengine] [info] Loaded external DLL C:\Users\CouchJockey\Documents\GitHub\ConvergenceER\ErdTools.dll
[2024-05-18 11:03:31.566] [modengine] [warning] External dll C:\Users\CouchJockey\Documents\GitHub\ConvergenceER\ErdTools.dll at base address 0x7ff808770000 is not a modengine extension
[2024-05-18 11:03:31.733] [modengine] [info] Loaded external DLL C:\Users\CouchJockey\Documents\GitHub\ConvergenceER\SkipTheIntro.dll
[2024-05-18 11:03:31.733] [modengine] [warning] External dll C:\Users\CouchJockey\Documents\GitHub\ConvergenceER\SkipTheIntro.dll at base address 0x7ff801890000 is not a modengine extension
[2024-05-18 11:03:31.758] [modengine] [info] Loaded external DLL C:\Users\CouchJockey\Documents\GitHub\ConvergenceER\ertransmogrify.dll
[2024-05-18 11:03:31.758] [modengine] [warning] External dll C:\Users\CouchJockey\Documents\GitHub\ConvergenceER\ertransmogrify.dll at base address 0x7fffb2670000 is not a modengine extension
[2024-05-18 11:03:31.827] [modengine] [info] Loaded external DLL C:\Users\CouchJockey\Documents\GitHub\ConvergenceER\Scripts-Data-Exposer-FS.dll
[2024-05-18 11:03:31.827] [modengine] [warning] External dll C:\Users\CouchJockey\Documents\GitHub\ConvergenceER\Scripts-Data-Exposer-FS.dll at base address 0x7ff833d10000 is not a modengine extension
[2024-05-18 11:03:31.827] [modengine] [info] Enabling extension base
[2024-05-18 11:03:31.827] [modengine] [info] Enabled extension base
[2024-05-18 11:03:31.827] [modengine] [info] Enabling extension mod_loader
[2024-05-18 11:03:31.827] [modengine] [info] Installing mod location mod
[2024-05-18 11:03:31.827] [modengine] [info] Resolved mod path to C:\Users\CouchJockey\Documents\GitHub\ConvergenceER\mod
[2024-05-18 11:03:31.827] [modengine] [info] Enabled extension mod_loader
[2024-05-18 11:03:31.875] [modengine] [info] Applied 3 hooks
[2024-05-18 11:03:31.876] [modengine] [info] Starting worker thread
