[2024-10-15 17:49:21.202] [modengine] [info] Attempting to load global config at C:\Users\CouchJockey\Documents\GitHub\ConvergenceER\modengine2\config.toml
[2024-10-15 17:49:21.202] [modengine] [info] Attempting to load mod settings config at C:\Users\CouchJockey\Documents\GitHub\ConvergenceER\config_eldenring.toml
[2024-10-15 17:49:21.209] [modengine] [info] Local config loaded
[2024-10-15 17:49:21.209] [modengine] [info] ModEngine version 2.1.0-0924ab36f1311bf84e7e626740b4bf2c0d54909a initializing for Elden Ring
[2024-10-15 17:49:21.209] [modengine] [info] Local settings loaded: true, Global settings loaded: false
[2024-10-15 17:49:21.209] [modengine] [info] Main thread ID: 21136
[2024-10-15 17:49:21.240] [modengine] [info] Loaded external DLL C:\Users\CouchJockey\Documents\GitHub\ConvergenceER\mod/ertransmogrify.dll
[2024-10-15 17:49:21.240] [modengine] [warning] External dll C:\Users\CouchJockey\Documents\GitHub\ConvergenceER\mod/ertransmogrify.dll at base address 0x7fffe32f0000 is not a modengine extension
[2024-10-15 17:49:21.266] [modengine] [info] Loaded external DLL C:\Users\CouchJockey\Documents\GitHub\ConvergenceER\mod/ErdTools.dll
[2024-10-15 17:49:21.266] [modengine] [warning] External dll C:\Users\CouchJockey\Documents\GitHub\ConvergenceER\mod/ErdTools.dll at base address 0x7fffea610000 is not a modengine extension
[2024-10-15 17:49:21.352] [modengine] [info] Loaded external DLL C:\Users\CouchJockey\Documents\GitHub\ConvergenceER\mod/Scripts-Data-Exposer-FS.dll
[2024-10-15 17:49:21.352] [modengine] [warning] External dll C:\Users\CouchJockey\Documents\GitHub\ConvergenceER\mod/Scripts-Data-Exposer-FS.dll at base address 0x7ffffe0a0000 is not a modengine extension
[2024-10-15 17:49:21.352] [modengine] [info] Enabling extension base
[2024-10-15 17:49:21.352] [modengine] [info] Enabled extension base
[2024-10-15 17:49:21.352] [modengine] [info] Enabling extension mod_loader
[2024-10-15 17:49:21.352] [modengine] [info] Installing mod location mod
[2024-10-15 17:49:21.352] [modengine] [info] Resolved mod path to C:\Users\CouchJockey\Documents\GitHub\ConvergenceER\mod
[2024-10-15 17:49:21.352] [modengine] [info] Enabled extension mod_loader
[2024-10-15 17:49:21.405] [modengine] [info] Applied 3 hooks
[2024-10-15 17:49:21.406] [modengine] [info] Starting worker thread
[2024-10-15 17:49:46.068] [modengine] [info] Attempting to load global config at C:\Users\CouchJockey\Documents\GitHub\ConvergenceER\modengine2\config.toml
[2024-10-15 17:49:46.068] [modengine] [info] Attempting to load mod settings config at C:\Users\CouchJockey\Documents\GitHub\ConvergenceER\config_eldenring.toml
[2024-10-15 17:49:46.069] [modengine] [info] Local config loaded
[2024-10-15 17:49:46.069] [modengine] [info] ModEngine version 2.1.0-0924ab36f1311bf84e7e626740b4bf2c0d54909a initializing for Elden Ring
[2024-10-15 17:49:46.069] [modengine] [info] Local settings loaded: true, Global settings loaded: false
[2024-10-15 17:49:46.069] [modengine] [info] Main thread ID: 9544
[2024-10-15 17:49:46.073] [modengine] [info] Loaded external DLL C:\Users\CouchJockey\Documents\GitHub\ConvergenceER\mod/ertransmogrify.dll
[2024-10-15 17:49:46.073] [modengine] [warning] External dll C:\Users\CouchJockey\Documents\GitHub\ConvergenceER\mod/ertransmogrify.dll at base address 0x7fffe3f90000 is not a modengine extension
[2024-10-15 17:49:46.073] [modengine] [info] Loaded external DLL C:\Users\CouchJockey\Documents\GitHub\ConvergenceER\mod/ErdTools.dll
[2024-10-15 17:49:46.073] [modengine] [warning] External dll C:\Users\CouchJockey\Documents\GitHub\ConvergenceER\mod/ErdTools.dll at base address 0x7fffea610000 is not a modengine extension
[2024-10-15 17:49:46.150] [modengine] [info] Loaded external DLL C:\Users\CouchJockey\Documents\GitHub\ConvergenceER\mod/Scripts-Data-Exposer-FS.dll
[2024-10-15 17:49:46.150] [modengine] [warning] External dll C:\Users\CouchJockey\Documents\GitHub\ConvergenceER\mod/Scripts-Data-Exposer-FS.dll at base address 0x7ffffe0a0000 is not a modengine extension
[2024-10-15 17:49:46.150] [modengine] [info] Enabling extension base
[2024-10-15 17:49:46.150] [modengine] [info] Enabled extension base
[2024-10-15 17:49:46.150] [modengine] [info] Enabling extension mod_loader
[2024-10-15 17:49:46.150] [modengine] [info] Installing mod location mod
[2024-10-15 17:49:46.150] [modengine] [info] Resolved mod path to C:\Users\CouchJockey\Documents\GitHub\ConvergenceER\mod
[2024-10-15 17:49:46.150] [modengine] [info] Enabled extension mod_loader
[2024-10-15 17:49:46.198] [modengine] [info] Applied 3 hooks
[2024-10-15 17:49:46.200] [modengine] [info] Starting worker thread
[2024-10-15 17:58:33.285] [modengine] [info] Attempting to load global config at C:\Users\CouchJockey\Documents\GitHub\ConvergenceER\modengine2\config.toml
[2024-10-15 17:58:33.285] [modengine] [info] Attempting to load mod settings config at C:\Users\CouchJockey\Documents\GitHub\ConvergenceER\config_eldenring.toml
[2024-10-15 17:58:33.285] [modengine] [info] Local config loaded
[2024-10-15 17:58:33.285] [modengine] [info] ModEngine version 2.1.0-0924ab36f1311bf84e7e626740b4bf2c0d54909a initializing for Elden Ring
[2024-10-15 17:58:33.285] [modengine] [info] Local settings loaded: true, Global settings loaded: false
[2024-10-15 17:58:33.285] [modengine] [info] Main thread ID: 11672
[2024-10-15 17:58:33.289] [modengine] [info] Loaded external DLL C:\Users\CouchJockey\Documents\GitHub\ConvergenceER\mod/ertransmogrify.dll
[2024-10-15 17:58:33.289] [modengine] [warning] External dll C:\Users\CouchJockey\Documents\GitHub\ConvergenceER\mod/ertransmogrify.dll at base address 0x7fffd04c0000 is not a modengine extension
[2024-10-15 17:58:33.290] [modengine] [info] Loaded external DLL C:\Users\CouchJockey\Documents\GitHub\ConvergenceER\mod/ErdTools.dll
[2024-10-15 17:58:33.290] [modengine] [warning] External dll C:\Users\CouchJockey\Documents\GitHub\ConvergenceER\mod/ErdTools.dll at base address 0x7fffe2790000 is not a modengine extension
[2024-10-15 17:58:33.369] [modengine] [info] Loaded external DLL C:\Users\CouchJockey\Documents\GitHub\ConvergenceER\mod/Scripts-Data-Exposer-FS.dll
[2024-10-15 17:58:33.369] [modengine] [warning] External dll C:\Users\CouchJockey\Documents\GitHub\ConvergenceER\mod/Scripts-Data-Exposer-FS.dll at base address 0x7fffe9790000 is not a modengine extension
[2024-10-15 17:58:33.369] [modengine] [info] Enabling extension base
[2024-10-15 17:58:33.369] [modengine] [info] Enabled extension base
[2024-10-15 17:58:33.369] [modengine] [info] Enabling extension mod_loader
[2024-10-15 17:58:33.369] [modengine] [info] Installing mod location mod
[2024-10-15 17:58:33.369] [modengine] [info] Resolved mod path to C:\Users\CouchJockey\Documents\GitHub\ConvergenceER\mod
[2024-10-15 17:58:33.369] [modengine] [info] Enabled extension mod_loader
[2024-10-15 17:58:33.417] [modengine] [info] Applied 3 hooks
[2024-10-15 17:58:33.418] [modengine] [info] Starting worker thread
