[2024-06-13 06:17:22.465] [modengine] [info] Attempting to load global config at C:\Users\CouchJockey\Documents\GitHub\ConvergenceER\modengine2\config.toml
[2024-06-13 06:17:22.465] [modengine] [info] Attempting to load mod settings config at C:\Users\CouchJockey\Documents\GitHub\ConvergenceER\config_eldenring.toml
[2024-06-13 06:17:22.471] [modengine] [info] Local config loaded
[2024-06-13 06:17:22.471] [modengine] [info] ModEngine version 2.1.0-0924ab36f1311bf84e7e626740b4bf2c0d54909a initializing for Elden Ring
[2024-06-13 06:17:22.471] [modengine] [info] Local settings loaded: true, Global settings loaded: false
[2024-06-13 06:17:22.472] [modengine] [info] Main thread ID: 36212
[2024-06-13 06:17:22.496] [modengine] [info] Loaded external DLL C:\Users\CouchJockey\Documents\GitHub\ConvergenceER\ertransmogrify.dll
[2024-06-13 06:17:22.496] [modengine] [warning] External dll C:\Users\CouchJockey\Documents\GitHub\ConvergenceER\ertransmogrify.dll at base address 0x7fffebd80000 is not a modengine extension
[2024-06-13 06:17:22.513] [modengine] [info] Loaded external DLL C:\Users\CouchJockey\Documents\GitHub\ConvergenceER\ErdTools.dll
[2024-06-13 06:17:22.513] [modengine] [warning] External dll C:\Users\CouchJockey\Documents\GitHub\ConvergenceER\ErdTools.dll at base address 0x7ff81fc20000 is not a modengine extension
[2024-06-13 06:17:22.587] [modengine] [info] Loaded external DLL C:\Users\CouchJockey\Documents\GitHub\ConvergenceER\Scripts-Data-Exposer-FS.dll
[2024-06-13 06:17:22.587] [modengine] [warning] External dll C:\Users\CouchJockey\Documents\GitHub\ConvergenceER\Scripts-Data-Exposer-FS.dll at base address 0x7ff828790000 is not a modengine extension
[2024-06-13 06:17:22.743] [modengine] [info] Loaded external DLL C:\Users\CouchJockey\Documents\GitHub\ConvergenceER\SkipTheIntro.dll
[2024-06-13 06:17:22.743] [modengine] [warning] External dll C:\Users\CouchJockey\Documents\GitHub\ConvergenceER\SkipTheIntro.dll at base address 0x7ffffd760000 is not a modengine extension
[2024-06-13 06:17:22.743] [modengine] [info] Enabling extension base
[2024-06-13 06:17:22.743] [modengine] [info] Enabled extension base
[2024-06-13 06:17:22.743] [modengine] [info] Enabling extension mod_loader
[2024-06-13 06:17:22.743] [modengine] [info] Installing mod location mod
[2024-06-13 06:17:22.743] [modengine] [info] Resolved mod path to C:\Users\CouchJockey\Documents\GitHub\ConvergenceER\mod
[2024-06-13 06:17:22.743] [modengine] [info] Enabled extension mod_loader
[2024-06-13 06:17:22.791] [modengine] [info] Applied 3 hooks
[2024-06-13 06:17:22.792] [modengine] [info] Starting worker thread
[2024-06-13 06:23:46.387] [modengine] [info] Attempting to load global config at C:\Users\CouchJockey\Documents\GitHub\ConvergenceER\modengine2\config.toml
[2024-06-13 06:23:46.387] [modengine] [info] Attempting to load mod settings config at C:\Users\CouchJockey\Documents\GitHub\ConvergenceER\config_eldenring.toml
[2024-06-13 06:23:46.387] [modengine] [info] Local config loaded
[2024-06-13 06:23:46.387] [modengine] [info] ModEngine version 2.1.0-0924ab36f1311bf84e7e626740b4bf2c0d54909a initializing for Elden Ring
[2024-06-13 06:23:46.387] [modengine] [info] Local settings loaded: true, Global settings loaded: false
[2024-06-13 06:23:46.387] [modengine] [info] Main thread ID: 37456
[2024-06-13 06:23:46.391] [modengine] [info] Loaded external DLL C:\Users\CouchJockey\Documents\GitHub\ConvergenceER\ertransmogrify.dll
[2024-06-13 06:23:46.391] [modengine] [warning] External dll C:\Users\CouchJockey\Documents\GitHub\ConvergenceER\ertransmogrify.dll at base address 0x7ff80bd90000 is not a modengine extension
[2024-06-13 06:23:46.392] [modengine] [info] Loaded external DLL C:\Users\CouchJockey\Documents\GitHub\ConvergenceER\ErdTools.dll
[2024-06-13 06:23:46.392] [modengine] [warning] External dll C:\Users\CouchJockey\Documents\GitHub\ConvergenceER\ErdTools.dll at base address 0x7ff81fc20000 is not a modengine extension
[2024-06-13 06:23:46.475] [modengine] [info] Loaded external DLL C:\Users\CouchJockey\Documents\GitHub\ConvergenceER\Scripts-Data-Exposer-FS.dll
[2024-06-13 06:23:46.475] [modengine] [warning] External dll C:\Users\CouchJockey\Documents\GitHub\ConvergenceER\Scripts-Data-Exposer-FS.dll at base address 0x7ff828790000 is not a modengine extension
[2024-06-13 06:23:46.476] [modengine] [info] Loaded external DLL C:\Users\CouchJockey\Documents\GitHub\ConvergenceER\SkipTheIntro.dll
[2024-06-13 06:23:46.476] [modengine] [warning] External dll C:\Users\CouchJockey\Documents\GitHub\ConvergenceER\SkipTheIntro.dll at base address 0x7fffff5d0000 is not a modengine extension
[2024-06-13 06:23:46.476] [modengine] [info] Enabling extension base
[2024-06-13 06:23:46.476] [modengine] [info] Enabled extension base
[2024-06-13 06:23:46.476] [modengine] [info] Enabling extension mod_loader
[2024-06-13 06:23:46.476] [modengine] [info] Installing mod location mod
[2024-06-13 06:23:46.476] [modengine] [info] Resolved mod path to C:\Users\CouchJockey\Documents\GitHub\ConvergenceER\mod
[2024-06-13 06:23:46.476] [modengine] [info] Enabled extension mod_loader
[2024-06-13 06:23:46.525] [modengine] [info] Applied 3 hooks
[2024-06-13 06:23:46.527] [modengine] [info] Starting worker thread
