[2024-07-18 08:55:46.063] [modengine] [info] Attempting to load global config at C:\Users\CouchJockey\Documents\GitHub\ConvergenceER\modengine2\config.toml
[2024-07-18 08:55:46.063] [modengine] [info] Attempting to load mod settings config at C:\Users\CouchJockey\Documents\GitHub\ConvergenceER\config_eldenring.toml
[2024-07-18 08:55:46.069] [modengine] [info] Local config loaded
[2024-07-18 08:55:46.069] [modengine] [info] ModEngine version 2.1.0-0924ab36f1311bf84e7e626740b4bf2c0d54909a initializing for Elden Ring
[2024-07-18 08:55:46.069] [modengine] [info] Local settings loaded: true, Global settings loaded: false
[2024-07-18 08:55:46.069] [modengine] [info] Main thread ID: 8504
[2024-07-18 08:55:46.104] [modengine] [info] Loaded external DLL C:\Users\CouchJockey\Documents\GitHub\ConvergenceER\ertransmogrify.dll
[2024-07-18 08:55:46.104] [modengine] [warning] External dll C:\Users\CouchJockey\Documents\GitHub\ConvergenceER\ertransmogrify.dll at base address 0x7fffcc820000 is not a modengine extension
[2024-07-18 08:55:46.122] [modengine] [info] Loaded external DLL C:\Users\CouchJockey\Documents\GitHub\ConvergenceER\ErdTools.dll
[2024-07-18 08:55:46.122] [modengine] [warning] External dll C:\Users\CouchJockey\Documents\GitHub\ConvergenceER\ErdTools.dll at base address 0x7ffff9c00000 is not a modengine extension
[2024-07-18 08:55:46.203] [modengine] [info] Loaded external DLL C:\Users\CouchJockey\Documents\GitHub\ConvergenceER\Scripts-Data-Exposer-FS.dll
[2024-07-18 08:55:46.203] [modengine] [warning] External dll C:\Users\CouchJockey\Documents\GitHub\ConvergenceER\Scripts-Data-Exposer-FS.dll at base address 0x7ffffece0000 is not a modengine extension
[2024-07-18 08:55:46.203] [modengine] [info] Enabling extension base
[2024-07-18 08:55:46.203] [modengine] [info] Enabled extension base
[2024-07-18 08:55:46.203] [modengine] [info] Enabling extension mod_loader
[2024-07-18 08:55:46.203] [modengine] [info] Installing mod location mod
[2024-07-18 08:55:46.204] [modengine] [info] Resolved mod path to C:\Users\CouchJockey\Documents\GitHub\ConvergenceER\mod
[2024-07-18 08:55:46.204] [modengine] [info] Enabled extension mod_loader
[2024-07-18 08:55:46.251] [modengine] [info] Applied 3 hooks
[2024-07-18 08:55:46.252] [modengine] [info] Starting worker thread
[2024-07-18 12:45:31.759] [modengine] [info] Attempting to load global config at C:\Users\CouchJockey\Documents\GitHub\ConvergenceER\modengine2\config.toml
[2024-07-18 12:45:31.759] [modengine] [info] Attempting to load mod settings config at C:\Users\CouchJockey\Documents\GitHub\ConvergenceER\config_eldenring.toml
[2024-07-18 12:45:31.766] [modengine] [info] Local config loaded
[2024-07-18 12:45:31.766] [modengine] [info] ModEngine version 2.1.0-0924ab36f1311bf84e7e626740b4bf2c0d54909a initializing for Elden Ring
[2024-07-18 12:45:31.766] [modengine] [info] Local settings loaded: true, Global settings loaded: false
[2024-07-18 12:45:31.766] [modengine] [info] Main thread ID: 2012
[2024-07-18 12:45:31.794] [modengine] [info] Loaded external DLL C:\Users\CouchJockey\Documents\GitHub\ConvergenceER\ertransmogrify.dll
[2024-07-18 12:45:31.794] [modengine] [warning] External dll C:\Users\CouchJockey\Documents\GitHub\ConvergenceER\ertransmogrify.dll at base address 0x7fffcc820000 is not a modengine extension
[2024-07-18 12:45:31.812] [modengine] [info] Loaded external DLL C:\Users\CouchJockey\Documents\GitHub\ConvergenceER\ErdTools.dll
[2024-07-18 12:45:31.812] [modengine] [warning] External dll C:\Users\CouchJockey\Documents\GitHub\ConvergenceER\ErdTools.dll at base address 0x7fffe95c0000 is not a modengine extension
[2024-07-18 12:45:31.904] [modengine] [info] Loaded external DLL C:\Users\CouchJockey\Documents\GitHub\ConvergenceER\Scripts-Data-Exposer-FS.dll
[2024-07-18 12:45:31.904] [modengine] [warning] External dll C:\Users\CouchJockey\Documents\GitHub\ConvergenceER\Scripts-Data-Exposer-FS.dll at base address 0x7fffe9590000 is not a modengine extension
[2024-07-18 12:45:31.904] [modengine] [info] Enabling extension base
[2024-07-18 12:45:31.904] [modengine] [info] Enabled extension base
[2024-07-18 12:45:31.904] [modengine] [info] Enabling extension mod_loader
[2024-07-18 12:45:31.905] [modengine] [info] Installing mod location mod
[2024-07-18 12:45:31.905] [modengine] [info] Resolved mod path to C:\Users\CouchJockey\Documents\GitHub\ConvergenceER\mod
[2024-07-18 12:45:31.905] [modengine] [info] Enabled extension mod_loader
[2024-07-18 12:45:31.952] [modengine] [info] Applied 3 hooks
[2024-07-18 12:45:31.954] [modengine] [info] Starting worker thread
