[2024-11-12 02:24:07.490] [modengine] [info] Attempting to load global config at C:\Users\CouchJockey\Documents\GitHub\ConvergenceER\modengine2\config.toml
[2024-11-12 02:24:07.490] [modengine] [info] Attempting to load mod settings config at C:\Users\CouchJockey\Documents\GitHub\ConvergenceER\config_eldenring.toml
[2024-11-12 02:24:07.497] [modengine] [info] Local config loaded
[2024-11-12 02:24:07.497] [modengine] [info] ModEngine version 2.1.0-2440fc717d61eaee1549a9fc94e3109e6c016275 initializing for Elden Ring
[2024-11-12 02:24:07.497] [modengine] [info] Local settings loaded: true, Global settings loaded: false
[2024-11-12 02:24:07.497] [modengine] [info] Main thread ID: 37856
[2024-11-12 02:24:07.536] [modengine] [info] Loaded external DLL C:\Users\CouchJockey\Documents\GitHub\ConvergenceER\mod/ertransmogrify.dll
[2024-11-12 02:24:07.536] [modengine] [warning] External dll C:\Users\CouchJockey\Documents\GitHub\ConvergenceER\mod/ertransmogrify.dll at base address 0x7ffd19810000 is not a modengine extension
[2024-11-12 02:24:07.556] [modengine] [info] Loaded external DLL C:\Users\CouchJockey\Documents\GitHub\ConvergenceER\mod/ErdTools.dll
[2024-11-12 02:24:07.556] [modengine] [warning] External dll C:\Users\CouchJockey\Documents\GitHub\ConvergenceER\mod/ErdTools.dll at base address 0x7ffd30090000 is not a modengine extension
[2024-11-12 02:24:07.648] [modengine] [info] Loaded external DLL C:\Users\CouchJockey\Documents\GitHub\ConvergenceER\mod/Scripts-Data-Exposer-FS.dll
[2024-11-12 02:24:07.648] [modengine] [warning] External dll C:\Users\CouchJockey\Documents\GitHub\ConvergenceER\mod/Scripts-Data-Exposer-FS.dll at base address 0x7ffd206b0000 is not a modengine extension
[2024-11-12 02:24:07.648] [modengine] [info] Enabling extension base
[2024-11-12 02:24:07.648] [modengine] [info] Enabled extension base
[2024-11-12 02:24:07.648] [modengine] [info] Enabling extension mod_loader
[2024-11-12 02:24:07.648] [modengine] [info] Installing mod location mod
[2024-11-12 02:24:07.648] [modengine] [info] Resolved mod path to C:\Users\CouchJockey\Documents\GitHub\ConvergenceER\mod
[2024-11-12 02:24:07.649] [modengine] [info] Enabled extension mod_loader
[2024-11-12 02:24:07.732] [modengine] [info] Applied 4 hooks
[2024-11-12 02:24:07.733] [modengine] [info] Starting worker thread
