[2024-11-13 02:31:04.492] [modengine] [info] Attempting to load global config at C:\Users\CouchJockey\Documents\GitHub\ConvergenceER\modengine2\config.toml
[2024-11-13 02:31:04.492] [modengine] [info] Attempting to load mod settings config at C:\Users\CouchJockey\Documents\GitHub\ConvergenceER\config_eldenring.toml
[2024-11-13 02:31:04.500] [modengine] [info] Local config loaded
[2024-11-13 02:31:04.500] [modengine] [info] ModEngine version 2.1.0-2440fc717d61eaee1549a9fc94e3109e6c016275 initializing for Elden Ring
[2024-11-13 02:31:04.500] [modengine] [info] Local settings loaded: true, Global settings loaded: false
[2024-11-13 02:31:04.500] [modengine] [info] Main thread ID: 30836
[2024-11-13 02:31:04.538] [modengine] [info] Loaded external DLL C:\Users\CouchJockey\Documents\GitHub\ConvergenceER\mod/ertransmogrify.dll
[2024-11-13 02:31:04.538] [modengine] [warning] External dll C:\Users\CouchJockey\Documents\GitHub\ConvergenceER\mod/ertransmogrify.dll at base address 0x7ffd19820000 is not a modengine extension
[2024-11-13 02:31:04.560] [modengine] [info] Loaded external DLL C:\Users\CouchJockey\Documents\GitHub\ConvergenceER\mod/ErdTools.dll
[2024-11-13 02:31:04.560] [modengine] [warning] External dll C:\Users\CouchJockey\Documents\GitHub\ConvergenceER\mod/ErdTools.dll at base address 0x7ffd1e0b0000 is not a modengine extension
[2024-11-13 02:31:04.652] [modengine] [info] Loaded external DLL C:\Users\CouchJockey\Documents\GitHub\ConvergenceER\mod/Scripts-Data-Exposer-FS.dll
[2024-11-13 02:31:04.652] [modengine] [warning] External dll C:\Users\CouchJockey\Documents\GitHub\ConvergenceER\mod/Scripts-Data-Exposer-FS.dll at base address 0x7ffd1cd10000 is not a modengine extension
[2024-11-13 02:31:04.652] [modengine] [info] Enabling extension base
[2024-11-13 02:31:04.652] [modengine] [info] Enabled extension base
[2024-11-13 02:31:04.652] [modengine] [info] Enabling extension mod_loader
[2024-11-13 02:31:04.652] [modengine] [info] Installing mod location mod
[2024-11-13 02:31:04.652] [modengine] [info] Resolved mod path to C:\Users\CouchJockey\Documents\GitHub\ConvergenceER\mod
[2024-11-13 02:31:04.652] [modengine] [info] Enabled extension mod_loader
[2024-11-13 02:31:04.737] [modengine] [info] Applied 4 hooks
[2024-11-13 02:31:04.738] [modengine] [info] Starting worker thread
