[2024-05-12 04:23:03.682] [modengine] [info] Attempting to load global config at C:\Users\CouchJockey\Documents\GitHub\ConvergenceER\modengine2\config.toml
[2024-05-12 04:23:03.682] [modengine] [info] Attempting to load mod settings config at C:\Users\CouchJockey\Documents\GitHub\ConvergenceER\config_eldenring.toml
[2024-05-12 04:23:03.689] [modengine] [info] Local config loaded
[2024-05-12 04:23:03.689] [modengine] [info] ModEngine version 2.1.0-0924ab36f1311bf84e7e626740b4bf2c0d54909a initializing for Elden Ring
[2024-05-12 04:23:03.689] [modengine] [info] Local settings loaded: true, Global settings loaded: false
[2024-05-12 04:23:03.689] [modengine] [info] Main thread ID: 21812
[2024-05-12 04:23:03.712] [modengine] [info] Loaded external DLL C:\Users\CouchJockey\Documents\GitHub\ConvergenceER\ErdTools.dll
[2024-05-12 04:23:03.712] [modengine] [warning] External dll C:\Users\CouchJockey\Documents\GitHub\ConvergenceER\ErdTools.dll at base address 0x7ff80a300000 is not a modengine extension
[2024-05-12 04:23:03.880] [modengine] [info] Loaded external DLL C:\Users\CouchJockey\Documents\GitHub\ConvergenceER\SkipTheIntro.dll
[2024-05-12 04:23:03.880] [modengine] [warning] External dll C:\Users\CouchJockey\Documents\GitHub\ConvergenceER\SkipTheIntro.dll at base address 0x7ff802e10000 is not a modengine extension
[2024-05-12 04:23:03.908] [modengine] [info] Loaded external DLL C:\Users\CouchJockey\Documents\GitHub\ConvergenceER\ertransmogrify.dll
[2024-05-12 04:23:03.908] [modengine] [warning] External dll C:\Users\CouchJockey\Documents\GitHub\ConvergenceER\ertransmogrify.dll at base address 0x7ffff2950000 is not a modengine extension
[2024-05-12 04:23:03.975] [modengine] [info] Loaded external DLL C:\Users\CouchJockey\Documents\GitHub\ConvergenceER\Scripts-Data-Exposer-FS.dll
[2024-05-12 04:23:03.975] [modengine] [warning] External dll C:\Users\CouchJockey\Documents\GitHub\ConvergenceER\Scripts-Data-Exposer-FS.dll at base address 0x7ff833d70000 is not a modengine extension
[2024-05-12 04:23:03.975] [modengine] [info] Enabling extension base
[2024-05-12 04:23:03.975] [modengine] [info] Enabled extension base
[2024-05-12 04:23:03.975] [modengine] [info] Enabling extension mod_loader
[2024-05-12 04:23:03.975] [modengine] [info] Installing mod location mod
[2024-05-12 04:23:03.975] [modengine] [info] Resolved mod path to C:\Users\CouchJockey\Documents\GitHub\ConvergenceER\mod
[2024-05-12 04:23:03.975] [modengine] [info] Enabled extension mod_loader
[2024-05-12 04:23:04.024] [modengine] [info] Applied 3 hooks
[2024-05-12 04:23:04.026] [modengine] [info] Starting worker thread
