[2025-08-21 10:21:13.385] [modengine] [info] Attempting to load global config at C:\Users\Vibezzify\Desktop\Desktop\CCW 3.7.5\modengine2\config.toml
[2025-08-21 10:21:13.386] [modengine] [info] Attempting to load mod settings config at C:\Users\Vibezzify\Desktop\Desktop\CCW 3.7.5\config_eldenring.toml
[2025-08-21 10:21:13.386] [modengine] [info] Local config loaded
[2025-08-21 10:21:13.387] [modengine] [info] ModEngine version 2.1.0-2440fc717d61eaee1549a9fc94e3109e6c016275 initializing for Elden Ring
[2025-08-21 10:21:13.387] [modengine] [info] Local settings loaded: true, Global settings loaded: false
[2025-08-21 10:21:13.387] [modengine] [info] Main thread ID: 17036
[2025-08-21 10:21:13.421] [modengine] [info] Loaded external DLL C:\Users\Vibezzify\Desktop\Desktop\CCW 3.7.5\mod/ertransmogrify.dll
[2025-08-21 10:21:13.421] [modengine] [warning] External dll C:\Users\Vibezzify\Desktop\Desktop\CCW 3.7.5\mod/ertransmogrify.dll at base address 0x7ff8e6f80000 is not a modengine extension
[2025-08-21 10:21:13.509] [modengine] [info] Loaded external DLL C:\Users\Vibezzify\Desktop\Desktop\CCW 3.7.5\mod/eldenring_alt_saves.dll
[2025-08-21 10:21:13.509] [modengine] [warning] External dll C:\Users\Vibezzify\Desktop\Desktop\CCW 3.7.5\mod/eldenring_alt_saves.dll at base address 0x7ff8db500000 is not a modengine extension
[2025-08-21 10:21:13.529] [modengine] [info] Loaded external DLL C:\Users\Vibezzify\Desktop\Desktop\CCW 3.7.5\mod/ErdTools.dll
[2025-08-21 10:21:13.529] [modengine] [warning] External dll C:\Users\Vibezzify\Desktop\Desktop\CCW 3.7.5\mod/ErdTools.dll at base address 0x7ff95a7d0000 is not a modengine extension
[2025-08-21 10:21:13.557] [modengine] [info] Loaded external DLL C:\Users\Vibezzify\Desktop\Desktop\CCW 3.7.5\mod/ermerchant.dll
[2025-08-21 10:21:13.557] [modengine] [warning] External dll C:\Users\Vibezzify\Desktop\Desktop\CCW 3.7.5\mod/ermerchant.dll at base address 0x7ff8d8d60000 is not a modengine extension
[2025-08-21 10:21:13.557] [modengine] [info] Enabling extension base
[2025-08-21 10:21:13.557] [modengine] [info] Enabled extension base
[2025-08-21 10:21:13.557] [modengine] [info] Enabling extension mod_loader
[2025-08-21 10:21:13.557] [modengine] [info] Installing mod location mod
[2025-08-21 10:21:13.557] [modengine] [info] Resolved mod path to C:\Users\Vibezzify\Desktop\Desktop\CCW 3.7.5\mod
[2025-08-21 10:21:13.557] [modengine] [info] Enabled extension mod_loader
[2025-08-21 10:21:13.636] [modengine] [info] Applied 4 hooks
[2025-08-21 10:21:13.637] [modengine] [info] Starting worker thread
