[2024-11-03 11:20:47.030] [modengine] [info] Attempting to load global config at C:\Users\CouchJockey\Documents\GitHub\ConvergenceER\modengine2\config.toml
[2024-11-03 11:20:47.030] [modengine] [info] Attempting to load mod settings config at C:\Users\CouchJockey\Documents\GitHub\ConvergenceER\config_eldenring.toml
[2024-11-03 11:20:47.038] [modengine] [info] Local config loaded
[2024-11-03 11:20:47.038] [modengine] [info] ModEngine version 2.1.0-2440fc717d61eaee1549a9fc94e3109e6c016275 initializing for Elden Ring
[2024-11-03 11:20:47.038] [modengine] [info] Local settings loaded: true, Global settings loaded: false
[2024-11-03 11:20:47.038] [modengine] [info] Main thread ID: 34648
[2024-11-03 11:20:47.070] [modengine] [info] Loaded external DLL C:\Users\CouchJockey\Documents\GitHub\ConvergenceER\mod/ertransmogrify.dll
[2024-11-03 11:20:47.070] [modengine] [warning] External dll C:\Users\CouchJockey\Documents\GitHub\ConvergenceER\mod/ertransmogrify.dll at base address 0x7ffd1a990000 is not a modengine extension
[2024-11-03 11:20:47.095] [modengine] [info] Loaded external DLL C:\Users\CouchJockey\Documents\GitHub\ConvergenceER\mod/ErdTools.dll
[2024-11-03 11:20:47.095] [modengine] [warning] External dll C:\Users\CouchJockey\Documents\GitHub\ConvergenceER\mod/ErdTools.dll at base address 0x7ffd32e30000 is not a modengine extension
[2024-11-03 11:20:47.195] [modengine] [info] Loaded external DLL C:\Users\CouchJockey\Documents\GitHub\ConvergenceER\mod/Scripts-Data-Exposer-FS.dll
[2024-11-03 11:20:47.195] [modengine] [warning] External dll C:\Users\CouchJockey\Documents\GitHub\ConvergenceER\mod/Scripts-Data-Exposer-FS.dll at base address 0x7ffd1c390000 is not a modengine extension
[2024-11-03 11:20:47.195] [modengine] [info] Enabling extension base
[2024-11-03 11:20:47.195] [modengine] [info] Enabled extension base
[2024-11-03 11:20:47.195] [modengine] [info] Enabling extension mod_loader
[2024-11-03 11:20:47.195] [modengine] [info] Installing mod location mod
[2024-11-03 11:20:47.195] [modengine] [info] Resolved mod path to C:\Users\CouchJockey\Documents\GitHub\ConvergenceER\mod
[2024-11-03 11:20:47.195] [modengine] [info] Enabled extension mod_loader
[2024-11-03 11:20:47.279] [modengine] [info] Applied 4 hooks
[2024-11-03 11:20:47.281] [modengine] [info] Starting worker thread
[2024-11-03 11:27:19.104] [modengine] [info] Attempting to load global config at C:\Users\CouchJockey\Documents\GitHub\ConvergenceER\modengine2\config.toml
[2024-11-03 11:27:19.104] [modengine] [info] Attempting to load mod settings config at C:\Users\CouchJockey\Documents\GitHub\ConvergenceER\config_eldenring.toml
[2024-11-03 11:27:19.105] [modengine] [info] Local config loaded
[2024-11-03 11:27:19.106] [modengine] [info] ModEngine version 2.1.0-2440fc717d61eaee1549a9fc94e3109e6c016275 initializing for Elden Ring
[2024-11-03 11:27:19.106] [modengine] [info] Local settings loaded: true, Global settings loaded: false
[2024-11-03 11:27:19.106] [modengine] [info] Main thread ID: 31464
[2024-11-03 11:27:19.134] [modengine] [info] Loaded external DLL C:\Users\CouchJockey\Documents\GitHub\ConvergenceER\mod/ertransmogrify.dll
[2024-11-03 11:27:19.134] [modengine] [warning] External dll C:\Users\CouchJockey\Documents\GitHub\ConvergenceER\mod/ertransmogrify.dll at base address 0x7ffd1ac60000 is not a modengine extension
[2024-11-03 11:27:19.151] [modengine] [info] Loaded external DLL C:\Users\CouchJockey\Documents\GitHub\ConvergenceER\mod/ErdTools.dll
[2024-11-03 11:27:19.151] [modengine] [warning] External dll C:\Users\CouchJockey\Documents\GitHub\ConvergenceER\mod/ErdTools.dll at base address 0x7ffd1ac30000 is not a modengine extension
[2024-11-03 11:27:19.249] [modengine] [info] Loaded external DLL C:\Users\CouchJockey\Documents\GitHub\ConvergenceER\mod/Scripts-Data-Exposer-FS.dll
[2024-11-03 11:27:19.249] [modengine] [warning] External dll C:\Users\CouchJockey\Documents\GitHub\ConvergenceER\mod/Scripts-Data-Exposer-FS.dll at base address 0x7ffd32e30000 is not a modengine extension
[2024-11-03 11:27:19.250] [modengine] [info] Enabling extension base
[2024-11-03 11:27:19.250] [modengine] [info] Enabled extension base
[2024-11-03 11:27:19.250] [modengine] [info] Enabling extension mod_loader
[2024-11-03 11:27:19.250] [modengine] [info] Installing mod location mod
[2024-11-03 11:27:19.250] [modengine] [info] Resolved mod path to C:\Users\CouchJockey\Documents\GitHub\ConvergenceER\mod
[2024-11-03 11:27:19.250] [modengine] [info] Enabled extension mod_loader
[2024-11-03 11:27:19.332] [modengine] [info] Applied 4 hooks
[2024-11-03 11:27:19.333] [modengine] [info] Starting worker thread
[2024-11-03 11:36:41.800] [modengine] [info] Attempting to load global config at C:\Users\CouchJockey\Documents\GitHub\ConvergenceER\modengine2\config.toml
[2024-11-03 11:36:41.800] [modengine] [info] Attempting to load mod settings config at C:\Users\CouchJockey\Documents\GitHub\ConvergenceER\config_eldenring.toml
[2024-11-03 11:36:41.800] [modengine] [info] Local config loaded
[2024-11-03 11:36:41.801] [modengine] [info] ModEngine version 2.1.0-2440fc717d61eaee1549a9fc94e3109e6c016275 initializing for Elden Ring
[2024-11-03 11:36:41.801] [modengine] [info] Local settings loaded: true, Global settings loaded: false
[2024-11-03 11:36:41.801] [modengine] [info] Main thread ID: 28336
[2024-11-03 11:36:41.805] [modengine] [info] Loaded external DLL C:\Users\CouchJockey\Documents\GitHub\ConvergenceER\mod/ertransmogrify.dll
[2024-11-03 11:36:41.805] [modengine] [warning] External dll C:\Users\CouchJockey\Documents\GitHub\ConvergenceER\mod/ertransmogrify.dll at base address 0x7ffd199b0000 is not a modengine extension
[2024-11-03 11:36:41.805] [modengine] [info] Loaded external DLL C:\Users\CouchJockey\Documents\GitHub\ConvergenceER\mod/ErdTools.dll
[2024-11-03 11:36:41.805] [modengine] [warning] External dll C:\Users\CouchJockey\Documents\GitHub\ConvergenceER\mod/ErdTools.dll at base address 0x7ffd32f70000 is not a modengine extension
[2024-11-03 11:36:41.890] [modengine] [info] Loaded external DLL C:\Users\CouchJockey\Documents\GitHub\ConvergenceER\mod/Scripts-Data-Exposer-FS.dll
[2024-11-03 11:36:41.890] [modengine] [warning] External dll C:\Users\CouchJockey\Documents\GitHub\ConvergenceER\mod/Scripts-Data-Exposer-FS.dll at base address 0x7ffd62580000 is not a modengine extension
[2024-11-03 11:36:41.890] [modengine] [info] Enabling extension base
[2024-11-03 11:36:41.890] [modengine] [info] Enabled extension base
[2024-11-03 11:36:41.890] [modengine] [info] Enabling extension mod_loader
[2024-11-03 11:36:41.890] [modengine] [info] Installing mod location mod
[2024-11-03 11:36:41.890] [modengine] [info] Resolved mod path to C:\Users\CouchJockey\Documents\GitHub\ConvergenceER\mod
[2024-11-03 11:36:41.890] [modengine] [info] Enabled extension mod_loader
[2024-11-03 11:36:41.981] [modengine] [info] Applied 4 hooks
[2024-11-03 11:36:41.983] [modengine] [info] Starting worker thread
[2024-11-03 13:00:43.938] [modengine] [info] Attempting to load global config at C:\Users\CouchJockey\Documents\GitHub\ConvergenceER\modengine2\config.toml
[2024-11-03 13:00:43.939] [modengine] [info] Attempting to load mod settings config at C:\Users\CouchJockey\Documents\GitHub\ConvergenceER\config_eldenring.toml
[2024-11-03 13:00:43.939] [modengine] [info] Local config loaded
[2024-11-03 13:00:43.939] [modengine] [info] ModEngine version 2.1.0-2440fc717d61eaee1549a9fc94e3109e6c016275 initializing for Elden Ring
[2024-11-03 13:00:43.939] [modengine] [info] Local settings loaded: true, Global settings loaded: false
[2024-11-03 13:00:43.939] [modengine] [info] Main thread ID: 6464
[2024-11-03 13:00:43.943] [modengine] [info] Loaded external DLL C:\Users\CouchJockey\Documents\GitHub\ConvergenceER\mod/ertransmogrify.dll
[2024-11-03 13:00:43.943] [modengine] [warning] External dll C:\Users\CouchJockey\Documents\GitHub\ConvergenceER\mod/ertransmogrify.dll at base address 0x7ffd34b90000 is not a modengine extension
[2024-11-03 13:00:43.943] [modengine] [info] Loaded external DLL C:\Users\CouchJockey\Documents\GitHub\ConvergenceER\mod/ErdTools.dll
[2024-11-03 13:00:43.943] [modengine] [warning] External dll C:\Users\CouchJockey\Documents\GitHub\ConvergenceER\mod/ErdTools.dll at base address 0x7ffd3e030000 is not a modengine extension
[2024-11-03 13:00:44.038] [modengine] [info] Loaded external DLL C:\Users\CouchJockey\Documents\GitHub\ConvergenceER\mod/Scripts-Data-Exposer-FS.dll
[2024-11-03 13:00:44.038] [modengine] [warning] External dll C:\Users\CouchJockey\Documents\GitHub\ConvergenceER\mod/Scripts-Data-Exposer-FS.dll at base address 0x7ffd4db80000 is not a modengine extension
[2024-11-03 13:00:44.038] [modengine] [info] Enabling extension base
[2024-11-03 13:00:44.038] [modengine] [info] Enabled extension base
[2024-11-03 13:00:44.038] [modengine] [info] Enabling extension mod_loader
[2024-11-03 13:00:44.038] [modengine] [info] Installing mod location mod
[2024-11-03 13:00:44.038] [modengine] [info] Resolved mod path to C:\Users\CouchJockey\Documents\GitHub\ConvergenceER\mod
[2024-11-03 13:00:44.038] [modengine] [info] Enabled extension mod_loader
[2024-11-03 13:00:44.131] [modengine] [info] Applied 4 hooks
[2024-11-03 13:00:44.133] [modengine] [info] Starting worker thread
[2024-11-03 13:07:50.728] [modengine] [info] Attempting to load global config at C:\Users\CouchJockey\Documents\GitHub\ConvergenceER\modengine2\config.toml
[2024-11-03 13:07:50.728] [modengine] [info] Attempting to load mod settings config at C:\Users\CouchJockey\Documents\GitHub\ConvergenceER\config_eldenring.toml
[2024-11-03 13:07:50.729] [modengine] [info] Local config loaded
[2024-11-03 13:07:50.729] [modengine] [info] ModEngine version 2.1.0-2440fc717d61eaee1549a9fc94e3109e6c016275 initializing for Elden Ring
[2024-11-03 13:07:50.729] [modengine] [info] Local settings loaded: true, Global settings loaded: false
[2024-11-03 13:07:50.729] [modengine] [info] Main thread ID: 21104
[2024-11-03 13:07:50.733] [modengine] [info] Loaded external DLL C:\Users\CouchJockey\Documents\GitHub\ConvergenceER\mod/ertransmogrify.dll
[2024-11-03 13:07:50.733] [modengine] [warning] External dll C:\Users\CouchJockey\Documents\GitHub\ConvergenceER\mod/ertransmogrify.dll at base address 0x7ffd1e000000 is not a modengine extension
[2024-11-03 13:07:50.734] [modengine] [info] Loaded external DLL C:\Users\CouchJockey\Documents\GitHub\ConvergenceER\mod/ErdTools.dll
[2024-11-03 13:07:50.734] [modengine] [warning] External dll C:\Users\CouchJockey\Documents\GitHub\ConvergenceER\mod/ErdTools.dll at base address 0x7ffd3e030000 is not a modengine extension
[2024-11-03 13:07:50.815] [modengine] [info] Loaded external DLL C:\Users\CouchJockey\Documents\GitHub\ConvergenceER\mod/Scripts-Data-Exposer-FS.dll
[2024-11-03 13:07:50.815] [modengine] [warning] External dll C:\Users\CouchJockey\Documents\GitHub\ConvergenceER\mod/Scripts-Data-Exposer-FS.dll at base address 0x7ffd4db30000 is not a modengine extension
[2024-11-03 13:07:50.815] [modengine] [info] Enabling extension base
[2024-11-03 13:07:50.815] [modengine] [info] Enabled extension base
[2024-11-03 13:07:50.815] [modengine] [info] Enabling extension mod_loader
[2024-11-03 13:07:50.815] [modengine] [info] Installing mod location mod
[2024-11-03 13:07:50.816] [modengine] [info] Resolved mod path to C:\Users\CouchJockey\Documents\GitHub\ConvergenceER\mod
[2024-11-03 13:07:50.816] [modengine] [info] Enabled extension mod_loader
[2024-11-03 13:07:50.900] [modengine] [info] Applied 4 hooks
[2024-11-03 13:07:50.902] [modengine] [info] Starting worker thread
[2024-11-03 13:11:06.184] [modengine] [info] Attempting to load global config at C:\Users\CouchJockey\Documents\GitHub\ConvergenceER\modengine2\config.toml
[2024-11-03 13:11:06.184] [modengine] [info] Attempting to load mod settings config at C:\Users\CouchJockey\Documents\GitHub\ConvergenceER\config_eldenring.toml
[2024-11-03 13:11:06.185] [modengine] [info] Local config loaded
[2024-11-03 13:11:06.185] [modengine] [info] ModEngine version 2.1.0-2440fc717d61eaee1549a9fc94e3109e6c016275 initializing for Elden Ring
[2024-11-03 13:11:06.185] [modengine] [info] Local settings loaded: true, Global settings loaded: false
[2024-11-03 13:11:06.185] [modengine] [info] Main thread ID: 24412
[2024-11-03 13:11:06.189] [modengine] [info] Loaded external DLL C:\Users\CouchJockey\Documents\GitHub\ConvergenceER\mod/ertransmogrify.dll
[2024-11-03 13:11:06.189] [modengine] [warning] External dll C:\Users\CouchJockey\Documents\GitHub\ConvergenceER\mod/ertransmogrify.dll at base address 0x7ffd32b40000 is not a modengine extension
[2024-11-03 13:11:06.190] [modengine] [info] Loaded external DLL C:\Users\CouchJockey\Documents\GitHub\ConvergenceER\mod/ErdTools.dll
[2024-11-03 13:11:06.190] [modengine] [warning] External dll C:\Users\CouchJockey\Documents\GitHub\ConvergenceER\mod/ErdTools.dll at base address 0x7ffd448f0000 is not a modengine extension
[2024-11-03 13:11:06.285] [modengine] [info] Loaded external DLL C:\Users\CouchJockey\Documents\GitHub\ConvergenceER\mod/Scripts-Data-Exposer-FS.dll
[2024-11-03 13:11:06.285] [modengine] [warning] External dll C:\Users\CouchJockey\Documents\GitHub\ConvergenceER\mod/Scripts-Data-Exposer-FS.dll at base address 0x7ffd4db80000 is not a modengine extension
[2024-11-03 13:11:06.285] [modengine] [info] Enabling extension base
[2024-11-03 13:11:06.285] [modengine] [info] Enabled extension base
[2024-11-03 13:11:06.286] [modengine] [info] Enabling extension mod_loader
[2024-11-03 13:11:06.286] [modengine] [info] Installing mod location mod
[2024-11-03 13:11:06.286] [modengine] [info] Resolved mod path to C:\Users\CouchJockey\Documents\GitHub\ConvergenceER\mod
[2024-11-03 13:11:06.286] [modengine] [info] Enabled extension mod_loader
[2024-11-03 13:11:06.371] [modengine] [info] Applied 4 hooks
[2024-11-03 13:11:06.372] [modengine] [info] Starting worker thread
[2024-11-03 13:20:14.510] [modengine] [info] Attempting to load global config at C:\Users\CouchJockey\Documents\GitHub\ConvergenceER\modengine2\config.toml
[2024-11-03 13:20:14.510] [modengine] [info] Attempting to load mod settings config at C:\Users\CouchJockey\Documents\GitHub\ConvergenceER\config_eldenring.toml
[2024-11-03 13:20:14.510] [modengine] [info] Local config loaded
[2024-11-03 13:20:14.510] [modengine] [info] ModEngine version 2.1.0-2440fc717d61eaee1549a9fc94e3109e6c016275 initializing for Elden Ring
[2024-11-03 13:20:14.510] [modengine] [info] Local settings loaded: true, Global settings loaded: false
[2024-11-03 13:20:14.510] [modengine] [info] Main thread ID: 33140
[2024-11-03 13:20:14.514] [modengine] [info] Loaded external DLL C:\Users\CouchJockey\Documents\GitHub\ConvergenceER\mod/ertransmogrify.dll
[2024-11-03 13:20:14.514] [modengine] [warning] External dll C:\Users\CouchJockey\Documents\GitHub\ConvergenceER\mod/ertransmogrify.dll at base address 0x7ffd1d690000 is not a modengine extension
[2024-11-03 13:20:14.515] [modengine] [info] Loaded external DLL C:\Users\CouchJockey\Documents\GitHub\ConvergenceER\mod/ErdTools.dll
[2024-11-03 13:20:14.515] [modengine] [warning] External dll C:\Users\CouchJockey\Documents\GitHub\ConvergenceER\mod/ErdTools.dll at base address 0x7ffd34a80000 is not a modengine extension
[2024-11-03 13:20:14.596] [modengine] [info] Loaded external DLL C:\Users\CouchJockey\Documents\GitHub\ConvergenceER\mod/Scripts-Data-Exposer-FS.dll
[2024-11-03 13:20:14.596] [modengine] [warning] External dll C:\Users\CouchJockey\Documents\GitHub\ConvergenceER\mod/Scripts-Data-Exposer-FS.dll at base address 0x7ffd44e90000 is not a modengine extension
[2024-11-03 13:20:14.596] [modengine] [info] Enabling extension base
[2024-11-03 13:20:14.596] [modengine] [info] Enabled extension base
[2024-11-03 13:20:14.596] [modengine] [info] Enabling extension mod_loader
[2024-11-03 13:20:14.596] [modengine] [info] Installing mod location mod
[2024-11-03 13:20:14.596] [modengine] [info] Resolved mod path to C:\Users\CouchJockey\Documents\GitHub\ConvergenceER\mod
[2024-11-03 13:20:14.596] [modengine] [info] Enabled extension mod_loader
[2024-11-03 13:20:14.695] [modengine] [info] Applied 4 hooks
[2024-11-03 13:20:14.697] [modengine] [info] Starting worker thread
[2024-11-03 13:26:44.048] [modengine] [info] Attempting to load global config at C:\Users\CouchJockey\Documents\GitHub\ConvergenceER\modengine2\config.toml
[2024-11-03 13:26:44.048] [modengine] [info] Attempting to load mod settings config at C:\Users\CouchJockey\Documents\GitHub\ConvergenceER\config_eldenring.toml
[2024-11-03 13:26:44.048] [modengine] [info] Local config loaded
[2024-11-03 13:26:44.048] [modengine] [info] ModEngine version 2.1.0-2440fc717d61eaee1549a9fc94e3109e6c016275 initializing for Elden Ring
[2024-11-03 13:26:44.048] [modengine] [info] Local settings loaded: true, Global settings loaded: false
[2024-11-03 13:26:44.048] [modengine] [info] Main thread ID: 19916
[2024-11-03 13:26:44.052] [modengine] [info] Loaded external DLL C:\Users\CouchJockey\Documents\GitHub\ConvergenceER\mod/ertransmogrify.dll
[2024-11-03 13:26:44.052] [modengine] [warning] External dll C:\Users\CouchJockey\Documents\GitHub\ConvergenceER\mod/ertransmogrify.dll at base address 0x7ffd1d690000 is not a modengine extension
[2024-11-03 13:26:44.052] [modengine] [info] Loaded external DLL C:\Users\CouchJockey\Documents\GitHub\ConvergenceER\mod/ErdTools.dll
[2024-11-03 13:26:44.052] [modengine] [warning] External dll C:\Users\CouchJockey\Documents\GitHub\ConvergenceER\mod/ErdTools.dll at base address 0x7ffd2d5c0000 is not a modengine extension
[2024-11-03 13:26:44.131] [modengine] [info] Loaded external DLL C:\Users\CouchJockey\Documents\GitHub\ConvergenceER\mod/Scripts-Data-Exposer-FS.dll
[2024-11-03 13:26:44.131] [modengine] [warning] External dll C:\Users\CouchJockey\Documents\GitHub\ConvergenceER\mod/Scripts-Data-Exposer-FS.dll at base address 0x7ffd44e90000 is not a modengine extension
[2024-11-03 13:26:44.131] [modengine] [info] Enabling extension base
[2024-11-03 13:26:44.131] [modengine] [info] Enabled extension base
[2024-11-03 13:26:44.131] [modengine] [info] Enabling extension mod_loader
[2024-11-03 13:26:44.131] [modengine] [info] Installing mod location mod
[2024-11-03 13:26:44.131] [modengine] [info] Resolved mod path to C:\Users\CouchJockey\Documents\GitHub\ConvergenceER\mod
[2024-11-03 13:26:44.131] [modengine] [info] Enabled extension mod_loader
[2024-11-03 13:26:44.224] [modengine] [info] Applied 4 hooks
[2024-11-03 13:26:44.225] [modengine] [info] Starting worker thread
[2024-11-03 13:39:13.952] [modengine] [info] Attempting to load global config at C:\Users\CouchJockey\Documents\GitHub\ConvergenceER\modengine2\config.toml
[2024-11-03 13:39:13.952] [modengine] [info] Attempting to load mod settings config at C:\Users\CouchJockey\Documents\GitHub\ConvergenceER\config_eldenring.toml
[2024-11-03 13:39:13.952] [modengine] [info] Local config loaded
[2024-11-03 13:39:13.952] [modengine] [info] ModEngine version 2.1.0-2440fc717d61eaee1549a9fc94e3109e6c016275 initializing for Elden Ring
[2024-11-03 13:39:13.952] [modengine] [info] Local settings loaded: true, Global settings loaded: false
[2024-11-03 13:39:13.952] [modengine] [info] Main thread ID: 18296
[2024-11-03 13:39:13.956] [modengine] [info] Loaded external DLL C:\Users\CouchJockey\Documents\GitHub\ConvergenceER\mod/ertransmogrify.dll
[2024-11-03 13:39:13.956] [modengine] [warning] External dll C:\Users\CouchJockey\Documents\GitHub\ConvergenceER\mod/ertransmogrify.dll at base address 0x7ffd1cc40000 is not a modengine extension
[2024-11-03 13:39:13.957] [modengine] [info] Loaded external DLL C:\Users\CouchJockey\Documents\GitHub\ConvergenceER\mod/ErdTools.dll
[2024-11-03 13:39:13.957] [modengine] [warning] External dll C:\Users\CouchJockey\Documents\GitHub\ConvergenceER\mod/ErdTools.dll at base address 0x7ffd2d5c0000 is not a modengine extension
[2024-11-03 13:39:14.034] [modengine] [info] Loaded external DLL C:\Users\CouchJockey\Documents\GitHub\ConvergenceER\mod/Scripts-Data-Exposer-FS.dll
[2024-11-03 13:39:14.034] [modengine] [warning] External dll C:\Users\CouchJockey\Documents\GitHub\ConvergenceER\mod/Scripts-Data-Exposer-FS.dll at base address 0x7ffd44e90000 is not a modengine extension
[2024-11-03 13:39:14.034] [modengine] [info] Enabling extension base
[2024-11-03 13:39:14.034] [modengine] [info] Enabled extension base
[2024-11-03 13:39:14.034] [modengine] [info] Enabling extension mod_loader
[2024-11-03 13:39:14.034] [modengine] [info] Installing mod location mod
[2024-11-03 13:39:14.034] [modengine] [info] Resolved mod path to C:\Users\CouchJockey\Documents\GitHub\ConvergenceER\mod
[2024-11-03 13:39:14.034] [modengine] [info] Enabled extension mod_loader
[2024-11-03 13:39:14.130] [modengine] [info] Applied 4 hooks
[2024-11-03 13:39:14.132] [modengine] [info] Starting worker thread
[2024-11-03 13:45:22.971] [modengine] [info] Attempting to load global config at C:\Users\CouchJockey\Documents\GitHub\ConvergenceER\modengine2\config.toml
[2024-11-03 13:45:22.971] [modengine] [info] Attempting to load mod settings config at C:\Users\CouchJockey\Documents\GitHub\ConvergenceER\config_eldenring.toml
[2024-11-03 13:45:22.971] [modengine] [info] Local config loaded
[2024-11-03 13:45:22.971] [modengine] [info] ModEngine version 2.1.0-2440fc717d61eaee1549a9fc94e3109e6c016275 initializing for Elden Ring
[2024-11-03 13:45:22.971] [modengine] [info] Local settings loaded: true, Global settings loaded: false
[2024-11-03 13:45:22.971] [modengine] [info] Main thread ID: 27444
[2024-11-03 13:45:22.975] [modengine] [info] Loaded external DLL C:\Users\CouchJockey\Documents\GitHub\ConvergenceER\mod/ertransmogrify.dll
[2024-11-03 13:45:22.975] [modengine] [warning] External dll C:\Users\CouchJockey\Documents\GitHub\ConvergenceER\mod/ertransmogrify.dll at base address 0x7ffd1cc40000 is not a modengine extension
[2024-11-03 13:45:22.976] [modengine] [info] Loaded external DLL C:\Users\CouchJockey\Documents\GitHub\ConvergenceER\mod/ErdTools.dll
[2024-11-03 13:45:22.976] [modengine] [warning] External dll C:\Users\CouchJockey\Documents\GitHub\ConvergenceER\mod/ErdTools.dll at base address 0x7ffd32f70000 is not a modengine extension
[2024-11-03 13:45:23.058] [modengine] [info] Loaded external DLL C:\Users\CouchJockey\Documents\GitHub\ConvergenceER\mod/Scripts-Data-Exposer-FS.dll
[2024-11-03 13:45:23.058] [modengine] [warning] External dll C:\Users\CouchJockey\Documents\GitHub\ConvergenceER\mod/Scripts-Data-Exposer-FS.dll at base address 0x7ffd3c050000 is not a modengine extension
[2024-11-03 13:45:23.058] [modengine] [info] Enabling extension base
[2024-11-03 13:45:23.058] [modengine] [info] Enabled extension base
[2024-11-03 13:45:23.059] [modengine] [info] Enabling extension mod_loader
[2024-11-03 13:45:23.059] [modengine] [info] Installing mod location mod
[2024-11-03 13:45:23.059] [modengine] [info] Resolved mod path to C:\Users\CouchJockey\Documents\GitHub\ConvergenceER\mod
[2024-11-03 13:45:23.059] [modengine] [info] Enabled extension mod_loader
[2024-11-03 13:45:23.145] [modengine] [info] Applied 4 hooks
[2024-11-03 13:45:23.147] [modengine] [info] Starting worker thread
[2024-11-03 13:48:37.260] [modengine] [info] Attempting to load global config at C:\Users\CouchJockey\Documents\GitHub\ConvergenceER\modengine2\config.toml
[2024-11-03 13:48:37.260] [modengine] [info] Attempting to load mod settings config at C:\Users\CouchJockey\Documents\GitHub\ConvergenceER\config_eldenring.toml
[2024-11-03 13:48:37.260] [modengine] [info] Local config loaded
[2024-11-03 13:48:37.260] [modengine] [info] ModEngine version 2.1.0-2440fc717d61eaee1549a9fc94e3109e6c016275 initializing for Elden Ring
[2024-11-03 13:48:37.260] [modengine] [info] Local settings loaded: true, Global settings loaded: false
[2024-11-03 13:48:37.260] [modengine] [info] Main thread ID: 32280
[2024-11-03 13:48:37.265] [modengine] [info] Loaded external DLL C:\Users\CouchJockey\Documents\GitHub\ConvergenceER\mod/ertransmogrify.dll
[2024-11-03 13:48:37.265] [modengine] [warning] External dll C:\Users\CouchJockey\Documents\GitHub\ConvergenceER\mod/ertransmogrify.dll at base address 0x7ffd1cc40000 is not a modengine extension
[2024-11-03 13:48:37.266] [modengine] [info] Loaded external DLL C:\Users\CouchJockey\Documents\GitHub\ConvergenceER\mod/ErdTools.dll
[2024-11-03 13:48:37.266] [modengine] [warning] External dll C:\Users\CouchJockey\Documents\GitHub\ConvergenceER\mod/ErdTools.dll at base address 0x7ffd32f70000 is not a modengine extension
[2024-11-03 13:48:37.348] [modengine] [info] Loaded external DLL C:\Users\CouchJockey\Documents\GitHub\ConvergenceER\mod/Scripts-Data-Exposer-FS.dll
[2024-11-03 13:48:37.348] [modengine] [warning] External dll C:\Users\CouchJockey\Documents\GitHub\ConvergenceER\mod/Scripts-Data-Exposer-FS.dll at base address 0x7ffd44e90000 is not a modengine extension
[2024-11-03 13:48:37.348] [modengine] [info] Enabling extension base
[2024-11-03 13:48:37.348] [modengine] [info] Enabled extension base
[2024-11-03 13:48:37.348] [modengine] [info] Enabling extension mod_loader
[2024-11-03 13:48:37.348] [modengine] [info] Installing mod location mod
[2024-11-03 13:48:37.348] [modengine] [info] Resolved mod path to C:\Users\CouchJockey\Documents\GitHub\ConvergenceER\mod
[2024-11-03 13:48:37.348] [modengine] [info] Enabled extension mod_loader
[2024-11-03 13:48:37.444] [modengine] [info] Applied 4 hooks
[2024-11-03 13:48:37.445] [modengine] [info] Starting worker thread
