[2024-10-17 02:03:49.170] [modengine] [info] Attempting to load global config at C:\Users\CouchJockey\Documents\GitHub\ConvergenceER\modengine2\config.toml
[2024-10-17 02:03:49.170] [modengine] [info] Attempting to load mod settings config at C:\Users\CouchJockey\Documents\GitHub\ConvergenceER\config_eldenring.toml
[2024-10-17 02:03:49.177] [modengine] [info] Local config loaded
[2024-10-17 02:03:49.177] [modengine] [info] ModEngine version 2.1.0-0924ab36f1311bf84e7e626740b4bf2c0d54909a initializing for Elden Ring
[2024-10-17 02:03:49.177] [modengine] [info] Local settings loaded: true, Global settings loaded: false
[2024-10-17 02:03:49.177] [modengine] [info] Main thread ID: 21592
[2024-10-17 02:03:49.205] [modengine] [info] Loaded external DLL C:\Users\CouchJockey\Documents\GitHub\ConvergenceER\mod/ertransmogrify.dll
[2024-10-17 02:03:49.205] [modengine] [warning] External dll C:\Users\CouchJockey\Documents\GitHub\ConvergenceER\mod/ertransmogrify.dll at base address 0x7ffd437b0000 is not a modengine extension
[2024-10-17 02:03:49.222] [modengine] [info] Loaded external DLL C:\Users\CouchJockey\Documents\GitHub\ConvergenceER\mod/ErdTools.dll
[2024-10-17 02:03:49.222] [modengine] [warning] External dll C:\Users\CouchJockey\Documents\GitHub\ConvergenceER\mod/ErdTools.dll at base address 0x7ffd41170000 is not a modengine extension
[2024-10-17 02:03:49.433] [modengine] [info] Loaded external DLL C:\Users\CouchJockey\Documents\GitHub\ConvergenceER\mod/Scripts-Data-Exposer-FS.dll
[2024-10-17 02:03:49.434] [modengine] [warning] External dll C:\Users\CouchJockey\Documents\GitHub\ConvergenceER\mod/Scripts-Data-Exposer-FS.dll at base address 0x7ffd41150000 is not a modengine extension
[2024-10-17 02:03:49.434] [modengine] [info] Enabling extension base
[2024-10-17 02:03:49.434] [modengine] [info] Enabled extension base
[2024-10-17 02:03:49.434] [modengine] [info] Enabling extension mod_loader
[2024-10-17 02:03:49.434] [modengine] [info] Installing mod location mod
[2024-10-17 02:03:49.434] [modengine] [info] Resolved mod path to C:\Users\CouchJockey\Documents\GitHub\ConvergenceER\mod
[2024-10-17 02:03:49.434] [modengine] [info] Enabled extension mod_loader
[2024-10-17 02:03:49.488] [modengine] [info] Applied 3 hooks
[2024-10-17 02:03:49.490] [modengine] [info] Starting worker thread
