[2024-08-29 08:31:43.628] [modengine] [info] Attempting to load global config at C:\Users\CouchJockey\Documents\GitHub\ConvergenceER\modengine2\config.toml
[2024-08-29 08:31:43.628] [modengine] [info] Attempting to load mod settings config at C:\Users\CouchJockey\Documents\GitHub\ConvergenceER\config_eldenring.toml
[2024-08-29 08:31:43.635] [modengine] [info] Local config loaded
[2024-08-29 08:31:43.635] [modengine] [info] ModEngine version 2.1.0-0924ab36f1311bf84e7e626740b4bf2c0d54909a initializing for Elden Ring
[2024-08-29 08:31:43.635] [modengine] [info] Local settings loaded: true, Global settings loaded: false
[2024-08-29 08:31:43.635] [modengine] [info] Main thread ID: 37964
[2024-08-29 08:31:43.666] [modengine] [info] Loaded external DLL C:\Users\CouchJockey\Documents\GitHub\ConvergenceER\ertransmogrify.dll
[2024-08-29 08:31:43.666] [modengine] [warning] External dll C:\Users\CouchJockey\Documents\GitHub\ConvergenceER\ertransmogrify.dll at base address 0x7fffa9eb0000 is not a modengine extension
[2024-08-29 08:31:43.699] [modengine] [info] Loaded external DLL C:\Users\CouchJockey\Documents\GitHub\ConvergenceER\ErdTools.dll
[2024-08-29 08:31:43.699] [modengine] [warning] External dll C:\Users\CouchJockey\Documents\GitHub\ConvergenceER\ErdTools.dll at base address 0x7fffb6590000 is not a modengine extension
[2024-08-29 08:31:43.781] [modengine] [info] Loaded external DLL C:\Users\CouchJockey\Documents\GitHub\ConvergenceER\Scripts-Data-Exposer-FS.dll
[2024-08-29 08:31:43.781] [modengine] [warning] External dll C:\Users\CouchJockey\Documents\GitHub\ConvergenceER\Scripts-Data-Exposer-FS.dll at base address 0x7fffbe830000 is not a modengine extension
[2024-08-29 08:31:43.781] [modengine] [info] Enabling extension base
[2024-08-29 08:31:43.781] [modengine] [info] Enabled extension base
[2024-08-29 08:31:43.781] [modengine] [info] Enabling extension mod_loader
[2024-08-29 08:31:43.781] [modengine] [info] Installing mod location mod
[2024-08-29 08:31:43.781] [modengine] [info] Resolved mod path to C:\Users\CouchJockey\Documents\GitHub\ConvergenceER\mod
[2024-08-29 08:31:43.781] [modengine] [info] Enabled extension mod_loader
[2024-08-29 08:31:43.828] [modengine] [info] Applied 3 hooks
[2024-08-29 08:31:43.829] [modengine] [info] Starting worker thread
[2024-08-29 08:32:32.896] [modengine] [info] Attempting to load global config at C:\Users\CouchJockey\Documents\GitHub\ConvergenceER\modengine2\config.toml
[2024-08-29 08:32:32.896] [modengine] [info] Attempting to load mod settings config at C:\Users\CouchJockey\Documents\GitHub\ConvergenceER\config_eldenring.toml
[2024-08-29 08:32:32.897] [modengine] [info] Local config loaded
[2024-08-29 08:32:32.897] [modengine] [info] ModEngine version 2.1.0-0924ab36f1311bf84e7e626740b4bf2c0d54909a initializing for Elden Ring
[2024-08-29 08:32:32.897] [modengine] [info] Local settings loaded: true, Global settings loaded: false
[2024-08-29 08:32:32.897] [modengine] [info] Main thread ID: 36232
[2024-08-29 08:32:32.901] [modengine] [info] Loaded external DLL C:\Users\CouchJockey\Documents\GitHub\ConvergenceER\ertransmogrify.dll
[2024-08-29 08:32:32.901] [modengine] [warning] External dll C:\Users\CouchJockey\Documents\GitHub\ConvergenceER\ertransmogrify.dll at base address 0x7fffbfdc0000 is not a modengine extension
[2024-08-29 08:32:32.901] [modengine] [info] Loaded external DLL C:\Users\CouchJockey\Documents\GitHub\ConvergenceER\ErdTools.dll
[2024-08-29 08:32:32.901] [modengine] [warning] External dll C:\Users\CouchJockey\Documents\GitHub\ConvergenceER\ErdTools.dll at base address 0x7fffbfd90000 is not a modengine extension
[2024-08-29 08:32:32.973] [modengine] [info] Loaded external DLL C:\Users\CouchJockey\Documents\GitHub\ConvergenceER\Scripts-Data-Exposer-FS.dll
[2024-08-29 08:32:32.973] [modengine] [warning] External dll C:\Users\CouchJockey\Documents\GitHub\ConvergenceER\Scripts-Data-Exposer-FS.dll at base address 0x7fffc9620000 is not a modengine extension
[2024-08-29 08:32:32.973] [modengine] [info] Enabling extension base
[2024-08-29 08:32:32.973] [modengine] [info] Enabled extension base
[2024-08-29 08:32:32.973] [modengine] [info] Enabling extension mod_loader
[2024-08-29 08:32:32.973] [modengine] [info] Installing mod location mod
[2024-08-29 08:32:32.973] [modengine] [info] Resolved mod path to C:\Users\CouchJockey\Documents\GitHub\ConvergenceER\mod
[2024-08-29 08:32:32.973] [modengine] [info] Enabled extension mod_loader
[2024-08-29 08:32:33.020] [modengine] [info] Applied 3 hooks
[2024-08-29 08:32:33.022] [modengine] [info] Starting worker thread
[2024-08-29 14:25:09.198] [modengine] [info] Attempting to load global config at C:\Users\CouchJockey\Documents\GitHub\ConvergenceER\modengine2\config.toml
[2024-08-29 14:25:09.198] [modengine] [info] Attempting to load mod settings config at C:\Users\CouchJockey\Documents\GitHub\ConvergenceER\config_eldenring.toml
[2024-08-29 14:25:09.204] [modengine] [info] Local config loaded
[2024-08-29 14:25:09.204] [modengine] [info] ModEngine version 2.1.0-0924ab36f1311bf84e7e626740b4bf2c0d54909a initializing for Elden Ring
[2024-08-29 14:25:09.204] [modengine] [info] Local settings loaded: true, Global settings loaded: false
[2024-08-29 14:25:09.204] [modengine] [info] Main thread ID: 1840
[2024-08-29 14:25:09.231] [modengine] [info] Loaded external DLL C:\Users\CouchJockey\Documents\GitHub\ConvergenceER\ertransmogrify.dll
[2024-08-29 14:25:09.231] [modengine] [warning] External dll C:\Users\CouchJockey\Documents\GitHub\ConvergenceER\ertransmogrify.dll at base address 0x7fffbf4d0000 is not a modengine extension
[2024-08-29 14:25:09.257] [modengine] [info] Loaded external DLL C:\Users\CouchJockey\Documents\GitHub\ConvergenceER\ErdTools.dll
[2024-08-29 14:25:09.257] [modengine] [warning] External dll C:\Users\CouchJockey\Documents\GitHub\ConvergenceER\ErdTools.dll at base address 0x7fffbf4a0000 is not a modengine extension
[2024-08-29 14:25:09.340] [modengine] [info] Loaded external DLL C:\Users\CouchJockey\Documents\GitHub\ConvergenceER\Scripts-Data-Exposer-FS.dll
[2024-08-29 14:25:09.340] [modengine] [warning] External dll C:\Users\CouchJockey\Documents\GitHub\ConvergenceER\Scripts-Data-Exposer-FS.dll at base address 0x7fffbf480000 is not a modengine extension
[2024-08-29 14:25:09.340] [modengine] [info] Enabling extension base
[2024-08-29 14:25:09.340] [modengine] [info] Enabled extension base
[2024-08-29 14:25:09.340] [modengine] [info] Enabling extension mod_loader
[2024-08-29 14:25:09.340] [modengine] [info] Installing mod location mod
[2024-08-29 14:25:09.340] [modengine] [info] Resolved mod path to C:\Users\CouchJockey\Documents\GitHub\ConvergenceER\mod
[2024-08-29 14:25:09.340] [modengine] [info] Enabled extension mod_loader
[2024-08-29 14:25:09.388] [modengine] [info] Applied 3 hooks
[2024-08-29 14:25:09.390] [modengine] [info] Starting worker thread
[2024-08-29 14:32:12.856] [modengine] [info] Attempting to load global config at C:\Users\CouchJockey\Documents\GitHub\ConvergenceER\modengine2\config.toml
[2024-08-29 14:32:12.856] [modengine] [info] Attempting to load mod settings config at C:\Users\CouchJockey\Documents\GitHub\ConvergenceER\config_eldenring.toml
[2024-08-29 14:32:12.856] [modengine] [info] Local config loaded
[2024-08-29 14:32:12.857] [modengine] [info] ModEngine version 2.1.0-0924ab36f1311bf84e7e626740b4bf2c0d54909a initializing for Elden Ring
[2024-08-29 14:32:12.857] [modengine] [info] Local settings loaded: true, Global settings loaded: false
[2024-08-29 14:32:12.857] [modengine] [info] Main thread ID: 2932
[2024-08-29 14:32:12.861] [modengine] [info] Loaded external DLL C:\Users\CouchJockey\Documents\GitHub\ConvergenceER\ertransmogrify.dll
[2024-08-29 14:32:12.861] [modengine] [warning] External dll C:\Users\CouchJockey\Documents\GitHub\ConvergenceER\ertransmogrify.dll at base address 0x7fffc3ed0000 is not a modengine extension
[2024-08-29 14:32:12.861] [modengine] [info] Loaded external DLL C:\Users\CouchJockey\Documents\GitHub\ConvergenceER\ErdTools.dll
[2024-08-29 14:32:12.861] [modengine] [warning] External dll C:\Users\CouchJockey\Documents\GitHub\ConvergenceER\ErdTools.dll at base address 0x7fffc53f0000 is not a modengine extension
[2024-08-29 14:32:12.931] [modengine] [info] Loaded external DLL C:\Users\CouchJockey\Documents\GitHub\ConvergenceER\Scripts-Data-Exposer-FS.dll
[2024-08-29 14:32:12.931] [modengine] [warning] External dll C:\Users\CouchJockey\Documents\GitHub\ConvergenceER\Scripts-Data-Exposer-FS.dll at base address 0x7fffe8d30000 is not a modengine extension
[2024-08-29 14:32:12.931] [modengine] [info] Enabling extension base
[2024-08-29 14:32:12.931] [modengine] [info] Enabled extension base
[2024-08-29 14:32:12.931] [modengine] [info] Enabling extension mod_loader
[2024-08-29 14:32:12.931] [modengine] [info] Installing mod location mod
[2024-08-29 14:32:12.931] [modengine] [info] Resolved mod path to C:\Users\CouchJockey\Documents\GitHub\ConvergenceER\mod
[2024-08-29 14:32:12.931] [modengine] [info] Enabled extension mod_loader
[2024-08-29 14:32:12.979] [modengine] [info] Applied 3 hooks
[2024-08-29 14:32:12.980] [modengine] [info] Starting worker thread
[2024-08-29 14:38:38.734] [modengine] [info] Attempting to load global config at C:\Users\CouchJockey\Documents\GitHub\ConvergenceER\modengine2\config.toml
[2024-08-29 14:38:38.734] [modengine] [info] Attempting to load mod settings config at C:\Users\CouchJockey\Documents\GitHub\ConvergenceER\config_eldenring.toml
[2024-08-29 14:38:38.734] [modengine] [info] Local config loaded
[2024-08-29 14:38:38.734] [modengine] [info] ModEngine version 2.1.0-0924ab36f1311bf84e7e626740b4bf2c0d54909a initializing for Elden Ring
[2024-08-29 14:38:38.734] [modengine] [info] Local settings loaded: true, Global settings loaded: false
[2024-08-29 14:38:38.734] [modengine] [info] Main thread ID: 37944
[2024-08-29 14:38:38.739] [modengine] [info] Loaded external DLL C:\Users\CouchJockey\Documents\GitHub\ConvergenceER\ertransmogrify.dll
[2024-08-29 14:38:38.739] [modengine] [warning] External dll C:\Users\CouchJockey\Documents\GitHub\ConvergenceER\ertransmogrify.dll at base address 0x7fffe89f0000 is not a modengine extension
[2024-08-29 14:38:38.739] [modengine] [info] Loaded external DLL C:\Users\CouchJockey\Documents\GitHub\ConvergenceER\ErdTools.dll
[2024-08-29 14:38:38.740] [modengine] [warning] External dll C:\Users\CouchJockey\Documents\GitHub\ConvergenceER\ErdTools.dll at base address 0x7ffff9d30000 is not a modengine extension
[2024-08-29 14:38:38.814] [modengine] [info] Loaded external DLL C:\Users\CouchJockey\Documents\GitHub\ConvergenceER\Scripts-Data-Exposer-FS.dll
[2024-08-29 14:38:38.814] [modengine] [warning] External dll C:\Users\CouchJockey\Documents\GitHub\ConvergenceER\Scripts-Data-Exposer-FS.dll at base address 0x7ff801be0000 is not a modengine extension
[2024-08-29 14:38:38.814] [modengine] [info] Enabling extension base
[2024-08-29 14:38:38.814] [modengine] [info] Enabled extension base
[2024-08-29 14:38:38.814] [modengine] [info] Enabling extension mod_loader
[2024-08-29 14:38:38.815] [modengine] [info] Installing mod location mod
[2024-08-29 14:38:38.815] [modengine] [info] Resolved mod path to C:\Users\CouchJockey\Documents\GitHub\ConvergenceER\mod
[2024-08-29 14:38:38.815] [modengine] [info] Enabled extension mod_loader
[2024-08-29 14:38:38.863] [modengine] [info] Applied 3 hooks
[2024-08-29 14:38:38.864] [modengine] [info] Starting worker thread
[2024-08-29 14:52:36.960] [modengine] [info] Attempting to load global config at C:\Users\CouchJockey\Documents\GitHub\ConvergenceER\modengine2\config.toml
[2024-08-29 14:52:36.960] [modengine] [info] Attempting to load mod settings config at C:\Users\CouchJockey\Documents\GitHub\ConvergenceER\config_eldenring.toml
[2024-08-29 14:52:36.960] [modengine] [info] Local config loaded
[2024-08-29 14:52:36.961] [modengine] [info] ModEngine version 2.1.0-0924ab36f1311bf84e7e626740b4bf2c0d54909a initializing for Elden Ring
[2024-08-29 14:52:36.961] [modengine] [info] Local settings loaded: true, Global settings loaded: false
[2024-08-29 14:52:36.961] [modengine] [info] Main thread ID: 34004
[2024-08-29 14:52:36.964] [modengine] [info] Loaded external DLL C:\Users\CouchJockey\Documents\GitHub\ConvergenceER\ertransmogrify.dll
[2024-08-29 14:52:36.964] [modengine] [warning] External dll C:\Users\CouchJockey\Documents\GitHub\ConvergenceER\ertransmogrify.dll at base address 0x7fffc25c0000 is not a modengine extension
[2024-08-29 14:52:36.965] [modengine] [info] Loaded external DLL C:\Users\CouchJockey\Documents\GitHub\ConvergenceER\ErdTools.dll
[2024-08-29 14:52:36.965] [modengine] [warning] External dll C:\Users\CouchJockey\Documents\GitHub\ConvergenceER\ErdTools.dll at base address 0x7fffcc6b0000 is not a modengine extension
[2024-08-29 14:52:37.038] [modengine] [info] Loaded external DLL C:\Users\CouchJockey\Documents\GitHub\ConvergenceER\Scripts-Data-Exposer-FS.dll
[2024-08-29 14:52:37.038] [modengine] [warning] External dll C:\Users\CouchJockey\Documents\GitHub\ConvergenceER\Scripts-Data-Exposer-FS.dll at base address 0x7fffdf640000 is not a modengine extension
[2024-08-29 14:52:37.038] [modengine] [info] Enabling extension base
[2024-08-29 14:52:37.038] [modengine] [info] Enabled extension base
[2024-08-29 14:52:37.038] [modengine] [info] Enabling extension mod_loader
[2024-08-29 14:52:37.038] [modengine] [info] Installing mod location mod
[2024-08-29 14:52:37.039] [modengine] [info] Resolved mod path to C:\Users\CouchJockey\Documents\GitHub\ConvergenceER\mod
[2024-08-29 14:52:37.039] [modengine] [info] Enabled extension mod_loader
[2024-08-29 14:52:37.088] [modengine] [info] Applied 3 hooks
[2024-08-29 14:52:37.089] [modengine] [info] Starting worker thread
[2024-08-29 14:58:20.629] [modengine] [info] Attempting to load global config at C:\Users\CouchJockey\Documents\GitHub\ConvergenceER\modengine2\config.toml
[2024-08-29 14:58:20.629] [modengine] [info] Attempting to load mod settings config at C:\Users\CouchJockey\Documents\GitHub\ConvergenceER\config_eldenring.toml
[2024-08-29 14:58:20.629] [modengine] [info] Local config loaded
[2024-08-29 14:58:20.629] [modengine] [info] ModEngine version 2.1.0-0924ab36f1311bf84e7e626740b4bf2c0d54909a initializing for Elden Ring
[2024-08-29 14:58:20.629] [modengine] [info] Local settings loaded: true, Global settings loaded: false
[2024-08-29 14:58:20.629] [modengine] [info] Main thread ID: 5324
[2024-08-29 14:58:20.634] [modengine] [info] Loaded external DLL C:\Users\CouchJockey\Documents\GitHub\ConvergenceER\ertransmogrify.dll
[2024-08-29 14:58:20.634] [modengine] [warning] External dll C:\Users\CouchJockey\Documents\GitHub\ConvergenceER\ertransmogrify.dll at base address 0x7fffc25c0000 is not a modengine extension
[2024-08-29 14:58:20.634] [modengine] [info] Loaded external DLL C:\Users\CouchJockey\Documents\GitHub\ConvergenceER\ErdTools.dll
[2024-08-29 14:58:20.634] [modengine] [warning] External dll C:\Users\CouchJockey\Documents\GitHub\ConvergenceER\ErdTools.dll at base address 0x7fffcc6b0000 is not a modengine extension
[2024-08-29 14:58:20.724] [modengine] [info] Loaded external DLL C:\Users\CouchJockey\Documents\GitHub\ConvergenceER\Scripts-Data-Exposer-FS.dll
[2024-08-29 14:58:20.724] [modengine] [warning] External dll C:\Users\CouchJockey\Documents\GitHub\ConvergenceER\Scripts-Data-Exposer-FS.dll at base address 0x7fffdf640000 is not a modengine extension
[2024-08-29 14:58:20.724] [modengine] [info] Enabling extension base
[2024-08-29 14:58:20.724] [modengine] [info] Enabled extension base
[2024-08-29 14:58:20.724] [modengine] [info] Enabling extension mod_loader
[2024-08-29 14:58:20.724] [modengine] [info] Installing mod location mod
[2024-08-29 14:58:20.724] [modengine] [info] Resolved mod path to C:\Users\CouchJockey\Documents\GitHub\ConvergenceER\mod
[2024-08-29 14:58:20.724] [modengine] [info] Enabled extension mod_loader
[2024-08-29 14:58:20.773] [modengine] [info] Applied 3 hooks
[2024-08-29 14:58:20.774] [modengine] [info] Starting worker thread
[2024-08-29 15:10:32.950] [modengine] [info] Attempting to load global config at C:\Users\CouchJockey\Documents\GitHub\ConvergenceER\modengine2\config.toml
[2024-08-29 15:10:32.950] [modengine] [info] Attempting to load mod settings config at C:\Users\CouchJockey\Documents\GitHub\ConvergenceER\config_eldenring.toml
[2024-08-29 15:10:32.950] [modengine] [info] Local config loaded
[2024-08-29 15:10:32.951] [modengine] [info] ModEngine version 2.1.0-0924ab36f1311bf84e7e626740b4bf2c0d54909a initializing for Elden Ring
[2024-08-29 15:10:32.951] [modengine] [info] Local settings loaded: true, Global settings loaded: false
[2024-08-29 15:10:32.951] [modengine] [info] Main thread ID: 12032
[2024-08-29 15:10:32.954] [modengine] [info] Loaded external DLL C:\Users\CouchJockey\Documents\GitHub\ConvergenceER\ertransmogrify.dll
[2024-08-29 15:10:32.954] [modengine] [warning] External dll C:\Users\CouchJockey\Documents\GitHub\ConvergenceER\ertransmogrify.dll at base address 0x7fffbfd30000 is not a modengine extension
[2024-08-29 15:10:32.955] [modengine] [info] Loaded external DLL C:\Users\CouchJockey\Documents\GitHub\ConvergenceER\ErdTools.dll
[2024-08-29 15:10:32.955] [modengine] [warning] External dll C:\Users\CouchJockey\Documents\GitHub\ConvergenceER\ErdTools.dll at base address 0x7fffc2e30000 is not a modengine extension
[2024-08-29 15:10:33.040] [modengine] [info] Loaded external DLL C:\Users\CouchJockey\Documents\GitHub\ConvergenceER\Scripts-Data-Exposer-FS.dll
[2024-08-29 15:10:33.040] [modengine] [warning] External dll C:\Users\CouchJockey\Documents\GitHub\ConvergenceER\Scripts-Data-Exposer-FS.dll at base address 0x7fffcc2d0000 is not a modengine extension
[2024-08-29 15:10:33.040] [modengine] [info] Enabling extension base
[2024-08-29 15:10:33.040] [modengine] [info] Enabled extension base
[2024-08-29 15:10:33.040] [modengine] [info] Enabling extension mod_loader
[2024-08-29 15:10:33.040] [modengine] [info] Installing mod location mod
[2024-08-29 15:10:33.040] [modengine] [info] Resolved mod path to C:\Users\CouchJockey\Documents\GitHub\ConvergenceER\mod
[2024-08-29 15:10:33.040] [modengine] [info] Enabled extension mod_loader
[2024-08-29 15:10:33.088] [modengine] [info] Applied 3 hooks
[2024-08-29 15:10:33.089] [modengine] [info] Starting worker thread
