[2024-10-20 04:04:23.436] [modengine] [info] Attempting to load global config at C:\Users\CouchJockey\Documents\GitHub\ConvergenceER\modengine2\config.toml
[2024-10-20 04:04:23.436] [modengine] [info] Attempting to load mod settings config at C:\Users\CouchJockey\Documents\GitHub\ConvergenceER\config_eldenring.toml
[2024-10-20 04:04:23.442] [modengine] [info] Local config loaded
[2024-10-20 04:04:23.442] [modengine] [info] ModEngine version 2.1.0-2440fc717d61eaee1549a9fc94e3109e6c016275 initializing for Elden Ring
[2024-10-20 04:04:23.442] [modengine] [info] Local settings loaded: true, Global settings loaded: false
[2024-10-20 04:04:23.442] [modengine] [info] Main thread ID: 11648
[2024-10-20 04:04:23.469] [modengine] [info] Loaded external DLL C:\Users\CouchJockey\Documents\GitHub\ConvergenceER\mod/ertransmogrify.dll
[2024-10-20 04:04:23.470] [modengine] [warning] External dll C:\Users\CouchJockey\Documents\GitHub\ConvergenceER\mod/ertransmogrify.dll at base address 0x7ffc78240000 is not a modengine extension
[2024-10-20 04:04:23.488] [modengine] [info] Loaded external DLL C:\Users\CouchJockey\Documents\GitHub\ConvergenceER\mod/ErdTools.dll
[2024-10-20 04:04:23.488] [modengine] [warning] External dll C:\Users\CouchJockey\Documents\GitHub\ConvergenceER\mod/ErdTools.dll at base address 0x7ffc7ae40000 is not a modengine extension
[2024-10-20 04:04:23.565] [modengine] [info] Loaded external DLL C:\Users\CouchJockey\Documents\GitHub\ConvergenceER\mod/Scripts-Data-Exposer-FS.dll
[2024-10-20 04:04:23.565] [modengine] [warning] External dll C:\Users\CouchJockey\Documents\GitHub\ConvergenceER\mod/Scripts-Data-Exposer-FS.dll at base address 0x7ffca62d0000 is not a modengine extension
[2024-10-20 04:04:23.565] [modengine] [info] Enabling extension base
[2024-10-20 04:04:23.565] [modengine] [info] Enabled extension base
[2024-10-20 04:04:23.565] [modengine] [info] Enabling extension mod_loader
[2024-10-20 04:04:23.565] [modengine] [info] Installing mod location mod
[2024-10-20 04:04:23.565] [modengine] [info] Resolved mod path to C:\Users\CouchJockey\Documents\GitHub\ConvergenceER\mod
[2024-10-20 04:04:23.565] [modengine] [info] Enabled extension mod_loader
[2024-10-20 04:04:23.650] [modengine] [info] Applied 4 hooks
[2024-10-20 04:04:23.652] [modengine] [info] Starting worker thread
[2024-10-20 04:06:37.436] [modengine] [info] Attempting to load global config at C:\Users\CouchJockey\Documents\GitHub\ConvergenceER\modengine2\config.toml
[2024-10-20 04:06:37.436] [modengine] [info] Attempting to load mod settings config at C:\Users\CouchJockey\Documents\GitHub\ConvergenceER\config_eldenring.toml
[2024-10-20 04:06:37.437] [modengine] [info] Local config loaded
[2024-10-20 04:06:37.437] [modengine] [info] ModEngine version 2.1.0-2440fc717d61eaee1549a9fc94e3109e6c016275 initializing for Elden Ring
[2024-10-20 04:06:37.437] [modengine] [info] Local settings loaded: true, Global settings loaded: false
[2024-10-20 04:06:37.437] [modengine] [info] Main thread ID: 7796
[2024-10-20 04:06:37.441] [modengine] [info] Loaded external DLL C:\Users\CouchJockey\Documents\GitHub\ConvergenceER\mod/ertransmogrify.dll
[2024-10-20 04:06:37.441] [modengine] [warning] External dll C:\Users\CouchJockey\Documents\GitHub\ConvergenceER\mod/ertransmogrify.dll at base address 0x7ffc75ee0000 is not a modengine extension
[2024-10-20 04:06:37.441] [modengine] [info] Loaded external DLL C:\Users\CouchJockey\Documents\GitHub\ConvergenceER\mod/ErdTools.dll
[2024-10-20 04:06:37.442] [modengine] [warning] External dll C:\Users\CouchJockey\Documents\GitHub\ConvergenceER\mod/ErdTools.dll at base address 0x7ffc78010000 is not a modengine extension
[2024-10-20 04:06:37.523] [modengine] [info] Loaded external DLL C:\Users\CouchJockey\Documents\GitHub\ConvergenceER\mod/Scripts-Data-Exposer-FS.dll
[2024-10-20 04:06:37.523] [modengine] [warning] External dll C:\Users\CouchJockey\Documents\GitHub\ConvergenceER\mod/Scripts-Data-Exposer-FS.dll at base address 0x7ffc7ae40000 is not a modengine extension
[2024-10-20 04:06:37.523] [modengine] [info] Enabling extension base
[2024-10-20 04:06:37.523] [modengine] [info] Enabled extension base
[2024-10-20 04:06:37.523] [modengine] [info] Enabling extension mod_loader
[2024-10-20 04:06:37.523] [modengine] [info] Installing mod location mod
[2024-10-20 04:06:37.523] [modengine] [info] Resolved mod path to C:\Users\CouchJockey\Documents\GitHub\ConvergenceER\mod
[2024-10-20 04:06:37.523] [modengine] [info] Enabled extension mod_loader
[2024-10-20 04:06:37.608] [modengine] [info] Applied 4 hooks
[2024-10-20 04:06:37.609] [modengine] [info] Starting worker thread
[2024-10-20 04:19:18.466] [modengine] [info] Attempting to load global config at C:\Users\CouchJockey\Documents\GitHub\ConvergenceER\modengine2\config.toml
[2024-10-20 04:19:18.466] [modengine] [info] Attempting to load mod settings config at C:\Users\CouchJockey\Documents\GitHub\ConvergenceER\config_eldenring.toml
[2024-10-20 04:19:18.467] [modengine] [info] Local config loaded
[2024-10-20 04:19:18.467] [modengine] [info] ModEngine version 2.1.0-2440fc717d61eaee1549a9fc94e3109e6c016275 initializing for Elden Ring
[2024-10-20 04:19:18.467] [modengine] [info] Local settings loaded: true, Global settings loaded: false
[2024-10-20 04:19:18.467] [modengine] [info] Main thread ID: 26864
[2024-10-20 04:19:18.470] [modengine] [info] Loaded external DLL C:\Users\CouchJockey\Documents\GitHub\ConvergenceER\mod/ertransmogrify.dll
[2024-10-20 04:19:18.470] [modengine] [warning] External dll C:\Users\CouchJockey\Documents\GitHub\ConvergenceER\mod/ertransmogrify.dll at base address 0x7ffcfd3a0000 is not a modengine extension
[2024-10-20 04:19:18.471] [modengine] [info] Loaded external DLL C:\Users\CouchJockey\Documents\GitHub\ConvergenceER\mod/ErdTools.dll
[2024-10-20 04:19:18.471] [modengine] [warning] External dll C:\Users\CouchJockey\Documents\GitHub\ConvergenceER\mod/ErdTools.dll at base address 0x7ffd30f90000 is not a modengine extension
[2024-10-20 04:19:18.549] [modengine] [info] Loaded external DLL C:\Users\CouchJockey\Documents\GitHub\ConvergenceER\mod/Scripts-Data-Exposer-FS.dll
[2024-10-20 04:19:18.549] [modengine] [warning] External dll C:\Users\CouchJockey\Documents\GitHub\ConvergenceER\mod/Scripts-Data-Exposer-FS.dll at base address 0x7ffd32560000 is not a modengine extension
[2024-10-20 04:19:18.549] [modengine] [info] Enabling extension base
[2024-10-20 04:19:18.549] [modengine] [info] Enabled extension base
[2024-10-20 04:19:18.549] [modengine] [info] Enabling extension mod_loader
[2024-10-20 04:19:18.549] [modengine] [info] Installing mod location mod
[2024-10-20 04:19:18.549] [modengine] [info] Resolved mod path to C:\Users\CouchJockey\Documents\GitHub\ConvergenceER\mod
[2024-10-20 04:19:18.549] [modengine] [info] Enabled extension mod_loader
[2024-10-20 04:19:18.636] [modengine] [info] Applied 4 hooks
[2024-10-20 04:19:18.637] [modengine] [info] Starting worker thread
[2024-10-20 06:17:05.157] [modengine] [info] Attempting to load global config at C:\Users\CouchJockey\Documents\GitHub\ConvergenceER\modengine2\config.toml
[2024-10-20 06:17:05.157] [modengine] [info] Attempting to load mod settings config at C:\Users\CouchJockey\Documents\GitHub\ConvergenceER\config_eldenring.toml
[2024-10-20 06:17:05.158] [modengine] [info] Local config loaded
[2024-10-20 06:17:05.158] [modengine] [info] ModEngine version 2.1.0-2440fc717d61eaee1549a9fc94e3109e6c016275 initializing for Elden Ring
[2024-10-20 06:17:05.158] [modengine] [info] Local settings loaded: true, Global settings loaded: false
[2024-10-20 06:17:05.158] [modengine] [info] Main thread ID: 22328
[2024-10-20 06:17:05.162] [modengine] [info] Loaded external DLL C:\Users\CouchJockey\Documents\GitHub\ConvergenceER\mod/ertransmogrify.dll
[2024-10-20 06:17:05.162] [modengine] [warning] External dll C:\Users\CouchJockey\Documents\GitHub\ConvergenceER\mod/ertransmogrify.dll at base address 0x7ffcfd3a0000 is not a modengine extension
[2024-10-20 06:17:05.162] [modengine] [info] Loaded external DLL C:\Users\CouchJockey\Documents\GitHub\ConvergenceER\mod/ErdTools.dll
[2024-10-20 06:17:05.162] [modengine] [warning] External dll C:\Users\CouchJockey\Documents\GitHub\ConvergenceER\mod/ErdTools.dll at base address 0x7ffd30f90000 is not a modengine extension
[2024-10-20 06:17:05.238] [modengine] [info] Loaded external DLL C:\Users\CouchJockey\Documents\GitHub\ConvergenceER\mod/Scripts-Data-Exposer-FS.dll
[2024-10-20 06:17:05.238] [modengine] [warning] External dll C:\Users\CouchJockey\Documents\GitHub\ConvergenceER\mod/Scripts-Data-Exposer-FS.dll at base address 0x7ffd32560000 is not a modengine extension
[2024-10-20 06:17:05.238] [modengine] [info] Enabling extension base
[2024-10-20 06:17:05.238] [modengine] [info] Enabled extension base
[2024-10-20 06:17:05.238] [modengine] [info] Enabling extension mod_loader
[2024-10-20 06:17:05.238] [modengine] [info] Installing mod location mod
[2024-10-20 06:17:05.238] [modengine] [info] Resolved mod path to C:\Users\CouchJockey\Documents\GitHub\ConvergenceER\mod
[2024-10-20 06:17:05.238] [modengine] [info] Enabled extension mod_loader
[2024-10-20 06:17:05.325] [modengine] [info] Applied 4 hooks
[2024-10-20 06:17:05.327] [modengine] [info] Starting worker thread
