[2024-10-26 06:15:07.593] [modengine] [info] Attempting to load global config at C:\Users\CouchJockey\Documents\GitHub\ConvergenceER\modengine2\config.toml
[2024-10-26 06:15:07.593] [modengine] [info] Attempting to load mod settings config at C:\Users\CouchJockey\Documents\GitHub\ConvergenceER\config_eldenring.toml
[2024-10-26 06:15:07.600] [modengine] [info] Local config loaded
[2024-10-26 06:15:07.600] [modengine] [info] ModEngine version 2.1.0-2440fc717d61eaee1549a9fc94e3109e6c016275 initializing for Elden Ring
[2024-10-26 06:15:07.600] [modengine] [info] Local settings loaded: true, Global settings loaded: false
[2024-10-26 06:15:07.600] [modengine] [info] Main thread ID: 24804
[2024-10-26 06:15:07.632] [modengine] [info] Loaded external DLL C:\Users\CouchJockey\Documents\GitHub\ConvergenceER\mod/ertransmogrify.dll
[2024-10-26 06:15:07.632] [modengine] [warning] External dll C:\Users\CouchJockey\Documents\GitHub\ConvergenceER\mod/ertransmogrify.dll at base address 0x7ffd34440000 is not a modengine extension
[2024-10-26 06:15:07.652] [modengine] [info] Loaded external DLL C:\Users\CouchJockey\Documents\GitHub\ConvergenceER\mod/ErdTools.dll
[2024-10-26 06:15:07.652] [modengine] [warning] External dll C:\Users\CouchJockey\Documents\GitHub\ConvergenceER\mod/ErdTools.dll at base address 0x7ffd345e0000 is not a modengine extension
[2024-10-26 06:15:07.748] [modengine] [info] Loaded external DLL C:\Users\CouchJockey\Documents\GitHub\ConvergenceER\mod/Scripts-Data-Exposer-FS.dll
[2024-10-26 06:15:07.748] [modengine] [warning] External dll C:\Users\CouchJockey\Documents\GitHub\ConvergenceER\mod/Scripts-Data-Exposer-FS.dll at base address 0x7ffd34580000 is not a modengine extension
[2024-10-26 06:15:07.749] [modengine] [info] Enabling extension base
[2024-10-26 06:15:07.749] [modengine] [info] Enabled extension base
[2024-10-26 06:15:07.749] [modengine] [info] Enabling extension mod_loader
[2024-10-26 06:15:07.749] [modengine] [info] Installing mod location mod
[2024-10-26 06:15:07.749] [modengine] [info] Resolved mod path to C:\Users\CouchJockey\Documents\GitHub\ConvergenceER\mod
[2024-10-26 06:15:07.749] [modengine] [info] Enabled extension mod_loader
[2024-10-26 06:15:07.837] [modengine] [info] Applied 4 hooks
[2024-10-26 06:15:07.840] [modengine] [info] Starting worker thread
[2024-10-26 08:48:30.432] [modengine] [info] Attempting to load global config at C:\Users\CouchJockey\Documents\GitHub\ConvergenceER\modengine2\config.toml
[2024-10-26 08:48:30.432] [modengine] [info] Attempting to load mod settings config at C:\Users\CouchJockey\Documents\GitHub\ConvergenceER\config_eldenring.toml
[2024-10-26 08:48:30.432] [modengine] [info] Local config loaded
[2024-10-26 08:48:30.433] [modengine] [info] ModEngine version 2.1.0-2440fc717d61eaee1549a9fc94e3109e6c016275 initializing for Elden Ring
[2024-10-26 08:48:30.433] [modengine] [info] Local settings loaded: true, Global settings loaded: false
[2024-10-26 08:48:30.433] [modengine] [info] Main thread ID: 29836
[2024-10-26 08:48:30.444] [modengine] [info] Loaded external DLL C:\Users\CouchJockey\Documents\GitHub\ConvergenceER\mod/ertransmogrify.dll
[2024-10-26 08:48:30.444] [modengine] [warning] External dll C:\Users\CouchJockey\Documents\GitHub\ConvergenceER\mod/ertransmogrify.dll at base address 0x7ffd34490000 is not a modengine extension
[2024-10-26 08:48:30.445] [modengine] [info] Loaded external DLL C:\Users\CouchJockey\Documents\GitHub\ConvergenceER\mod/ErdTools.dll
[2024-10-26 08:48:30.445] [modengine] [warning] External dll C:\Users\CouchJockey\Documents\GitHub\ConvergenceER\mod/ErdTools.dll at base address 0x7ffd34600000 is not a modengine extension
[2024-10-26 08:48:30.523] [modengine] [info] Loaded external DLL C:\Users\CouchJockey\Documents\GitHub\ConvergenceER\mod/Scripts-Data-Exposer-FS.dll
[2024-10-26 08:48:30.523] [modengine] [warning] External dll C:\Users\CouchJockey\Documents\GitHub\ConvergenceER\mod/Scripts-Data-Exposer-FS.dll at base address 0x7ffd347c0000 is not a modengine extension
[2024-10-26 08:48:30.523] [modengine] [info] Enabling extension base
[2024-10-26 08:48:30.523] [modengine] [info] Enabled extension base
[2024-10-26 08:48:30.523] [modengine] [info] Enabling extension mod_loader
[2024-10-26 08:48:30.523] [modengine] [info] Installing mod location mod
[2024-10-26 08:48:30.523] [modengine] [info] Resolved mod path to C:\Users\CouchJockey\Documents\GitHub\ConvergenceER\mod
[2024-10-26 08:48:30.523] [modengine] [info] Enabled extension mod_loader
[2024-10-26 08:48:30.606] [modengine] [info] Applied 4 hooks
[2024-10-26 08:48:30.607] [modengine] [info] Starting worker thread
