[2024-05-26 09:42:27.095] [modengine] [info] Attempting to load global config at C:\Users\CouchJockey\Documents\GitHub\ConvergenceER\modengine2\config.toml
[2024-05-26 09:42:27.095] [modengine] [info] Attempting to load mod settings config at C:\Users\CouchJockey\Documents\GitHub\ConvergenceER\config_eldenring.toml
[2024-05-26 09:42:27.101] [modengine] [info] Local config loaded
[2024-05-26 09:42:27.101] [modengine] [info] ModEngine version 2.1.0-0924ab36f1311bf84e7e626740b4bf2c0d54909a initializing for Elden Ring
[2024-05-26 09:42:27.101] [modengine] [info] Local settings loaded: true, Global settings loaded: false
[2024-05-26 09:42:27.101] [modengine] [info] Main thread ID: 24848
[2024-05-26 09:42:27.130] [modengine] [info] Loaded external DLL C:\Users\CouchJockey\Documents\GitHub\ConvergenceER\ErdTools.dll
[2024-05-26 09:42:27.130] [modengine] [warning] External dll C:\Users\CouchJockey\Documents\GitHub\ConvergenceER\ErdTools.dll at base address 0x7ff8123c0000 is not a modengine extension
[2024-05-26 09:42:27.315] [modengine] [info] Loaded external DLL C:\Users\CouchJockey\Documents\GitHub\ConvergenceER\SkipTheIntro.dll
[2024-05-26 09:42:27.315] [modengine] [warning] External dll C:\Users\CouchJockey\Documents\GitHub\ConvergenceER\SkipTheIntro.dll at base address 0x7ffff1b10000 is not a modengine extension
[2024-05-26 09:42:27.347] [modengine] [info] Loaded external DLL C:\Users\CouchJockey\Documents\GitHub\ConvergenceER\ertransmogrify.dll
[2024-05-26 09:42:27.347] [modengine] [warning] External dll C:\Users\CouchJockey\Documents\GitHub\ConvergenceER\ertransmogrify.dll at base address 0x7fffc3f10000 is not a modengine extension
[2024-05-26 09:42:27.428] [modengine] [info] Loaded external DLL C:\Users\CouchJockey\Documents\GitHub\ConvergenceER\Scripts-Data-Exposer-FS.dll
[2024-05-26 09:42:27.428] [modengine] [warning] External dll C:\Users\CouchJockey\Documents\GitHub\ConvergenceER\Scripts-Data-Exposer-FS.dll at base address 0x7ff813f00000 is not a modengine extension
[2024-05-26 09:42:27.428] [modengine] [info] Enabling extension base
[2024-05-26 09:42:27.428] [modengine] [info] Enabled extension base
[2024-05-26 09:42:27.428] [modengine] [info] Enabling extension mod_loader
[2024-05-26 09:42:27.428] [modengine] [info] Installing mod location mod
[2024-05-26 09:42:27.428] [modengine] [info] Resolved mod path to C:\Users\CouchJockey\Documents\GitHub\ConvergenceER\mod
[2024-05-26 09:42:27.428] [modengine] [info] Enabled extension mod_loader
[2024-05-26 09:42:27.476] [modengine] [info] Applied 3 hooks
[2024-05-26 09:42:27.478] [modengine] [info] Starting worker thread
[2024-05-26 11:02:01.952] [modengine] [info] Attempting to load global config at C:\Users\CouchJockey\Documents\GitHub\ConvergenceER\modengine2\config.toml
[2024-05-26 11:02:01.952] [modengine] [info] Attempting to load mod settings config at C:\Users\CouchJockey\Documents\GitHub\ConvergenceER\config_eldenring.toml
[2024-05-26 11:02:01.960] [modengine] [info] Local config loaded
[2024-05-26 11:02:01.960] [modengine] [info] ModEngine version 2.1.0-0924ab36f1311bf84e7e626740b4bf2c0d54909a initializing for Elden Ring
[2024-05-26 11:02:01.960] [modengine] [info] Local settings loaded: true, Global settings loaded: false
[2024-05-26 11:02:01.960] [modengine] [info] Main thread ID: 34128
[2024-05-26 11:02:01.990] [modengine] [info] Loaded external DLL C:\Users\CouchJockey\Documents\GitHub\ConvergenceER\ErdTools.dll
[2024-05-26 11:02:01.990] [modengine] [warning] External dll C:\Users\CouchJockey\Documents\GitHub\ConvergenceER\ErdTools.dll at base address 0x7ff8123c0000 is not a modengine extension
[2024-05-26 11:02:02.176] [modengine] [info] Loaded external DLL C:\Users\CouchJockey\Documents\GitHub\ConvergenceER\SkipTheIntro.dll
[2024-05-26 11:02:02.176] [modengine] [warning] External dll C:\Users\CouchJockey\Documents\GitHub\ConvergenceER\SkipTheIntro.dll at base address 0x7ffff1ff0000 is not a modengine extension
[2024-05-26 11:02:02.199] [modengine] [info] Loaded external DLL C:\Users\CouchJockey\Documents\GitHub\ConvergenceER\ertransmogrify.dll
[2024-05-26 11:02:02.199] [modengine] [warning] External dll C:\Users\CouchJockey\Documents\GitHub\ConvergenceER\ertransmogrify.dll at base address 0x7fffe7c10000 is not a modengine extension
[2024-05-26 11:02:02.289] [modengine] [info] Loaded external DLL C:\Users\CouchJockey\Documents\GitHub\ConvergenceER\Scripts-Data-Exposer-FS.dll
[2024-05-26 11:02:02.289] [modengine] [warning] External dll C:\Users\CouchJockey\Documents\GitHub\ConvergenceER\Scripts-Data-Exposer-FS.dll at base address 0x7ff813f00000 is not a modengine extension
[2024-05-26 11:02:02.289] [modengine] [info] Enabling extension base
[2024-05-26 11:02:02.289] [modengine] [info] Enabled extension base
[2024-05-26 11:02:02.289] [modengine] [info] Enabling extension mod_loader
[2024-05-26 11:02:02.289] [modengine] [info] Installing mod location mod
[2024-05-26 11:02:02.289] [modengine] [info] Resolved mod path to C:\Users\CouchJockey\Documents\GitHub\ConvergenceER\mod
[2024-05-26 11:02:02.289] [modengine] [info] Enabled extension mod_loader
[2024-05-26 11:02:02.341] [modengine] [info] Applied 3 hooks
[2024-05-26 11:02:02.342] [modengine] [info] Starting worker thread
[2024-05-26 17:15:15.052] [modengine] [info] Attempting to load global config at C:\Users\CouchJockey\Documents\GitHub\ConvergenceER\modengine2\config.toml
[2024-05-26 17:15:15.052] [modengine] [info] Attempting to load mod settings config at C:\Users\CouchJockey\Documents\GitHub\ConvergenceER\config_eldenring.toml
[2024-05-26 17:15:15.052] [modengine] [info] Local config loaded
[2024-05-26 17:15:15.052] [modengine] [info] ModEngine version 2.1.0-0924ab36f1311bf84e7e626740b4bf2c0d54909a initializing for Elden Ring
[2024-05-26 17:15:15.052] [modengine] [info] Local settings loaded: true, Global settings loaded: false
[2024-05-26 17:15:15.052] [modengine] [info] Main thread ID: 34308
[2024-05-26 17:15:15.055] [modengine] [info] Loaded external DLL C:\Users\CouchJockey\Documents\GitHub\ConvergenceER\ErdTools.dll
[2024-05-26 17:15:15.055] [modengine] [warning] External dll C:\Users\CouchJockey\Documents\GitHub\ConvergenceER\ErdTools.dll at base address 0x7ff8123c0000 is not a modengine extension
[2024-05-26 17:15:15.056] [modengine] [info] Loaded external DLL C:\Users\CouchJockey\Documents\GitHub\ConvergenceER\SkipTheIntro.dll
[2024-05-26 17:15:15.056] [modengine] [warning] External dll C:\Users\CouchJockey\Documents\GitHub\ConvergenceER\SkipTheIntro.dll at base address 0x7fffb3290000 is not a modengine extension
[2024-05-26 17:15:15.058] [modengine] [info] Loaded external DLL C:\Users\CouchJockey\Documents\GitHub\ConvergenceER\ertransmogrify.dll
[2024-05-26 17:15:15.058] [modengine] [warning] External dll C:\Users\CouchJockey\Documents\GitHub\ConvergenceER\ertransmogrify.dll at base address 0x7fffb2620000 is not a modengine extension
[2024-05-26 17:15:15.138] [modengine] [info] Loaded external DLL C:\Users\CouchJockey\Documents\GitHub\ConvergenceER\Scripts-Data-Exposer-FS.dll
[2024-05-26 17:15:15.138] [modengine] [warning] External dll C:\Users\CouchJockey\Documents\GitHub\ConvergenceER\Scripts-Data-Exposer-FS.dll at base address 0x7ff8089c0000 is not a modengine extension
[2024-05-26 17:15:15.138] [modengine] [info] Enabling extension base
[2024-05-26 17:15:15.138] [modengine] [info] Enabled extension base
[2024-05-26 17:15:15.138] [modengine] [info] Enabling extension mod_loader
[2024-05-26 17:15:15.138] [modengine] [info] Installing mod location mod
[2024-05-26 17:15:15.138] [modengine] [info] Resolved mod path to C:\Users\CouchJockey\Documents\GitHub\ConvergenceER\mod
[2024-05-26 17:15:15.138] [modengine] [info] Enabled extension mod_loader
[2024-05-26 17:15:15.192] [modengine] [info] Applied 3 hooks
[2024-05-26 17:15:15.194] [modengine] [info] Starting worker thread
[2024-05-26 17:42:18.154] [modengine] [info] Attempting to load global config at C:\Users\CouchJockey\Documents\GitHub\ConvergenceER\modengine2\config.toml
[2024-05-26 17:42:18.154] [modengine] [info] Attempting to load mod settings config at C:\Users\CouchJockey\Documents\GitHub\ConvergenceER\config_eldenring.toml
[2024-05-26 17:42:18.154] [modengine] [info] Local config loaded
[2024-05-26 17:42:18.154] [modengine] [info] ModEngine version 2.1.0-0924ab36f1311bf84e7e626740b4bf2c0d54909a initializing for Elden Ring
[2024-05-26 17:42:18.154] [modengine] [info] Local settings loaded: true, Global settings loaded: false
[2024-05-26 17:42:18.154] [modengine] [info] Main thread ID: 17120
[2024-05-26 17:42:18.158] [modengine] [info] Loaded external DLL C:\Users\CouchJockey\Documents\GitHub\ConvergenceER\ErdTools.dll
[2024-05-26 17:42:18.158] [modengine] [warning] External dll C:\Users\CouchJockey\Documents\GitHub\ConvergenceER\ErdTools.dll at base address 0x7ff8123c0000 is not a modengine extension
[2024-05-26 17:42:18.158] [modengine] [info] Loaded external DLL C:\Users\CouchJockey\Documents\GitHub\ConvergenceER\SkipTheIntro.dll
[2024-05-26 17:42:18.158] [modengine] [warning] External dll C:\Users\CouchJockey\Documents\GitHub\ConvergenceER\SkipTheIntro.dll at base address 0x7fffb3290000 is not a modengine extension
[2024-05-26 17:42:18.160] [modengine] [info] Loaded external DLL C:\Users\CouchJockey\Documents\GitHub\ConvergenceER\ertransmogrify.dll
[2024-05-26 17:42:18.160] [modengine] [warning] External dll C:\Users\CouchJockey\Documents\GitHub\ConvergenceER\ertransmogrify.dll at base address 0x7fffb2620000 is not a modengine extension
[2024-05-26 17:42:18.244] [modengine] [info] Loaded external DLL C:\Users\CouchJockey\Documents\GitHub\ConvergenceER\Scripts-Data-Exposer-FS.dll
[2024-05-26 17:42:18.244] [modengine] [warning] External dll C:\Users\CouchJockey\Documents\GitHub\ConvergenceER\Scripts-Data-Exposer-FS.dll at base address 0x7ff8089c0000 is not a modengine extension
[2024-05-26 17:42:18.244] [modengine] [info] Enabling extension base
[2024-05-26 17:42:18.244] [modengine] [info] Enabled extension base
[2024-05-26 17:42:18.244] [modengine] [info] Enabling extension mod_loader
[2024-05-26 17:42:18.244] [modengine] [info] Installing mod location mod
[2024-05-26 17:42:18.244] [modengine] [info] Resolved mod path to C:\Users\CouchJockey\Documents\GitHub\ConvergenceER\mod
[2024-05-26 17:42:18.244] [modengine] [info] Enabled extension mod_loader
[2024-05-26 17:42:18.311] [modengine] [info] Applied 3 hooks
[2024-05-26 17:42:18.313] [modengine] [info] Starting worker thread
[2024-05-26 18:05:11.748] [modengine] [info] Attempting to load global config at C:\Users\CouchJockey\Documents\GitHub\ConvergenceER\modengine2\config.toml
[2024-05-26 18:05:11.748] [modengine] [info] Attempting to load mod settings config at C:\Users\CouchJockey\Documents\GitHub\ConvergenceER\config_eldenring.toml
[2024-05-26 18:05:11.748] [modengine] [info] Local config loaded
[2024-05-26 18:05:11.748] [modengine] [info] ModEngine version 2.1.0-0924ab36f1311bf84e7e626740b4bf2c0d54909a initializing for Elden Ring
[2024-05-26 18:05:11.748] [modengine] [info] Local settings loaded: true, Global settings loaded: false
[2024-05-26 18:05:11.748] [modengine] [info] Main thread ID: 30256
[2024-05-26 18:05:11.752] [modengine] [info] Loaded external DLL C:\Users\CouchJockey\Documents\GitHub\ConvergenceER\ErdTools.dll
[2024-05-26 18:05:11.752] [modengine] [warning] External dll C:\Users\CouchJockey\Documents\GitHub\ConvergenceER\ErdTools.dll at base address 0x7ff8123c0000 is not a modengine extension
[2024-05-26 18:05:11.752] [modengine] [info] Loaded external DLL C:\Users\CouchJockey\Documents\GitHub\ConvergenceER\SkipTheIntro.dll
[2024-05-26 18:05:11.752] [modengine] [warning] External dll C:\Users\CouchJockey\Documents\GitHub\ConvergenceER\SkipTheIntro.dll at base address 0x7fffb3290000 is not a modengine extension
[2024-05-26 18:05:11.754] [modengine] [info] Loaded external DLL C:\Users\CouchJockey\Documents\GitHub\ConvergenceER\ertransmogrify.dll
[2024-05-26 18:05:11.754] [modengine] [warning] External dll C:\Users\CouchJockey\Documents\GitHub\ConvergenceER\ertransmogrify.dll at base address 0x7fffb2a90000 is not a modengine extension
[2024-05-26 18:05:11.844] [modengine] [info] Loaded external DLL C:\Users\CouchJockey\Documents\GitHub\ConvergenceER\Scripts-Data-Exposer-FS.dll
[2024-05-26 18:05:11.844] [modengine] [warning] External dll C:\Users\CouchJockey\Documents\GitHub\ConvergenceER\Scripts-Data-Exposer-FS.dll at base address 0x7ff80f9f0000 is not a modengine extension
[2024-05-26 18:05:11.844] [modengine] [info] Enabling extension base
[2024-05-26 18:05:11.844] [modengine] [info] Enabled extension base
[2024-05-26 18:05:11.844] [modengine] [info] Enabling extension mod_loader
[2024-05-26 18:05:11.844] [modengine] [info] Installing mod location mod
[2024-05-26 18:05:11.844] [modengine] [info] Resolved mod path to C:\Users\CouchJockey\Documents\GitHub\ConvergenceER\mod
[2024-05-26 18:05:11.844] [modengine] [info] Enabled extension mod_loader
[2024-05-26 18:05:11.893] [modengine] [info] Applied 3 hooks
[2024-05-26 18:05:11.894] [modengine] [info] Starting worker thread
[2024-05-26 18:15:35.053] [modengine] [info] Attempting to load global config at C:\Users\CouchJockey\Documents\GitHub\ConvergenceER\modengine2\config.toml
[2024-05-26 18:15:35.053] [modengine] [info] Attempting to load mod settings config at C:\Users\CouchJockey\Documents\GitHub\ConvergenceER\config_eldenring.toml
[2024-05-26 18:15:35.053] [modengine] [info] Local config loaded
[2024-05-26 18:15:35.053] [modengine] [info] ModEngine version 2.1.0-0924ab36f1311bf84e7e626740b4bf2c0d54909a initializing for Elden Ring
[2024-05-26 18:15:35.053] [modengine] [info] Local settings loaded: true, Global settings loaded: false
[2024-05-26 18:15:35.053] [modengine] [info] Main thread ID: 27480
[2024-05-26 18:15:35.057] [modengine] [info] Loaded external DLL C:\Users\CouchJockey\Documents\GitHub\ConvergenceER\ErdTools.dll
[2024-05-26 18:15:35.057] [modengine] [warning] External dll C:\Users\CouchJockey\Documents\GitHub\ConvergenceER\ErdTools.dll at base address 0x7ff8123c0000 is not a modengine extension
[2024-05-26 18:15:35.058] [modengine] [info] Loaded external DLL C:\Users\CouchJockey\Documents\GitHub\ConvergenceER\SkipTheIntro.dll
[2024-05-26 18:15:35.058] [modengine] [warning] External dll C:\Users\CouchJockey\Documents\GitHub\ConvergenceER\SkipTheIntro.dll at base address 0x7fffcf600000 is not a modengine extension
[2024-05-26 18:15:35.060] [modengine] [info] Loaded external DLL C:\Users\CouchJockey\Documents\GitHub\ConvergenceER\ertransmogrify.dll
[2024-05-26 18:15:35.060] [modengine] [warning] External dll C:\Users\CouchJockey\Documents\GitHub\ConvergenceER\ertransmogrify.dll at base address 0x7fffb2a90000 is not a modengine extension
[2024-05-26 18:15:35.144] [modengine] [info] Loaded external DLL C:\Users\CouchJockey\Documents\GitHub\ConvergenceER\Scripts-Data-Exposer-FS.dll
[2024-05-26 18:15:35.144] [modengine] [warning] External dll C:\Users\CouchJockey\Documents\GitHub\ConvergenceER\Scripts-Data-Exposer-FS.dll at base address 0x7ff80f9f0000 is not a modengine extension
[2024-05-26 18:15:35.144] [modengine] [info] Enabling extension base
[2024-05-26 18:15:35.144] [modengine] [info] Enabled extension base
[2024-05-26 18:15:35.144] [modengine] [info] Enabling extension mod_loader
[2024-05-26 18:15:35.144] [modengine] [info] Installing mod location mod
[2024-05-26 18:15:35.144] [modengine] [info] Resolved mod path to C:\Users\CouchJockey\Documents\GitHub\ConvergenceER\mod
[2024-05-26 18:15:35.144] [modengine] [info] Enabled extension mod_loader
[2024-05-26 18:15:35.226] [modengine] [info] Applied 3 hooks
[2024-05-26 18:15:35.331] [modengine] [info] Starting worker thread
[2024-05-26 18:34:25.360] [modengine] [info] Attempting to load global config at C:\Users\CouchJockey\Documents\GitHub\ConvergenceER\modengine2\config.toml
[2024-05-26 18:34:25.360] [modengine] [info] Attempting to load mod settings config at C:\Users\CouchJockey\Documents\GitHub\ConvergenceER\config_eldenring.toml
[2024-05-26 18:34:25.360] [modengine] [info] Local config loaded
[2024-05-26 18:34:25.361] [modengine] [info] ModEngine version 2.1.0-0924ab36f1311bf84e7e626740b4bf2c0d54909a initializing for Elden Ring
[2024-05-26 18:34:25.361] [modengine] [info] Local settings loaded: true, Global settings loaded: false
[2024-05-26 18:34:25.361] [modengine] [info] Main thread ID: 29480
[2024-05-26 18:34:25.365] [modengine] [info] Loaded external DLL C:\Users\CouchJockey\Documents\GitHub\ConvergenceER\ErdTools.dll
[2024-05-26 18:34:25.365] [modengine] [warning] External dll C:\Users\CouchJockey\Documents\GitHub\ConvergenceER\ErdTools.dll at base address 0x7ff8123c0000 is not a modengine extension
[2024-05-26 18:34:25.366] [modengine] [info] Loaded external DLL C:\Users\CouchJockey\Documents\GitHub\ConvergenceER\SkipTheIntro.dll
[2024-05-26 18:34:25.366] [modengine] [warning] External dll C:\Users\CouchJockey\Documents\GitHub\ConvergenceER\SkipTheIntro.dll at base address 0x7fffb3750000 is not a modengine extension
[2024-05-26 18:34:25.367] [modengine] [info] Loaded external DLL C:\Users\CouchJockey\Documents\GitHub\ConvergenceER\ertransmogrify.dll
[2024-05-26 18:34:25.367] [modengine] [warning] External dll C:\Users\CouchJockey\Documents\GitHub\ConvergenceER\ertransmogrify.dll at base address 0x7fffb2630000 is not a modengine extension
[2024-05-26 18:34:25.457] [modengine] [info] Loaded external DLL C:\Users\CouchJockey\Documents\GitHub\ConvergenceER\Scripts-Data-Exposer-FS.dll
[2024-05-26 18:34:25.457] [modengine] [warning] External dll C:\Users\CouchJockey\Documents\GitHub\ConvergenceER\Scripts-Data-Exposer-FS.dll at base address 0x7ff808aa0000 is not a modengine extension
[2024-05-26 18:34:25.457] [modengine] [info] Enabling extension base
[2024-05-26 18:34:25.457] [modengine] [info] Enabled extension base
[2024-05-26 18:34:25.457] [modengine] [info] Enabling extension mod_loader
[2024-05-26 18:34:25.457] [modengine] [info] Installing mod location mod
[2024-05-26 18:34:25.457] [modengine] [info] Resolved mod path to C:\Users\CouchJockey\Documents\GitHub\ConvergenceER\mod
[2024-05-26 18:34:25.457] [modengine] [info] Enabled extension mod_loader
[2024-05-26 18:34:25.507] [modengine] [info] Applied 3 hooks
[2024-05-26 18:34:25.509] [modengine] [info] Starting worker thread
[2024-05-26 18:54:29.852] [modengine] [info] Attempting to load global config at C:\Users\CouchJockey\Documents\GitHub\ConvergenceER\modengine2\config.toml
[2024-05-26 18:54:29.852] [modengine] [info] Attempting to load mod settings config at C:\Users\CouchJockey\Documents\GitHub\ConvergenceER\config_eldenring.toml
[2024-05-26 18:54:29.853] [modengine] [info] Local config loaded
[2024-05-26 18:54:29.853] [modengine] [info] ModEngine version 2.1.0-0924ab36f1311bf84e7e626740b4bf2c0d54909a initializing for Elden Ring
[2024-05-26 18:54:29.853] [modengine] [info] Local settings loaded: true, Global settings loaded: false
[2024-05-26 18:54:29.853] [modengine] [info] Main thread ID: 27748
[2024-05-26 18:54:29.856] [modengine] [info] Loaded external DLL C:\Users\CouchJockey\Documents\GitHub\ConvergenceER\ErdTools.dll
[2024-05-26 18:54:29.856] [modengine] [warning] External dll C:\Users\CouchJockey\Documents\GitHub\ConvergenceER\ErdTools.dll at base address 0x7ff8123c0000 is not a modengine extension
[2024-05-26 18:54:29.857] [modengine] [info] Loaded external DLL C:\Users\CouchJockey\Documents\GitHub\ConvergenceER\SkipTheIntro.dll
[2024-05-26 18:54:29.857] [modengine] [warning] External dll C:\Users\CouchJockey\Documents\GitHub\ConvergenceER\SkipTheIntro.dll at base address 0x7fffebb50000 is not a modengine extension
[2024-05-26 18:54:29.858] [modengine] [info] Loaded external DLL C:\Users\CouchJockey\Documents\GitHub\ConvergenceER\ertransmogrify.dll
[2024-05-26 18:54:29.858] [modengine] [warning] External dll C:\Users\CouchJockey\Documents\GitHub\ConvergenceER\ertransmogrify.dll at base address 0x7fffebad0000 is not a modengine extension
[2024-05-26 18:54:29.947] [modengine] [info] Loaded external DLL C:\Users\CouchJockey\Documents\GitHub\ConvergenceER\Scripts-Data-Exposer-FS.dll
[2024-05-26 18:54:29.947] [modengine] [warning] External dll C:\Users\CouchJockey\Documents\GitHub\ConvergenceER\Scripts-Data-Exposer-FS.dll at base address 0x7ff808aa0000 is not a modengine extension
[2024-05-26 18:54:29.947] [modengine] [info] Enabling extension base
[2024-05-26 18:54:29.947] [modengine] [info] Enabled extension base
[2024-05-26 18:54:29.947] [modengine] [info] Enabling extension mod_loader
[2024-05-26 18:54:29.947] [modengine] [info] Installing mod location mod
[2024-05-26 18:54:29.947] [modengine] [info] Resolved mod path to C:\Users\CouchJockey\Documents\GitHub\ConvergenceER\mod
[2024-05-26 18:54:29.947] [modengine] [info] Enabled extension mod_loader
[2024-05-26 18:54:29.996] [modengine] [info] Applied 3 hooks
[2024-05-26 18:54:29.997] [modengine] [info] Starting worker thread
[2024-05-26 19:19:31.444] [modengine] [info] Attempting to load global config at C:\Users\CouchJockey\Documents\GitHub\ConvergenceER\modengine2\config.toml
[2024-05-26 19:19:31.444] [modengine] [info] Attempting to load mod settings config at C:\Users\CouchJockey\Documents\GitHub\ConvergenceER\config_eldenring.toml
[2024-05-26 19:19:31.444] [modengine] [info] Local config loaded
[2024-05-26 19:19:31.445] [modengine] [info] ModEngine version 2.1.0-0924ab36f1311bf84e7e626740b4bf2c0d54909a initializing for Elden Ring
[2024-05-26 19:19:31.445] [modengine] [info] Local settings loaded: true, Global settings loaded: false
[2024-05-26 19:19:31.445] [modengine] [info] Main thread ID: 10824
[2024-05-26 19:19:31.448] [modengine] [info] Loaded external DLL C:\Users\CouchJockey\Documents\GitHub\ConvergenceER\ErdTools.dll
[2024-05-26 19:19:31.448] [modengine] [warning] External dll C:\Users\CouchJockey\Documents\GitHub\ConvergenceER\ErdTools.dll at base address 0x7ff8123c0000 is not a modengine extension
[2024-05-26 19:19:31.449] [modengine] [info] Loaded external DLL C:\Users\CouchJockey\Documents\GitHub\ConvergenceER\SkipTheIntro.dll
[2024-05-26 19:19:31.449] [modengine] [warning] External dll C:\Users\CouchJockey\Documents\GitHub\ConvergenceER\SkipTheIntro.dll at base address 0x7fffff5b0000 is not a modengine extension
[2024-05-26 19:19:31.450] [modengine] [info] Loaded external DLL C:\Users\CouchJockey\Documents\GitHub\ConvergenceER\ertransmogrify.dll
[2024-05-26 19:19:31.451] [modengine] [warning] External dll C:\Users\CouchJockey\Documents\GitHub\ConvergenceER\ertransmogrify.dll at base address 0x7fffedb40000 is not a modengine extension
[2024-05-26 19:19:31.525] [modengine] [info] Loaded external DLL C:\Users\CouchJockey\Documents\GitHub\ConvergenceER\Scripts-Data-Exposer-FS.dll
[2024-05-26 19:19:31.525] [modengine] [warning] External dll C:\Users\CouchJockey\Documents\GitHub\ConvergenceER\Scripts-Data-Exposer-FS.dll at base address 0x7ff813f00000 is not a modengine extension
[2024-05-26 19:19:31.525] [modengine] [info] Enabling extension base
[2024-05-26 19:19:31.525] [modengine] [info] Enabled extension base
[2024-05-26 19:19:31.525] [modengine] [info] Enabling extension mod_loader
[2024-05-26 19:19:31.525] [modengine] [info] Installing mod location mod
[2024-05-26 19:19:31.525] [modengine] [info] Resolved mod path to C:\Users\CouchJockey\Documents\GitHub\ConvergenceER\mod
[2024-05-26 19:19:31.525] [modengine] [info] Enabled extension mod_loader
[2024-05-26 19:19:31.582] [modengine] [info] Applied 3 hooks
[2024-05-26 19:19:31.583] [modengine] [info] Starting worker thread
