[2024-10-24 08:22:53.619] [modengine] [info] Attempting to load global config at C:\Users\CouchJockey\Documents\GitHub\ConvergenceER\modengine2\config.toml
[2024-10-24 08:22:53.619] [modengine] [info] Attempting to load mod settings config at C:\Users\CouchJockey\Documents\GitHub\ConvergenceER\config_eldenring.toml
[2024-10-24 08:22:53.619] [modengine] [info] Local config loaded
[2024-10-24 08:22:53.619] [modengine] [info] ModEngine version 2.1.0-2440fc717d61eaee1549a9fc94e3109e6c016275 initializing for Elden Ring
[2024-10-24 08:22:53.619] [modengine] [info] Local settings loaded: true, Global settings loaded: false
[2024-10-24 08:22:53.619] [modengine] [info] Main thread ID: 27108
[2024-10-24 08:22:53.650] [modengine] [info] Loaded external DLL C:\Users\CouchJockey\Documents\GitHub\ConvergenceER\mod/ertransmogrify.dll
[2024-10-24 08:22:53.650] [modengine] [warning] External dll C:\Users\CouchJockey\Documents\GitHub\ConvergenceER\mod/ertransmogrify.dll at base address 0x7ffca7290000 is not a modengine extension
[2024-10-24 08:22:53.668] [modengine] [info] Loaded external DLL C:\Users\CouchJockey\Documents\GitHub\ConvergenceER\mod/ErdTools.dll
[2024-10-24 08:22:53.668] [modengine] [warning] External dll C:\Users\CouchJockey\Documents\GitHub\ConvergenceER\mod/ErdTools.dll at base address 0x7ffcf1ac0000 is not a modengine extension
[2024-10-24 08:22:53.745] [modengine] [info] Loaded external DLL C:\Users\CouchJockey\Documents\GitHub\ConvergenceER\mod/Scripts-Data-Exposer-FS.dll
[2024-10-24 08:22:53.745] [modengine] [warning] External dll C:\Users\CouchJockey\Documents\GitHub\ConvergenceER\mod/Scripts-Data-Exposer-FS.dll at base address 0x7ffcfb3e0000 is not a modengine extension
[2024-10-24 08:22:53.745] [modengine] [info] Enabling extension base
[2024-10-24 08:22:53.745] [modengine] [info] Enabled extension base
[2024-10-24 08:22:53.745] [modengine] [info] Enabling extension mod_loader
[2024-10-24 08:22:53.745] [modengine] [info] Installing mod location mod
[2024-10-24 08:22:53.745] [modengine] [info] Resolved mod path to C:\Users\CouchJockey\Documents\GitHub\ConvergenceER\mod
[2024-10-24 08:22:53.745] [modengine] [info] Enabled extension mod_loader
[2024-10-24 08:22:53.824] [modengine] [info] Applied 4 hooks
[2024-10-24 08:22:53.827] [modengine] [info] Starting worker thread
