[2024-06-19 10:32:31.555] [modengine] [info] Attempting to load global config at C:\Users\CouchJockey\Documents\GitHub\ConvergenceER\modengine2\config.toml
[2024-06-19 10:32:31.555] [modengine] [info] Attempting to load mod settings config at C:\Users\CouchJockey\Documents\GitHub\ConvergenceER\config_eldenring.toml
[2024-06-19 10:32:31.562] [modengine] [info] Local config loaded
[2024-06-19 10:32:31.562] [modengine] [info] ModEngine version 2.1.0-0924ab36f1311bf84e7e626740b4bf2c0d54909a initializing for Elden Ring
[2024-06-19 10:32:31.562] [modengine] [info] Local settings loaded: true, Global settings loaded: false
[2024-06-19 10:32:31.562] [modengine] [info] Main thread ID: 11952
[2024-06-19 10:32:31.589] [modengine] [info] Loaded external DLL C:\Users\CouchJockey\Documents\GitHub\ConvergenceER\ertransmogrify.dll
[2024-06-19 10:32:31.589] [modengine] [warning] External dll C:\Users\CouchJockey\Documents\GitHub\ConvergenceER\ertransmogrify.dll at base address 0x7fffeb5c0000 is not a modengine extension
[2024-06-19 10:32:31.607] [modengine] [info] Loaded external DLL C:\Users\CouchJockey\Documents\GitHub\ConvergenceER\ErdTools.dll
[2024-06-19 10:32:31.607] [modengine] [warning] External dll C:\Users\CouchJockey\Documents\GitHub\ConvergenceER\ErdTools.dll at base address 0x7ff801590000 is not a modengine extension
[2024-06-19 10:32:31.690] [modengine] [info] Loaded external DLL C:\Users\CouchJockey\Documents\GitHub\ConvergenceER\Scripts-Data-Exposer-FS.dll
[2024-06-19 10:32:31.690] [modengine] [warning] External dll C:\Users\CouchJockey\Documents\GitHub\ConvergenceER\Scripts-Data-Exposer-FS.dll at base address 0x7ff808cd0000 is not a modengine extension
[2024-06-19 10:32:31.853] [modengine] [info] Loaded external DLL C:\Users\CouchJockey\Documents\GitHub\ConvergenceER\SkipTheIntro.dll
[2024-06-19 10:32:31.853] [modengine] [warning] External dll C:\Users\CouchJockey\Documents\GitHub\ConvergenceER\SkipTheIntro.dll at base address 0x7fffec830000 is not a modengine extension
[2024-06-19 10:32:31.853] [modengine] [info] Enabling extension base
[2024-06-19 10:32:31.853] [modengine] [info] Enabled extension base
[2024-06-19 10:32:31.853] [modengine] [info] Enabling extension mod_loader
[2024-06-19 10:32:31.853] [modengine] [info] Installing mod location mod
[2024-06-19 10:32:31.853] [modengine] [info] Resolved mod path to C:\Users\CouchJockey\Documents\GitHub\ConvergenceER\mod
[2024-06-19 10:32:31.853] [modengine] [info] Enabled extension mod_loader
[2024-06-19 10:32:31.913] [modengine] [info] Applied 3 hooks
[2024-06-19 10:32:31.915] [modengine] [info] Starting worker thread
