[2024-08-21 00:34:58.802] [modengine] [info] Attempting to load global config at C:\Users\CouchJockey\Documents\GitHub\ConvergenceER\modengine2\config.toml
[2024-08-21 00:34:58.802] [modengine] [info] Attempting to load mod settings config at C:\Users\CouchJockey\Documents\GitHub\ConvergenceER\config_eldenring.toml
[2024-08-21 00:34:58.808] [modengine] [info] Local config loaded
[2024-08-21 00:34:58.808] [modengine] [info] ModEngine version 2.1.0-0924ab36f1311bf84e7e626740b4bf2c0d54909a initializing for Elden Ring
[2024-08-21 00:34:58.808] [modengine] [info] Local settings loaded: true, Global settings loaded: false
[2024-08-21 00:34:58.809] [modengine] [info] Main thread ID: 28076
[2024-08-21 00:34:58.837] [modengine] [info] Loaded external DLL C:\Users\CouchJockey\Documents\GitHub\ConvergenceER\ertransmogrify.dll
[2024-08-21 00:34:58.837] [modengine] [warning] External dll C:\Users\CouchJockey\Documents\GitHub\ConvergenceER\ertransmogrify.dll at base address 0x7fffe3f40000 is not a modengine extension
[2024-08-21 00:34:58.860] [modengine] [info] Loaded external DLL C:\Users\CouchJockey\Documents\GitHub\ConvergenceER\ErdTools.dll
[2024-08-21 00:34:58.860] [modengine] [warning] External dll C:\Users\CouchJockey\Documents\GitHub\ConvergenceER\ErdTools.dll at base address 0x7fffe8fc0000 is not a modengine extension
[2024-08-21 00:34:58.937] [modengine] [info] Loaded external DLL C:\Users\CouchJockey\Documents\GitHub\ConvergenceER\Scripts-Data-Exposer-FS.dll
[2024-08-21 00:34:58.937] [modengine] [warning] External dll C:\Users\CouchJockey\Documents\GitHub\ConvergenceER\Scripts-Data-Exposer-FS.dll at base address 0x7fffe8fa0000 is not a modengine extension
[2024-08-21 00:34:58.937] [modengine] [info] Enabling extension base
[2024-08-21 00:34:58.937] [modengine] [info] Enabled extension base
[2024-08-21 00:34:58.937] [modengine] [info] Enabling extension mod_loader
[2024-08-21 00:34:58.937] [modengine] [info] Installing mod location mod
[2024-08-21 00:34:58.938] [modengine] [info] Resolved mod path to C:\Users\CouchJockey\Documents\GitHub\ConvergenceER\mod
[2024-08-21 00:34:58.938] [modengine] [info] Enabled extension mod_loader
[2024-08-21 00:34:58.984] [modengine] [info] Applied 3 hooks
[2024-08-21 00:34:58.986] [modengine] [info] Starting worker thread
