[2025-01-26 19:17:15.245] [modengine] [info] Attempting to load global config at C:\Users\Bahme\Desktop\ConvergenceER\modengine2\config.toml
[2025-01-26 19:17:15.245] [modengine] [info] Attempting to load mod settings config at C:\Users\Bahme\Desktop\ConvergenceER\config_eldenring.toml
[2025-01-26 19:17:15.252] [modengine] [info] Local config loaded
[2025-01-26 19:17:15.252] [modengine] [info] ModEngine version 2.1.0-2440fc717d61eaee1549a9fc94e3109e6c016275 initializing for Elden Ring
[2025-01-26 19:17:15.252] [modengine] [info] Local settings loaded: true, Global settings loaded: false
[2025-01-26 19:17:15.253] [modengine] [info] Main thread ID: 4648
[2025-01-26 19:17:15.323] [modengine] [info] Loaded external DLL C:\Users\Bahme\Desktop\ConvergenceER\SeamlessCoop/ersc.dll
[2025-01-26 19:17:17.561] [modengine] [info] Loaded external DLL C:\Users\Bahme\Desktop\ConvergenceER\mod/ertransmogrify.dll
[2025-01-26 19:17:17.561] [modengine] [warning] External dll C:\Users\Bahme\Desktop\ConvergenceER\mod/ertransmogrify.dll at base address 0x7ff8d0440000 is not a modengine extension
[2025-01-26 19:17:17.583] [modengine] [info] Loaded external DLL C:\Users\Bahme\Desktop\ConvergenceER\mod/ErdTools.dll
[2025-01-26 19:17:17.583] [modengine] [warning] External dll C:\Users\Bahme\Desktop\ConvergenceER\mod/ErdTools.dll at base address 0x7ff8f0d40000 is not a modengine extension
[2025-01-26 19:17:17.644] [modengine] [info] Loaded external DLL C:\Users\Bahme\Desktop\ConvergenceER\mod/eldenring_alt_saves.dll
[2025-01-26 19:17:17.644] [modengine] [warning] External dll C:\Users\Bahme\Desktop\ConvergenceER\mod/eldenring_alt_saves.dll at base address 0x7ff8d02d0000 is not a modengine extension
[2025-01-26 19:17:17.713] [modengine] [info] Loaded external DLL C:\Users\Bahme\Desktop\ConvergenceER\mod/Scripts-Data-Exposer-FS.dll
[2025-01-26 19:17:17.713] [modengine] [warning] External dll C:\Users\Bahme\Desktop\ConvergenceER\mod/Scripts-Data-Exposer-FS.dll at base address 0x7ff8fc070000 is not a modengine extension
[2025-01-26 19:17:17.745] [modengine] [info] Loaded external DLL C:\Users\Bahme\Desktop\ConvergenceER\mod/erdyes.dll
[2025-01-26 19:17:17.745] [modengine] [warning] External dll C:\Users\Bahme\Desktop\ConvergenceER\mod/erdyes.dll at base address 0x7ff8d03c0000 is not a modengine extension
[2025-01-26 19:17:17.745] [modengine] [info] Enabling extension base
[2025-01-26 19:17:17.745] [modengine] [info] Enabled extension base
[2025-01-26 19:17:17.745] [modengine] [info] Enabling extension mod_loader
[2025-01-26 19:17:17.746] [modengine] [info] Installing mod location mod
[2025-01-26 19:17:17.746] [modengine] [info] Resolved mod path to C:\Users\Bahme\Desktop\ConvergenceER\mod
[2025-01-26 19:17:17.746] [modengine] [info] Enabled extension mod_loader
[2025-01-26 19:17:17.837] [modengine] [info] Applied 4 hooks
[2025-01-26 19:17:17.840] [modengine] [info] Starting worker thread
[2025-01-26 19:35:03.896] [modengine] [info] Attempting to load global config at C:\Users\Bahme\Desktop\Convergence x CCW\modengine2\config.toml
[2025-01-26 19:35:03.897] [modengine] [info] Attempting to load mod settings config at C:\Users\Bahme\Desktop\Convergence x CCW\config_eldenring.toml
[2025-01-26 19:35:03.897] [modengine] [info] Local config loaded
[2025-01-26 19:35:03.897] [modengine] [info] ModEngine version 2.1.0-2440fc717d61eaee1549a9fc94e3109e6c016275 initializing for Elden Ring
[2025-01-26 19:35:03.897] [modengine] [info] Local settings loaded: true, Global settings loaded: false
[2025-01-26 19:35:03.897] [modengine] [info] Main thread ID: 2316
[2025-01-26 19:35:03.901] [modengine] [info] Loaded external DLL C:\Users\Bahme\Desktop\Convergence x CCW\SeamlessCoop/ersc.dll
[2025-01-26 19:35:06.623] [modengine] [info] Loaded external DLL C:\Users\Bahme\Desktop\Convergence x CCW\mod/ertransmogrify.dll
[2025-01-26 19:35:06.623] [modengine] [warning] External dll C:\Users\Bahme\Desktop\Convergence x CCW\mod/ertransmogrify.dll at base address 0x7ff905cd0000 is not a modengine extension
[2025-01-26 19:35:06.624] [modengine] [info] Loaded external DLL C:\Users\Bahme\Desktop\Convergence x CCW\mod/ErdTools.dll
[2025-01-26 19:35:06.624] [modengine] [warning] External dll C:\Users\Bahme\Desktop\Convergence x CCW\mod/ErdTools.dll at base address 0x7ff905ca0000 is not a modengine extension
[2025-01-26 19:35:06.686] [modengine] [info] Loaded external DLL C:\Users\Bahme\Desktop\Convergence x CCW\mod/eldenring_alt_saves.dll
[2025-01-26 19:35:06.686] [modengine] [warning] External dll C:\Users\Bahme\Desktop\Convergence x CCW\mod/eldenring_alt_saves.dll at base address 0x7ff8e09f0000 is not a modengine extension
[2025-01-26 19:35:06.743] [modengine] [info] Loaded external DLL C:\Users\Bahme\Desktop\Convergence x CCW\mod/Scripts-Data-Exposer-FS.dll
[2025-01-26 19:35:06.743] [modengine] [warning] External dll C:\Users\Bahme\Desktop\Convergence x CCW\mod/Scripts-Data-Exposer-FS.dll at base address 0x7ff910000000 is not a modengine extension
[2025-01-26 19:35:06.744] [modengine] [info] Loaded external DLL C:\Users\Bahme\Desktop\Convergence x CCW\mod/erdyes.dll
[2025-01-26 19:35:06.744] [modengine] [warning] External dll C:\Users\Bahme\Desktop\Convergence x CCW\mod/erdyes.dll at base address 0x7ff8e0260000 is not a modengine extension
[2025-01-26 19:35:06.744] [modengine] [info] Enabling extension base
[2025-01-26 19:35:06.744] [modengine] [info] Enabled extension base
[2025-01-26 19:35:06.744] [modengine] [info] Enabling extension mod_loader
[2025-01-26 19:35:06.744] [modengine] [info] Installing mod location mod
[2025-01-26 19:35:06.744] [modengine] [info] Resolved mod path to C:\Users\Bahme\Desktop\Convergence x CCW\mod
[2025-01-26 19:35:06.744] [modengine] [info] Enabled extension mod_loader
[2025-01-26 19:35:06.847] [modengine] [info] Applied 4 hooks
[2025-01-26 19:35:06.850] [modengine] [info] Starting worker thread
[2025-01-26 19:42:38.995] [modengine] [info] Attempting to load global config at C:\Users\Bahme\Desktop\Convergence x CCW\modengine2\config.toml
[2025-01-26 19:42:38.995] [modengine] [info] Attempting to load mod settings config at C:\Users\Bahme\Desktop\Convergence x CCW\config_eldenring.toml
[2025-01-26 19:42:38.995] [modengine] [info] Local config loaded
[2025-01-26 19:42:38.995] [modengine] [info] ModEngine version 2.1.0-2440fc717d61eaee1549a9fc94e3109e6c016275 initializing for Elden Ring
[2025-01-26 19:42:38.995] [modengine] [info] Local settings loaded: true, Global settings loaded: false
[2025-01-26 19:42:38.995] [modengine] [info] Main thread ID: 2896
[2025-01-26 19:42:39.000] [modengine] [info] Loaded external DLL C:\Users\Bahme\Desktop\Convergence x CCW\SeamlessCoop/ersc.dll
[2025-01-26 19:42:41.186] [modengine] [info] Loaded external DLL C:\Users\Bahme\Desktop\Convergence x CCW\mod/ertransmogrify.dll
[2025-01-26 19:42:41.186] [modengine] [warning] External dll C:\Users\Bahme\Desktop\Convergence x CCW\mod/ertransmogrify.dll at base address 0x7ff87eec0000 is not a modengine extension
[2025-01-26 19:42:41.186] [modengine] [info] Loaded external DLL C:\Users\Bahme\Desktop\Convergence x CCW\mod/ErdTools.dll
[2025-01-26 19:42:41.186] [modengine] [warning] External dll C:\Users\Bahme\Desktop\Convergence x CCW\mod/ErdTools.dll at base address 0x7ff8c5200000 is not a modengine extension
[2025-01-26 19:42:41.241] [modengine] [info] Loaded external DLL C:\Users\Bahme\Desktop\Convergence x CCW\mod/eldenring_alt_saves.dll
[2025-01-26 19:42:41.241] [modengine] [warning] External dll C:\Users\Bahme\Desktop\Convergence x CCW\mod/eldenring_alt_saves.dll at base address 0x7ff87dde0000 is not a modengine extension
[2025-01-26 19:42:41.291] [modengine] [info] Loaded external DLL C:\Users\Bahme\Desktop\Convergence x CCW\mod/Scripts-Data-Exposer-FS.dll
[2025-01-26 19:42:41.291] [modengine] [warning] External dll C:\Users\Bahme\Desktop\Convergence x CCW\mod/Scripts-Data-Exposer-FS.dll at base address 0x7ff8ef5f0000 is not a modengine extension
[2025-01-26 19:42:41.292] [modengine] [info] Loaded external DLL C:\Users\Bahme\Desktop\Convergence x CCW\mod/erdyes.dll
[2025-01-26 19:42:41.292] [modengine] [warning] External dll C:\Users\Bahme\Desktop\Convergence x CCW\mod/erdyes.dll at base address 0x7ff86d470000 is not a modengine extension
[2025-01-26 19:42:41.293] [modengine] [info] Enabling extension base
[2025-01-26 19:42:41.293] [modengine] [info] Enabled extension base
[2025-01-26 19:42:41.293] [modengine] [info] Enabling extension mod_loader
[2025-01-26 19:42:41.293] [modengine] [info] Installing mod location mod
[2025-01-26 19:42:41.293] [modengine] [info] Resolved mod path to C:\Users\Bahme\Desktop\Convergence x CCW\mod
[2025-01-26 19:42:41.293] [modengine] [info] Enabled extension mod_loader
[2025-01-26 19:42:41.384] [modengine] [info] Applied 4 hooks
[2025-01-26 19:42:41.387] [modengine] [info] Starting worker thread
[2025-01-26 22:07:00.596] [modengine] [info] Attempting to load global config at C:\Users\Bahme\Desktop\Convergence x CCW\modengine2\config.toml
[2025-01-26 22:07:00.596] [modengine] [info] Attempting to load mod settings config at C:\Users\Bahme\Desktop\Convergence x CCW\config_eldenring.toml
[2025-01-26 22:07:00.596] [modengine] [info] Local config loaded
[2025-01-26 22:07:00.596] [modengine] [info] ModEngine version 2.1.0-2440fc717d61eaee1549a9fc94e3109e6c016275 initializing for Elden Ring
[2025-01-26 22:07:00.596] [modengine] [info] Local settings loaded: true, Global settings loaded: false
[2025-01-26 22:07:00.596] [modengine] [info] Main thread ID: 13564
[2025-01-26 22:07:00.600] [modengine] [info] Loaded external DLL C:\Users\Bahme\Desktop\Convergence x CCW\SeamlessCoop/ersc.dll
[2025-01-26 22:07:03.625] [modengine] [info] Loaded external DLL C:\Users\Bahme\Desktop\Convergence x CCW\mod/ertransmogrify.dll
[2025-01-26 22:07:03.625] [modengine] [warning] External dll C:\Users\Bahme\Desktop\Convergence x CCW\mod/ertransmogrify.dll at base address 0x7ff86b990000 is not a modengine extension
[2025-01-26 22:07:03.626] [modengine] [info] Loaded external DLL C:\Users\Bahme\Desktop\Convergence x CCW\mod/ErdTools.dll
[2025-01-26 22:07:03.626] [modengine] [warning] External dll C:\Users\Bahme\Desktop\Convergence x CCW\mod/ErdTools.dll at base address 0x7ff8cae60000 is not a modengine extension
[2025-01-26 22:07:03.682] [modengine] [info] Loaded external DLL C:\Users\Bahme\Desktop\Convergence x CCW\mod/eldenring_alt_saves.dll
[2025-01-26 22:07:03.682] [modengine] [warning] External dll C:\Users\Bahme\Desktop\Convergence x CCW\mod/eldenring_alt_saves.dll at base address 0x7ff86b8d0000 is not a modengine extension
[2025-01-26 22:07:03.738] [modengine] [info] Loaded external DLL C:\Users\Bahme\Desktop\Convergence x CCW\mod/Scripts-Data-Exposer-FS.dll
[2025-01-26 22:07:03.738] [modengine] [warning] External dll C:\Users\Bahme\Desktop\Convergence x CCW\mod/Scripts-Data-Exposer-FS.dll at base address 0x7ff8ef5f0000 is not a modengine extension
[2025-01-26 22:07:03.739] [modengine] [info] Loaded external DLL C:\Users\Bahme\Desktop\Convergence x CCW\mod/erdyes.dll
[2025-01-26 22:07:03.739] [modengine] [warning] External dll C:\Users\Bahme\Desktop\Convergence x CCW\mod/erdyes.dll at base address 0x7ff86ccc0000 is not a modengine extension
[2025-01-26 22:07:03.739] [modengine] [info] Enabling extension base
[2025-01-26 22:07:03.739] [modengine] [info] Enabled extension base
[2025-01-26 22:07:03.739] [modengine] [info] Enabling extension mod_loader
[2025-01-26 22:07:03.739] [modengine] [info] Installing mod location mod
[2025-01-26 22:07:03.739] [modengine] [info] Resolved mod path to C:\Users\Bahme\Desktop\Convergence x CCW\mod
[2025-01-26 22:07:03.739] [modengine] [info] Enabled extension mod_loader
[2025-01-26 22:07:03.833] [modengine] [info] Applied 4 hooks
[2025-01-26 22:07:03.836] [modengine] [info] Starting worker thread
[2025-01-26 22:10:04.121] [modengine] [info] Attempting to load global config at D:\SteamLibrary\steamapps\common\ELDEN RING\Game\ME2\modengine2\config.toml
[2025-01-26 22:10:04.121] [modengine] [info] Attempting to load mod settings config at D:\SteamLibrary\steamapps\common\ELDEN RING\Game\ME2\config_eldenring.toml
[2025-01-26 22:10:04.133] [modengine] [info] Local config loaded
[2025-01-26 22:10:04.134] [modengine] [info] ModEngine version 2.1.0-2440fc717d61eaee1549a9fc94e3109e6c016275 initializing for Elden Ring
[2025-01-26 22:10:04.134] [modengine] [info] Local settings loaded: true, Global settings loaded: false
[2025-01-26 22:10:04.134] [modengine] [info] Main thread ID: 976
[2025-01-26 22:10:04.199] [modengine] [info] Loaded external DLL D:\SteamLibrary\steamapps\common\ELDEN RING\Game\ME2\SeamlessCoop/ersc.dll
[2025-01-26 22:10:08.123] [modengine] [info] Loaded external DLL D:\SteamLibrary\steamapps\common\ELDEN RING\Game\ME2\mod/ertransmogrify.dll
[2025-01-26 22:10:08.123] [modengine] [warning] External dll D:\SteamLibrary\steamapps\common\ELDEN RING\Game\ME2\mod/ertransmogrify.dll at base address 0x7ff8ad610000 is not a modengine extension
[2025-01-26 22:10:08.124] [modengine] [info] Loaded external DLL D:\SteamLibrary\steamapps\common\ELDEN RING\Game\ME2\mod/ErdTools.dll
[2025-01-26 22:10:08.124] [modengine] [warning] External dll D:\SteamLibrary\steamapps\common\ELDEN RING\Game\ME2\mod/ErdTools.dll at base address 0x7ff8c53e0000 is not a modengine extension
[2025-01-26 22:10:08.253] [modengine] [info] Loaded external DLL D:\SteamLibrary\steamapps\common\ELDEN RING\Game\ME2\mod/eldenring_alt_saves.dll
[2025-01-26 22:10:08.253] [modengine] [warning] External dll D:\SteamLibrary\steamapps\common\ELDEN RING\Game\ME2\mod/eldenring_alt_saves.dll at base address 0x7ff8ad550000 is not a modengine extension
[2025-01-26 22:10:08.332] [modengine] [info] Loaded external DLL D:\SteamLibrary\steamapps\common\ELDEN RING\Game\ME2\mod/Scripts-Data-Exposer-FS.dll
[2025-01-26 22:10:08.332] [modengine] [warning] External dll D:\SteamLibrary\steamapps\common\ELDEN RING\Game\ME2\mod/Scripts-Data-Exposer-FS.dll at base address 0x7ff8c53c0000 is not a modengine extension
[2025-01-26 22:10:08.361] [modengine] [info] Loaded external DLL D:\SteamLibrary\steamapps\common\ELDEN RING\Game\ME2\mod/erdyes.dll
[2025-01-26 22:10:08.361] [modengine] [warning] External dll D:\SteamLibrary\steamapps\common\ELDEN RING\Game\ME2\mod/erdyes.dll at base address 0x7ff8ad4d0000 is not a modengine extension
[2025-01-26 22:10:08.361] [modengine] [info] Enabling extension base
[2025-01-26 22:10:08.361] [modengine] [info] Enabled extension base
[2025-01-26 22:10:08.361] [modengine] [info] Enabling extension mod_loader
[2025-01-26 22:10:08.361] [modengine] [info] Installing mod location mod
[2025-01-26 22:10:08.361] [modengine] [info] Resolved mod path to D:\SteamLibrary\steamapps\common\ELDEN RING\Game\ME2\mod
[2025-01-26 22:10:08.361] [modengine] [info] Enabled extension mod_loader
[2025-01-26 22:10:08.469] [modengine] [info] Applied 4 hooks
[2025-01-26 22:10:08.472] [modengine] [info] Starting worker thread
