[2024-10-06 02:57:20.099] [modengine] [info] Attempting to load global config at C:\Users\CouchJockey\Documents\GitHub\ConvergenceER\modengine2\config.toml
[2024-10-06 02:57:20.099] [modengine] [info] Attempting to load mod settings config at C:\Users\CouchJockey\Documents\GitHub\ConvergenceER\config_eldenring.toml
[2024-10-06 02:57:20.107] [modengine] [info] Local config loaded
[2024-10-06 02:57:20.107] [modengine] [info] ModEngine version 2.1.0-0924ab36f1311bf84e7e626740b4bf2c0d54909a initializing for Elden Ring
[2024-10-06 02:57:20.107] [modengine] [info] Local settings loaded: true, Global settings loaded: false
[2024-10-06 02:57:20.107] [modengine] [info] Main thread ID: 30052
[2024-10-06 02:57:20.142] [modengine] [info] Loaded external DLL C:\Users\CouchJockey\Documents\GitHub\ConvergenceER\mod/ertransmogrify.dll
[2024-10-06 02:57:20.142] [modengine] [warning] External dll C:\Users\CouchJockey\Documents\GitHub\ConvergenceER\mod/ertransmogrify.dll at base address 0x7fffc5fd0000 is not a modengine extension
[2024-10-06 02:57:20.163] [modengine] [info] Loaded external DLL C:\Users\CouchJockey\Documents\GitHub\ConvergenceER\mod/ErdTools.dll
[2024-10-06 02:57:20.163] [modengine] [warning] External dll C:\Users\CouchJockey\Documents\GitHub\ConvergenceER\mod/ErdTools.dll at base address 0x7fffcb5d0000 is not a modengine extension
[2024-10-06 02:57:20.268] [modengine] [info] Loaded external DLL C:\Users\CouchJockey\Documents\GitHub\ConvergenceER\mod/eldenring_alt_saves.dll
[2024-10-06 02:57:20.268] [modengine] [warning] External dll C:\Users\CouchJockey\Documents\GitHub\ConvergenceER\mod/eldenring_alt_saves.dll at base address 0x7fffc5a90000 is not a modengine extension
[2024-10-06 02:57:20.357] [modengine] [info] Loaded external DLL C:\Users\CouchJockey\Documents\GitHub\ConvergenceER\mod/Scripts-Data-Exposer-FS.dll
[2024-10-06 02:57:20.357] [modengine] [warning] External dll C:\Users\CouchJockey\Documents\GitHub\ConvergenceER\mod/Scripts-Data-Exposer-FS.dll at base address 0x7fffea620000 is not a modengine extension
[2024-10-06 02:57:20.357] [modengine] [info] Enabling extension base
[2024-10-06 02:57:20.357] [modengine] [info] Enabled extension base
[2024-10-06 02:57:20.357] [modengine] [info] Enabling extension mod_loader
[2024-10-06 02:57:20.357] [modengine] [info] Installing mod location mod
[2024-10-06 02:57:20.357] [modengine] [info] Resolved mod path to C:\Users\CouchJockey\Documents\GitHub\ConvergenceER\mod
[2024-10-06 02:57:20.357] [modengine] [info] Enabled extension mod_loader
[2024-10-06 02:57:20.406] [modengine] [info] Applied 3 hooks
[2024-10-06 02:57:20.408] [modengine] [info] Starting worker thread
[2024-10-06 03:00:42.656] [modengine] [info] Attempting to load global config at C:\Users\CouchJockey\Documents\GitHub\ConvergenceER\modengine2\config.toml
[2024-10-06 03:00:42.656] [modengine] [info] Attempting to load mod settings config at C:\Users\CouchJockey\Documents\GitHub\ConvergenceER\config_eldenring.toml
[2024-10-06 03:00:42.656] [modengine] [info] Local config loaded
[2024-10-06 03:00:42.656] [modengine] [info] ModEngine version 2.1.0-0924ab36f1311bf84e7e626740b4bf2c0d54909a initializing for Elden Ring
[2024-10-06 03:00:42.656] [modengine] [info] Local settings loaded: true, Global settings loaded: false
[2024-10-06 03:00:42.656] [modengine] [info] Main thread ID: 35832
[2024-10-06 03:00:42.660] [modengine] [info] Loaded external DLL C:\Users\CouchJockey\Documents\GitHub\ConvergenceER\mod/ertransmogrify.dll
[2024-10-06 03:00:42.660] [modengine] [warning] External dll C:\Users\CouchJockey\Documents\GitHub\ConvergenceER\mod/ertransmogrify.dll at base address 0x7fffc5ac0000 is not a modengine extension
[2024-10-06 03:00:42.660] [modengine] [info] Loaded external DLL C:\Users\CouchJockey\Documents\GitHub\ConvergenceER\mod/ErdTools.dll
[2024-10-06 03:00:42.661] [modengine] [warning] External dll C:\Users\CouchJockey\Documents\GitHub\ConvergenceER\mod/ErdTools.dll at base address 0x7fffcb5d0000 is not a modengine extension
[2024-10-06 03:00:42.737] [modengine] [info] Loaded external DLL C:\Users\CouchJockey\Documents\GitHub\ConvergenceER\mod/Scripts-Data-Exposer-FS.dll
[2024-10-06 03:00:42.738] [modengine] [warning] External dll C:\Users\CouchJockey\Documents\GitHub\ConvergenceER\mod/Scripts-Data-Exposer-FS.dll at base address 0x7fffea620000 is not a modengine extension
[2024-10-06 03:00:42.738] [modengine] [info] Enabling extension base
[2024-10-06 03:00:42.738] [modengine] [info] Enabled extension base
[2024-10-06 03:00:42.738] [modengine] [info] Enabling extension mod_loader
[2024-10-06 03:00:42.738] [modengine] [info] Installing mod location mod
[2024-10-06 03:00:42.738] [modengine] [info] Resolved mod path to C:\Users\CouchJockey\Documents\GitHub\ConvergenceER\mod
[2024-10-06 03:00:42.738] [modengine] [info] Enabled extension mod_loader
[2024-10-06 03:00:42.794] [modengine] [info] Applied 3 hooks
[2024-10-06 03:00:42.796] [modengine] [info] Starting worker thread
[2024-10-06 03:28:28.832] [modengine] [info] Attempting to load global config at C:\Users\CouchJockey\Documents\GitHub\ConvergenceER\modengine2\config.toml
[2024-10-06 03:28:28.832] [modengine] [info] Attempting to load mod settings config at C:\Users\CouchJockey\Documents\GitHub\ConvergenceER\config_eldenring.toml
[2024-10-06 03:28:28.832] [modengine] [info] Local config loaded
[2024-10-06 03:28:28.833] [modengine] [info] ModEngine version 2.1.0-0924ab36f1311bf84e7e626740b4bf2c0d54909a initializing for Elden Ring
[2024-10-06 03:28:28.833] [modengine] [info] Local settings loaded: true, Global settings loaded: false
[2024-10-06 03:28:28.833] [modengine] [info] Main thread ID: 36784
[2024-10-06 03:28:28.837] [modengine] [info] Loaded external DLL C:\Users\CouchJockey\Documents\GitHub\ConvergenceER\mod/ertransmogrify.dll
[2024-10-06 03:28:28.837] [modengine] [warning] External dll C:\Users\CouchJockey\Documents\GitHub\ConvergenceER\mod/ertransmogrify.dll at base address 0x7fffca6b0000 is not a modengine extension
[2024-10-06 03:28:28.837] [modengine] [info] Loaded external DLL C:\Users\CouchJockey\Documents\GitHub\ConvergenceER\mod/ErdTools.dll
[2024-10-06 03:28:28.837] [modengine] [warning] External dll C:\Users\CouchJockey\Documents\GitHub\ConvergenceER\mod/ErdTools.dll at base address 0x7fffe9e40000 is not a modengine extension
[2024-10-06 03:28:28.913] [modengine] [info] Loaded external DLL C:\Users\CouchJockey\Documents\GitHub\ConvergenceER\mod/Scripts-Data-Exposer-FS.dll
[2024-10-06 03:28:28.913] [modengine] [warning] External dll C:\Users\CouchJockey\Documents\GitHub\ConvergenceER\mod/Scripts-Data-Exposer-FS.dll at base address 0x7fffeb980000 is not a modengine extension
[2024-10-06 03:28:28.913] [modengine] [info] Enabling extension base
[2024-10-06 03:28:28.913] [modengine] [info] Enabled extension base
[2024-10-06 03:28:28.913] [modengine] [info] Enabling extension mod_loader
[2024-10-06 03:28:28.913] [modengine] [info] Installing mod location mod
[2024-10-06 03:28:28.913] [modengine] [info] Resolved mod path to C:\Users\CouchJockey\Documents\GitHub\ConvergenceER\mod
[2024-10-06 03:28:28.913] [modengine] [info] Enabled extension mod_loader
[2024-10-06 03:28:28.961] [modengine] [info] Applied 3 hooks
[2024-10-06 03:28:28.962] [modengine] [info] Starting worker thread
[2024-10-06 04:32:52.819] [modengine] [info] Attempting to load global config at C:\Users\CouchJockey\Documents\GitHub\ConvergenceER\modengine2\config.toml
[2024-10-06 04:32:52.819] [modengine] [info] Attempting to load mod settings config at C:\Users\CouchJockey\Documents\GitHub\ConvergenceER\config_eldenring.toml
[2024-10-06 04:32:52.819] [modengine] [info] Local config loaded
[2024-10-06 04:32:52.820] [modengine] [info] ModEngine version 2.1.0-0924ab36f1311bf84e7e626740b4bf2c0d54909a initializing for Elden Ring
[2024-10-06 04:32:52.820] [modengine] [info] Local settings loaded: true, Global settings loaded: false
[2024-10-06 04:32:52.820] [modengine] [info] Main thread ID: 6972
[2024-10-06 04:32:52.824] [modengine] [info] Loaded external DLL C:\Users\CouchJockey\Documents\GitHub\ConvergenceER\mod/ertransmogrify.dll
[2024-10-06 04:32:52.824] [modengine] [warning] External dll C:\Users\CouchJockey\Documents\GitHub\ConvergenceER\mod/ertransmogrify.dll at base address 0x7fffca1f0000 is not a modengine extension
[2024-10-06 04:32:52.824] [modengine] [info] Loaded external DLL C:\Users\CouchJockey\Documents\GitHub\ConvergenceER\mod/ErdTools.dll
[2024-10-06 04:32:52.824] [modengine] [warning] External dll C:\Users\CouchJockey\Documents\GitHub\ConvergenceER\mod/ErdTools.dll at base address 0x7fffe9ec0000 is not a modengine extension
[2024-10-06 04:32:52.897] [modengine] [info] Loaded external DLL C:\Users\CouchJockey\Documents\GitHub\ConvergenceER\mod/Scripts-Data-Exposer-FS.dll
[2024-10-06 04:32:52.897] [modengine] [warning] External dll C:\Users\CouchJockey\Documents\GitHub\ConvergenceER\mod/Scripts-Data-Exposer-FS.dll at base address 0x7fffeb980000 is not a modengine extension
[2024-10-06 04:32:52.897] [modengine] [info] Enabling extension base
[2024-10-06 04:32:52.897] [modengine] [info] Enabled extension base
[2024-10-06 04:32:52.897] [modengine] [info] Enabling extension mod_loader
[2024-10-06 04:32:52.897] [modengine] [info] Installing mod location mod
[2024-10-06 04:32:52.897] [modengine] [info] Resolved mod path to C:\Users\CouchJockey\Documents\GitHub\ConvergenceER\mod
[2024-10-06 04:32:52.897] [modengine] [info] Enabled extension mod_loader
[2024-10-06 04:32:52.944] [modengine] [info] Applied 3 hooks
[2024-10-06 04:32:52.945] [modengine] [info] Starting worker thread
[2024-10-06 13:20:24.691] [modengine] [info] Attempting to load global config at C:\Users\CouchJockey\Documents\GitHub\ConvergenceER\modengine2\config.toml
[2024-10-06 13:20:24.691] [modengine] [info] Attempting to load mod settings config at C:\Users\CouchJockey\Documents\GitHub\ConvergenceER\config_eldenring.toml
[2024-10-06 13:20:24.697] [modengine] [info] Local config loaded
[2024-10-06 13:20:24.698] [modengine] [info] ModEngine version 2.1.0-0924ab36f1311bf84e7e626740b4bf2c0d54909a initializing for Elden Ring
[2024-10-06 13:20:24.698] [modengine] [info] Local settings loaded: true, Global settings loaded: false
[2024-10-06 13:20:24.698] [modengine] [info] Main thread ID: 30800
[2024-10-06 13:20:24.724] [modengine] [info] Loaded external DLL C:\Users\CouchJockey\Documents\GitHub\ConvergenceER\mod/ertransmogrify.dll
[2024-10-06 13:20:24.724] [modengine] [warning] External dll C:\Users\CouchJockey\Documents\GitHub\ConvergenceER\mod/ertransmogrify.dll at base address 0x7fffcc810000 is not a modengine extension
[2024-10-06 13:20:24.743] [modengine] [info] Loaded external DLL C:\Users\CouchJockey\Documents\GitHub\ConvergenceER\mod/ErdTools.dll
[2024-10-06 13:20:24.743] [modengine] [warning] External dll C:\Users\CouchJockey\Documents\GitHub\ConvergenceER\mod/ErdTools.dll at base address 0x7fffe9e70000 is not a modengine extension
[2024-10-06 13:20:24.825] [modengine] [info] Loaded external DLL C:\Users\CouchJockey\Documents\GitHub\ConvergenceER\mod/Scripts-Data-Exposer-FS.dll
[2024-10-06 13:20:24.825] [modengine] [warning] External dll C:\Users\CouchJockey\Documents\GitHub\ConvergenceER\mod/Scripts-Data-Exposer-FS.dll at base address 0x7ffffe1a0000 is not a modengine extension
[2024-10-06 13:20:24.825] [modengine] [info] Enabling extension base
[2024-10-06 13:20:24.825] [modengine] [info] Enabled extension base
[2024-10-06 13:20:24.825] [modengine] [info] Enabling extension mod_loader
[2024-10-06 13:20:24.825] [modengine] [info] Installing mod location mod
[2024-10-06 13:20:24.825] [modengine] [info] Resolved mod path to C:\Users\CouchJockey\Documents\GitHub\ConvergenceER\mod
[2024-10-06 13:20:24.825] [modengine] [info] Enabled extension mod_loader
[2024-10-06 13:20:24.872] [modengine] [info] Applied 3 hooks
[2024-10-06 13:20:24.874] [modengine] [info] Starting worker thread
[2024-10-06 14:55:47.663] [modengine] [info] Attempting to load global config at C:\Users\CouchJockey\Documents\GitHub\ConvergenceER\modengine2\config.toml
[2024-10-06 14:55:47.664] [modengine] [info] Attempting to load mod settings config at C:\Users\CouchJockey\Documents\GitHub\ConvergenceER\config_eldenring.toml
[2024-10-06 14:55:47.664] [modengine] [info] Local config loaded
[2024-10-06 14:55:47.664] [modengine] [info] ModEngine version 2.1.0-0924ab36f1311bf84e7e626740b4bf2c0d54909a initializing for Elden Ring
[2024-10-06 14:55:47.664] [modengine] [info] Local settings loaded: true, Global settings loaded: false
[2024-10-06 14:55:47.664] [modengine] [info] Main thread ID: 32968
[2024-10-06 14:55:47.668] [modengine] [info] Loaded external DLL C:\Users\CouchJockey\Documents\GitHub\ConvergenceER\mod/ertransmogrify.dll
[2024-10-06 14:55:47.668] [modengine] [warning] External dll C:\Users\CouchJockey\Documents\GitHub\ConvergenceER\mod/ertransmogrify.dll at base address 0x7fffca1f0000 is not a modengine extension
[2024-10-06 14:55:47.669] [modengine] [info] Loaded external DLL C:\Users\CouchJockey\Documents\GitHub\ConvergenceER\mod/ErdTools.dll
[2024-10-06 14:55:47.669] [modengine] [warning] External dll C:\Users\CouchJockey\Documents\GitHub\ConvergenceER\mod/ErdTools.dll at base address 0x7fffe9e70000 is not a modengine extension
[2024-10-06 14:55:47.745] [modengine] [info] Loaded external DLL C:\Users\CouchJockey\Documents\GitHub\ConvergenceER\mod/Scripts-Data-Exposer-FS.dll
[2024-10-06 14:55:47.745] [modengine] [warning] External dll C:\Users\CouchJockey\Documents\GitHub\ConvergenceER\mod/Scripts-Data-Exposer-FS.dll at base address 0x7ffffe1a0000 is not a modengine extension
[2024-10-06 14:55:47.745] [modengine] [info] Enabling extension base
[2024-10-06 14:55:47.745] [modengine] [info] Enabled extension base
[2024-10-06 14:55:47.745] [modengine] [info] Enabling extension mod_loader
[2024-10-06 14:55:47.745] [modengine] [info] Installing mod location mod
[2024-10-06 14:55:47.745] [modengine] [info] Resolved mod path to C:\Users\CouchJockey\Documents\GitHub\ConvergenceER\mod
[2024-10-06 14:55:47.745] [modengine] [info] Enabled extension mod_loader
[2024-10-06 14:55:47.793] [modengine] [info] Applied 3 hooks
[2024-10-06 14:55:47.795] [modengine] [info] Starting worker thread
[2024-10-06 15:22:59.152] [modengine] [info] Attempting to load global config at C:\Users\CouchJockey\Documents\GitHub\ConvergenceER\modengine2\config.toml
[2024-10-06 15:22:59.152] [modengine] [info] Attempting to load mod settings config at C:\Users\CouchJockey\Documents\GitHub\ConvergenceER\config_eldenring.toml
[2024-10-06 15:22:59.153] [modengine] [info] Local config loaded
[2024-10-06 15:22:59.153] [modengine] [info] ModEngine version 2.1.0-0924ab36f1311bf84e7e626740b4bf2c0d54909a initializing for Elden Ring
[2024-10-06 15:22:59.153] [modengine] [info] Local settings loaded: true, Global settings loaded: false
[2024-10-06 15:22:59.153] [modengine] [info] Main thread ID: 33688
[2024-10-06 15:22:59.157] [modengine] [info] Loaded external DLL C:\Users\CouchJockey\Documents\GitHub\ConvergenceER\mod/ertransmogrify.dll
[2024-10-06 15:22:59.157] [modengine] [warning] External dll C:\Users\CouchJockey\Documents\GitHub\ConvergenceER\mod/ertransmogrify.dll at base address 0x7fffcc810000 is not a modengine extension
[2024-10-06 15:22:59.157] [modengine] [info] Loaded external DLL C:\Users\CouchJockey\Documents\GitHub\ConvergenceER\mod/ErdTools.dll
[2024-10-06 15:22:59.157] [modengine] [warning] External dll C:\Users\CouchJockey\Documents\GitHub\ConvergenceER\mod/ErdTools.dll at base address 0x7fffe8fc0000 is not a modengine extension
[2024-10-06 15:22:59.228] [modengine] [info] Loaded external DLL C:\Users\CouchJockey\Documents\GitHub\ConvergenceER\mod/Scripts-Data-Exposer-FS.dll
[2024-10-06 15:22:59.228] [modengine] [warning] External dll C:\Users\CouchJockey\Documents\GitHub\ConvergenceER\mod/Scripts-Data-Exposer-FS.dll at base address 0x7ffffe530000 is not a modengine extension
[2024-10-06 15:22:59.228] [modengine] [info] Enabling extension base
[2024-10-06 15:22:59.228] [modengine] [info] Enabled extension base
[2024-10-06 15:22:59.228] [modengine] [info] Enabling extension mod_loader
[2024-10-06 15:22:59.228] [modengine] [info] Installing mod location mod
[2024-10-06 15:22:59.229] [modengine] [info] Resolved mod path to C:\Users\CouchJockey\Documents\GitHub\ConvergenceER\mod
[2024-10-06 15:22:59.229] [modengine] [info] Enabled extension mod_loader
[2024-10-06 15:22:59.277] [modengine] [info] Applied 3 hooks
[2024-10-06 15:22:59.278] [modengine] [info] Starting worker thread
