[2024-11-19 04:35:39.358] [modengine] [info] Attempting to load global config at C:\Users\CouchJockey\Documents\GitHub\ConvergenceER\modengine2\config.toml
[2024-11-19 04:35:39.358] [modengine] [info] Attempting to load mod settings config at C:\Users\CouchJockey\Documents\GitHub\ConvergenceER\config_eldenring.toml
[2024-11-19 04:35:39.364] [modengine] [info] Local config loaded
[2024-11-19 04:35:39.365] [modengine] [info] ModEngine version 2.1.0-2440fc717d61eaee1549a9fc94e3109e6c016275 initializing for Elden Ring
[2024-11-19 04:35:39.365] [modengine] [info] Local settings loaded: true, Global settings loaded: false
[2024-11-19 04:35:39.365] [modengine] [info] Main thread ID: 22076
[2024-11-19 04:35:39.399] [modengine] [info] Loaded external DLL C:\Users\CouchJockey\Documents\GitHub\ConvergenceER\mod/ertransmogrify.dll
[2024-11-19 04:35:39.399] [modengine] [warning] External dll C:\Users\CouchJockey\Documents\GitHub\ConvergenceER\mod/ertransmogrify.dll at base address 0x7ffe250b0000 is not a modengine extension
[2024-11-19 04:35:39.419] [modengine] [info] Loaded external DLL C:\Users\CouchJockey\Documents\GitHub\ConvergenceER\mod/ErdTools.dll
[2024-11-19 04:35:39.419] [modengine] [warning] External dll C:\Users\CouchJockey\Documents\GitHub\ConvergenceER\mod/ErdTools.dll at base address 0x7ffeae6a0000 is not a modengine extension
[2024-11-19 04:35:39.495] [modengine] [info] Loaded external DLL C:\Users\CouchJockey\Documents\GitHub\ConvergenceER\mod/Scripts-Data-Exposer-FS.dll
[2024-11-19 04:35:39.495] [modengine] [warning] External dll C:\Users\CouchJockey\Documents\GitHub\ConvergenceER\mod/Scripts-Data-Exposer-FS.dll at base address 0x7ffeae8e0000 is not a modengine extension
[2024-11-19 04:35:39.669] [modengine] [info] Loaded external DLL C:\Users\CouchJockey\Documents\GitHub\ConvergenceER\mod/SkipTheIntro.dll
[2024-11-19 04:35:39.669] [modengine] [warning] External dll C:\Users\CouchJockey\Documents\GitHub\ConvergenceER\mod/SkipTheIntro.dll at base address 0x7ffe68770000 is not a modengine extension
[2024-11-19 04:35:39.671] [modengine] [info] Loaded external DLL C:\Users\CouchJockey\Documents\GitHub\ConvergenceER\mod/erdyes.dll
[2024-11-19 04:35:39.671] [modengine] [warning] External dll C:\Users\CouchJockey\Documents\GitHub\ConvergenceER\mod/erdyes.dll at base address 0x7ffe3b300000 is not a modengine extension
[2024-11-19 04:35:39.671] [modengine] [info] Enabling extension base
[2024-11-19 04:35:39.671] [modengine] [info] Enabled extension base
[2024-11-19 04:35:39.671] [modengine] [info] Enabling extension mod_loader
[2024-11-19 04:35:39.671] [modengine] [info] Installing mod location mod
[2024-11-19 04:35:39.671] [modengine] [info] Resolved mod path to C:\Users\CouchJockey\Documents\GitHub\ConvergenceER\mod
[2024-11-19 04:35:39.671] [modengine] [info] Enabled extension mod_loader
[2024-11-19 04:35:39.751] [modengine] [info] Applied 4 hooks
[2024-11-19 04:35:39.754] [modengine] [info] Starting worker thread
[2024-11-19 05:10:54.045] [modengine] [info] Attempting to load global config at C:\Users\CouchJockey\Documents\GitHub\ConvergenceER\modengine2\config.toml
[2024-11-19 05:10:54.045] [modengine] [info] Attempting to load mod settings config at C:\Users\CouchJockey\Documents\GitHub\ConvergenceER\config_eldenring.toml
[2024-11-19 05:10:54.045] [modengine] [info] Local config loaded
[2024-11-19 05:10:54.045] [modengine] [info] ModEngine version 2.1.0-2440fc717d61eaee1549a9fc94e3109e6c016275 initializing for Elden Ring
[2024-11-19 05:10:54.045] [modengine] [info] Local settings loaded: true, Global settings loaded: false
[2024-11-19 05:10:54.045] [modengine] [info] Main thread ID: 24072
[2024-11-19 05:10:54.049] [modengine] [info] Loaded external DLL C:\Users\CouchJockey\Documents\GitHub\ConvergenceER\mod/ertransmogrify.dll
[2024-11-19 05:10:54.049] [modengine] [warning] External dll C:\Users\CouchJockey\Documents\GitHub\ConvergenceER\mod/ertransmogrify.dll at base address 0x7ffe250b0000 is not a modengine extension
[2024-11-19 05:10:54.050] [modengine] [info] Loaded external DLL C:\Users\CouchJockey\Documents\GitHub\ConvergenceER\mod/ErdTools.dll
[2024-11-19 05:10:54.050] [modengine] [warning] External dll C:\Users\CouchJockey\Documents\GitHub\ConvergenceER\mod/ErdTools.dll at base address 0x7ffeae6a0000 is not a modengine extension
[2024-11-19 05:10:54.127] [modengine] [info] Loaded external DLL C:\Users\CouchJockey\Documents\GitHub\ConvergenceER\mod/Scripts-Data-Exposer-FS.dll
[2024-11-19 05:10:54.127] [modengine] [warning] External dll C:\Users\CouchJockey\Documents\GitHub\ConvergenceER\mod/Scripts-Data-Exposer-FS.dll at base address 0x7ffeae8e0000 is not a modengine extension
[2024-11-19 05:10:54.127] [modengine] [info] Loaded external DLL C:\Users\CouchJockey\Documents\GitHub\ConvergenceER\mod/SkipTheIntro.dll
[2024-11-19 05:10:54.127] [modengine] [warning] External dll C:\Users\CouchJockey\Documents\GitHub\ConvergenceER\mod/SkipTheIntro.dll at base address 0x7ffe68770000 is not a modengine extension
[2024-11-19 05:10:54.129] [modengine] [info] Loaded external DLL C:\Users\CouchJockey\Documents\GitHub\ConvergenceER\mod/erdyes.dll
[2024-11-19 05:10:54.129] [modengine] [warning] External dll C:\Users\CouchJockey\Documents\GitHub\ConvergenceER\mod/erdyes.dll at base address 0x7ffe3b300000 is not a modengine extension
[2024-11-19 05:10:54.129] [modengine] [info] Enabling extension base
[2024-11-19 05:10:54.129] [modengine] [info] Enabled extension base
[2024-11-19 05:10:54.129] [modengine] [info] Enabling extension mod_loader
[2024-11-19 05:10:54.129] [modengine] [info] Installing mod location mod
[2024-11-19 05:10:54.129] [modengine] [info] Resolved mod path to C:\Users\CouchJockey\Documents\GitHub\ConvergenceER\mod
[2024-11-19 05:10:54.129] [modengine] [info] Enabled extension mod_loader
[2024-11-19 05:10:54.214] [modengine] [info] Applied 4 hooks
[2024-11-19 05:10:54.215] [modengine] [info] Starting worker thread
