[2024-11-14 03:07:35.838] [modengine] [info] Attempting to load global config at C:\Users\CouchJockey\Documents\GitHub\ConvergenceER\modengine2\config.toml
[2024-11-14 03:07:35.838] [modengine] [info] Attempting to load mod settings config at C:\Users\CouchJockey\Documents\GitHub\ConvergenceER\config_eldenring.toml
[2024-11-14 03:07:35.844] [modengine] [info] Local config loaded
[2024-11-14 03:07:35.845] [modengine] [info] ModEngine version 2.1.0-2440fc717d61eaee1549a9fc94e3109e6c016275 initializing for Elden Ring
[2024-11-14 03:07:35.845] [modengine] [info] Local settings loaded: true, Global settings loaded: false
[2024-11-14 03:07:35.845] [modengine] [info] Main thread ID: 27636
[2024-11-14 03:07:35.872] [modengine] [info] Loaded external DLL C:\Users\CouchJockey\Documents\GitHub\ConvergenceER\mod/ertransmogrify.dll
[2024-11-14 03:07:35.872] [modengine] [warning] External dll C:\Users\CouchJockey\Documents\GitHub\ConvergenceER\mod/ertransmogrify.dll at base address 0x7ffd34610000 is not a modengine extension
[2024-11-14 03:07:35.891] [modengine] [info] Loaded external DLL C:\Users\CouchJockey\Documents\GitHub\ConvergenceER\mod/ErdTools.dll
[2024-11-14 03:07:35.891] [modengine] [warning] External dll C:\Users\CouchJockey\Documents\GitHub\ConvergenceER\mod/ErdTools.dll at base address 0x7ffd412c0000 is not a modengine extension
[2024-11-14 03:07:35.976] [modengine] [info] Loaded external DLL C:\Users\CouchJockey\Documents\GitHub\ConvergenceER\mod/Scripts-Data-Exposer-FS.dll
[2024-11-14 03:07:35.976] [modengine] [warning] External dll C:\Users\CouchJockey\Documents\GitHub\ConvergenceER\mod/Scripts-Data-Exposer-FS.dll at base address 0x7ffd40e80000 is not a modengine extension
[2024-11-14 03:07:35.976] [modengine] [info] Enabling extension base
[2024-11-14 03:07:35.976] [modengine] [info] Enabled extension base
[2024-11-14 03:07:35.976] [modengine] [info] Enabling extension mod_loader
[2024-11-14 03:07:35.976] [modengine] [info] Installing mod location mod
[2024-11-14 03:07:35.976] [modengine] [info] Resolved mod path to C:\Users\CouchJockey\Documents\GitHub\ConvergenceER\mod
[2024-11-14 03:07:35.976] [modengine] [info] Enabled extension mod_loader
[2024-11-14 03:07:36.058] [modengine] [info] Applied 4 hooks
[2024-11-14 03:07:36.060] [modengine] [info] Starting worker thread
[2024-11-14 23:43:04.319] [modengine] [info] Attempting to load global config at C:\Users\CouchJockey\Documents\GitHub\ConvergenceER\modengine2\config.toml
[2024-11-14 23:43:04.319] [modengine] [info] Attempting to load mod settings config at C:\Users\CouchJockey\Documents\GitHub\ConvergenceER\config_eldenring.toml
[2024-11-14 23:43:04.326] [modengine] [info] Local config loaded
[2024-11-14 23:43:04.326] [modengine] [info] ModEngine version 2.1.0-2440fc717d61eaee1549a9fc94e3109e6c016275 initializing for Elden Ring
[2024-11-14 23:43:04.326] [modengine] [info] Local settings loaded: true, Global settings loaded: false
[2024-11-14 23:43:04.326] [modengine] [info] Main thread ID: 31960
[2024-11-14 23:43:04.368] [modengine] [info] Loaded external DLL C:\Users\CouchJockey\Documents\GitHub\ConvergenceER\mod/ertransmogrify.dll
[2024-11-14 23:43:04.368] [modengine] [warning] External dll C:\Users\CouchJockey\Documents\GitHub\ConvergenceER\mod/ertransmogrify.dll at base address 0x7ffd40c80000 is not a modengine extension
[2024-11-14 23:43:04.388] [modengine] [info] Loaded external DLL C:\Users\CouchJockey\Documents\GitHub\ConvergenceER\mod/ErdTools.dll
[2024-11-14 23:43:04.388] [modengine] [warning] External dll C:\Users\CouchJockey\Documents\GitHub\ConvergenceER\mod/ErdTools.dll at base address 0x7ffd40c50000 is not a modengine extension
[2024-11-14 23:43:04.472] [modengine] [info] Loaded external DLL C:\Users\CouchJockey\Documents\GitHub\ConvergenceER\mod/Scripts-Data-Exposer-FS.dll
[2024-11-14 23:43:04.472] [modengine] [warning] External dll C:\Users\CouchJockey\Documents\GitHub\ConvergenceER\mod/Scripts-Data-Exposer-FS.dll at base address 0x7ffd40c30000 is not a modengine extension
[2024-11-14 23:43:04.472] [modengine] [info] Enabling extension base
[2024-11-14 23:43:04.472] [modengine] [info] Enabled extension base
[2024-11-14 23:43:04.473] [modengine] [info] Enabling extension mod_loader
[2024-11-14 23:43:04.473] [modengine] [info] Installing mod location mod
[2024-11-14 23:43:04.473] [modengine] [info] Resolved mod path to C:\Users\CouchJockey\Documents\GitHub\ConvergenceER\mod
[2024-11-14 23:43:04.473] [modengine] [info] Enabled extension mod_loader
[2024-11-14 23:43:04.555] [modengine] [info] Applied 4 hooks
[2024-11-14 23:43:04.556] [modengine] [info] Starting worker thread
[2024-11-14 23:49:02.284] [modengine] [info] Attempting to load global config at C:\Users\CouchJockey\Documents\GitHub\ConvergenceER\modengine2\config.toml
[2024-11-14 23:49:02.284] [modengine] [info] Attempting to load mod settings config at C:\Users\CouchJockey\Documents\GitHub\ConvergenceER\config_eldenring.toml
[2024-11-14 23:49:02.285] [modengine] [info] Local config loaded
[2024-11-14 23:49:02.285] [modengine] [info] ModEngine version 2.1.0-2440fc717d61eaee1549a9fc94e3109e6c016275 initializing for Elden Ring
[2024-11-14 23:49:02.285] [modengine] [info] Local settings loaded: true, Global settings loaded: false
[2024-11-14 23:49:02.285] [modengine] [info] Main thread ID: 14084
[2024-11-14 23:49:02.289] [modengine] [info] Loaded external DLL C:\Users\CouchJockey\Documents\GitHub\ConvergenceER\mod/ertransmogrify.dll
[2024-11-14 23:49:02.289] [modengine] [warning] External dll C:\Users\CouchJockey\Documents\GitHub\ConvergenceER\mod/ertransmogrify.dll at base address 0x7ffd34490000 is not a modengine extension
[2024-11-14 23:49:02.289] [modengine] [info] Loaded external DLL C:\Users\CouchJockey\Documents\GitHub\ConvergenceER\mod/ErdTools.dll
[2024-11-14 23:49:02.289] [modengine] [warning] External dll C:\Users\CouchJockey\Documents\GitHub\ConvergenceER\mod/ErdTools.dll at base address 0x7ffd43e00000 is not a modengine extension
[2024-11-14 23:49:02.368] [modengine] [info] Loaded external DLL C:\Users\CouchJockey\Documents\GitHub\ConvergenceER\mod/Scripts-Data-Exposer-FS.dll
[2024-11-14 23:49:02.368] [modengine] [warning] External dll C:\Users\CouchJockey\Documents\GitHub\ConvergenceER\mod/Scripts-Data-Exposer-FS.dll at base address 0x7ffd40c30000 is not a modengine extension
[2024-11-14 23:49:02.369] [modengine] [info] Loaded external DLL C:\Users\CouchJockey\Documents\GitHub\ConvergenceER\mod/SkipTheIntro.dll
[2024-11-14 23:49:02.369] [modengine] [warning] External dll C:\Users\CouchJockey\Documents\GitHub\ConvergenceER\mod/SkipTheIntro.dll at base address 0x7ffd347c0000 is not a modengine extension
[2024-11-14 23:49:02.369] [modengine] [info] Enabling extension base
[2024-11-14 23:49:02.369] [modengine] [info] Enabled extension base
[2024-11-14 23:49:02.369] [modengine] [info] Enabling extension mod_loader
[2024-11-14 23:49:02.369] [modengine] [info] Installing mod location mod
[2024-11-14 23:49:02.369] [modengine] [info] Resolved mod path to C:\Users\CouchJockey\Documents\GitHub\ConvergenceER\mod
[2024-11-14 23:49:02.369] [modengine] [info] Enabled extension mod_loader
[2024-11-14 23:49:02.451] [modengine] [info] Applied 4 hooks
[2024-11-14 23:49:02.453] [modengine] [info] Starting worker thread
