[2024-07-10 05:13:26.072] [modengine] [info] Attempting to load global config at C:\Users\CouchJockey\Documents\GitHub\ConvergenceER\modengine2\config.toml
[2024-07-10 05:13:26.072] [modengine] [info] Attempting to load mod settings config at C:\Users\CouchJockey\Documents\GitHub\ConvergenceER\config_eldenring.toml
[2024-07-10 05:13:26.078] [modengine] [info] Local config loaded
[2024-07-10 05:13:26.079] [modengine] [info] ModEngine version 2.1.0-0924ab36f1311bf84e7e626740b4bf2c0d54909a initializing for Elden Ring
[2024-07-10 05:13:26.079] [modengine] [info] Local settings loaded: true, Global settings loaded: false
[2024-07-10 05:13:26.079] [modengine] [info] Main thread ID: 18596
[2024-07-10 05:13:26.107] [modengine] [info] Loaded external DLL C:\Users\CouchJockey\Documents\GitHub\ConvergenceER\ertransmogrify.dll
[2024-07-10 05:13:26.107] [modengine] [warning] External dll C:\Users\CouchJockey\Documents\GitHub\ConvergenceER\ertransmogrify.dll at base address 0x7fffa22c0000 is not a modengine extension
[2024-07-10 05:13:26.125] [modengine] [info] Loaded external DLL C:\Users\CouchJockey\Documents\GitHub\ConvergenceER\ErdTools.dll
[2024-07-10 05:13:26.125] [modengine] [warning] External dll C:\Users\CouchJockey\Documents\GitHub\ConvergenceER\ErdTools.dll at base address 0x7fffb4540000 is not a modengine extension
[2024-07-10 05:13:26.204] [modengine] [info] Loaded external DLL C:\Users\CouchJockey\Documents\GitHub\ConvergenceER\Scripts-Data-Exposer-FS.dll
[2024-07-10 05:13:26.204] [modengine] [warning] External dll C:\Users\CouchJockey\Documents\GitHub\ConvergenceER\Scripts-Data-Exposer-FS.dll at base address 0x7fffb4d40000 is not a modengine extension
[2024-07-10 05:13:26.204] [modengine] [info] Enabling extension base
[2024-07-10 05:13:26.204] [modengine] [info] Enabled extension base
[2024-07-10 05:13:26.204] [modengine] [info] Enabling extension mod_loader
[2024-07-10 05:13:26.204] [modengine] [info] Installing mod location mod
[2024-07-10 05:13:26.204] [modengine] [info] Resolved mod path to C:\Users\CouchJockey\Documents\GitHub\ConvergenceER\mod
[2024-07-10 05:13:26.204] [modengine] [info] Enabled extension mod_loader
[2024-07-10 05:13:26.252] [modengine] [info] Applied 3 hooks
[2024-07-10 05:13:26.254] [modengine] [info] Starting worker thread
[2024-07-10 05:29:48.311] [modengine] [warning] Failed to load file C:\Users\CouchJockey\Documents\GitHub\ConvergenceER\mod\map\mapstudio\m11_05_00_00.msb.dcx
[2024-07-10 05:29:48.311] [modengine] [warning] Failed to load file C:\Users\CouchJockey\Documents\GitHub\ConvergenceER\mod\map\mapstudio\m11_05_00_00.msb.dcx
[2024-07-10 05:29:48.311] [modengine] [warning] Failed to load file C:\Users\CouchJockey\Documents\GitHub\ConvergenceER\mod\map\mapstudio\m11_05_00_00.msb.dcx
[2024-07-10 05:29:48.311] [modengine] [warning] Failed to load file C:\Users\CouchJockey\Documents\GitHub\ConvergenceER\mod\map\mapstudio\m11_05_00_00.msb.dcx
[2024-07-10 05:29:48.311] [modengine] [warning] Failed to load file C:\Users\CouchJockey\Documents\GitHub\ConvergenceER\mod\map\mapstudio\m11_05_00_00.msb.dcx
[2024-07-10 05:29:48.311] [modengine] [warning] Failed to load file C:\Users\CouchJockey\Documents\GitHub\ConvergenceER\mod\map\mapstudio\m11_05_00_00.msb.dcx
[2024-07-10 05:29:48.311] [modengine] [warning] Failed to load file C:\Users\CouchJockey\Documents\GitHub\ConvergenceER\mod\map\mapstudio\m11_05_00_00.msb.dcx
[2024-07-10 05:29:48.311] [modengine] [warning] Failed to load file C:\Users\CouchJockey\Documents\GitHub\ConvergenceER\mod\map\mapstudio\m11_05_00_00.msb.dcx
[2024-07-10 05:29:48.311] [modengine] [warning] Failed to load file C:\Users\CouchJockey\Documents\GitHub\ConvergenceER\mod\map\mapstudio\m11_05_00_00.msb.dcx
[2024-07-10 05:29:48.311] [modengine] [warning] Failed to load file C:\Users\CouchJockey\Documents\GitHub\ConvergenceER\mod\map\mapstudio\m11_05_00_00.msb.dcx
[2024-07-10 05:29:48.312] [modengine] [warning] Failed to load file C:\Users\CouchJockey\Documents\GitHub\ConvergenceER\mod\map\mapstudio\m11_05_00_00.msb.dcx
[2024-07-10 05:29:48.312] [modengine] [warning] Failed to load file C:\Users\CouchJockey\Documents\GitHub\ConvergenceER\mod\map\mapstudio\m11_05_00_00.msb.dcx
[2024-07-10 05:29:48.312] [modengine] [warning] Failed to load file C:\Users\CouchJockey\Documents\GitHub\ConvergenceER\mod\map\mapstudio\m11_05_00_00.msb.dcx
[2024-07-10 05:29:48.312] [modengine] [warning] Failed to load file C:\Users\CouchJockey\Documents\GitHub\ConvergenceER\mod\map\mapstudio\m11_05_00_00.msb.dcx
[2024-07-10 05:29:48.312] [modengine] [warning] Failed to load file C:\Users\CouchJockey\Documents\GitHub\ConvergenceER\mod\map\mapstudio\m11_05_00_00.msb.dcx
[2024-07-10 05:29:48.312] [modengine] [warning] Failed to load file C:\Users\CouchJockey\Documents\GitHub\ConvergenceER\mod\map\mapstudio\m11_05_00_00.msb.dcx
[2024-07-10 05:29:48.312] [modengine] [warning] Failed to load file C:\Users\CouchJockey\Documents\GitHub\ConvergenceER\mod\map\mapstudio\m11_05_00_00.msb.dcx
[2024-07-10 05:29:48.312] [modengine] [warning] Failed to load file C:\Users\CouchJockey\Documents\GitHub\ConvergenceER\mod\map\mapstudio\m11_05_00_00.msb.dcx
[2024-07-10 05:29:48.312] [modengine] [warning] Failed to load file C:\Users\CouchJockey\Documents\GitHub\ConvergenceER\mod\map\mapstudio\m11_05_00_00.msb.dcx
[2024-07-10 05:29:48.312] [modengine] [warning] Failed to load file C:\Users\CouchJockey\Documents\GitHub\ConvergenceER\mod\map\mapstudio\m11_05_00_00.msb.dcx
[2024-07-10 05:30:09.142] [modengine] [warning] Failed to load file C:\Users\CouchJockey\Documents\GitHub\ConvergenceER\mod\map\mapstudio\m11_05_00_00.msb.dcx
[2024-07-10 05:30:09.142] [modengine] [warning] Failed to load file C:\Users\CouchJockey\Documents\GitHub\ConvergenceER\mod\map\mapstudio\m11_05_00_00.msb.dcx
[2024-07-10 05:30:09.142] [modengine] [warning] Failed to load file C:\Users\CouchJockey\Documents\GitHub\ConvergenceER\mod\map\mapstudio\m11_05_00_00.msb.dcx
[2024-07-10 05:30:09.142] [modengine] [warning] Failed to load file C:\Users\CouchJockey\Documents\GitHub\ConvergenceER\mod\map\mapstudio\m11_05_00_00.msb.dcx
[2024-07-10 05:30:09.142] [modengine] [warning] Failed to load file C:\Users\CouchJockey\Documents\GitHub\ConvergenceER\mod\map\mapstudio\m11_05_00_00.msb.dcx
[2024-07-10 05:30:09.142] [modengine] [warning] Failed to load file C:\Users\CouchJockey\Documents\GitHub\ConvergenceER\mod\map\mapstudio\m11_05_00_00.msb.dcx
[2024-07-10 05:30:09.142] [modengine] [warning] Failed to load file C:\Users\CouchJockey\Documents\GitHub\ConvergenceER\mod\map\mapstudio\m11_05_00_00.msb.dcx
[2024-07-10 05:30:09.142] [modengine] [warning] Failed to load file C:\Users\CouchJockey\Documents\GitHub\ConvergenceER\mod\map\mapstudio\m11_05_00_00.msb.dcx
[2024-07-10 05:30:09.142] [modengine] [warning] Failed to load file C:\Users\CouchJockey\Documents\GitHub\ConvergenceER\mod\map\mapstudio\m11_05_00_00.msb.dcx
[2024-07-10 05:30:09.143] [modengine] [warning] Failed to load file C:\Users\CouchJockey\Documents\GitHub\ConvergenceER\mod\map\mapstudio\m11_05_00_00.msb.dcx
[2024-07-10 05:30:09.143] [modengine] [warning] Failed to load file C:\Users\CouchJockey\Documents\GitHub\ConvergenceER\mod\map\mapstudio\m11_05_00_00.msb.dcx
[2024-07-10 05:30:09.143] [modengine] [warning] Failed to load file C:\Users\CouchJockey\Documents\GitHub\ConvergenceER\mod\map\mapstudio\m11_05_00_00.msb.dcx
[2024-07-10 05:30:09.143] [modengine] [warning] Failed to load file C:\Users\CouchJockey\Documents\GitHub\ConvergenceER\mod\map\mapstudio\m11_05_00_00.msb.dcx
[2024-07-10 05:30:09.143] [modengine] [warning] Failed to load file C:\Users\CouchJockey\Documents\GitHub\ConvergenceER\mod\map\mapstudio\m11_05_00_00.msb.dcx
[2024-07-10 05:30:09.143] [modengine] [warning] Failed to load file C:\Users\CouchJockey\Documents\GitHub\ConvergenceER\mod\map\mapstudio\m11_05_00_00.msb.dcx
[2024-07-10 05:30:09.143] [modengine] [warning] Failed to load file C:\Users\CouchJockey\Documents\GitHub\ConvergenceER\mod\map\mapstudio\m11_05_00_00.msb.dcx
[2024-07-10 05:30:09.143] [modengine] [warning] Failed to load file C:\Users\CouchJockey\Documents\GitHub\ConvergenceER\mod\map\mapstudio\m11_05_00_00.msb.dcx
[2024-07-10 05:30:09.143] [modengine] [warning] Failed to load file C:\Users\CouchJockey\Documents\GitHub\ConvergenceER\mod\map\mapstudio\m11_05_00_00.msb.dcx
[2024-07-10 05:30:09.143] [modengine] [warning] Failed to load file C:\Users\CouchJockey\Documents\GitHub\ConvergenceER\mod\map\mapstudio\m11_05_00_00.msb.dcx
[2024-07-10 05:30:09.143] [modengine] [warning] Failed to load file C:\Users\CouchJockey\Documents\GitHub\ConvergenceER\mod\map\mapstudio\m11_05_00_00.msb.dcx
[2024-07-10 05:30:38.557] [modengine] [warning] Failed to load file C:\Users\CouchJockey\Documents\GitHub\ConvergenceER\mod\map\mapstudio\m11_05_00_00.msb.dcx
[2024-07-10 05:30:38.557] [modengine] [warning] Failed to load file C:\Users\CouchJockey\Documents\GitHub\ConvergenceER\mod\map\mapstudio\m11_05_00_00.msb.dcx
[2024-07-10 05:30:38.557] [modengine] [warning] Failed to load file C:\Users\CouchJockey\Documents\GitHub\ConvergenceER\mod\map\mapstudio\m11_05_00_00.msb.dcx
[2024-07-10 05:30:38.557] [modengine] [warning] Failed to load file C:\Users\CouchJockey\Documents\GitHub\ConvergenceER\mod\map\mapstudio\m11_05_00_00.msb.dcx
[2024-07-10 05:30:38.557] [modengine] [warning] Failed to load file C:\Users\CouchJockey\Documents\GitHub\ConvergenceER\mod\map\mapstudio\m11_05_00_00.msb.dcx
[2024-07-10 05:30:38.557] [modengine] [warning] Failed to load file C:\Users\CouchJockey\Documents\GitHub\ConvergenceER\mod\map\mapstudio\m11_05_00_00.msb.dcx
[2024-07-10 05:30:38.557] [modengine] [warning] Failed to load file C:\Users\CouchJockey\Documents\GitHub\ConvergenceER\mod\map\mapstudio\m11_05_00_00.msb.dcx
[2024-07-10 05:30:38.557] [modengine] [warning] Failed to load file C:\Users\CouchJockey\Documents\GitHub\ConvergenceER\mod\map\mapstudio\m11_05_00_00.msb.dcx
[2024-07-10 05:30:38.557] [modengine] [warning] Failed to load file C:\Users\CouchJockey\Documents\GitHub\ConvergenceER\mod\map\mapstudio\m11_05_00_00.msb.dcx
[2024-07-10 05:30:38.557] [modengine] [warning] Failed to load file C:\Users\CouchJockey\Documents\GitHub\ConvergenceER\mod\map\mapstudio\m11_05_00_00.msb.dcx
[2024-07-10 05:30:38.557] [modengine] [warning] Failed to load file C:\Users\CouchJockey\Documents\GitHub\ConvergenceER\mod\map\mapstudio\m11_05_00_00.msb.dcx
[2024-07-10 05:30:38.557] [modengine] [warning] Failed to load file C:\Users\CouchJockey\Documents\GitHub\ConvergenceER\mod\map\mapstudio\m11_05_00_00.msb.dcx
[2024-07-10 05:30:38.557] [modengine] [warning] Failed to load file C:\Users\CouchJockey\Documents\GitHub\ConvergenceER\mod\map\mapstudio\m11_05_00_00.msb.dcx
[2024-07-10 05:30:38.557] [modengine] [warning] Failed to load file C:\Users\CouchJockey\Documents\GitHub\ConvergenceER\mod\map\mapstudio\m11_05_00_00.msb.dcx
[2024-07-10 05:30:38.557] [modengine] [warning] Failed to load file C:\Users\CouchJockey\Documents\GitHub\ConvergenceER\mod\map\mapstudio\m11_05_00_00.msb.dcx
[2024-07-10 05:30:38.557] [modengine] [warning] Failed to load file C:\Users\CouchJockey\Documents\GitHub\ConvergenceER\mod\map\mapstudio\m11_05_00_00.msb.dcx
[2024-07-10 05:30:38.557] [modengine] [warning] Failed to load file C:\Users\CouchJockey\Documents\GitHub\ConvergenceER\mod\map\mapstudio\m11_05_00_00.msb.dcx
[2024-07-10 05:30:38.557] [modengine] [warning] Failed to load file C:\Users\CouchJockey\Documents\GitHub\ConvergenceER\mod\map\mapstudio\m11_05_00_00.msb.dcx
[2024-07-10 05:30:38.557] [modengine] [warning] Failed to load file C:\Users\CouchJockey\Documents\GitHub\ConvergenceER\mod\map\mapstudio\m11_05_00_00.msb.dcx
[2024-07-10 05:30:38.557] [modengine] [warning] Failed to load file C:\Users\CouchJockey\Documents\GitHub\ConvergenceER\mod\map\mapstudio\m11_05_00_00.msb.dcx
[2024-07-10 05:31:49.383] [modengine] [info] Attempting to load global config at C:\Users\CouchJockey\Documents\GitHub\ConvergenceER\modengine2\config.toml
[2024-07-10 05:31:49.383] [modengine] [info] Attempting to load mod settings config at C:\Users\CouchJockey\Documents\GitHub\ConvergenceER\config_eldenring.toml
[2024-07-10 05:31:49.383] [modengine] [info] Local config loaded
[2024-07-10 05:31:49.384] [modengine] [info] ModEngine version 2.1.0-0924ab36f1311bf84e7e626740b4bf2c0d54909a initializing for Elden Ring
[2024-07-10 05:31:49.384] [modengine] [info] Local settings loaded: true, Global settings loaded: false
[2024-07-10 05:31:49.384] [modengine] [info] Main thread ID: 25692
[2024-07-10 05:31:49.388] [modengine] [info] Loaded external DLL C:\Users\CouchJockey\Documents\GitHub\ConvergenceER\ertransmogrify.dll
[2024-07-10 05:31:49.388] [modengine] [warning] External dll C:\Users\CouchJockey\Documents\GitHub\ConvergenceER\ertransmogrify.dll at base address 0x7fffa22c0000 is not a modengine extension
[2024-07-10 05:31:49.388] [modengine] [info] Loaded external DLL C:\Users\CouchJockey\Documents\GitHub\ConvergenceER\ErdTools.dll
[2024-07-10 05:31:49.388] [modengine] [warning] External dll C:\Users\CouchJockey\Documents\GitHub\ConvergenceER\ErdTools.dll at base address 0x7fffb4540000 is not a modengine extension
[2024-07-10 05:31:49.466] [modengine] [info] Loaded external DLL C:\Users\CouchJockey\Documents\GitHub\ConvergenceER\Scripts-Data-Exposer-FS.dll
[2024-07-10 05:31:49.466] [modengine] [warning] External dll C:\Users\CouchJockey\Documents\GitHub\ConvergenceER\Scripts-Data-Exposer-FS.dll at base address 0x7fffb5300000 is not a modengine extension
[2024-07-10 05:31:49.466] [modengine] [info] Enabling extension base
[2024-07-10 05:31:49.466] [modengine] [info] Enabled extension base
[2024-07-10 05:31:49.466] [modengine] [info] Enabling extension mod_loader
[2024-07-10 05:31:49.466] [modengine] [info] Installing mod location mod
[2024-07-10 05:31:49.467] [modengine] [info] Resolved mod path to C:\Users\CouchJockey\Documents\GitHub\ConvergenceER\mod
[2024-07-10 05:31:49.467] [modengine] [info] Enabled extension mod_loader
[2024-07-10 05:31:49.514] [modengine] [info] Applied 3 hooks
[2024-07-10 05:31:49.515] [modengine] [info] Starting worker thread
[2024-07-10 05:34:09.611] [modengine] [warning] Failed to load file C:\Users\CouchJockey\Documents\GitHub\ConvergenceER\mod\event\m11_05_00_00.emevd.dcx
[2024-07-10 05:34:09.611] [modengine] [warning] Failed to load file C:\Users\CouchJockey\Documents\GitHub\ConvergenceER\mod\event\m11_05_00_00.emevd.dcx
[2024-07-10 05:34:09.611] [modengine] [warning] Failed to load file C:\Users\CouchJockey\Documents\GitHub\ConvergenceER\mod\event\m11_05_00_00.emevd.dcx
[2024-07-10 05:34:09.611] [modengine] [warning] Failed to load file C:\Users\CouchJockey\Documents\GitHub\ConvergenceER\mod\event\m11_05_00_00.emevd.dcx
[2024-07-10 05:34:09.611] [modengine] [warning] Failed to load file C:\Users\CouchJockey\Documents\GitHub\ConvergenceER\mod\event\m11_05_00_00.emevd.dcx
[2024-07-10 05:34:09.611] [modengine] [warning] Failed to load file C:\Users\CouchJockey\Documents\GitHub\ConvergenceER\mod\event\m11_05_00_00.emevd.dcx
[2024-07-10 05:34:09.611] [modengine] [warning] Failed to load file C:\Users\CouchJockey\Documents\GitHub\ConvergenceER\mod\event\m11_05_00_00.emevd.dcx
[2024-07-10 05:34:09.611] [modengine] [warning] Failed to load file C:\Users\CouchJockey\Documents\GitHub\ConvergenceER\mod\event\m11_05_00_00.emevd.dcx
[2024-07-10 05:34:09.611] [modengine] [warning] Failed to load file C:\Users\CouchJockey\Documents\GitHub\ConvergenceER\mod\event\m11_05_00_00.emevd.dcx
[2024-07-10 05:34:09.611] [modengine] [warning] Failed to load file C:\Users\CouchJockey\Documents\GitHub\ConvergenceER\mod\event\m11_05_00_00.emevd.dcx
[2024-07-10 05:34:09.616] [modengine] [warning] Failed to load file C:\Users\CouchJockey\Documents\GitHub\ConvergenceER\mod\event\m11_05_00_00.emevd.dcx
[2024-07-10 05:34:09.616] [modengine] [warning] Failed to load file C:\Users\CouchJockey\Documents\GitHub\ConvergenceER\mod\event\m11_05_00_00.emevd.dcx
[2024-07-10 05:34:09.616] [modengine] [warning] Failed to load file C:\Users\CouchJockey\Documents\GitHub\ConvergenceER\mod\event\m11_05_00_00.emevd.dcx
[2024-07-10 05:34:09.616] [modengine] [warning] Failed to load file C:\Users\CouchJockey\Documents\GitHub\ConvergenceER\mod\event\m11_05_00_00.emevd.dcx
[2024-07-10 05:34:09.616] [modengine] [warning] Failed to load file C:\Users\CouchJockey\Documents\GitHub\ConvergenceER\mod\event\m11_05_00_00.emevd.dcx
[2024-07-10 05:34:09.616] [modengine] [warning] Failed to load file C:\Users\CouchJockey\Documents\GitHub\ConvergenceER\mod\event\m11_05_00_00.emevd.dcx
[2024-07-10 05:34:09.616] [modengine] [warning] Failed to load file C:\Users\CouchJockey\Documents\GitHub\ConvergenceER\mod\event\m11_05_00_00.emevd.dcx
[2024-07-10 05:34:09.616] [modengine] [warning] Failed to load file C:\Users\CouchJockey\Documents\GitHub\ConvergenceER\mod\event\m11_05_00_00.emevd.dcx
[2024-07-10 05:34:09.616] [modengine] [warning] Failed to load file C:\Users\CouchJockey\Documents\GitHub\ConvergenceER\mod\event\m11_05_00_00.emevd.dcx
[2024-07-10 05:34:09.616] [modengine] [warning] Failed to load file C:\Users\CouchJockey\Documents\GitHub\ConvergenceER\mod\event\m11_05_00_00.emevd.dcx
[2024-07-10 05:37:01.683] [modengine] [warning] Failed to load file C:\Users\CouchJockey\Documents\GitHub\ConvergenceER\mod\event\m11_05_00_00.emevd.dcx
[2024-07-10 05:37:01.683] [modengine] [warning] Failed to load file C:\Users\CouchJockey\Documents\GitHub\ConvergenceER\mod\event\m11_05_00_00.emevd.dcx
[2024-07-10 05:37:01.683] [modengine] [warning] Failed to load file C:\Users\CouchJockey\Documents\GitHub\ConvergenceER\mod\event\m11_05_00_00.emevd.dcx
[2024-07-10 05:37:01.683] [modengine] [warning] Failed to load file C:\Users\CouchJockey\Documents\GitHub\ConvergenceER\mod\event\m11_05_00_00.emevd.dcx
[2024-07-10 05:37:01.683] [modengine] [warning] Failed to load file C:\Users\CouchJockey\Documents\GitHub\ConvergenceER\mod\event\m11_05_00_00.emevd.dcx
[2024-07-10 05:37:01.683] [modengine] [warning] Failed to load file C:\Users\CouchJockey\Documents\GitHub\ConvergenceER\mod\event\m11_05_00_00.emevd.dcx
[2024-07-10 05:37:01.683] [modengine] [warning] Failed to load file C:\Users\CouchJockey\Documents\GitHub\ConvergenceER\mod\event\m11_05_00_00.emevd.dcx
[2024-07-10 05:37:01.683] [modengine] [warning] Failed to load file C:\Users\CouchJockey\Documents\GitHub\ConvergenceER\mod\event\m11_05_00_00.emevd.dcx
[2024-07-10 05:37:01.683] [modengine] [warning] Failed to load file C:\Users\CouchJockey\Documents\GitHub\ConvergenceER\mod\event\m11_05_00_00.emevd.dcx
[2024-07-10 05:37:01.683] [modengine] [warning] Failed to load file C:\Users\CouchJockey\Documents\GitHub\ConvergenceER\mod\event\m11_05_00_00.emevd.dcx
[2024-07-10 05:37:01.683] [modengine] [warning] Failed to load file C:\Users\CouchJockey\Documents\GitHub\ConvergenceER\mod\event\m11_05_00_00.emevd.dcx
[2024-07-10 05:37:01.683] [modengine] [warning] Failed to load file C:\Users\CouchJockey\Documents\GitHub\ConvergenceER\mod\event\m11_05_00_00.emevd.dcx
[2024-07-10 05:37:01.683] [modengine] [warning] Failed to load file C:\Users\CouchJockey\Documents\GitHub\ConvergenceER\mod\event\m11_05_00_00.emevd.dcx
[2024-07-10 05:37:01.683] [modengine] [warning] Failed to load file C:\Users\CouchJockey\Documents\GitHub\ConvergenceER\mod\event\m11_05_00_00.emevd.dcx
[2024-07-10 05:37:01.683] [modengine] [warning] Failed to load file C:\Users\CouchJockey\Documents\GitHub\ConvergenceER\mod\event\m11_05_00_00.emevd.dcx
[2024-07-10 05:37:01.683] [modengine] [warning] Failed to load file C:\Users\CouchJockey\Documents\GitHub\ConvergenceER\mod\event\m11_05_00_00.emevd.dcx
[2024-07-10 05:37:01.683] [modengine] [warning] Failed to load file C:\Users\CouchJockey\Documents\GitHub\ConvergenceER\mod\event\m11_05_00_00.emevd.dcx
[2024-07-10 05:37:01.684] [modengine] [warning] Failed to load file C:\Users\CouchJockey\Documents\GitHub\ConvergenceER\mod\event\m11_05_00_00.emevd.dcx
[2024-07-10 05:37:01.684] [modengine] [warning] Failed to load file C:\Users\CouchJockey\Documents\GitHub\ConvergenceER\mod\event\m11_05_00_00.emevd.dcx
[2024-07-10 05:37:01.684] [modengine] [warning] Failed to load file C:\Users\CouchJockey\Documents\GitHub\ConvergenceER\mod\event\m11_05_00_00.emevd.dcx
[2024-07-10 05:37:24.628] [modengine] [warning] Failed to load file C:\Users\CouchJockey\Documents\GitHub\ConvergenceER\mod\event\m11_05_00_00.emevd.dcx
[2024-07-10 05:37:24.628] [modengine] [warning] Failed to load file C:\Users\CouchJockey\Documents\GitHub\ConvergenceER\mod\event\m11_05_00_00.emevd.dcx
[2024-07-10 05:37:24.628] [modengine] [warning] Failed to load file C:\Users\CouchJockey\Documents\GitHub\ConvergenceER\mod\event\m11_05_00_00.emevd.dcx
[2024-07-10 05:37:24.628] [modengine] [warning] Failed to load file C:\Users\CouchJockey\Documents\GitHub\ConvergenceER\mod\event\m11_05_00_00.emevd.dcx
[2024-07-10 05:37:24.628] [modengine] [warning] Failed to load file C:\Users\CouchJockey\Documents\GitHub\ConvergenceER\mod\event\m11_05_00_00.emevd.dcx
[2024-07-10 05:37:24.628] [modengine] [warning] Failed to load file C:\Users\CouchJockey\Documents\GitHub\ConvergenceER\mod\event\m11_05_00_00.emevd.dcx
[2024-07-10 05:37:24.628] [modengine] [warning] Failed to load file C:\Users\CouchJockey\Documents\GitHub\ConvergenceER\mod\event\m11_05_00_00.emevd.dcx
[2024-07-10 05:37:24.628] [modengine] [warning] Failed to load file C:\Users\CouchJockey\Documents\GitHub\ConvergenceER\mod\event\m11_05_00_00.emevd.dcx
[2024-07-10 05:37:24.628] [modengine] [warning] Failed to load file C:\Users\CouchJockey\Documents\GitHub\ConvergenceER\mod\event\m11_05_00_00.emevd.dcx
[2024-07-10 05:37:24.628] [modengine] [warning] Failed to load file C:\Users\CouchJockey\Documents\GitHub\ConvergenceER\mod\event\m11_05_00_00.emevd.dcx
[2024-07-10 05:37:24.628] [modengine] [warning] Failed to load file C:\Users\CouchJockey\Documents\GitHub\ConvergenceER\mod\event\m11_05_00_00.emevd.dcx
[2024-07-10 05:37:24.628] [modengine] [warning] Failed to load file C:\Users\CouchJockey\Documents\GitHub\ConvergenceER\mod\event\m11_05_00_00.emevd.dcx
[2024-07-10 05:37:24.628] [modengine] [warning] Failed to load file C:\Users\CouchJockey\Documents\GitHub\ConvergenceER\mod\event\m11_05_00_00.emevd.dcx
[2024-07-10 05:37:24.628] [modengine] [warning] Failed to load file C:\Users\CouchJockey\Documents\GitHub\ConvergenceER\mod\event\m11_05_00_00.emevd.dcx
[2024-07-10 05:37:24.628] [modengine] [warning] Failed to load file C:\Users\CouchJockey\Documents\GitHub\ConvergenceER\mod\event\m11_05_00_00.emevd.dcx
[2024-07-10 05:37:24.628] [modengine] [warning] Failed to load file C:\Users\CouchJockey\Documents\GitHub\ConvergenceER\mod\event\m11_05_00_00.emevd.dcx
[2024-07-10 05:37:24.628] [modengine] [warning] Failed to load file C:\Users\CouchJockey\Documents\GitHub\ConvergenceER\mod\event\m11_05_00_00.emevd.dcx
[2024-07-10 05:37:24.628] [modengine] [warning] Failed to load file C:\Users\CouchJockey\Documents\GitHub\ConvergenceER\mod\event\m11_05_00_00.emevd.dcx
[2024-07-10 05:37:24.628] [modengine] [warning] Failed to load file C:\Users\CouchJockey\Documents\GitHub\ConvergenceER\mod\event\m11_05_00_00.emevd.dcx
[2024-07-10 05:37:24.628] [modengine] [warning] Failed to load file C:\Users\CouchJockey\Documents\GitHub\ConvergenceER\mod\event\m11_05_00_00.emevd.dcx
[2024-07-10 05:39:06.175] [modengine] [warning] Failed to load file C:\Users\CouchJockey\Documents\GitHub\ConvergenceER\mod\event\m11_05_00_00.emevd.dcx
[2024-07-10 05:39:06.176] [modengine] [warning] Failed to load file C:\Users\CouchJockey\Documents\GitHub\ConvergenceER\mod\event\m11_05_00_00.emevd.dcx
[2024-07-10 05:39:06.176] [modengine] [warning] Failed to load file C:\Users\CouchJockey\Documents\GitHub\ConvergenceER\mod\event\m11_05_00_00.emevd.dcx
[2024-07-10 05:39:06.176] [modengine] [warning] Failed to load file C:\Users\CouchJockey\Documents\GitHub\ConvergenceER\mod\event\m11_05_00_00.emevd.dcx
[2024-07-10 05:39:06.176] [modengine] [warning] Failed to load file C:\Users\CouchJockey\Documents\GitHub\ConvergenceER\mod\event\m11_05_00_00.emevd.dcx
[2024-07-10 05:39:06.176] [modengine] [warning] Failed to load file C:\Users\CouchJockey\Documents\GitHub\ConvergenceER\mod\event\m11_05_00_00.emevd.dcx
[2024-07-10 05:39:06.176] [modengine] [warning] Failed to load file C:\Users\CouchJockey\Documents\GitHub\ConvergenceER\mod\event\m11_05_00_00.emevd.dcx
[2024-07-10 05:39:06.176] [modengine] [warning] Failed to load file C:\Users\CouchJockey\Documents\GitHub\ConvergenceER\mod\event\m11_05_00_00.emevd.dcx
[2024-07-10 05:39:06.176] [modengine] [warning] Failed to load file C:\Users\CouchJockey\Documents\GitHub\ConvergenceER\mod\event\m11_05_00_00.emevd.dcx
[2024-07-10 05:39:06.176] [modengine] [warning] Failed to load file C:\Users\CouchJockey\Documents\GitHub\ConvergenceER\mod\event\m11_05_00_00.emevd.dcx
[2024-07-10 05:39:06.176] [modengine] [warning] Failed to load file C:\Users\CouchJockey\Documents\GitHub\ConvergenceER\mod\event\m11_05_00_00.emevd.dcx
[2024-07-10 05:39:06.176] [modengine] [warning] Failed to load file C:\Users\CouchJockey\Documents\GitHub\ConvergenceER\mod\event\m11_05_00_00.emevd.dcx
[2024-07-10 05:39:06.176] [modengine] [warning] Failed to load file C:\Users\CouchJockey\Documents\GitHub\ConvergenceER\mod\event\m11_05_00_00.emevd.dcx
[2024-07-10 05:39:06.176] [modengine] [warning] Failed to load file C:\Users\CouchJockey\Documents\GitHub\ConvergenceER\mod\event\m11_05_00_00.emevd.dcx
[2024-07-10 05:39:06.176] [modengine] [warning] Failed to load file C:\Users\CouchJockey\Documents\GitHub\ConvergenceER\mod\event\m11_05_00_00.emevd.dcx
[2024-07-10 05:39:06.176] [modengine] [warning] Failed to load file C:\Users\CouchJockey\Documents\GitHub\ConvergenceER\mod\event\m11_05_00_00.emevd.dcx
[2024-07-10 05:39:06.176] [modengine] [warning] Failed to load file C:\Users\CouchJockey\Documents\GitHub\ConvergenceER\mod\event\m11_05_00_00.emevd.dcx
[2024-07-10 05:39:06.176] [modengine] [warning] Failed to load file C:\Users\CouchJockey\Documents\GitHub\ConvergenceER\mod\event\m11_05_00_00.emevd.dcx
[2024-07-10 05:39:06.176] [modengine] [warning] Failed to load file C:\Users\CouchJockey\Documents\GitHub\ConvergenceER\mod\event\m11_05_00_00.emevd.dcx
[2024-07-10 05:39:06.176] [modengine] [warning] Failed to load file C:\Users\CouchJockey\Documents\GitHub\ConvergenceER\mod\event\m11_05_00_00.emevd.dcx
[2024-07-10 05:41:20.249] [modengine] [warning] Failed to load file C:\Users\CouchJockey\Documents\GitHub\ConvergenceER\mod\event\m11_05_00_00.emevd.dcx
[2024-07-10 05:41:20.249] [modengine] [warning] Failed to load file C:\Users\CouchJockey\Documents\GitHub\ConvergenceER\mod\event\m11_05_00_00.emevd.dcx
[2024-07-10 05:41:20.249] [modengine] [warning] Failed to load file C:\Users\CouchJockey\Documents\GitHub\ConvergenceER\mod\event\m11_05_00_00.emevd.dcx
[2024-07-10 05:41:20.249] [modengine] [warning] Failed to load file C:\Users\CouchJockey\Documents\GitHub\ConvergenceER\mod\event\m11_05_00_00.emevd.dcx
[2024-07-10 05:41:20.249] [modengine] [warning] Failed to load file C:\Users\CouchJockey\Documents\GitHub\ConvergenceER\mod\event\m11_05_00_00.emevd.dcx
[2024-07-10 05:41:20.249] [modengine] [warning] Failed to load file C:\Users\CouchJockey\Documents\GitHub\ConvergenceER\mod\event\m11_05_00_00.emevd.dcx
[2024-07-10 05:41:20.249] [modengine] [warning] Failed to load file C:\Users\CouchJockey\Documents\GitHub\ConvergenceER\mod\event\m11_05_00_00.emevd.dcx
[2024-07-10 05:41:20.249] [modengine] [warning] Failed to load file C:\Users\CouchJockey\Documents\GitHub\ConvergenceER\mod\event\m11_05_00_00.emevd.dcx
[2024-07-10 05:41:20.249] [modengine] [warning] Failed to load file C:\Users\CouchJockey\Documents\GitHub\ConvergenceER\mod\event\m11_05_00_00.emevd.dcx
[2024-07-10 05:41:20.250] [modengine] [warning] Failed to load file C:\Users\CouchJockey\Documents\GitHub\ConvergenceER\mod\event\m11_05_00_00.emevd.dcx
[2024-07-10 05:41:20.250] [modengine] [warning] Failed to load file C:\Users\CouchJockey\Documents\GitHub\ConvergenceER\mod\event\m11_05_00_00.emevd.dcx
[2024-07-10 05:41:20.250] [modengine] [warning] Failed to load file C:\Users\CouchJockey\Documents\GitHub\ConvergenceER\mod\event\m11_05_00_00.emevd.dcx
[2024-07-10 05:41:20.250] [modengine] [warning] Failed to load file C:\Users\CouchJockey\Documents\GitHub\ConvergenceER\mod\event\m11_05_00_00.emevd.dcx
[2024-07-10 05:41:20.250] [modengine] [warning] Failed to load file C:\Users\CouchJockey\Documents\GitHub\ConvergenceER\mod\event\m11_05_00_00.emevd.dcx
[2024-07-10 05:41:20.250] [modengine] [warning] Failed to load file C:\Users\CouchJockey\Documents\GitHub\ConvergenceER\mod\event\m11_05_00_00.emevd.dcx
[2024-07-10 05:41:20.250] [modengine] [warning] Failed to load file C:\Users\CouchJockey\Documents\GitHub\ConvergenceER\mod\event\m11_05_00_00.emevd.dcx
[2024-07-10 05:41:20.250] [modengine] [warning] Failed to load file C:\Users\CouchJockey\Documents\GitHub\ConvergenceER\mod\event\m11_05_00_00.emevd.dcx
[2024-07-10 05:41:20.250] [modengine] [warning] Failed to load file C:\Users\CouchJockey\Documents\GitHub\ConvergenceER\mod\event\m11_05_00_00.emevd.dcx
[2024-07-10 05:41:20.250] [modengine] [warning] Failed to load file C:\Users\CouchJockey\Documents\GitHub\ConvergenceER\mod\event\m11_05_00_00.emevd.dcx
[2024-07-10 05:41:20.250] [modengine] [warning] Failed to load file C:\Users\CouchJockey\Documents\GitHub\ConvergenceER\mod\event\m11_05_00_00.emevd.dcx
[2024-07-10 05:44:40.178] [modengine] [warning] Failed to load file C:\Users\CouchJockey\Documents\GitHub\ConvergenceER\mod\event\common_func.emevd.dcx
[2024-07-10 05:44:40.178] [modengine] [warning] Failed to load file C:\Users\CouchJockey\Documents\GitHub\ConvergenceER\mod\event\common_func.emevd.dcx
[2024-07-10 05:44:40.178] [modengine] [warning] Failed to load file C:\Users\CouchJockey\Documents\GitHub\ConvergenceER\mod\event\common_func.emevd.dcx
[2024-07-10 05:44:40.178] [modengine] [warning] Failed to load file C:\Users\CouchJockey\Documents\GitHub\ConvergenceER\mod\event\common_func.emevd.dcx
[2024-07-10 05:44:40.178] [modengine] [warning] Failed to load file C:\Users\CouchJockey\Documents\GitHub\ConvergenceER\mod\event\common_func.emevd.dcx
[2024-07-10 05:44:40.178] [modengine] [warning] Failed to load file C:\Users\CouchJockey\Documents\GitHub\ConvergenceER\mod\event\common_func.emevd.dcx
[2024-07-10 05:44:40.178] [modengine] [warning] Failed to load file C:\Users\CouchJockey\Documents\GitHub\ConvergenceER\mod\event\common_func.emevd.dcx
[2024-07-10 05:44:40.178] [modengine] [warning] Failed to load file C:\Users\CouchJockey\Documents\GitHub\ConvergenceER\mod\event\common_func.emevd.dcx
[2024-07-10 05:44:40.178] [modengine] [warning] Failed to load file C:\Users\CouchJockey\Documents\GitHub\ConvergenceER\mod\event\common_func.emevd.dcx
[2024-07-10 05:44:40.178] [modengine] [warning] Failed to load file C:\Users\CouchJockey\Documents\GitHub\ConvergenceER\mod\event\common_func.emevd.dcx
[2024-07-10 05:44:40.178] [modengine] [warning] Failed to load file C:\Users\CouchJockey\Documents\GitHub\ConvergenceER\mod\event\common_func.emevd.dcx
[2024-07-10 05:44:40.178] [modengine] [warning] Failed to load file C:\Users\CouchJockey\Documents\GitHub\ConvergenceER\mod\event\common_func.emevd.dcx
[2024-07-10 05:44:40.178] [modengine] [warning] Failed to load file C:\Users\CouchJockey\Documents\GitHub\ConvergenceER\mod\event\common_func.emevd.dcx
[2024-07-10 05:44:40.178] [modengine] [warning] Failed to load file C:\Users\CouchJockey\Documents\GitHub\ConvergenceER\mod\event\common_func.emevd.dcx
[2024-07-10 05:44:40.178] [modengine] [warning] Failed to load file C:\Users\CouchJockey\Documents\GitHub\ConvergenceER\mod\event\common_func.emevd.dcx
[2024-07-10 05:44:40.178] [modengine] [warning] Failed to load file C:\Users\CouchJockey\Documents\GitHub\ConvergenceER\mod\event\common_func.emevd.dcx
[2024-07-10 05:44:40.178] [modengine] [warning] Failed to load file C:\Users\CouchJockey\Documents\GitHub\ConvergenceER\mod\event\common_func.emevd.dcx
[2024-07-10 05:44:40.179] [modengine] [warning] Failed to load file C:\Users\CouchJockey\Documents\GitHub\ConvergenceER\mod\event\common_func.emevd.dcx
[2024-07-10 05:44:40.179] [modengine] [warning] Failed to load file C:\Users\CouchJockey\Documents\GitHub\ConvergenceER\mod\event\common_func.emevd.dcx
[2024-07-10 05:44:40.179] [modengine] [warning] Failed to load file C:\Users\CouchJockey\Documents\GitHub\ConvergenceER\mod\event\common_func.emevd.dcx
[2024-07-10 05:44:40.561] [modengine] [warning] Failed to load file C:\Users\CouchJockey\Documents\GitHub\ConvergenceER\mod\event\m11_05_00_00.emevd.dcx
[2024-07-10 05:44:40.561] [modengine] [warning] Failed to load file C:\Users\CouchJockey\Documents\GitHub\ConvergenceER\mod\event\m11_05_00_00.emevd.dcx
[2024-07-10 05:44:40.561] [modengine] [warning] Failed to load file C:\Users\CouchJockey\Documents\GitHub\ConvergenceER\mod\event\m11_05_00_00.emevd.dcx
[2024-07-10 05:44:40.561] [modengine] [warning] Failed to load file C:\Users\CouchJockey\Documents\GitHub\ConvergenceER\mod\event\m11_05_00_00.emevd.dcx
[2024-07-10 05:44:40.561] [modengine] [warning] Failed to load file C:\Users\CouchJockey\Documents\GitHub\ConvergenceER\mod\event\m11_05_00_00.emevd.dcx
[2024-07-10 05:44:40.561] [modengine] [warning] Failed to load file C:\Users\CouchJockey\Documents\GitHub\ConvergenceER\mod\event\m11_05_00_00.emevd.dcx
[2024-07-10 05:44:40.561] [modengine] [warning] Failed to load file C:\Users\CouchJockey\Documents\GitHub\ConvergenceER\mod\event\m11_05_00_00.emevd.dcx
[2024-07-10 05:44:40.561] [modengine] [warning] Failed to load file C:\Users\CouchJockey\Documents\GitHub\ConvergenceER\mod\event\m11_05_00_00.emevd.dcx
[2024-07-10 05:44:40.561] [modengine] [warning] Failed to load file C:\Users\CouchJockey\Documents\GitHub\ConvergenceER\mod\event\m11_05_00_00.emevd.dcx
[2024-07-10 05:44:40.561] [modengine] [warning] Failed to load file C:\Users\CouchJockey\Documents\GitHub\ConvergenceER\mod\event\m11_05_00_00.emevd.dcx
[2024-07-10 05:44:40.561] [modengine] [warning] Failed to load file C:\Users\CouchJockey\Documents\GitHub\ConvergenceER\mod\event\m11_05_00_00.emevd.dcx
[2024-07-10 05:44:40.561] [modengine] [warning] Failed to load file C:\Users\CouchJockey\Documents\GitHub\ConvergenceER\mod\event\m11_05_00_00.emevd.dcx
[2024-07-10 05:44:40.561] [modengine] [warning] Failed to load file C:\Users\CouchJockey\Documents\GitHub\ConvergenceER\mod\event\m11_05_00_00.emevd.dcx
[2024-07-10 05:44:40.561] [modengine] [warning] Failed to load file C:\Users\CouchJockey\Documents\GitHub\ConvergenceER\mod\event\m11_05_00_00.emevd.dcx
[2024-07-10 05:44:40.561] [modengine] [warning] Failed to load file C:\Users\CouchJockey\Documents\GitHub\ConvergenceER\mod\event\m11_05_00_00.emevd.dcx
[2024-07-10 05:44:40.561] [modengine] [warning] Failed to load file C:\Users\CouchJockey\Documents\GitHub\ConvergenceER\mod\event\m11_05_00_00.emevd.dcx
[2024-07-10 05:44:40.561] [modengine] [warning] Failed to load file C:\Users\CouchJockey\Documents\GitHub\ConvergenceER\mod\event\m11_05_00_00.emevd.dcx
[2024-07-10 05:44:40.561] [modengine] [warning] Failed to load file C:\Users\CouchJockey\Documents\GitHub\ConvergenceER\mod\event\m11_05_00_00.emevd.dcx
[2024-07-10 05:44:40.561] [modengine] [warning] Failed to load file C:\Users\CouchJockey\Documents\GitHub\ConvergenceER\mod\event\m11_05_00_00.emevd.dcx
[2024-07-10 05:44:40.561] [modengine] [warning] Failed to load file C:\Users\CouchJockey\Documents\GitHub\ConvergenceER\mod\event\m11_05_00_00.emevd.dcx
[2024-07-10 05:45:40.923] [modengine] [warning] Failed to load file C:\Users\CouchJockey\Documents\GitHub\ConvergenceER\mod\event\common_func.emevd.dcx
[2024-07-10 05:45:40.923] [modengine] [warning] Failed to load file C:\Users\CouchJockey\Documents\GitHub\ConvergenceER\mod\event\common_func.emevd.dcx
[2024-07-10 05:45:40.923] [modengine] [warning] Failed to load file C:\Users\CouchJockey\Documents\GitHub\ConvergenceER\mod\event\common_func.emevd.dcx
[2024-07-10 05:45:40.923] [modengine] [warning] Failed to load file C:\Users\CouchJockey\Documents\GitHub\ConvergenceER\mod\event\common_func.emevd.dcx
[2024-07-10 05:45:40.923] [modengine] [warning] Failed to load file C:\Users\CouchJockey\Documents\GitHub\ConvergenceER\mod\event\common_func.emevd.dcx
[2024-07-10 05:45:40.923] [modengine] [warning] Failed to load file C:\Users\CouchJockey\Documents\GitHub\ConvergenceER\mod\event\common_func.emevd.dcx
[2024-07-10 05:45:40.923] [modengine] [warning] Failed to load file C:\Users\CouchJockey\Documents\GitHub\ConvergenceER\mod\event\common_func.emevd.dcx
[2024-07-10 05:45:40.923] [modengine] [warning] Failed to load file C:\Users\CouchJockey\Documents\GitHub\ConvergenceER\mod\event\common_func.emevd.dcx
[2024-07-10 05:45:40.923] [modengine] [warning] Failed to load file C:\Users\CouchJockey\Documents\GitHub\ConvergenceER\mod\event\common_func.emevd.dcx
[2024-07-10 05:45:40.923] [modengine] [warning] Failed to load file C:\Users\CouchJockey\Documents\GitHub\ConvergenceER\mod\event\common_func.emevd.dcx
[2024-07-10 05:45:40.923] [modengine] [warning] Failed to load file C:\Users\CouchJockey\Documents\GitHub\ConvergenceER\mod\event\common_func.emevd.dcx
[2024-07-10 05:45:40.923] [modengine] [warning] Failed to load file C:\Users\CouchJockey\Documents\GitHub\ConvergenceER\mod\event\common_func.emevd.dcx
[2024-07-10 05:45:40.923] [modengine] [warning] Failed to load file C:\Users\CouchJockey\Documents\GitHub\ConvergenceER\mod\event\common_func.emevd.dcx
[2024-07-10 05:45:40.923] [modengine] [warning] Failed to load file C:\Users\CouchJockey\Documents\GitHub\ConvergenceER\mod\event\common_func.emevd.dcx
[2024-07-10 05:45:40.923] [modengine] [warning] Failed to load file C:\Users\CouchJockey\Documents\GitHub\ConvergenceER\mod\event\common_func.emevd.dcx
[2024-07-10 05:45:40.923] [modengine] [warning] Failed to load file C:\Users\CouchJockey\Documents\GitHub\ConvergenceER\mod\event\common_func.emevd.dcx
[2024-07-10 05:45:40.924] [modengine] [warning] Failed to load file C:\Users\CouchJockey\Documents\GitHub\ConvergenceER\mod\event\common_func.emevd.dcx
[2024-07-10 05:45:40.924] [modengine] [warning] Failed to load file C:\Users\CouchJockey\Documents\GitHub\ConvergenceER\mod\event\common_func.emevd.dcx
[2024-07-10 05:45:40.924] [modengine] [warning] Failed to load file C:\Users\CouchJockey\Documents\GitHub\ConvergenceER\mod\event\common_func.emevd.dcx
[2024-07-10 05:45:40.924] [modengine] [warning] Failed to load file C:\Users\CouchJockey\Documents\GitHub\ConvergenceER\mod\event\common_func.emevd.dcx
[2024-07-10 05:46:04.669] [modengine] [warning] Failed to load file C:\Users\CouchJockey\Documents\GitHub\ConvergenceER\mod\event\common_func.emevd.dcx
[2024-07-10 05:46:04.669] [modengine] [warning] Failed to load file C:\Users\CouchJockey\Documents\GitHub\ConvergenceER\mod\event\common_func.emevd.dcx
[2024-07-10 05:46:04.669] [modengine] [warning] Failed to load file C:\Users\CouchJockey\Documents\GitHub\ConvergenceER\mod\event\common_func.emevd.dcx
[2024-07-10 05:46:04.669] [modengine] [warning] Failed to load file C:\Users\CouchJockey\Documents\GitHub\ConvergenceER\mod\event\common_func.emevd.dcx
[2024-07-10 05:46:04.669] [modengine] [warning] Failed to load file C:\Users\CouchJockey\Documents\GitHub\ConvergenceER\mod\event\common_func.emevd.dcx
[2024-07-10 05:46:04.669] [modengine] [warning] Failed to load file C:\Users\CouchJockey\Documents\GitHub\ConvergenceER\mod\event\common_func.emevd.dcx
[2024-07-10 05:46:04.669] [modengine] [warning] Failed to load file C:\Users\CouchJockey\Documents\GitHub\ConvergenceER\mod\event\common_func.emevd.dcx
[2024-07-10 05:46:04.670] [modengine] [warning] Failed to load file C:\Users\CouchJockey\Documents\GitHub\ConvergenceER\mod\event\common_func.emevd.dcx
[2024-07-10 05:46:04.670] [modengine] [warning] Failed to load file C:\Users\CouchJockey\Documents\GitHub\ConvergenceER\mod\event\common_func.emevd.dcx
[2024-07-10 05:46:04.670] [modengine] [warning] Failed to load file C:\Users\CouchJockey\Documents\GitHub\ConvergenceER\mod\event\common_func.emevd.dcx
[2024-07-10 05:46:04.670] [modengine] [warning] Failed to load file C:\Users\CouchJockey\Documents\GitHub\ConvergenceER\mod\event\common_func.emevd.dcx
[2024-07-10 05:46:04.670] [modengine] [warning] Failed to load file C:\Users\CouchJockey\Documents\GitHub\ConvergenceER\mod\event\common_func.emevd.dcx
[2024-07-10 05:46:04.670] [modengine] [warning] Failed to load file C:\Users\CouchJockey\Documents\GitHub\ConvergenceER\mod\event\common_func.emevd.dcx
[2024-07-10 05:46:04.670] [modengine] [warning] Failed to load file C:\Users\CouchJockey\Documents\GitHub\ConvergenceER\mod\event\common_func.emevd.dcx
[2024-07-10 05:46:04.670] [modengine] [warning] Failed to load file C:\Users\CouchJockey\Documents\GitHub\ConvergenceER\mod\event\common_func.emevd.dcx
[2024-07-10 05:46:04.670] [modengine] [warning] Failed to load file C:\Users\CouchJockey\Documents\GitHub\ConvergenceER\mod\event\common_func.emevd.dcx
[2024-07-10 05:46:04.670] [modengine] [warning] Failed to load file C:\Users\CouchJockey\Documents\GitHub\ConvergenceER\mod\event\common_func.emevd.dcx
[2024-07-10 05:46:04.670] [modengine] [warning] Failed to load file C:\Users\CouchJockey\Documents\GitHub\ConvergenceER\mod\event\common_func.emevd.dcx
[2024-07-10 05:46:04.670] [modengine] [warning] Failed to load file C:\Users\CouchJockey\Documents\GitHub\ConvergenceER\mod\event\common_func.emevd.dcx
[2024-07-10 05:46:04.670] [modengine] [warning] Failed to load file C:\Users\CouchJockey\Documents\GitHub\ConvergenceER\mod\event\common_func.emevd.dcx
[2024-07-10 05:46:45.270] [modengine] [warning] Failed to load file C:\Users\CouchJockey\Documents\GitHub\ConvergenceER\mod\event\common_func.emevd.dcx
[2024-07-10 05:46:45.270] [modengine] [warning] Failed to load file C:\Users\CouchJockey\Documents\GitHub\ConvergenceER\mod\event\common_func.emevd.dcx
[2024-07-10 05:46:45.270] [modengine] [warning] Failed to load file C:\Users\CouchJockey\Documents\GitHub\ConvergenceER\mod\event\common_func.emevd.dcx
[2024-07-10 05:46:45.270] [modengine] [warning] Failed to load file C:\Users\CouchJockey\Documents\GitHub\ConvergenceER\mod\event\common_func.emevd.dcx
[2024-07-10 05:46:45.270] [modengine] [warning] Failed to load file C:\Users\CouchJockey\Documents\GitHub\ConvergenceER\mod\event\common_func.emevd.dcx
[2024-07-10 05:46:45.270] [modengine] [warning] Failed to load file C:\Users\CouchJockey\Documents\GitHub\ConvergenceER\mod\event\common_func.emevd.dcx
[2024-07-10 05:46:45.270] [modengine] [warning] Failed to load file C:\Users\CouchJockey\Documents\GitHub\ConvergenceER\mod\event\common_func.emevd.dcx
[2024-07-10 05:46:45.270] [modengine] [warning] Failed to load file C:\Users\CouchJockey\Documents\GitHub\ConvergenceER\mod\event\common_func.emevd.dcx
[2024-07-10 05:46:45.270] [modengine] [warning] Failed to load file C:\Users\CouchJockey\Documents\GitHub\ConvergenceER\mod\event\common_func.emevd.dcx
[2024-07-10 05:46:45.270] [modengine] [warning] Failed to load file C:\Users\CouchJockey\Documents\GitHub\ConvergenceER\mod\event\common_func.emevd.dcx
[2024-07-10 05:46:45.270] [modengine] [warning] Failed to load file C:\Users\CouchJockey\Documents\GitHub\ConvergenceER\mod\event\common_func.emevd.dcx
[2024-07-10 05:46:45.270] [modengine] [warning] Failed to load file C:\Users\CouchJockey\Documents\GitHub\ConvergenceER\mod\event\common_func.emevd.dcx
[2024-07-10 05:46:45.270] [modengine] [warning] Failed to load file C:\Users\CouchJockey\Documents\GitHub\ConvergenceER\mod\event\common_func.emevd.dcx
[2024-07-10 05:46:45.270] [modengine] [warning] Failed to load file C:\Users\CouchJockey\Documents\GitHub\ConvergenceER\mod\event\common_func.emevd.dcx
[2024-07-10 05:46:45.270] [modengine] [warning] Failed to load file C:\Users\CouchJockey\Documents\GitHub\ConvergenceER\mod\event\common_func.emevd.dcx
[2024-07-10 05:46:45.270] [modengine] [warning] Failed to load file C:\Users\CouchJockey\Documents\GitHub\ConvergenceER\mod\event\common_func.emevd.dcx
[2024-07-10 05:46:45.270] [modengine] [warning] Failed to load file C:\Users\CouchJockey\Documents\GitHub\ConvergenceER\mod\event\common_func.emevd.dcx
[2024-07-10 05:46:45.270] [modengine] [warning] Failed to load file C:\Users\CouchJockey\Documents\GitHub\ConvergenceER\mod\event\common_func.emevd.dcx
[2024-07-10 05:46:45.270] [modengine] [warning] Failed to load file C:\Users\CouchJockey\Documents\GitHub\ConvergenceER\mod\event\common_func.emevd.dcx
[2024-07-10 05:46:45.270] [modengine] [warning] Failed to load file C:\Users\CouchJockey\Documents\GitHub\ConvergenceER\mod\event\common_func.emevd.dcx
[2024-07-10 05:48:36.773] [modengine] [warning] Failed to load file C:\Users\CouchJockey\Documents\GitHub\ConvergenceER\mod\event\common_func.emevd.dcx
[2024-07-10 05:48:36.774] [modengine] [warning] Failed to load file C:\Users\CouchJockey\Documents\GitHub\ConvergenceER\mod\event\common_func.emevd.dcx
[2024-07-10 05:48:36.774] [modengine] [warning] Failed to load file C:\Users\CouchJockey\Documents\GitHub\ConvergenceER\mod\event\common_func.emevd.dcx
[2024-07-10 05:48:36.774] [modengine] [warning] Failed to load file C:\Users\CouchJockey\Documents\GitHub\ConvergenceER\mod\event\common_func.emevd.dcx
[2024-07-10 05:48:36.774] [modengine] [warning] Failed to load file C:\Users\CouchJockey\Documents\GitHub\ConvergenceER\mod\event\common_func.emevd.dcx
[2024-07-10 05:48:36.774] [modengine] [warning] Failed to load file C:\Users\CouchJockey\Documents\GitHub\ConvergenceER\mod\event\common_func.emevd.dcx
[2024-07-10 05:48:36.774] [modengine] [warning] Failed to load file C:\Users\CouchJockey\Documents\GitHub\ConvergenceER\mod\event\common_func.emevd.dcx
[2024-07-10 05:48:36.774] [modengine] [warning] Failed to load file C:\Users\CouchJockey\Documents\GitHub\ConvergenceER\mod\event\common_func.emevd.dcx
[2024-07-10 05:48:36.774] [modengine] [warning] Failed to load file C:\Users\CouchJockey\Documents\GitHub\ConvergenceER\mod\event\common_func.emevd.dcx
[2024-07-10 05:48:36.774] [modengine] [warning] Failed to load file C:\Users\CouchJockey\Documents\GitHub\ConvergenceER\mod\event\common_func.emevd.dcx
[2024-07-10 05:48:36.774] [modengine] [warning] Failed to load file C:\Users\CouchJockey\Documents\GitHub\ConvergenceER\mod\event\common_func.emevd.dcx
[2024-07-10 05:48:36.774] [modengine] [warning] Failed to load file C:\Users\CouchJockey\Documents\GitHub\ConvergenceER\mod\event\common_func.emevd.dcx
[2024-07-10 05:48:36.774] [modengine] [warning] Failed to load file C:\Users\CouchJockey\Documents\GitHub\ConvergenceER\mod\event\common_func.emevd.dcx
[2024-07-10 05:48:36.774] [modengine] [warning] Failed to load file C:\Users\CouchJockey\Documents\GitHub\ConvergenceER\mod\event\common_func.emevd.dcx
[2024-07-10 05:48:36.774] [modengine] [warning] Failed to load file C:\Users\CouchJockey\Documents\GitHub\ConvergenceER\mod\event\common_func.emevd.dcx
[2024-07-10 05:48:36.774] [modengine] [warning] Failed to load file C:\Users\CouchJockey\Documents\GitHub\ConvergenceER\mod\event\common_func.emevd.dcx
[2024-07-10 05:48:36.774] [modengine] [warning] Failed to load file C:\Users\CouchJockey\Documents\GitHub\ConvergenceER\mod\event\common_func.emevd.dcx
[2024-07-10 05:48:36.774] [modengine] [warning] Failed to load file C:\Users\CouchJockey\Documents\GitHub\ConvergenceER\mod\event\common_func.emevd.dcx
[2024-07-10 05:48:36.774] [modengine] [warning] Failed to load file C:\Users\CouchJockey\Documents\GitHub\ConvergenceER\mod\event\common_func.emevd.dcx
[2024-07-10 05:48:36.774] [modengine] [warning] Failed to load file C:\Users\CouchJockey\Documents\GitHub\ConvergenceER\mod\event\common_func.emevd.dcx
[2024-07-10 05:48:37.119] [modengine] [warning] Failed to load file C:\Users\CouchJockey\Documents\GitHub\ConvergenceER\mod\event\m11_05_00_00.emevd.dcx
[2024-07-10 05:48:37.119] [modengine] [warning] Failed to load file C:\Users\CouchJockey\Documents\GitHub\ConvergenceER\mod\event\m11_05_00_00.emevd.dcx
[2024-07-10 05:48:37.119] [modengine] [warning] Failed to load file C:\Users\CouchJockey\Documents\GitHub\ConvergenceER\mod\event\m11_05_00_00.emevd.dcx
[2024-07-10 05:48:37.119] [modengine] [warning] Failed to load file C:\Users\CouchJockey\Documents\GitHub\ConvergenceER\mod\event\m11_05_00_00.emevd.dcx
[2024-07-10 05:48:37.119] [modengine] [warning] Failed to load file C:\Users\CouchJockey\Documents\GitHub\ConvergenceER\mod\event\m11_05_00_00.emevd.dcx
[2024-07-10 05:48:37.119] [modengine] [warning] Failed to load file C:\Users\CouchJockey\Documents\GitHub\ConvergenceER\mod\event\m11_05_00_00.emevd.dcx
[2024-07-10 05:48:37.119] [modengine] [warning] Failed to load file C:\Users\CouchJockey\Documents\GitHub\ConvergenceER\mod\event\m11_05_00_00.emevd.dcx
[2024-07-10 05:48:37.119] [modengine] [warning] Failed to load file C:\Users\CouchJockey\Documents\GitHub\ConvergenceER\mod\event\m11_05_00_00.emevd.dcx
[2024-07-10 05:48:37.119] [modengine] [warning] Failed to load file C:\Users\CouchJockey\Documents\GitHub\ConvergenceER\mod\event\m11_05_00_00.emevd.dcx
[2024-07-10 05:48:37.119] [modengine] [warning] Failed to load file C:\Users\CouchJockey\Documents\GitHub\ConvergenceER\mod\event\m11_05_00_00.emevd.dcx
[2024-07-10 05:48:37.119] [modengine] [warning] Failed to load file C:\Users\CouchJockey\Documents\GitHub\ConvergenceER\mod\event\m11_05_00_00.emevd.dcx
[2024-07-10 05:48:37.119] [modengine] [warning] Failed to load file C:\Users\CouchJockey\Documents\GitHub\ConvergenceER\mod\event\m11_05_00_00.emevd.dcx
[2024-07-10 05:48:37.119] [modengine] [warning] Failed to load file C:\Users\CouchJockey\Documents\GitHub\ConvergenceER\mod\event\m11_05_00_00.emevd.dcx
[2024-07-10 05:48:37.119] [modengine] [warning] Failed to load file C:\Users\CouchJockey\Documents\GitHub\ConvergenceER\mod\event\m11_05_00_00.emevd.dcx
[2024-07-10 05:48:37.119] [modengine] [warning] Failed to load file C:\Users\CouchJockey\Documents\GitHub\ConvergenceER\mod\event\m11_05_00_00.emevd.dcx
[2024-07-10 05:48:37.119] [modengine] [warning] Failed to load file C:\Users\CouchJockey\Documents\GitHub\ConvergenceER\mod\event\m11_05_00_00.emevd.dcx
[2024-07-10 05:48:37.119] [modengine] [warning] Failed to load file C:\Users\CouchJockey\Documents\GitHub\ConvergenceER\mod\event\m11_05_00_00.emevd.dcx
[2024-07-10 05:48:37.119] [modengine] [warning] Failed to load file C:\Users\CouchJockey\Documents\GitHub\ConvergenceER\mod\event\m11_05_00_00.emevd.dcx
[2024-07-10 05:48:37.119] [modengine] [warning] Failed to load file C:\Users\CouchJockey\Documents\GitHub\ConvergenceER\mod\event\m11_05_00_00.emevd.dcx
[2024-07-10 05:48:37.119] [modengine] [warning] Failed to load file C:\Users\CouchJockey\Documents\GitHub\ConvergenceER\mod\event\m11_05_00_00.emevd.dcx
[2024-07-10 05:52:40.478] [modengine] [warning] Failed to load file C:\Users\CouchJockey\Documents\GitHub\ConvergenceER\mod\event\common_func.emevd.dcx
[2024-07-10 05:52:40.478] [modengine] [warning] Failed to load file C:\Users\CouchJockey\Documents\GitHub\ConvergenceER\mod\event\common_func.emevd.dcx
[2024-07-10 05:52:40.478] [modengine] [warning] Failed to load file C:\Users\CouchJockey\Documents\GitHub\ConvergenceER\mod\event\common_func.emevd.dcx
[2024-07-10 05:52:40.478] [modengine] [warning] Failed to load file C:\Users\CouchJockey\Documents\GitHub\ConvergenceER\mod\event\common_func.emevd.dcx
[2024-07-10 05:52:40.478] [modengine] [warning] Failed to load file C:\Users\CouchJockey\Documents\GitHub\ConvergenceER\mod\event\common_func.emevd.dcx
[2024-07-10 05:52:40.478] [modengine] [warning] Failed to load file C:\Users\CouchJockey\Documents\GitHub\ConvergenceER\mod\event\common_func.emevd.dcx
[2024-07-10 05:52:40.478] [modengine] [warning] Failed to load file C:\Users\CouchJockey\Documents\GitHub\ConvergenceER\mod\event\common_func.emevd.dcx
[2024-07-10 05:52:40.478] [modengine] [warning] Failed to load file C:\Users\CouchJockey\Documents\GitHub\ConvergenceER\mod\event\common_func.emevd.dcx
[2024-07-10 05:52:40.478] [modengine] [warning] Failed to load file C:\Users\CouchJockey\Documents\GitHub\ConvergenceER\mod\event\common_func.emevd.dcx
[2024-07-10 05:52:40.478] [modengine] [warning] Failed to load file C:\Users\CouchJockey\Documents\GitHub\ConvergenceER\mod\event\common_func.emevd.dcx
[2024-07-10 05:52:40.478] [modengine] [warning] Failed to load file C:\Users\CouchJockey\Documents\GitHub\ConvergenceER\mod\event\common_func.emevd.dcx
[2024-07-10 05:52:40.478] [modengine] [warning] Failed to load file C:\Users\CouchJockey\Documents\GitHub\ConvergenceER\mod\event\common_func.emevd.dcx
[2024-07-10 05:52:40.478] [modengine] [warning] Failed to load file C:\Users\CouchJockey\Documents\GitHub\ConvergenceER\mod\event\common_func.emevd.dcx
[2024-07-10 05:52:40.478] [modengine] [warning] Failed to load file C:\Users\CouchJockey\Documents\GitHub\ConvergenceER\mod\event\common_func.emevd.dcx
[2024-07-10 05:52:40.479] [modengine] [warning] Failed to load file C:\Users\CouchJockey\Documents\GitHub\ConvergenceER\mod\event\common_func.emevd.dcx
[2024-07-10 05:52:40.479] [modengine] [warning] Failed to load file C:\Users\CouchJockey\Documents\GitHub\ConvergenceER\mod\event\common_func.emevd.dcx
[2024-07-10 05:52:40.479] [modengine] [warning] Failed to load file C:\Users\CouchJockey\Documents\GitHub\ConvergenceER\mod\event\common_func.emevd.dcx
[2024-07-10 05:52:40.479] [modengine] [warning] Failed to load file C:\Users\CouchJockey\Documents\GitHub\ConvergenceER\mod\event\common_func.emevd.dcx
[2024-07-10 05:52:40.479] [modengine] [warning] Failed to load file C:\Users\CouchJockey\Documents\GitHub\ConvergenceER\mod\event\common_func.emevd.dcx
[2024-07-10 05:52:40.479] [modengine] [warning] Failed to load file C:\Users\CouchJockey\Documents\GitHub\ConvergenceER\mod\event\common_func.emevd.dcx
[2024-07-10 05:52:53.367] [modengine] [warning] Failed to load file C:\Users\CouchJockey\Documents\GitHub\ConvergenceER\mod\event\common_func.emevd.dcx
[2024-07-10 05:52:53.367] [modengine] [warning] Failed to load file C:\Users\CouchJockey\Documents\GitHub\ConvergenceER\mod\event\common_func.emevd.dcx
[2024-07-10 05:52:53.367] [modengine] [warning] Failed to load file C:\Users\CouchJockey\Documents\GitHub\ConvergenceER\mod\event\common_func.emevd.dcx
[2024-07-10 05:52:53.367] [modengine] [warning] Failed to load file C:\Users\CouchJockey\Documents\GitHub\ConvergenceER\mod\event\common_func.emevd.dcx
[2024-07-10 05:52:53.367] [modengine] [warning] Failed to load file C:\Users\CouchJockey\Documents\GitHub\ConvergenceER\mod\event\common_func.emevd.dcx
[2024-07-10 05:52:53.367] [modengine] [warning] Failed to load file C:\Users\CouchJockey\Documents\GitHub\ConvergenceER\mod\event\common_func.emevd.dcx
[2024-07-10 05:52:53.367] [modengine] [warning] Failed to load file C:\Users\CouchJockey\Documents\GitHub\ConvergenceER\mod\event\common_func.emevd.dcx
[2024-07-10 05:52:53.367] [modengine] [warning] Failed to load file C:\Users\CouchJockey\Documents\GitHub\ConvergenceER\mod\event\common_func.emevd.dcx
[2024-07-10 05:52:53.367] [modengine] [warning] Failed to load file C:\Users\CouchJockey\Documents\GitHub\ConvergenceER\mod\event\common_func.emevd.dcx
[2024-07-10 05:52:53.367] [modengine] [warning] Failed to load file C:\Users\CouchJockey\Documents\GitHub\ConvergenceER\mod\event\common_func.emevd.dcx
[2024-07-10 05:52:53.367] [modengine] [warning] Failed to load file C:\Users\CouchJockey\Documents\GitHub\ConvergenceER\mod\event\common_func.emevd.dcx
[2024-07-10 05:52:53.367] [modengine] [warning] Failed to load file C:\Users\CouchJockey\Documents\GitHub\ConvergenceER\mod\event\common_func.emevd.dcx
[2024-07-10 05:52:53.367] [modengine] [warning] Failed to load file C:\Users\CouchJockey\Documents\GitHub\ConvergenceER\mod\event\common_func.emevd.dcx
[2024-07-10 05:52:53.367] [modengine] [warning] Failed to load file C:\Users\CouchJockey\Documents\GitHub\ConvergenceER\mod\event\common_func.emevd.dcx
[2024-07-10 05:52:53.367] [modengine] [warning] Failed to load file C:\Users\CouchJockey\Documents\GitHub\ConvergenceER\mod\event\common_func.emevd.dcx
[2024-07-10 05:52:53.367] [modengine] [warning] Failed to load file C:\Users\CouchJockey\Documents\GitHub\ConvergenceER\mod\event\common_func.emevd.dcx
[2024-07-10 05:52:53.367] [modengine] [warning] Failed to load file C:\Users\CouchJockey\Documents\GitHub\ConvergenceER\mod\event\common_func.emevd.dcx
[2024-07-10 05:52:53.368] [modengine] [warning] Failed to load file C:\Users\CouchJockey\Documents\GitHub\ConvergenceER\mod\event\common_func.emevd.dcx
[2024-07-10 05:52:53.368] [modengine] [warning] Failed to load file C:\Users\CouchJockey\Documents\GitHub\ConvergenceER\mod\event\common_func.emevd.dcx
[2024-07-10 05:52:53.368] [modengine] [warning] Failed to load file C:\Users\CouchJockey\Documents\GitHub\ConvergenceER\mod\event\common_func.emevd.dcx
[2024-07-10 05:52:53.676] [modengine] [warning] Failed to load file C:\Users\CouchJockey\Documents\GitHub\ConvergenceER\mod\event\m11_05_00_00.emevd.dcx
[2024-07-10 05:52:53.676] [modengine] [warning] Failed to load file C:\Users\CouchJockey\Documents\GitHub\ConvergenceER\mod\event\m11_05_00_00.emevd.dcx
[2024-07-10 05:52:53.676] [modengine] [warning] Failed to load file C:\Users\CouchJockey\Documents\GitHub\ConvergenceER\mod\event\m11_05_00_00.emevd.dcx
[2024-07-10 05:52:53.676] [modengine] [warning] Failed to load file C:\Users\CouchJockey\Documents\GitHub\ConvergenceER\mod\event\m11_05_00_00.emevd.dcx
[2024-07-10 05:52:53.676] [modengine] [warning] Failed to load file C:\Users\CouchJockey\Documents\GitHub\ConvergenceER\mod\event\m11_05_00_00.emevd.dcx
[2024-07-10 05:52:53.676] [modengine] [warning] Failed to load file C:\Users\CouchJockey\Documents\GitHub\ConvergenceER\mod\event\m11_05_00_00.emevd.dcx
[2024-07-10 05:52:53.676] [modengine] [warning] Failed to load file C:\Users\CouchJockey\Documents\GitHub\ConvergenceER\mod\event\m11_05_00_00.emevd.dcx
[2024-07-10 05:52:53.676] [modengine] [warning] Failed to load file C:\Users\CouchJockey\Documents\GitHub\ConvergenceER\mod\event\m11_05_00_00.emevd.dcx
[2024-07-10 05:52:53.676] [modengine] [warning] Failed to load file C:\Users\CouchJockey\Documents\GitHub\ConvergenceER\mod\event\m11_05_00_00.emevd.dcx
[2024-07-10 05:52:53.676] [modengine] [warning] Failed to load file C:\Users\CouchJockey\Documents\GitHub\ConvergenceER\mod\event\m11_05_00_00.emevd.dcx
[2024-07-10 05:52:53.676] [modengine] [warning] Failed to load file C:\Users\CouchJockey\Documents\GitHub\ConvergenceER\mod\event\m11_05_00_00.emevd.dcx
[2024-07-10 05:52:53.677] [modengine] [warning] Failed to load file C:\Users\CouchJockey\Documents\GitHub\ConvergenceER\mod\event\m11_05_00_00.emevd.dcx
[2024-07-10 05:52:53.677] [modengine] [warning] Failed to load file C:\Users\CouchJockey\Documents\GitHub\ConvergenceER\mod\event\m11_05_00_00.emevd.dcx
[2024-07-10 05:52:53.677] [modengine] [warning] Failed to load file C:\Users\CouchJockey\Documents\GitHub\ConvergenceER\mod\event\m11_05_00_00.emevd.dcx
[2024-07-10 05:52:53.677] [modengine] [warning] Failed to load file C:\Users\CouchJockey\Documents\GitHub\ConvergenceER\mod\event\m11_05_00_00.emevd.dcx
[2024-07-10 05:52:53.677] [modengine] [warning] Failed to load file C:\Users\CouchJockey\Documents\GitHub\ConvergenceER\mod\event\m11_05_00_00.emevd.dcx
[2024-07-10 05:52:53.677] [modengine] [warning] Failed to load file C:\Users\CouchJockey\Documents\GitHub\ConvergenceER\mod\event\m11_05_00_00.emevd.dcx
[2024-07-10 05:52:53.677] [modengine] [warning] Failed to load file C:\Users\CouchJockey\Documents\GitHub\ConvergenceER\mod\event\m11_05_00_00.emevd.dcx
[2024-07-10 05:52:53.677] [modengine] [warning] Failed to load file C:\Users\CouchJockey\Documents\GitHub\ConvergenceER\mod\event\m11_05_00_00.emevd.dcx
[2024-07-10 05:52:53.677] [modengine] [warning] Failed to load file C:\Users\CouchJockey\Documents\GitHub\ConvergenceER\mod\event\m11_05_00_00.emevd.dcx
[2024-07-10 06:21:10.624] [modengine] [info] Attempting to load global config at C:\Users\CouchJockey\Documents\GitHub\ConvergenceER\modengine2\config.toml
[2024-07-10 06:21:10.624] [modengine] [info] Attempting to load mod settings config at C:\Users\CouchJockey\Documents\GitHub\ConvergenceER\config_eldenring.toml
[2024-07-10 06:21:10.625] [modengine] [info] Local config loaded
[2024-07-10 06:21:10.625] [modengine] [info] ModEngine version 2.1.0-0924ab36f1311bf84e7e626740b4bf2c0d54909a initializing for Elden Ring
[2024-07-10 06:21:10.625] [modengine] [info] Local settings loaded: true, Global settings loaded: false
[2024-07-10 06:21:10.625] [modengine] [info] Main thread ID: 20780
[2024-07-10 06:21:10.629] [modengine] [info] Loaded external DLL C:\Users\CouchJockey\Documents\GitHub\ConvergenceER\ertransmogrify.dll
[2024-07-10 06:21:10.629] [modengine] [warning] External dll C:\Users\CouchJockey\Documents\GitHub\ConvergenceER\ertransmogrify.dll at base address 0x7fff35080000 is not a modengine extension
[2024-07-10 06:21:10.629] [modengine] [info] Loaded external DLL C:\Users\CouchJockey\Documents\GitHub\ConvergenceER\ErdTools.dll
[2024-07-10 06:21:10.629] [modengine] [warning] External dll C:\Users\CouchJockey\Documents\GitHub\ConvergenceER\ErdTools.dll at base address 0x7fffa21a0000 is not a modengine extension
[2024-07-10 06:21:10.717] [modengine] [info] Loaded external DLL C:\Users\CouchJockey\Documents\GitHub\ConvergenceER\Scripts-Data-Exposer-FS.dll
[2024-07-10 06:21:10.717] [modengine] [warning] External dll C:\Users\CouchJockey\Documents\GitHub\ConvergenceER\Scripts-Data-Exposer-FS.dll at base address 0x7fffe8fa0000 is not a modengine extension
[2024-07-10 06:21:10.717] [modengine] [info] Enabling extension base
[2024-07-10 06:21:10.718] [modengine] [info] Enabled extension base
[2024-07-10 06:21:10.718] [modengine] [info] Enabling extension mod_loader
[2024-07-10 06:21:10.718] [modengine] [info] Installing mod location mod
[2024-07-10 06:21:10.718] [modengine] [info] Resolved mod path to C:\Users\CouchJockey\Documents\GitHub\ConvergenceER\mod
[2024-07-10 06:21:10.718] [modengine] [info] Enabled extension mod_loader
[2024-07-10 06:21:10.765] [modengine] [info] Applied 3 hooks
[2024-07-10 06:21:10.766] [modengine] [info] Starting worker thread
[2024-07-10 13:44:17.670] [modengine] [info] Attempting to load global config at C:\Users\CouchJockey\Documents\GitHub\ConvergenceER\modengine2\config.toml
[2024-07-10 13:44:17.670] [modengine] [info] Attempting to load mod settings config at C:\Users\CouchJockey\Documents\GitHub\ConvergenceER\config_eldenring.toml
[2024-07-10 13:44:17.676] [modengine] [info] Local config loaded
[2024-07-10 13:44:17.676] [modengine] [info] ModEngine version 2.1.0-0924ab36f1311bf84e7e626740b4bf2c0d54909a initializing for Elden Ring
[2024-07-10 13:44:17.676] [modengine] [info] Local settings loaded: true, Global settings loaded: false
[2024-07-10 13:44:17.676] [modengine] [info] Main thread ID: 27388
[2024-07-10 13:44:17.707] [modengine] [info] Loaded external DLL C:\Users\CouchJockey\Documents\GitHub\ConvergenceER\ertransmogrify.dll
[2024-07-10 13:44:17.707] [modengine] [warning] External dll C:\Users\CouchJockey\Documents\GitHub\ConvergenceER\ertransmogrify.dll at base address 0x7fff27930000 is not a modengine extension
[2024-07-10 13:44:17.733] [modengine] [info] Loaded external DLL C:\Users\CouchJockey\Documents\GitHub\ConvergenceER\ErdTools.dll
[2024-07-10 13:44:17.733] [modengine] [warning] External dll C:\Users\CouchJockey\Documents\GitHub\ConvergenceER\ErdTools.dll at base address 0x7fffc2fe0000 is not a modengine extension
[2024-07-10 13:44:17.816] [modengine] [info] Loaded external DLL C:\Users\CouchJockey\Documents\GitHub\ConvergenceER\Scripts-Data-Exposer-FS.dll
[2024-07-10 13:44:17.816] [modengine] [warning] External dll C:\Users\CouchJockey\Documents\GitHub\ConvergenceER\Scripts-Data-Exposer-FS.dll at base address 0x7fffe8fa0000 is not a modengine extension
[2024-07-10 13:44:17.816] [modengine] [info] Enabling extension base
[2024-07-10 13:44:17.816] [modengine] [info] Enabled extension base
[2024-07-10 13:44:17.816] [modengine] [info] Enabling extension mod_loader
[2024-07-10 13:44:17.816] [modengine] [info] Installing mod location mod
[2024-07-10 13:44:17.816] [modengine] [info] Resolved mod path to C:\Users\CouchJockey\Documents\GitHub\ConvergenceER\mod
[2024-07-10 13:44:17.816] [modengine] [info] Enabled extension mod_loader
[2024-07-10 13:44:17.864] [modengine] [info] Applied 3 hooks
[2024-07-10 13:44:17.866] [modengine] [info] Starting worker thread
[2024-07-10 13:50:14.992] [modengine] [info] Attempting to load global config at C:\Users\CouchJockey\Documents\GitHub\ConvergenceER\modengine2\config.toml
[2024-07-10 13:50:14.992] [modengine] [info] Attempting to load mod settings config at C:\Users\CouchJockey\Documents\GitHub\ConvergenceER\config_eldenring.toml
[2024-07-10 13:50:14.992] [modengine] [info] Local config loaded
[2024-07-10 13:50:14.993] [modengine] [info] ModEngine version 2.1.0-0924ab36f1311bf84e7e626740b4bf2c0d54909a initializing for Elden Ring
[2024-07-10 13:50:14.993] [modengine] [info] Local settings loaded: true, Global settings loaded: false
[2024-07-10 13:50:14.993] [modengine] [info] Main thread ID: 24932
[2024-07-10 13:50:14.996] [modengine] [info] Loaded external DLL C:\Users\CouchJockey\Documents\GitHub\ConvergenceER\ertransmogrify.dll
[2024-07-10 13:50:14.996] [modengine] [warning] External dll C:\Users\CouchJockey\Documents\GitHub\ConvergenceER\ertransmogrify.dll at base address 0x7fff27930000 is not a modengine extension
[2024-07-10 13:50:14.997] [modengine] [info] Loaded external DLL C:\Users\CouchJockey\Documents\GitHub\ConvergenceER\ErdTools.dll
[2024-07-10 13:50:14.997] [modengine] [warning] External dll C:\Users\CouchJockey\Documents\GitHub\ConvergenceER\ErdTools.dll at base address 0x7fffc2fe0000 is not a modengine extension
[2024-07-10 13:50:15.076] [modengine] [info] Loaded external DLL C:\Users\CouchJockey\Documents\GitHub\ConvergenceER\Scripts-Data-Exposer-FS.dll
[2024-07-10 13:50:15.076] [modengine] [warning] External dll C:\Users\CouchJockey\Documents\GitHub\ConvergenceER\Scripts-Data-Exposer-FS.dll at base address 0x7fffe8fa0000 is not a modengine extension
[2024-07-10 13:50:15.076] [modengine] [info] Enabling extension base
[2024-07-10 13:50:15.076] [modengine] [info] Enabled extension base
[2024-07-10 13:50:15.076] [modengine] [info] Enabling extension mod_loader
[2024-07-10 13:50:15.076] [modengine] [info] Installing mod location mod
[2024-07-10 13:50:15.077] [modengine] [info] Resolved mod path to C:\Users\CouchJockey\Documents\GitHub\ConvergenceER\mod
[2024-07-10 13:50:15.077] [modengine] [info] Enabled extension mod_loader
[2024-07-10 13:50:15.125] [modengine] [info] Applied 3 hooks
[2024-07-10 13:50:15.126] [modengine] [info] Starting worker thread
[2024-07-10 14:57:46.134] [modengine] [info] Attempting to load global config at C:\Users\CouchJockey\Documents\GitHub\ConvergenceER\modengine2\config.toml
[2024-07-10 14:57:46.135] [modengine] [info] Attempting to load mod settings config at C:\Users\CouchJockey\Documents\GitHub\ConvergenceER\config_eldenring.toml
[2024-07-10 14:57:46.135] [modengine] [info] Local config loaded
[2024-07-10 14:57:46.135] [modengine] [info] ModEngine version 2.1.0-0924ab36f1311bf84e7e626740b4bf2c0d54909a initializing for Elden Ring
[2024-07-10 14:57:46.135] [modengine] [info] Local settings loaded: true, Global settings loaded: false
[2024-07-10 14:57:46.135] [modengine] [info] Main thread ID: 10288
[2024-07-10 14:57:46.140] [modengine] [info] Loaded external DLL C:\Users\CouchJockey\Documents\GitHub\ConvergenceER\ertransmogrify.dll
[2024-07-10 14:57:46.140] [modengine] [warning] External dll C:\Users\CouchJockey\Documents\GitHub\ConvergenceER\ertransmogrify.dll at base address 0x7fff348a0000 is not a modengine extension
[2024-07-10 14:57:46.141] [modengine] [info] Loaded external DLL C:\Users\CouchJockey\Documents\GitHub\ConvergenceER\ErdTools.dll
[2024-07-10 14:57:46.141] [modengine] [warning] External dll C:\Users\CouchJockey\Documents\GitHub\ConvergenceER\ErdTools.dll at base address 0x7fff27550000 is not a modengine extension
[2024-07-10 14:57:46.219] [modengine] [info] Loaded external DLL C:\Users\CouchJockey\Documents\GitHub\ConvergenceER\Scripts-Data-Exposer-FS.dll
[2024-07-10 14:57:46.219] [modengine] [warning] External dll C:\Users\CouchJockey\Documents\GitHub\ConvergenceER\Scripts-Data-Exposer-FS.dll at base address 0x7fffb2af0000 is not a modengine extension
[2024-07-10 14:57:46.219] [modengine] [info] Enabling extension base
[2024-07-10 14:57:46.219] [modengine] [info] Enabled extension base
[2024-07-10 14:57:46.219] [modengine] [info] Enabling extension mod_loader
[2024-07-10 14:57:46.219] [modengine] [info] Installing mod location mod
[2024-07-10 14:57:46.220] [modengine] [info] Resolved mod path to C:\Users\CouchJockey\Documents\GitHub\ConvergenceER\mod
[2024-07-10 14:57:46.220] [modengine] [info] Enabled extension mod_loader
[2024-07-10 14:57:46.268] [modengine] [info] Applied 3 hooks
[2024-07-10 14:57:46.270] [modengine] [info] Starting worker thread
