[2025-06-17 16:17:19.139] [modengine] [info] Attempting to load global config at C:\Users\Vibezzify\Desktop\CCW 3.7.5\modengine2\config.toml
[2025-06-17 16:17:19.139] [modengine] [info] Attempting to load mod settings config at C:\Users\Vibezzify\Desktop\CCW 3.7.5\config_eldenring.toml
[2025-06-17 16:17:19.140] [modengine] [info] Local config loaded
[2025-06-17 16:17:19.141] [modengine] [info] ModEngine version 2.1.0-2440fc717d61eaee1549a9fc94e3109e6c016275 initializing for Elden Ring
[2025-06-17 16:17:19.141] [modengine] [info] Local settings loaded: true, Global settings loaded: false
[2025-06-17 16:17:19.141] [modengine] [info] Main thread ID: 3880
[2025-06-17 16:17:19.183] [modengine] [info] Loaded external DLL C:\Users\Vibezzify\Desktop\CCW 3.7.5\mod/ertransmogrify.dll
[2025-06-17 16:17:19.183] [modengine] [warning] External dll C:\Users\Vibezzify\Desktop\CCW 3.7.5\mod/ertransmogrify.dll at base address 0x7fff145e0000 is not a modengine extension
[2025-06-17 16:17:19.301] [modengine] [info] Loaded external DLL C:\Users\Vibezzify\Desktop\CCW 3.7.5\mod/eldenring_alt_saves.dll
[2025-06-17 16:17:19.301] [modengine] [warning] External dll C:\Users\Vibezzify\Desktop\CCW 3.7.5\mod/eldenring_alt_saves.dll at base address 0x7fff119c0000 is not a modengine extension
[2025-06-17 16:17:19.329] [modengine] [info] Loaded external DLL C:\Users\Vibezzify\Desktop\CCW 3.7.5\mod/ErdTools.dll
[2025-06-17 16:17:19.329] [modengine] [warning] External dll C:\Users\Vibezzify\Desktop\CCW 3.7.5\mod/ErdTools.dll at base address 0x7fff136e0000 is not a modengine extension
[2025-06-17 16:17:19.367] [modengine] [info] Loaded external DLL C:\Users\Vibezzify\Desktop\CCW 3.7.5\mod/ermerchant.dll
[2025-06-17 16:17:19.367] [modengine] [warning] External dll C:\Users\Vibezzify\Desktop\CCW 3.7.5\mod/ermerchant.dll at base address 0x7fff02680000 is not a modengine extension
[2025-06-17 16:17:19.367] [modengine] [info] Enabling extension base
[2025-06-17 16:17:19.367] [modengine] [info] Enabled extension base
[2025-06-17 16:17:19.367] [modengine] [info] Enabling extension mod_loader
[2025-06-17 16:17:19.367] [modengine] [info] Installing mod location mod
[2025-06-17 16:17:19.367] [modengine] [info] Resolved mod path to C:\Users\Vibezzify\Desktop\CCW 3.7.5\mod
[2025-06-17 16:17:19.367] [modengine] [info] Enabled extension mod_loader
[2025-06-17 16:17:19.471] [modengine] [info] Applied 4 hooks
[2025-06-17 16:17:19.473] [modengine] [info] Starting worker thread
[2025-06-17 17:41:21.919] [modengine] [info] Attempting to load global config at C:\Users\Vibezzify\Desktop\CCW 3.7.5\modengine2\config.toml
[2025-06-17 17:41:21.919] [modengine] [info] Attempting to load mod settings config at C:\Users\Vibezzify\Desktop\CCW 3.7.5\config_eldenring.toml
[2025-06-17 17:41:21.929] [modengine] [info] Local config loaded
[2025-06-17 17:41:21.930] [modengine] [info] ModEngine version 2.1.0-2440fc717d61eaee1549a9fc94e3109e6c016275 initializing for Elden Ring
[2025-06-17 17:41:21.930] [modengine] [info] Local settings loaded: true, Global settings loaded: false
[2025-06-17 17:41:21.930] [modengine] [info] Main thread ID: 15852
[2025-06-17 17:41:21.976] [modengine] [info] Loaded external DLL C:\Users\Vibezzify\Desktop\CCW 3.7.5\mod/ertransmogrify.dll
[2025-06-17 17:41:21.976] [modengine] [warning] External dll C:\Users\Vibezzify\Desktop\CCW 3.7.5\mod/ertransmogrify.dll at base address 0x7fff119f0000 is not a modengine extension
[2025-06-17 17:41:22.110] [modengine] [info] Loaded external DLL C:\Users\Vibezzify\Desktop\CCW 3.7.5\mod/eldenring_alt_saves.dll
[2025-06-17 17:41:22.110] [modengine] [warning] External dll C:\Users\Vibezzify\Desktop\CCW 3.7.5\mod/eldenring_alt_saves.dll at base address 0x7ffe9db40000 is not a modengine extension
[2025-06-17 17:41:22.137] [modengine] [info] Loaded external DLL C:\Users\Vibezzify\Desktop\CCW 3.7.5\mod/ErdTools.dll
[2025-06-17 17:41:22.137] [modengine] [warning] External dll C:\Users\Vibezzify\Desktop\CCW 3.7.5\mod/ErdTools.dll at base address 0x7fff149c0000 is not a modengine extension
[2025-06-17 17:41:22.175] [modengine] [info] Loaded external DLL C:\Users\Vibezzify\Desktop\CCW 3.7.5\mod/ermerchant.dll
[2025-06-17 17:41:22.175] [modengine] [warning] External dll C:\Users\Vibezzify\Desktop\CCW 3.7.5\mod/ermerchant.dll at base address 0x7fff02680000 is not a modengine extension
[2025-06-17 17:41:22.175] [modengine] [info] Enabling extension base
[2025-06-17 17:41:22.175] [modengine] [info] Enabled extension base
[2025-06-17 17:41:22.175] [modengine] [info] Enabling extension mod_loader
[2025-06-17 17:41:22.175] [modengine] [info] Installing mod location mod
[2025-06-17 17:41:22.175] [modengine] [info] Resolved mod path to C:\Users\Vibezzify\Desktop\CCW 3.7.5\mod
[2025-06-17 17:41:22.175] [modengine] [info] Enabled extension mod_loader
[2025-06-17 17:41:22.283] [modengine] [info] Applied 4 hooks
[2025-06-17 17:41:22.284] [modengine] [info] Starting worker thread
