[2024-07-04 01:24:19.715] [modengine] [info] Attempting to load global config at C:\Users\CouchJockey\Documents\GitHub\ConvergenceER\modengine2\config.toml
[2024-07-04 01:24:19.715] [modengine] [info] Attempting to load mod settings config at C:\Users\CouchJockey\Documents\GitHub\ConvergenceER\config_eldenring.toml
[2024-07-04 01:24:19.723] [modengine] [info] Local config loaded
[2024-07-04 01:24:19.723] [modengine] [info] ModEngine version 2.1.0-0924ab36f1311bf84e7e626740b4bf2c0d54909a initializing for Elden Ring
[2024-07-04 01:24:19.723] [modengine] [info] Local settings loaded: true, Global settings loaded: false
[2024-07-04 01:24:19.723] [modengine] [info] Main thread ID: 7268
[2024-07-04 01:24:19.753] [modengine] [info] Loaded external DLL C:\Users\CouchJockey\Documents\GitHub\ConvergenceER\ertransmogrify.dll
[2024-07-04 01:24:19.753] [modengine] [warning] External dll C:\Users\CouchJockey\Documents\GitHub\ConvergenceER\ertransmogrify.dll at base address 0x7fffe1210000 is not a modengine extension
[2024-07-04 01:24:19.771] [modengine] [info] Loaded external DLL C:\Users\CouchJockey\Documents\GitHub\ConvergenceER\ErdTools.dll
[2024-07-04 01:24:19.771] [modengine] [warning] External dll C:\Users\CouchJockey\Documents\GitHub\ConvergenceER\ErdTools.dll at base address 0x7ff808810000 is not a modengine extension
[2024-07-04 01:24:19.862] [modengine] [info] Loaded external DLL C:\Users\CouchJockey\Documents\GitHub\ConvergenceER\Scripts-Data-Exposer-FS.dll
[2024-07-04 01:24:19.862] [modengine] [warning] External dll C:\Users\CouchJockey\Documents\GitHub\ConvergenceER\Scripts-Data-Exposer-FS.dll at base address 0x7fffe5be0000 is not a modengine extension
[2024-07-04 01:24:19.862] [modengine] [info] Enabling extension base
[2024-07-04 01:24:19.862] [modengine] [info] Enabled extension base
[2024-07-04 01:24:19.862] [modengine] [info] Enabling extension mod_loader
[2024-07-04 01:24:19.862] [modengine] [info] Installing mod location mod
[2024-07-04 01:24:19.862] [modengine] [info] Resolved mod path to C:\Users\CouchJockey\Documents\GitHub\ConvergenceER\mod
[2024-07-04 01:24:19.862] [modengine] [info] Enabled extension mod_loader
[2024-07-04 01:24:19.914] [modengine] [info] Applied 3 hooks
[2024-07-04 01:24:19.915] [modengine] [info] Starting worker thread
[2024-07-04 08:01:12.792] [modengine] [info] Attempting to load global config at C:\Users\CouchJockey\Documents\GitHub\ConvergenceER\modengine2\config.toml
[2024-07-04 08:01:12.792] [modengine] [info] Attempting to load mod settings config at C:\Users\CouchJockey\Documents\GitHub\ConvergenceER\config_eldenring.toml
[2024-07-04 08:01:12.798] [modengine] [info] Local config loaded
[2024-07-04 08:01:12.798] [modengine] [info] ModEngine version 2.1.0-0924ab36f1311bf84e7e626740b4bf2c0d54909a initializing for Elden Ring
[2024-07-04 08:01:12.798] [modengine] [info] Local settings loaded: true, Global settings loaded: false
[2024-07-04 08:01:12.798] [modengine] [info] Main thread ID: 10416
[2024-07-04 08:01:12.825] [modengine] [info] Loaded external DLL C:\Users\CouchJockey\Documents\GitHub\ConvergenceER\ertransmogrify.dll
[2024-07-04 08:01:12.825] [modengine] [warning] External dll C:\Users\CouchJockey\Documents\GitHub\ConvergenceER\ertransmogrify.dll at base address 0x7fffec7b0000 is not a modengine extension
[2024-07-04 08:01:12.844] [modengine] [info] Loaded external DLL C:\Users\CouchJockey\Documents\GitHub\ConvergenceER\ErdTools.dll
[2024-07-04 08:01:12.844] [modengine] [warning] External dll C:\Users\CouchJockey\Documents\GitHub\ConvergenceER\ErdTools.dll at base address 0x7ff803a30000 is not a modengine extension
[2024-07-04 08:01:12.925] [modengine] [info] Loaded external DLL C:\Users\CouchJockey\Documents\GitHub\ConvergenceER\Scripts-Data-Exposer-FS.dll
[2024-07-04 08:01:12.926] [modengine] [warning] External dll C:\Users\CouchJockey\Documents\GitHub\ConvergenceER\Scripts-Data-Exposer-FS.dll at base address 0x7ff803a10000 is not a modengine extension
[2024-07-04 08:01:12.926] [modengine] [info] Enabling extension base
[2024-07-04 08:01:12.926] [modengine] [info] Enabled extension base
[2024-07-04 08:01:12.926] [modengine] [info] Enabling extension mod_loader
[2024-07-04 08:01:12.926] [modengine] [info] Installing mod location mod
[2024-07-04 08:01:12.926] [modengine] [info] Resolved mod path to C:\Users\CouchJockey\Documents\GitHub\ConvergenceER\mod
[2024-07-04 08:01:12.926] [modengine] [info] Enabled extension mod_loader
[2024-07-04 08:01:12.974] [modengine] [info] Applied 3 hooks
[2024-07-04 08:01:12.975] [modengine] [info] Starting worker thread
[2024-07-04 08:14:46.380] [modengine] [info] Attempting to load global config at C:\Users\CouchJockey\Documents\GitHub\ConvergenceER\modengine2\config.toml
[2024-07-04 08:14:46.380] [modengine] [info] Attempting to load mod settings config at C:\Users\CouchJockey\Documents\GitHub\ConvergenceER\config_eldenring.toml
[2024-07-04 08:14:46.381] [modengine] [info] Local config loaded
[2024-07-04 08:14:46.381] [modengine] [info] ModEngine version 2.1.0-0924ab36f1311bf84e7e626740b4bf2c0d54909a initializing for Elden Ring
[2024-07-04 08:14:46.381] [modengine] [info] Local settings loaded: true, Global settings loaded: false
[2024-07-04 08:14:46.381] [modengine] [info] Main thread ID: 33012
[2024-07-04 08:14:46.385] [modengine] [info] Loaded external DLL C:\Users\CouchJockey\Documents\GitHub\ConvergenceER\ertransmogrify.dll
[2024-07-04 08:14:46.385] [modengine] [warning] External dll C:\Users\CouchJockey\Documents\GitHub\ConvergenceER\ertransmogrify.dll at base address 0x7fffe2770000 is not a modengine extension
[2024-07-04 08:14:46.385] [modengine] [info] Loaded external DLL C:\Users\CouchJockey\Documents\GitHub\ConvergenceER\ErdTools.dll
[2024-07-04 08:14:46.385] [modengine] [warning] External dll C:\Users\CouchJockey\Documents\GitHub\ConvergenceER\ErdTools.dll at base address 0x7ff8014d0000 is not a modengine extension
[2024-07-04 08:14:46.454] [modengine] [info] Loaded external DLL C:\Users\CouchJockey\Documents\GitHub\ConvergenceER\Scripts-Data-Exposer-FS.dll
[2024-07-04 08:14:46.454] [modengine] [warning] External dll C:\Users\CouchJockey\Documents\GitHub\ConvergenceER\Scripts-Data-Exposer-FS.dll at base address 0x7ff802820000 is not a modengine extension
[2024-07-04 08:14:46.454] [modengine] [info] Enabling extension base
[2024-07-04 08:14:46.454] [modengine] [info] Enabled extension base
[2024-07-04 08:14:46.454] [modengine] [info] Enabling extension mod_loader
[2024-07-04 08:14:46.454] [modengine] [info] Installing mod location mod
[2024-07-04 08:14:46.454] [modengine] [info] Resolved mod path to C:\Users\CouchJockey\Documents\GitHub\ConvergenceER\mod
[2024-07-04 08:14:46.454] [modengine] [info] Enabled extension mod_loader
[2024-07-04 08:14:46.501] [modengine] [info] Applied 3 hooks
[2024-07-04 08:14:46.503] [modengine] [info] Starting worker thread
[2024-07-04 09:17:20.352] [modengine] [info] Attempting to load global config at C:\Users\CouchJockey\Documents\GitHub\ConvergenceER\modengine2\config.toml
[2024-07-04 09:17:20.352] [modengine] [info] Attempting to load mod settings config at C:\Users\CouchJockey\Documents\GitHub\ConvergenceER\config_eldenring.toml
[2024-07-04 09:17:20.352] [modengine] [info] Local config loaded
[2024-07-04 09:17:20.352] [modengine] [info] ModEngine version 2.1.0-0924ab36f1311bf84e7e626740b4bf2c0d54909a initializing for Elden Ring
[2024-07-04 09:17:20.352] [modengine] [info] Local settings loaded: true, Global settings loaded: false
[2024-07-04 09:17:20.352] [modengine] [info] Main thread ID: 18952
[2024-07-04 09:17:20.357] [modengine] [info] Loaded external DLL C:\Users\CouchJockey\Documents\GitHub\ConvergenceER\ertransmogrify.dll
[2024-07-04 09:17:20.357] [modengine] [warning] External dll C:\Users\CouchJockey\Documents\GitHub\ConvergenceER\ertransmogrify.dll at base address 0x7fffe7940000 is not a modengine extension
[2024-07-04 09:17:20.357] [modengine] [info] Loaded external DLL C:\Users\CouchJockey\Documents\GitHub\ConvergenceER\ErdTools.dll
[2024-07-04 09:17:20.357] [modengine] [warning] External dll C:\Users\CouchJockey\Documents\GitHub\ConvergenceER\ErdTools.dll at base address 0x7fffea740000 is not a modengine extension
[2024-07-04 09:17:20.430] [modengine] [info] Loaded external DLL C:\Users\CouchJockey\Documents\GitHub\ConvergenceER\Scripts-Data-Exposer-FS.dll
[2024-07-04 09:17:20.430] [modengine] [warning] External dll C:\Users\CouchJockey\Documents\GitHub\ConvergenceER\Scripts-Data-Exposer-FS.dll at base address 0x7ff802820000 is not a modengine extension
[2024-07-04 09:17:20.430] [modengine] [info] Enabling extension base
[2024-07-04 09:17:20.430] [modengine] [info] Enabled extension base
[2024-07-04 09:17:20.430] [modengine] [info] Enabling extension mod_loader
[2024-07-04 09:17:20.430] [modengine] [info] Installing mod location mod
[2024-07-04 09:17:20.430] [modengine] [info] Resolved mod path to C:\Users\CouchJockey\Documents\GitHub\ConvergenceER\mod
[2024-07-04 09:17:20.430] [modengine] [info] Enabled extension mod_loader
[2024-07-04 09:17:20.479] [modengine] [info] Applied 3 hooks
[2024-07-04 09:17:20.480] [modengine] [info] Starting worker thread
[2024-07-04 10:03:44.672] [modengine] [info] Attempting to load global config at C:\Users\CouchJockey\Documents\GitHub\ConvergenceER\modengine2\config.toml
[2024-07-04 10:03:44.672] [modengine] [info] Attempting to load mod settings config at C:\Users\CouchJockey\Documents\GitHub\ConvergenceER\config_eldenring.toml
[2024-07-04 10:03:44.672] [modengine] [info] Local config loaded
[2024-07-04 10:03:44.672] [modengine] [info] ModEngine version 2.1.0-0924ab36f1311bf84e7e626740b4bf2c0d54909a initializing for Elden Ring
[2024-07-04 10:03:44.672] [modengine] [info] Local settings loaded: true, Global settings loaded: false
[2024-07-04 10:03:44.672] [modengine] [info] Main thread ID: 37532
[2024-07-04 10:03:44.676] [modengine] [info] Loaded external DLL C:\Users\CouchJockey\Documents\GitHub\ConvergenceER\ertransmogrify.dll
[2024-07-04 10:03:44.676] [modengine] [warning] External dll C:\Users\CouchJockey\Documents\GitHub\ConvergenceER\ertransmogrify.dll at base address 0x7fffdd8d0000 is not a modengine extension
[2024-07-04 10:03:44.677] [modengine] [info] Loaded external DLL C:\Users\CouchJockey\Documents\GitHub\ConvergenceER\ErdTools.dll
[2024-07-04 10:03:44.677] [modengine] [warning] External dll C:\Users\CouchJockey\Documents\GitHub\ConvergenceER\ErdTools.dll at base address 0x7fffe5670000 is not a modengine extension
[2024-07-04 10:03:44.752] [modengine] [info] Loaded external DLL C:\Users\CouchJockey\Documents\GitHub\ConvergenceER\Scripts-Data-Exposer-FS.dll
[2024-07-04 10:03:44.752] [modengine] [warning] External dll C:\Users\CouchJockey\Documents\GitHub\ConvergenceER\Scripts-Data-Exposer-FS.dll at base address 0x7fffe7fb0000 is not a modengine extension
[2024-07-04 10:03:44.752] [modengine] [info] Enabling extension base
[2024-07-04 10:03:44.752] [modengine] [info] Enabled extension base
[2024-07-04 10:03:44.752] [modengine] [info] Enabling extension mod_loader
[2024-07-04 10:03:44.752] [modengine] [info] Installing mod location mod
[2024-07-04 10:03:44.752] [modengine] [info] Resolved mod path to C:\Users\CouchJockey\Documents\GitHub\ConvergenceER\mod
[2024-07-04 10:03:44.752] [modengine] [info] Enabled extension mod_loader
[2024-07-04 10:03:44.800] [modengine] [info] Applied 3 hooks
[2024-07-04 10:03:44.802] [modengine] [info] Starting worker thread
[2024-07-04 10:18:27.867] [modengine] [info] Attempting to load global config at C:\Users\CouchJockey\Documents\GitHub\ConvergenceER\modengine2\config.toml
[2024-07-04 10:18:27.867] [modengine] [info] Attempting to load mod settings config at C:\Users\CouchJockey\Documents\GitHub\ConvergenceER\config_eldenring.toml
[2024-07-04 10:18:27.867] [modengine] [info] Local config loaded
[2024-07-04 10:18:27.867] [modengine] [info] ModEngine version 2.1.0-0924ab36f1311bf84e7e626740b4bf2c0d54909a initializing for Elden Ring
[2024-07-04 10:18:27.867] [modengine] [info] Local settings loaded: true, Global settings loaded: false
[2024-07-04 10:18:27.867] [modengine] [info] Main thread ID: 30616
[2024-07-04 10:18:27.871] [modengine] [info] Loaded external DLL C:\Users\CouchJockey\Documents\GitHub\ConvergenceER\ertransmogrify.dll
[2024-07-04 10:18:27.871] [modengine] [warning] External dll C:\Users\CouchJockey\Documents\GitHub\ConvergenceER\ertransmogrify.dll at base address 0x7fffec7b0000 is not a modengine extension
[2024-07-04 10:18:27.872] [modengine] [info] Loaded external DLL C:\Users\CouchJockey\Documents\GitHub\ConvergenceER\ErdTools.dll
[2024-07-04 10:18:27.872] [modengine] [warning] External dll C:\Users\CouchJockey\Documents\GitHub\ConvergenceER\ErdTools.dll at base address 0x7fffec780000 is not a modengine extension
[2024-07-04 10:18:27.944] [modengine] [info] Loaded external DLL C:\Users\CouchJockey\Documents\GitHub\ConvergenceER\Scripts-Data-Exposer-FS.dll
[2024-07-04 10:18:27.944] [modengine] [warning] External dll C:\Users\CouchJockey\Documents\GitHub\ConvergenceER\Scripts-Data-Exposer-FS.dll at base address 0x7ff8014d0000 is not a modengine extension
[2024-07-04 10:18:27.944] [modengine] [info] Enabling extension base
[2024-07-04 10:18:27.944] [modengine] [info] Enabled extension base
[2024-07-04 10:18:27.944] [modengine] [info] Enabling extension mod_loader
[2024-07-04 10:18:27.944] [modengine] [info] Installing mod location mod
[2024-07-04 10:18:27.944] [modengine] [info] Resolved mod path to C:\Users\CouchJockey\Documents\GitHub\ConvergenceER\mod
[2024-07-04 10:18:27.944] [modengine] [info] Enabled extension mod_loader
[2024-07-04 10:18:27.994] [modengine] [info] Applied 3 hooks
[2024-07-04 10:18:27.995] [modengine] [info] Starting worker thread
[2024-07-04 10:28:14.020] [modengine] [info] Attempting to load global config at C:\Users\CouchJockey\Documents\GitHub\ConvergenceER\modengine2\config.toml
[2024-07-04 10:28:14.021] [modengine] [info] Attempting to load mod settings config at C:\Users\CouchJockey\Documents\GitHub\ConvergenceER\config_eldenring.toml
[2024-07-04 10:28:14.021] [modengine] [info] Local config loaded
[2024-07-04 10:28:14.021] [modengine] [info] ModEngine version 2.1.0-0924ab36f1311bf84e7e626740b4bf2c0d54909a initializing for Elden Ring
[2024-07-04 10:28:14.021] [modengine] [info] Local settings loaded: true, Global settings loaded: false
[2024-07-04 10:28:14.021] [modengine] [info] Main thread ID: 25328
[2024-07-04 10:28:14.026] [modengine] [info] Loaded external DLL C:\Users\CouchJockey\Documents\GitHub\ConvergenceER\ertransmogrify.dll
[2024-07-04 10:28:14.026] [modengine] [warning] External dll C:\Users\CouchJockey\Documents\GitHub\ConvergenceER\ertransmogrify.dll at base address 0x7fffe57c0000 is not a modengine extension
[2024-07-04 10:28:14.026] [modengine] [info] Loaded external DLL C:\Users\CouchJockey\Documents\GitHub\ConvergenceER\ErdTools.dll
[2024-07-04 10:28:14.026] [modengine] [warning] External dll C:\Users\CouchJockey\Documents\GitHub\ConvergenceER\ErdTools.dll at base address 0x7fffec790000 is not a modengine extension
[2024-07-04 10:28:14.103] [modengine] [info] Loaded external DLL C:\Users\CouchJockey\Documents\GitHub\ConvergenceER\Scripts-Data-Exposer-FS.dll
[2024-07-04 10:28:14.103] [modengine] [warning] External dll C:\Users\CouchJockey\Documents\GitHub\ConvergenceER\Scripts-Data-Exposer-FS.dll at base address 0x7ff8014d0000 is not a modengine extension
[2024-07-04 10:28:14.103] [modengine] [info] Enabling extension base
[2024-07-04 10:28:14.103] [modengine] [info] Enabled extension base
[2024-07-04 10:28:14.103] [modengine] [info] Enabling extension mod_loader
[2024-07-04 10:28:14.103] [modengine] [info] Installing mod location mod
[2024-07-04 10:28:14.103] [modengine] [info] Resolved mod path to C:\Users\CouchJockey\Documents\GitHub\ConvergenceER\mod
[2024-07-04 10:28:14.103] [modengine] [info] Enabled extension mod_loader
[2024-07-04 10:28:14.151] [modengine] [info] Applied 3 hooks
[2024-07-04 10:28:14.153] [modengine] [info] Starting worker thread
[2024-07-04 10:29:58.571] [modengine] [info] Attempting to load global config at C:\Users\CouchJockey\Documents\GitHub\ConvergenceER\modengine2\config.toml
[2024-07-04 10:29:58.571] [modengine] [info] Attempting to load mod settings config at C:\Users\CouchJockey\Documents\GitHub\ConvergenceER\config_eldenring.toml
[2024-07-04 10:29:58.572] [modengine] [info] Local config loaded
[2024-07-04 10:29:58.572] [modengine] [info] ModEngine version 2.1.0-0924ab36f1311bf84e7e626740b4bf2c0d54909a initializing for Elden Ring
[2024-07-04 10:29:58.572] [modengine] [info] Local settings loaded: true, Global settings loaded: false
[2024-07-04 10:29:58.572] [modengine] [info] Main thread ID: 23708
[2024-07-04 10:29:58.576] [modengine] [info] Loaded external DLL C:\Users\CouchJockey\Documents\GitHub\ConvergenceER\ertransmogrify.dll
[2024-07-04 10:29:58.576] [modengine] [warning] External dll C:\Users\CouchJockey\Documents\GitHub\ConvergenceER\ertransmogrify.dll at base address 0x7fffe57c0000 is not a modengine extension
[2024-07-04 10:29:58.577] [modengine] [info] Loaded external DLL C:\Users\CouchJockey\Documents\GitHub\ConvergenceER\ErdTools.dll
[2024-07-04 10:29:58.577] [modengine] [warning] External dll C:\Users\CouchJockey\Documents\GitHub\ConvergenceER\ErdTools.dll at base address 0x7fffec7c0000 is not a modengine extension
[2024-07-04 10:29:58.648] [modengine] [info] Loaded external DLL C:\Users\CouchJockey\Documents\GitHub\ConvergenceER\Scripts-Data-Exposer-FS.dll
[2024-07-04 10:29:58.648] [modengine] [warning] External dll C:\Users\CouchJockey\Documents\GitHub\ConvergenceER\Scripts-Data-Exposer-FS.dll at base address 0x7ff8014d0000 is not a modengine extension
[2024-07-04 10:29:58.648] [modengine] [info] Enabling extension base
[2024-07-04 10:29:58.648] [modengine] [info] Enabled extension base
[2024-07-04 10:29:58.648] [modengine] [info] Enabling extension mod_loader
[2024-07-04 10:29:58.648] [modengine] [info] Installing mod location mod
[2024-07-04 10:29:58.648] [modengine] [info] Resolved mod path to C:\Users\CouchJockey\Documents\GitHub\ConvergenceER\mod
[2024-07-04 10:29:58.649] [modengine] [info] Enabled extension mod_loader
[2024-07-04 10:29:58.695] [modengine] [info] Applied 3 hooks
[2024-07-04 10:29:58.697] [modengine] [info] Starting worker thread
[2024-07-04 10:35:08.766] [modengine] [info] Attempting to load global config at C:\Users\CouchJockey\Documents\GitHub\ConvergenceER\modengine2\config.toml
[2024-07-04 10:35:08.766] [modengine] [info] Attempting to load mod settings config at C:\Users\CouchJockey\Documents\GitHub\ConvergenceER\config_eldenring.toml
[2024-07-04 10:35:08.766] [modengine] [info] Local config loaded
[2024-07-04 10:35:08.766] [modengine] [info] ModEngine version 2.1.0-0924ab36f1311bf84e7e626740b4bf2c0d54909a initializing for Elden Ring
[2024-07-04 10:35:08.766] [modengine] [info] Local settings loaded: true, Global settings loaded: false
[2024-07-04 10:35:08.766] [modengine] [info] Main thread ID: 29104
[2024-07-04 10:35:08.770] [modengine] [info] Loaded external DLL C:\Users\CouchJockey\Documents\GitHub\ConvergenceER\ertransmogrify.dll
[2024-07-04 10:35:08.770] [modengine] [warning] External dll C:\Users\CouchJockey\Documents\GitHub\ConvergenceER\ertransmogrify.dll at base address 0x7fffe57c0000 is not a modengine extension
[2024-07-04 10:35:08.771] [modengine] [info] Loaded external DLL C:\Users\CouchJockey\Documents\GitHub\ConvergenceER\ErdTools.dll
[2024-07-04 10:35:08.771] [modengine] [warning] External dll C:\Users\CouchJockey\Documents\GitHub\ConvergenceER\ErdTools.dll at base address 0x7fffea720000 is not a modengine extension
[2024-07-04 10:35:08.846] [modengine] [info] Loaded external DLL C:\Users\CouchJockey\Documents\GitHub\ConvergenceER\Scripts-Data-Exposer-FS.dll
[2024-07-04 10:35:08.846] [modengine] [warning] External dll C:\Users\CouchJockey\Documents\GitHub\ConvergenceER\Scripts-Data-Exposer-FS.dll at base address 0x7ff802620000 is not a modengine extension
[2024-07-04 10:35:08.846] [modengine] [info] Enabling extension base
[2024-07-04 10:35:08.846] [modengine] [info] Enabled extension base
[2024-07-04 10:35:08.846] [modengine] [info] Enabling extension mod_loader
[2024-07-04 10:35:08.846] [modengine] [info] Installing mod location mod
[2024-07-04 10:35:08.846] [modengine] [info] Resolved mod path to C:\Users\CouchJockey\Documents\GitHub\ConvergenceER\mod
[2024-07-04 10:35:08.846] [modengine] [info] Enabled extension mod_loader
[2024-07-04 10:35:08.894] [modengine] [info] Applied 3 hooks
[2024-07-04 10:35:08.895] [modengine] [info] Starting worker thread
[2024-07-04 10:37:03.798] [modengine] [info] Attempting to load global config at C:\Users\CouchJockey\Documents\GitHub\ConvergenceER\modengine2\config.toml
[2024-07-04 10:37:03.798] [modengine] [info] Attempting to load mod settings config at C:\Users\CouchJockey\Documents\GitHub\ConvergenceER\config_eldenring.toml
[2024-07-04 10:37:03.799] [modengine] [info] Local config loaded
[2024-07-04 10:37:03.799] [modengine] [info] ModEngine version 2.1.0-0924ab36f1311bf84e7e626740b4bf2c0d54909a initializing for Elden Ring
[2024-07-04 10:37:03.799] [modengine] [info] Local settings loaded: true, Global settings loaded: false
[2024-07-04 10:37:03.799] [modengine] [info] Main thread ID: 34480
[2024-07-04 10:37:03.803] [modengine] [info] Loaded external DLL C:\Users\CouchJockey\Documents\GitHub\ConvergenceER\ertransmogrify.dll
[2024-07-04 10:37:03.803] [modengine] [warning] External dll C:\Users\CouchJockey\Documents\GitHub\ConvergenceER\ertransmogrify.dll at base address 0x7fffe57c0000 is not a modengine extension
[2024-07-04 10:37:03.804] [modengine] [info] Loaded external DLL C:\Users\CouchJockey\Documents\GitHub\ConvergenceER\ErdTools.dll
[2024-07-04 10:37:03.804] [modengine] [warning] External dll C:\Users\CouchJockey\Documents\GitHub\ConvergenceER\ErdTools.dll at base address 0x7fffea720000 is not a modengine extension
[2024-07-04 10:37:03.891] [modengine] [info] Loaded external DLL C:\Users\CouchJockey\Documents\GitHub\ConvergenceER\Scripts-Data-Exposer-FS.dll
[2024-07-04 10:37:03.891] [modengine] [warning] External dll C:\Users\CouchJockey\Documents\GitHub\ConvergenceER\Scripts-Data-Exposer-FS.dll at base address 0x7ff802620000 is not a modengine extension
[2024-07-04 10:37:03.891] [modengine] [info] Enabling extension base
[2024-07-04 10:37:03.891] [modengine] [info] Enabled extension base
[2024-07-04 10:37:03.891] [modengine] [info] Enabling extension mod_loader
[2024-07-04 10:37:03.891] [modengine] [info] Installing mod location mod
[2024-07-04 10:37:03.891] [modengine] [info] Resolved mod path to C:\Users\CouchJockey\Documents\GitHub\ConvergenceER\mod
[2024-07-04 10:37:03.891] [modengine] [info] Enabled extension mod_loader
[2024-07-04 10:37:03.942] [modengine] [info] Applied 3 hooks
[2024-07-04 10:37:03.943] [modengine] [info] Starting worker thread
[2024-07-04 10:41:32.356] [modengine] [info] Attempting to load global config at C:\Users\CouchJockey\Documents\GitHub\ConvergenceER\modengine2\config.toml
[2024-07-04 10:41:32.357] [modengine] [info] Attempting to load mod settings config at C:\Users\CouchJockey\Documents\GitHub\ConvergenceER\config_eldenring.toml
[2024-07-04 10:41:32.357] [modengine] [info] Local config loaded
[2024-07-04 10:41:32.357] [modengine] [info] ModEngine version 2.1.0-0924ab36f1311bf84e7e626740b4bf2c0d54909a initializing for Elden Ring
[2024-07-04 10:41:32.357] [modengine] [info] Local settings loaded: true, Global settings loaded: false
[2024-07-04 10:41:32.357] [modengine] [info] Main thread ID: 10536
[2024-07-04 10:41:32.361] [modengine] [info] Loaded external DLL C:\Users\CouchJockey\Documents\GitHub\ConvergenceER\ertransmogrify.dll
[2024-07-04 10:41:32.361] [modengine] [warning] External dll C:\Users\CouchJockey\Documents\GitHub\ConvergenceER\ertransmogrify.dll at base address 0x7fffe57c0000 is not a modengine extension
[2024-07-04 10:41:32.361] [modengine] [info] Loaded external DLL C:\Users\CouchJockey\Documents\GitHub\ConvergenceER\ErdTools.dll
[2024-07-04 10:41:32.361] [modengine] [warning] External dll C:\Users\CouchJockey\Documents\GitHub\ConvergenceER\ErdTools.dll at base address 0x7fffea720000 is not a modengine extension
[2024-07-04 10:41:32.444] [modengine] [info] Loaded external DLL C:\Users\CouchJockey\Documents\GitHub\ConvergenceER\Scripts-Data-Exposer-FS.dll
[2024-07-04 10:41:32.444] [modengine] [warning] External dll C:\Users\CouchJockey\Documents\GitHub\ConvergenceER\Scripts-Data-Exposer-FS.dll at base address 0x7ff802620000 is not a modengine extension
[2024-07-04 10:41:32.444] [modengine] [info] Enabling extension base
[2024-07-04 10:41:32.444] [modengine] [info] Enabled extension base
[2024-07-04 10:41:32.444] [modengine] [info] Enabling extension mod_loader
[2024-07-04 10:41:32.444] [modengine] [info] Installing mod location mod
[2024-07-04 10:41:32.444] [modengine] [info] Resolved mod path to C:\Users\CouchJockey\Documents\GitHub\ConvergenceER\mod
[2024-07-04 10:41:32.444] [modengine] [info] Enabled extension mod_loader
[2024-07-04 10:41:32.491] [modengine] [info] Applied 3 hooks
[2024-07-04 10:41:32.493] [modengine] [info] Starting worker thread
[2024-07-04 10:42:20.555] [modengine] [info] Attempting to load global config at C:\Users\CouchJockey\Documents\GitHub\ConvergenceER\modengine2\config.toml
[2024-07-04 10:42:20.556] [modengine] [info] Attempting to load mod settings config at C:\Users\CouchJockey\Documents\GitHub\ConvergenceER\config_eldenring.toml
[2024-07-04 10:42:20.556] [modengine] [info] Local config loaded
[2024-07-04 10:42:20.556] [modengine] [info] ModEngine version 2.1.0-0924ab36f1311bf84e7e626740b4bf2c0d54909a initializing for Elden Ring
[2024-07-04 10:42:20.556] [modengine] [info] Local settings loaded: true, Global settings loaded: false
[2024-07-04 10:42:20.556] [modengine] [info] Main thread ID: 8176
[2024-07-04 10:42:20.560] [modengine] [info] Loaded external DLL C:\Users\CouchJockey\Documents\GitHub\ConvergenceER\ertransmogrify.dll
[2024-07-04 10:42:20.560] [modengine] [warning] External dll C:\Users\CouchJockey\Documents\GitHub\ConvergenceER\ertransmogrify.dll at base address 0x7fffe57c0000 is not a modengine extension
[2024-07-04 10:42:20.560] [modengine] [info] Loaded external DLL C:\Users\CouchJockey\Documents\GitHub\ConvergenceER\ErdTools.dll
[2024-07-04 10:42:20.560] [modengine] [warning] External dll C:\Users\CouchJockey\Documents\GitHub\ConvergenceER\ErdTools.dll at base address 0x7fffec7c0000 is not a modengine extension
[2024-07-04 10:42:20.640] [modengine] [info] Loaded external DLL C:\Users\CouchJockey\Documents\GitHub\ConvergenceER\Scripts-Data-Exposer-FS.dll
[2024-07-04 10:42:20.640] [modengine] [warning] External dll C:\Users\CouchJockey\Documents\GitHub\ConvergenceER\Scripts-Data-Exposer-FS.dll at base address 0x7ff8014d0000 is not a modengine extension
[2024-07-04 10:42:20.640] [modengine] [info] Enabling extension base
[2024-07-04 10:42:20.640] [modengine] [info] Enabled extension base
[2024-07-04 10:42:20.640] [modengine] [info] Enabling extension mod_loader
[2024-07-04 10:42:20.640] [modengine] [info] Installing mod location mod
[2024-07-04 10:42:20.640] [modengine] [info] Resolved mod path to C:\Users\CouchJockey\Documents\GitHub\ConvergenceER\mod
[2024-07-04 10:42:20.640] [modengine] [info] Enabled extension mod_loader
[2024-07-04 10:42:20.694] [modengine] [info] Applied 3 hooks
[2024-07-04 10:42:20.696] [modengine] [info] Starting worker thread
[2024-07-04 10:58:56.761] [modengine] [info] Attempting to load global config at C:\Users\CouchJockey\Documents\GitHub\ConvergenceER\modengine2\config.toml
[2024-07-04 10:58:56.761] [modengine] [info] Attempting to load mod settings config at C:\Users\CouchJockey\Documents\GitHub\ConvergenceER\config_eldenring.toml
[2024-07-04 10:58:56.761] [modengine] [info] Local config loaded
[2024-07-04 10:58:56.761] [modengine] [info] ModEngine version 2.1.0-0924ab36f1311bf84e7e626740b4bf2c0d54909a initializing for Elden Ring
[2024-07-04 10:58:56.761] [modengine] [info] Local settings loaded: true, Global settings loaded: false
[2024-07-04 10:58:56.761] [modengine] [info] Main thread ID: 14060
[2024-07-04 10:58:56.765] [modengine] [info] Loaded external DLL C:\Users\CouchJockey\Documents\GitHub\ConvergenceER\ertransmogrify.dll
[2024-07-04 10:58:56.765] [modengine] [warning] External dll C:\Users\CouchJockey\Documents\GitHub\ConvergenceER\ertransmogrify.dll at base address 0x7fffe57c0000 is not a modengine extension
[2024-07-04 10:58:56.766] [modengine] [info] Loaded external DLL C:\Users\CouchJockey\Documents\GitHub\ConvergenceER\ErdTools.dll
[2024-07-04 10:58:56.766] [modengine] [warning] External dll C:\Users\CouchJockey\Documents\GitHub\ConvergenceER\ErdTools.dll at base address 0x7fffec7c0000 is not a modengine extension
[2024-07-04 10:58:56.848] [modengine] [info] Loaded external DLL C:\Users\CouchJockey\Documents\GitHub\ConvergenceER\Scripts-Data-Exposer-FS.dll
[2024-07-04 10:58:56.848] [modengine] [warning] External dll C:\Users\CouchJockey\Documents\GitHub\ConvergenceER\Scripts-Data-Exposer-FS.dll at base address 0x7ff8014d0000 is not a modengine extension
[2024-07-04 10:58:56.848] [modengine] [info] Enabling extension base
[2024-07-04 10:58:56.848] [modengine] [info] Enabled extension base
[2024-07-04 10:58:56.848] [modengine] [info] Enabling extension mod_loader
[2024-07-04 10:58:56.848] [modengine] [info] Installing mod location mod
[2024-07-04 10:58:56.848] [modengine] [info] Resolved mod path to C:\Users\CouchJockey\Documents\GitHub\ConvergenceER\mod
[2024-07-04 10:58:56.848] [modengine] [info] Enabled extension mod_loader
[2024-07-04 10:58:56.898] [modengine] [info] Applied 3 hooks
[2024-07-04 10:58:56.900] [modengine] [info] Starting worker thread
[2024-07-04 11:00:36.883] [modengine] [info] Attempting to load global config at C:\Users\CouchJockey\Documents\GitHub\ConvergenceER\modengine2\config.toml
[2024-07-04 11:00:36.883] [modengine] [info] Attempting to load mod settings config at C:\Users\CouchJockey\Documents\GitHub\ConvergenceER\config_eldenring.toml
[2024-07-04 11:00:36.883] [modengine] [info] Local config loaded
[2024-07-04 11:00:36.883] [modengine] [info] ModEngine version 2.1.0-0924ab36f1311bf84e7e626740b4bf2c0d54909a initializing for Elden Ring
[2024-07-04 11:00:36.883] [modengine] [info] Local settings loaded: true, Global settings loaded: false
[2024-07-04 11:00:36.884] [modengine] [info] Main thread ID: 35320
[2024-07-04 11:00:36.887] [modengine] [info] Loaded external DLL C:\Users\CouchJockey\Documents\GitHub\ConvergenceER\ertransmogrify.dll
[2024-07-04 11:00:36.887] [modengine] [warning] External dll C:\Users\CouchJockey\Documents\GitHub\ConvergenceER\ertransmogrify.dll at base address 0x7fffe57c0000 is not a modengine extension
[2024-07-04 11:00:36.965] [modengine] [info] Loaded external DLL C:\Users\CouchJockey\Documents\GitHub\ConvergenceER\Scripts-Data-Exposer-FS.dll
[2024-07-04 11:00:36.965] [modengine] [warning] External dll C:\Users\CouchJockey\Documents\GitHub\ConvergenceER\Scripts-Data-Exposer-FS.dll at base address 0x7ff8014d0000 is not a modengine extension
[2024-07-04 11:00:36.965] [modengine] [info] Enabling extension base
[2024-07-04 11:00:36.965] [modengine] [info] Enabled extension base
[2024-07-04 11:00:36.965] [modengine] [info] Enabling extension mod_loader
[2024-07-04 11:00:36.965] [modengine] [info] Installing mod location mod
[2024-07-04 11:00:36.965] [modengine] [info] Resolved mod path to C:\Users\CouchJockey\Documents\GitHub\ConvergenceER\mod
[2024-07-04 11:00:36.965] [modengine] [info] Enabled extension mod_loader
[2024-07-04 11:00:37.014] [modengine] [info] Applied 3 hooks
[2024-07-04 11:00:37.015] [modengine] [info] Starting worker thread
[2024-07-04 11:03:12.362] [modengine] [info] Attempting to load global config at C:\Users\CouchJockey\Documents\GitHub\ConvergenceER\modengine2\config.toml
[2024-07-04 11:03:12.362] [modengine] [info] Attempting to load mod settings config at C:\Users\CouchJockey\Documents\GitHub\ConvergenceER\config_eldenring.toml
[2024-07-04 11:03:12.362] [modengine] [info] Local config loaded
[2024-07-04 11:03:12.362] [modengine] [info] ModEngine version 2.1.0-0924ab36f1311bf84e7e626740b4bf2c0d54909a initializing for Elden Ring
[2024-07-04 11:03:12.362] [modengine] [info] Local settings loaded: true, Global settings loaded: false
[2024-07-04 11:03:12.362] [modengine] [info] Main thread ID: 33044
[2024-07-04 11:03:12.365] [modengine] [info] Loaded external DLL C:\Users\CouchJockey\Documents\GitHub\ConvergenceER\ErdTools.dll
[2024-07-04 11:03:12.365] [modengine] [warning] External dll C:\Users\CouchJockey\Documents\GitHub\ConvergenceER\ErdTools.dll at base address 0x7fffec810000 is not a modengine extension
[2024-07-04 11:03:12.440] [modengine] [info] Loaded external DLL C:\Users\CouchJockey\Documents\GitHub\ConvergenceER\Scripts-Data-Exposer-FS.dll
[2024-07-04 11:03:12.440] [modengine] [warning] External dll C:\Users\CouchJockey\Documents\GitHub\ConvergenceER\Scripts-Data-Exposer-FS.dll at base address 0x7ff8014d0000 is not a modengine extension
[2024-07-04 11:03:12.440] [modengine] [info] Enabling extension base
[2024-07-04 11:03:12.440] [modengine] [info] Enabled extension base
[2024-07-04 11:03:12.440] [modengine] [info] Enabling extension mod_loader
[2024-07-04 11:03:12.440] [modengine] [info] Installing mod location mod
[2024-07-04 11:03:12.440] [modengine] [info] Resolved mod path to C:\Users\CouchJockey\Documents\GitHub\ConvergenceER\mod
[2024-07-04 11:03:12.440] [modengine] [info] Enabled extension mod_loader
[2024-07-04 11:03:12.489] [modengine] [info] Applied 3 hooks
[2024-07-04 11:03:12.490] [modengine] [info] Starting worker thread
[2024-07-04 11:06:50.245] [modengine] [info] Attempting to load global config at C:\Users\CouchJockey\Documents\GitHub\ConvergenceER\modengine2\config.toml
[2024-07-04 11:06:50.245] [modengine] [info] Attempting to load mod settings config at C:\Users\CouchJockey\Documents\GitHub\ConvergenceER\config_eldenring.toml
[2024-07-04 11:06:50.245] [modengine] [info] Local config loaded
[2024-07-04 11:06:50.245] [modengine] [info] ModEngine version 2.1.0-0924ab36f1311bf84e7e626740b4bf2c0d54909a initializing for Elden Ring
[2024-07-04 11:06:50.245] [modengine] [info] Local settings loaded: true, Global settings loaded: false
[2024-07-04 11:06:50.245] [modengine] [info] Main thread ID: 3000
[2024-07-04 11:06:50.248] [modengine] [info] Loaded external DLL C:\Users\CouchJockey\Documents\GitHub\ConvergenceER\ErdTools.dll
[2024-07-04 11:06:50.248] [modengine] [warning] External dll C:\Users\CouchJockey\Documents\GitHub\ConvergenceER\ErdTools.dll at base address 0x7ff8018c0000 is not a modengine extension
[2024-07-04 11:06:50.334] [modengine] [info] Loaded external DLL C:\Users\CouchJockey\Documents\GitHub\ConvergenceER\Scripts-Data-Exposer-FS.dll
[2024-07-04 11:06:50.334] [modengine] [warning] External dll C:\Users\CouchJockey\Documents\GitHub\ConvergenceER\Scripts-Data-Exposer-FS.dll at base address 0x7ff802820000 is not a modengine extension
[2024-07-04 11:06:50.334] [modengine] [info] Enabling extension base
[2024-07-04 11:06:50.334] [modengine] [info] Enabled extension base
[2024-07-04 11:06:50.334] [modengine] [info] Enabling extension mod_loader
[2024-07-04 11:06:50.334] [modengine] [info] Installing mod location mod
[2024-07-04 11:06:50.334] [modengine] [info] Resolved mod path to C:\Users\CouchJockey\Documents\GitHub\ConvergenceER\mod
[2024-07-04 11:06:50.334] [modengine] [info] Enabled extension mod_loader
[2024-07-04 11:06:50.384] [modengine] [info] Applied 3 hooks
[2024-07-04 11:06:50.385] [modengine] [info] Starting worker thread
[2024-07-04 11:07:39.267] [modengine] [info] Attempting to load global config at C:\Users\CouchJockey\Documents\GitHub\ConvergenceER\modengine2\config.toml
[2024-07-04 11:07:39.267] [modengine] [info] Attempting to load mod settings config at C:\Users\CouchJockey\Documents\GitHub\ConvergenceER\config_eldenring.toml
[2024-07-04 11:07:39.267] [modengine] [info] Local config loaded
[2024-07-04 11:07:39.267] [modengine] [info] ModEngine version 2.1.0-0924ab36f1311bf84e7e626740b4bf2c0d54909a initializing for Elden Ring
[2024-07-04 11:07:39.267] [modengine] [info] Local settings loaded: true, Global settings loaded: false
[2024-07-04 11:07:39.267] [modengine] [info] Main thread ID: 25688
[2024-07-04 11:07:39.271] [modengine] [info] Loaded external DLL C:\Users\CouchJockey\Documents\GitHub\ConvergenceER\ErdTools.dll
[2024-07-04 11:07:39.271] [modengine] [warning] External dll C:\Users\CouchJockey\Documents\GitHub\ConvergenceER\ErdTools.dll at base address 0x7ff8018c0000 is not a modengine extension
[2024-07-04 11:07:39.350] [modengine] [info] Loaded external DLL C:\Users\CouchJockey\Documents\GitHub\ConvergenceER\Scripts-Data-Exposer-FS.dll
[2024-07-04 11:07:39.350] [modengine] [warning] External dll C:\Users\CouchJockey\Documents\GitHub\ConvergenceER\Scripts-Data-Exposer-FS.dll at base address 0x7ff8014d0000 is not a modengine extension
[2024-07-04 11:07:39.350] [modengine] [info] Enabling extension base
[2024-07-04 11:07:39.350] [modengine] [info] Enabled extension base
[2024-07-04 11:07:39.350] [modengine] [info] Enabling extension mod_loader
[2024-07-04 11:07:39.350] [modengine] [info] Installing mod location mod
[2024-07-04 11:07:39.351] [modengine] [info] Resolved mod path to C:\Users\CouchJockey\Documents\GitHub\ConvergenceER\mod
[2024-07-04 11:07:39.351] [modengine] [info] Enabled extension mod_loader
[2024-07-04 11:07:39.399] [modengine] [info] Applied 3 hooks
[2024-07-04 11:07:39.401] [modengine] [info] Starting worker thread
[2024-07-04 11:36:49.568] [modengine] [info] Attempting to load global config at C:\Users\CouchJockey\Documents\GitHub\ConvergenceER\modengine2\config.toml
[2024-07-04 11:36:49.568] [modengine] [info] Attempting to load mod settings config at C:\Users\CouchJockey\Documents\GitHub\ConvergenceER\config_eldenring.toml
[2024-07-04 11:36:49.568] [modengine] [info] Local config loaded
[2024-07-04 11:36:49.568] [modengine] [info] ModEngine version 2.1.0-0924ab36f1311bf84e7e626740b4bf2c0d54909a initializing for Elden Ring
[2024-07-04 11:36:49.568] [modengine] [info] Local settings loaded: true, Global settings loaded: false
[2024-07-04 11:36:49.568] [modengine] [info] Main thread ID: 14484
[2024-07-04 11:36:49.572] [modengine] [info] Loaded external DLL C:\Users\CouchJockey\Documents\GitHub\ConvergenceER\ErdTools.dll
[2024-07-04 11:36:49.572] [modengine] [warning] External dll C:\Users\CouchJockey\Documents\GitHub\ConvergenceER\ErdTools.dll at base address 0x7fffec790000 is not a modengine extension
[2024-07-04 11:36:49.649] [modengine] [info] Loaded external DLL C:\Users\CouchJockey\Documents\GitHub\ConvergenceER\Scripts-Data-Exposer-FS.dll
[2024-07-04 11:36:49.649] [modengine] [warning] External dll C:\Users\CouchJockey\Documents\GitHub\ConvergenceER\Scripts-Data-Exposer-FS.dll at base address 0x7fffe7fb0000 is not a modengine extension
[2024-07-04 11:36:49.649] [modengine] [info] Enabling extension base
[2024-07-04 11:36:49.650] [modengine] [info] Enabled extension base
[2024-07-04 11:36:49.650] [modengine] [info] Enabling extension mod_loader
[2024-07-04 11:36:49.650] [modengine] [info] Installing mod location mod
[2024-07-04 11:36:49.650] [modengine] [info] Resolved mod path to C:\Users\CouchJockey\Documents\GitHub\ConvergenceER\mod
[2024-07-04 11:36:49.650] [modengine] [info] Enabled extension mod_loader
[2024-07-04 11:36:49.699] [modengine] [info] Applied 3 hooks
[2024-07-04 11:36:49.700] [modengine] [info] Starting worker thread
[2024-07-04 11:50:35.759] [modengine] [info] Attempting to load global config at C:\Users\CouchJockey\Documents\GitHub\ConvergenceER\modengine2\config.toml
[2024-07-04 11:50:35.759] [modengine] [info] Attempting to load mod settings config at C:\Users\CouchJockey\Documents\GitHub\ConvergenceER\config_eldenring.toml
[2024-07-04 11:50:35.759] [modengine] [info] Local config loaded
[2024-07-04 11:50:35.759] [modengine] [info] ModEngine version 2.1.0-0924ab36f1311bf84e7e626740b4bf2c0d54909a initializing for Elden Ring
[2024-07-04 11:50:35.759] [modengine] [info] Local settings loaded: true, Global settings loaded: false
[2024-07-04 11:50:35.759] [modengine] [info] Main thread ID: 23240
[2024-07-04 11:50:35.762] [modengine] [info] Loaded external DLL C:\Users\CouchJockey\Documents\GitHub\ConvergenceER\ErdTools.dll
[2024-07-04 11:50:35.762] [modengine] [warning] External dll C:\Users\CouchJockey\Documents\GitHub\ConvergenceER\ErdTools.dll at base address 0x7fffec790000 is not a modengine extension
[2024-07-04 11:50:35.835] [modengine] [info] Loaded external DLL C:\Users\CouchJockey\Documents\GitHub\ConvergenceER\Scripts-Data-Exposer-FS.dll
[2024-07-04 11:50:35.835] [modengine] [warning] External dll C:\Users\CouchJockey\Documents\GitHub\ConvergenceER\Scripts-Data-Exposer-FS.dll at base address 0x7fffe7fb0000 is not a modengine extension
[2024-07-04 11:50:35.835] [modengine] [info] Enabling extension base
[2024-07-04 11:50:35.835] [modengine] [info] Enabled extension base
[2024-07-04 11:50:35.835] [modengine] [info] Enabling extension mod_loader
[2024-07-04 11:50:35.835] [modengine] [info] Installing mod location mod
[2024-07-04 11:50:35.835] [modengine] [info] Resolved mod path to C:\Users\CouchJockey\Documents\GitHub\ConvergenceER\mod
[2024-07-04 11:50:35.835] [modengine] [info] Enabled extension mod_loader
[2024-07-04 11:50:35.883] [modengine] [info] Applied 3 hooks
[2024-07-04 11:50:35.884] [modengine] [info] Starting worker thread
