[2025-02-18 22:58:12.912] [dyes] [info] Armor dye mod version 1.0.2
[2025-02-18 22:58:12.912] [dyes] [info] Loading config from D:\Elden Ring Mods\CCW 3.5x\mod\erdyes.ini
[2025-02-18 22:58:12.912] [dyes] [info] Added color definition "Mountaintop White = #f9fffe"
[2025-02-18 22:58:12.912] [dyes] [info] Added color definition "Stormhill Gray = #9d9d97"
[2025-02-18 22:58:12.912] [dyes] [info] Added color definition "Vagabond Steel = #474f52"
[2025-02-18 22:58:12.912] [dyes] [info] Added color definition "Deathbed Atrous = #1d1d21"
[2025-02-18 22:58:12.912] [dyes] [info] Added color definition "Crucible Bronze = #835432"
[2025-02-18 22:58:12.912] [dyes] [info] Added color definition "Crimson Amber = #b02e26"
[2025-02-18 22:58:12.912] [dyes] [info] Added color definition "Roiling Magma = #f9801d"
[2025-02-18 22:58:12.912] [dyes] [info] Added color definition "Xanthous Frenzy = #fed83d"
[2025-02-18 22:58:12.912] [dyes] [info] Added color definition "Toxic Chartreuse = #80c71f"
[2025-02-18 22:58:12.912] [dyes] [info] Added color definition "Cave Moss Green = #5e7c16"
[2025-02-18 22:58:12.912] [dyes] [info] Added color definition "Cerulean Amber = #169c9c"
[2025-02-18 22:58:12.912] [dyes] [info] Added color definition "Primeval Blue = #3c44aa"
[2025-02-18 22:58:12.912] [dyes] [info] Added color definition "Violet Void = #8932b8"
[2025-02-18 22:58:12.912] [dyes] [info] Added color definition "Madding Magenta = #c74ebd"
[2025-02-18 22:58:12.912] [dyes] [info] Added color definition "Putrid Pink = #f38baa"
[2025-02-18 22:58:12.912] [dyes] [info] Added 15 colors
[2025-02-18 22:58:12.913] [dyes] [info] Found handle for eldenring.exe process: D:\SteamLibrary\steamapps\common\ELDEN RING\Game\eldenring.exe
[2025-02-18 22:58:12.914] [dyes] [info] Waiting for params...
[2025-02-18 22:58:23.917] [dyes] [info] Sleeping for 8000ms...
[2025-02-18 22:58:31.917] [dyes] [info] Hooking messages...
[2025-02-18 22:58:31.917] [dyes] [info] Waiting for messages...
[2025-02-18 22:58:31.919] [dyes] [info] Detected language "english"
[2025-02-18 22:58:31.920] [dyes] [info] Hooking talkscripts...
[2025-02-18 22:58:31.965] [dyes] [info] Initialized mod
[2025-02-18 23:04:08.941] [dyes] [info] Patching state group x31
[2025-02-18 23:10:18.704] [dyes] [info] Patching state group x31
[2025-02-18 23:18:28.222] [dyes] [info] Patching state group x31
[2025-02-18 23:24:21.645] [dyes] [info] Patching state group x31
[2025-02-18 23:24:38.515] [dyes] [info] Deinitialized mod
[2025-02-18 23:42:07.453] [dyes] [info] Armor dye mod version 1.0.2
[2025-02-18 23:42:07.453] [dyes] [info] Loading config from D:\Elden Ring Mods\CCW 3.5x\mod\erdyes.ini
[2025-02-18 23:42:07.453] [dyes] [info] Added color definition "Mountaintop White = #f9fffe"
[2025-02-18 23:42:07.453] [dyes] [info] Added color definition "Stormhill Gray = #9d9d97"
[2025-02-18 23:42:07.453] [dyes] [info] Added color definition "Vagabond Steel = #474f52"
[2025-02-18 23:42:07.453] [dyes] [info] Added color definition "Deathbed Atrous = #1d1d21"
[2025-02-18 23:42:07.453] [dyes] [info] Added color definition "Crucible Bronze = #835432"
[2025-02-18 23:42:07.453] [dyes] [info] Added color definition "Crimson Amber = #b02e26"
[2025-02-18 23:42:07.453] [dyes] [info] Added color definition "Roiling Magma = #f9801d"
[2025-02-18 23:42:07.453] [dyes] [info] Added color definition "Xanthous Frenzy = #fed83d"
[2025-02-18 23:42:07.453] [dyes] [info] Added color definition "Toxic Chartreuse = #80c71f"
[2025-02-18 23:42:07.453] [dyes] [info] Added color definition "Cave Moss Green = #5e7c16"
[2025-02-18 23:42:07.453] [dyes] [info] Added color definition "Cerulean Amber = #169c9c"
[2025-02-18 23:42:07.453] [dyes] [info] Added color definition "Primeval Blue = #3c44aa"
[2025-02-18 23:42:07.453] [dyes] [info] Added color definition "Violet Void = #8932b8"
[2025-02-18 23:42:07.453] [dyes] [info] Added color definition "Madding Magenta = #c74ebd"
[2025-02-18 23:42:07.453] [dyes] [info] Added color definition "Putrid Pink = #f38baa"
[2025-02-18 23:42:07.453] [dyes] [info] Added 15 colors
[2025-02-18 23:42:07.453] [dyes] [info] Found handle for eldenring.exe process: D:\SteamLibrary\steamapps\common\ELDEN RING\Game\eldenring.exe
[2025-02-18 23:42:07.455] [dyes] [info] Waiting for params...
[2025-02-18 23:42:19.457] [dyes] [info] Sleeping for 8000ms...
[2025-02-18 23:42:27.458] [dyes] [info] Hooking messages...
[2025-02-18 23:42:27.458] [dyes] [info] Waiting for messages...
[2025-02-18 23:42:27.460] [dyes] [info] Detected language "english"
[2025-02-18 23:42:27.461] [dyes] [info] Hooking talkscripts...
[2025-02-18 23:42:27.525] [dyes] [info] Initialized mod
[2025-02-18 23:42:58.576] [dyes] [info] Deinitialized mod
[2025-02-18 23:43:08.607] [dyes] [info] Armor dye mod version 1.0.2
[2025-02-18 23:43:08.607] [dyes] [info] Loading config from D:\Elden Ring Mods\CCW 3.5x\mod\erdyes.ini
[2025-02-18 23:43:08.608] [dyes] [info] Added color definition "Mountaintop White = #f9fffe"
[2025-02-18 23:43:08.608] [dyes] [info] Added color definition "Stormhill Gray = #9d9d97"
[2025-02-18 23:43:08.608] [dyes] [info] Added color definition "Vagabond Steel = #474f52"
[2025-02-18 23:43:08.608] [dyes] [info] Added color definition "Deathbed Atrous = #1d1d21"
[2025-02-18 23:43:08.608] [dyes] [info] Added color definition "Crucible Bronze = #835432"
[2025-02-18 23:43:08.608] [dyes] [info] Added color definition "Crimson Amber = #b02e26"
[2025-02-18 23:43:08.608] [dyes] [info] Added color definition "Roiling Magma = #f9801d"
[2025-02-18 23:43:08.608] [dyes] [info] Added color definition "Xanthous Frenzy = #fed83d"
[2025-02-18 23:43:08.608] [dyes] [info] Added color definition "Toxic Chartreuse = #80c71f"
[2025-02-18 23:43:08.608] [dyes] [info] Added color definition "Cave Moss Green = #5e7c16"
[2025-02-18 23:43:08.608] [dyes] [info] Added color definition "Cerulean Amber = #169c9c"
[2025-02-18 23:43:08.608] [dyes] [info] Added color definition "Primeval Blue = #3c44aa"
[2025-02-18 23:43:08.608] [dyes] [info] Added color definition "Violet Void = #8932b8"
[2025-02-18 23:43:08.608] [dyes] [info] Added color definition "Madding Magenta = #c74ebd"
[2025-02-18 23:43:08.608] [dyes] [info] Added color definition "Putrid Pink = #f38baa"
[2025-02-18 23:43:08.608] [dyes] [info] Added 15 colors
[2025-02-18 23:43:08.608] [dyes] [info] Found handle for eldenring.exe process: D:\SteamLibrary\steamapps\common\ELDEN RING\Game\eldenring.exe
[2025-02-18 23:43:08.609] [dyes] [info] Waiting for params...
[2025-02-18 23:43:20.612] [dyes] [info] Sleeping for 8000ms...
[2025-02-18 23:43:28.612] [dyes] [info] Hooking messages...
[2025-02-18 23:43:28.612] [dyes] [info] Waiting for messages...
[2025-02-18 23:43:28.614] [dyes] [info] Detected language "english"
[2025-02-18 23:43:28.615] [dyes] [info] Hooking talkscripts...
[2025-02-18 23:43:28.666] [dyes] [info] Initialized mod
[2025-02-18 23:43:59.732] [dyes] [info] Deinitialized mod
