[2025-02-23 18:11:12.192] [merchant] [info] Glorious Merchant version 1.1.11
[2025-02-23 18:11:12.192] [merchant] [info] Loading config from D:\Elden Ring Mods\CCW 3.6.9x\mod\ermerchant.ini
[2025-02-23 18:11:12.193] [merchant] [info] auto_upgrade_weapons = true
[2025-02-23 18:11:12.194] [merchant] [info] Found handle for eldenring.exe process: D:\SteamLibrary\steamapps\common\ELDEN RING\Game\eldenring.exe
[2025-02-23 18:11:12.195] [merchant] [info] Waiting for params...
[2025-02-23 18:11:23.199] [merchant] [info] Sleeping an extra 10s to work potential compatibility issues...
[2025-02-23 18:11:33.199] [merchant] [info] Hooking messages...
[2025-02-23 18:11:33.199] [merchant] [info] Detected language "english"
[2025-02-23 18:11:33.202] [merchant] [info] Hooking shops...
[2025-02-23 18:11:33.207] [merchant] [info] Hooking talkscripts...
[2025-02-23 18:11:33.258] [merchant] [info] Initialized mod
[2025-02-23 18:12:33.979] [merchant] [info] Patching state group x51
[2025-02-23 18:44:19.895] [merchant] [info] Patching state group x51
[2025-02-23 18:54:34.666] [merchant] [info] Deinitialized mod
[2025-02-23 18:59:28.344] [merchant] [info] Glorious Merchant version 1.1.11
[2025-02-23 18:59:28.344] [merchant] [info] Loading config from D:\Elden Ring Mods\CCW 3.6.9x\mod\ermerchant.ini
[2025-02-23 18:59:28.344] [merchant] [info] auto_upgrade_weapons = true
[2025-02-23 18:59:28.344] [merchant] [info] Found handle for eldenring.exe process: D:\SteamLibrary\steamapps\common\ELDEN RING\Game\eldenring.exe
[2025-02-23 18:59:28.346] [merchant] [info] Waiting for params...
[2025-02-23 18:59:39.353] [merchant] [info] Sleeping an extra 10s to work potential compatibility issues...
[2025-02-23 18:59:49.353] [merchant] [info] Hooking messages...
[2025-02-23 18:59:49.353] [merchant] [info] Detected language "english"
[2025-02-23 18:59:49.355] [merchant] [info] Hooking shops...
[2025-02-23 18:59:49.389] [merchant] [info] Hooking talkscripts...
[2025-02-23 18:59:49.436] [merchant] [info] Initialized mod
[2025-02-23 19:03:39.654] [merchant] [info] Deinitialized mod
