[2025-02-22 11:29:27.874] [merchant] [info] Glorious Merchant version 1.1.11
[2025-02-22 11:29:27.874] [merchant] [info] Loading config from D:\Elden Ring Mods\CCW 3.6.7\mod\ermerchant.ini
[2025-02-22 11:29:27.880] [merchant] [info] auto_upgrade_weapons = true
[2025-02-22 11:29:27.880] [merchant] [info] Found handle for eldenring.exe process: D:\SteamLibrary\steamapps\common\ELDEN RING\Game\eldenring.exe
[2025-02-22 11:29:27.881] [merchant] [info] Waiting for params...
[2025-02-22 11:29:42.886] [merchant] [info] Sleeping an extra 10s to work potential compatibility issues...
[2025-02-22 11:29:52.886] [merchant] [info] Hooking messages...
[2025-02-22 11:29:52.886] [merchant] [info] Detected language "english"
[2025-02-22 11:29:52.889] [merchant] [info] Hooking shops...
[2025-02-22 11:29:52.894] [merchant] [info] Hooking talkscripts...
[2025-02-22 11:29:52.940] [merchant] [info] Initialized mod
[2025-02-22 11:37:51.258] [merchant] [info] Deinitialized mod
[2025-02-22 11:38:22.456] [merchant] [info] Glorious Merchant version 1.1.11
[2025-02-22 11:38:22.456] [merchant] [info] Loading config from D:\Elden Ring Mods\CCW 3.6.7\mod\ermerchant.ini
[2025-02-22 11:38:22.456] [merchant] [info] auto_upgrade_weapons = true
[2025-02-22 11:38:22.456] [merchant] [info] Found handle for eldenring.exe process: D:\SteamLibrary\steamapps\common\ELDEN RING\Game\eldenring.exe
[2025-02-22 11:38:22.458] [merchant] [info] Waiting for params...
[2025-02-22 11:38:34.462] [merchant] [info] Sleeping an extra 10s to work potential compatibility issues...
[2025-02-22 11:38:44.462] [merchant] [info] Hooking messages...
[2025-02-22 11:38:44.462] [merchant] [info] Detected language "english"
[2025-02-22 11:38:44.464] [merchant] [info] Hooking shops...
[2025-02-22 11:38:44.470] [merchant] [info] Hooking talkscripts...
[2025-02-22 11:38:44.527] [merchant] [info] Initialized mod
[2025-02-22 12:01:10.430] [merchant] [info] Deinitialized mod
[2025-02-22 12:27:33.147] [merchant] [info] Glorious Merchant version 1.1.11
[2025-02-22 12:27:33.147] [merchant] [info] Loading config from D:\Elden Ring Mods\CCW 3.6.7x\mod\ermerchant.ini
[2025-02-22 12:27:33.147] [merchant] [info] auto_upgrade_weapons = true
[2025-02-22 12:27:33.147] [merchant] [info] Found handle for eldenring.exe process: D:\SteamLibrary\steamapps\common\ELDEN RING\Game\eldenring.exe
[2025-02-22 12:27:33.149] [merchant] [info] Waiting for params...
[2025-02-22 12:27:44.152] [merchant] [info] Sleeping an extra 10s to work potential compatibility issues...
[2025-02-22 12:27:54.153] [merchant] [info] Hooking messages...
[2025-02-22 12:27:54.153] [merchant] [info] Detected language "english"
[2025-02-22 12:27:54.155] [merchant] [info] Hooking shops...
[2025-02-22 12:27:54.155] [merchant] [error] Param ItemLotParam_map not found
[2025-02-22 12:27:54.155] [merchant] [error] Error initializing mod: Param not found
[2025-02-22 12:28:07.484] [merchant] [info] Deinitialized mod
[2025-02-22 12:28:34.795] [merchant] [info] Glorious Merchant version 1.1.11
[2025-02-22 12:28:34.795] [merchant] [info] Loading config from D:\Elden Ring Mods\CCW 3.6.7x\mod\ermerchant.ini
[2025-02-22 12:28:34.795] [merchant] [info] auto_upgrade_weapons = true
[2025-02-22 12:28:34.795] [merchant] [info] Found handle for eldenring.exe process: D:\SteamLibrary\steamapps\common\ELDEN RING\Game\eldenring.exe
[2025-02-22 12:28:34.796] [merchant] [info] Waiting for params...
[2025-02-22 12:28:45.809] [merchant] [info] Sleeping an extra 10s to work potential compatibility issues...
[2025-02-22 12:28:55.809] [merchant] [info] Hooking messages...
[2025-02-22 12:28:55.809] [merchant] [info] Detected language "english"
[2025-02-22 12:28:55.811] [merchant] [info] Hooking shops...
[2025-02-22 12:28:55.816] [merchant] [info] Hooking talkscripts...
[2025-02-22 12:28:55.864] [merchant] [info] Initialized mod
[2025-02-22 12:46:52.719] [merchant] [info] Patching state group x51
[2025-02-22 14:08:53.600] [merchant] [info] Deinitialized mod
[2025-02-22 14:26:53.290] [merchant] [info] Glorious Merchant version 1.1.11
[2025-02-22 14:26:53.290] [merchant] [info] Loading config from D:\Elden Ring Mods\CCW 3.6.7x\mod\ermerchant.ini
[2025-02-22 14:26:53.291] [merchant] [info] auto_upgrade_weapons = true
[2025-02-22 14:26:53.291] [merchant] [info] Found handle for eldenring.exe process: D:\SteamLibrary\steamapps\common\ELDEN RING\Game\eldenring.exe
[2025-02-22 14:26:53.292] [merchant] [info] Waiting for params...
[2025-02-22 14:27:04.295] [merchant] [info] Sleeping an extra 10s to work potential compatibility issues...
[2025-02-22 14:27:14.296] [merchant] [info] Hooking messages...
[2025-02-22 14:27:14.296] [merchant] [info] Detected language "english"
[2025-02-22 14:27:14.297] [merchant] [info] Hooking shops...
[2025-02-22 14:27:14.302] [merchant] [info] Hooking talkscripts...
[2025-02-22 14:27:14.346] [merchant] [info] Initialized mod
[2025-02-22 14:39:19.317] [merchant] [info] Patching state group x51
[2025-02-22 14:46:21.829] [merchant] [info] Deinitialized mod
[2025-02-22 14:47:28.615] [merchant] [info] Glorious Merchant version 1.1.11
[2025-02-22 14:47:28.615] [merchant] [info] Loading config from D:\Elden Ring Mods\CCW 3.6.7x\mod\ermerchant.ini
[2025-02-22 14:47:28.615] [merchant] [info] auto_upgrade_weapons = true
[2025-02-22 14:47:28.615] [merchant] [info] Found handle for eldenring.exe process: D:\SteamLibrary\steamapps\common\ELDEN RING\Game\eldenring.exe
[2025-02-22 14:47:28.617] [merchant] [info] Waiting for params...
[2025-02-22 14:47:39.619] [merchant] [info] Sleeping an extra 10s to work potential compatibility issues...
[2025-02-22 14:47:49.620] [merchant] [info] Hooking messages...
[2025-02-22 14:47:49.620] [merchant] [info] Detected language "english"
[2025-02-22 14:47:49.622] [merchant] [info] Hooking shops...
[2025-02-22 14:47:49.628] [merchant] [info] Hooking talkscripts...
[2025-02-22 14:47:49.672] [merchant] [info] Initialized mod
[2025-02-22 14:52:25.389] [merchant] [info] Patching state group x51
[2025-02-22 15:18:28.471] [merchant] [info] Glorious Merchant version 1.1.11
[2025-02-22 15:18:28.471] [merchant] [info] Loading config from D:\Elden Ring Mods\CCW 3.6.7x\mod\ermerchant.ini
[2025-02-22 15:18:28.471] [merchant] [info] auto_upgrade_weapons = true
[2025-02-22 15:18:28.472] [merchant] [info] Found handle for eldenring.exe process: D:\SteamLibrary\steamapps\common\ELDEN RING\Game\eldenring.exe
[2025-02-22 15:18:28.473] [merchant] [info] Waiting for params...
[2025-02-22 15:18:39.477] [merchant] [info] Sleeping an extra 10s to work potential compatibility issues...
[2025-02-22 15:18:49.477] [merchant] [info] Hooking messages...
[2025-02-22 15:18:49.477] [merchant] [info] Detected language "english"
[2025-02-22 15:18:49.479] [merchant] [info] Hooking shops...
[2025-02-22 15:18:49.485] [merchant] [info] Hooking talkscripts...
[2025-02-22 15:18:49.531] [merchant] [info] Initialized mod
[2025-02-22 17:32:16.845] [merchant] [info] Glorious Merchant version 1.1.11
[2025-02-22 17:32:16.845] [merchant] [info] Loading config from D:\Elden Ring Mods\CCW 3.6.7x\mod\ermerchant.ini
[2025-02-22 17:32:16.845] [merchant] [info] auto_upgrade_weapons = true
[2025-02-22 17:32:16.845] [merchant] [info] Found handle for eldenring.exe process: D:\SteamLibrary\steamapps\common\ELDEN RING\Game\eldenring.exe
[2025-02-22 17:32:16.846] [merchant] [info] Waiting for params...
[2025-02-22 17:32:27.850] [merchant] [info] Sleeping an extra 10s to work potential compatibility issues...
[2025-02-22 17:32:37.850] [merchant] [info] Hooking messages...
[2025-02-22 17:32:37.850] [merchant] [info] Detected language "english"
[2025-02-22 17:32:37.851] [merchant] [info] Hooking shops...
[2025-02-22 17:32:37.902] [merchant] [info] Hooking talkscripts...
[2025-02-22 17:32:37.950] [merchant] [info] Initialized mod
[2025-02-22 18:16:48.102] [merchant] [info] Glorious Merchant version 1.1.11
[2025-02-22 18:16:48.102] [merchant] [info] Loading config from D:\Elden Ring Mods\CCW 3.6.7x\mod\ermerchant.ini
[2025-02-22 18:16:48.102] [merchant] [info] auto_upgrade_weapons = true
[2025-02-22 18:16:48.103] [merchant] [info] Found handle for eldenring.exe process: D:\SteamLibrary\steamapps\common\ELDEN RING\Game\eldenring.exe
[2025-02-22 18:16:48.104] [merchant] [info] Waiting for params...
[2025-02-22 18:17:00.114] [merchant] [info] Sleeping an extra 10s to work potential compatibility issues...
[2025-02-22 18:17:10.115] [merchant] [info] Hooking messages...
[2025-02-22 18:17:10.115] [merchant] [info] Detected language "english"
[2025-02-22 18:17:10.116] [merchant] [info] Hooking shops...
[2025-02-22 18:17:10.133] [merchant] [info] Hooking talkscripts...
[2025-02-22 18:17:10.183] [merchant] [info] Initialized mod
[2025-02-22 18:17:55.886] [merchant] [info] Deinitialized mod
[2025-02-22 18:20:14.163] [merchant] [info] Glorious Merchant version 1.1.11
[2025-02-22 18:20:14.163] [merchant] [info] Loading config from D:\Elden Ring Mods\CCW 3.6.7x\mod\ermerchant.ini
[2025-02-22 18:20:14.163] [merchant] [info] auto_upgrade_weapons = true
[2025-02-22 18:20:14.163] [merchant] [info] Found handle for eldenring.exe process: D:\SteamLibrary\steamapps\common\ELDEN RING\Game\eldenring.exe
[2025-02-22 18:20:14.164] [merchant] [info] Waiting for params...
[2025-02-22 18:20:25.167] [merchant] [info] Sleeping an extra 10s to work potential compatibility issues...
[2025-02-22 18:20:35.168] [merchant] [info] Hooking messages...
[2025-02-22 18:20:35.169] [merchant] [info] Detected language "english"
[2025-02-22 18:20:35.171] [merchant] [info] Hooking shops...
[2025-02-22 18:20:35.181] [merchant] [info] Hooking talkscripts...
[2025-02-22 18:20:35.238] [merchant] [info] Initialized mod
[2025-02-22 18:21:55.369] [merchant] [info] Deinitialized mod
[2025-02-22 20:04:14.063] [merchant] [info] Glorious Merchant version 1.1.11
[2025-02-22 20:04:14.063] [merchant] [info] Loading config from D:\Elden Ring Mods\CCW 3.6.8x\mod\ermerchant.ini
[2025-02-22 20:04:14.063] [merchant] [info] auto_upgrade_weapons = true
[2025-02-22 20:04:14.063] [merchant] [info] Found handle for eldenring.exe process: D:\SteamLibrary\steamapps\common\ELDEN RING\Game\eldenring.exe
[2025-02-22 20:04:14.065] [merchant] [info] Waiting for params...
[2025-02-22 20:04:25.073] [merchant] [info] Sleeping an extra 10s to work potential compatibility issues...
[2025-02-22 20:04:35.073] [merchant] [info] Hooking messages...
[2025-02-22 20:04:35.073] [merchant] [info] Detected language "english"
[2025-02-22 20:04:35.074] [merchant] [info] Hooking shops...
[2025-02-22 20:04:35.098] [merchant] [info] Hooking talkscripts...
[2025-02-22 20:04:35.152] [merchant] [info] Initialized mod
[2025-02-22 20:07:35.485] [merchant] [info] Deinitialized mod
[2025-02-22 20:10:34.906] [merchant] [info] Glorious Merchant version 1.1.11
[2025-02-22 20:10:34.906] [merchant] [info] Loading config from D:\Elden Ring Mods\CCW 3.6.8x\mod\ermerchant.ini
[2025-02-22 20:10:34.906] [merchant] [info] auto_upgrade_weapons = true
[2025-02-22 20:10:34.907] [merchant] [info] Found handle for eldenring.exe process: D:\SteamLibrary\steamapps\common\ELDEN RING\Game\eldenring.exe
[2025-02-22 20:10:34.908] [merchant] [info] Waiting for params...
[2025-02-22 20:10:45.916] [merchant] [info] Sleeping an extra 10s to work potential compatibility issues...
[2025-02-22 20:10:55.916] [merchant] [info] Hooking messages...
[2025-02-22 20:10:55.916] [merchant] [info] Detected language "english"
[2025-02-22 20:10:55.918] [merchant] [info] Hooking shops...
[2025-02-22 20:10:55.943] [merchant] [info] Hooking talkscripts...
[2025-02-22 20:10:55.992] [merchant] [info] Initialized mod
[2025-02-22 20:33:59.417] [merchant] [info] Glorious Merchant version 1.1.11
[2025-02-22 20:33:59.417] [merchant] [info] Loading config from D:\Elden Ring Mods\CCW 3.6.9x\mod\ermerchant.ini
[2025-02-22 20:33:59.418] [merchant] [info] auto_upgrade_weapons = true
[2025-02-22 20:33:59.418] [merchant] [info] Found handle for eldenring.exe process: D:\SteamLibrary\steamapps\common\ELDEN RING\Game\eldenring.exe
[2025-02-22 20:33:59.420] [merchant] [info] Waiting for params...
[2025-02-22 20:34:11.429] [merchant] [info] Sleeping an extra 10s to work potential compatibility issues...
[2025-02-22 20:34:21.430] [merchant] [info] Hooking messages...
[2025-02-22 20:34:21.431] [merchant] [info] Detected language "english"
[2025-02-22 20:34:21.432] [merchant] [info] Hooking shops...
[2025-02-22 20:34:21.436] [merchant] [info] Hooking talkscripts...
[2025-02-22 20:34:21.485] [merchant] [info] Initialized mod
[2025-02-22 21:40:10.290] [merchant] [info] Glorious Merchant version 1.1.11
[2025-02-22 21:40:10.290] [merchant] [info] Loading config from D:\Elden Ring Mods\CCW 3.6.9x\mod\ermerchant.ini
[2025-02-22 21:40:10.290] [merchant] [info] auto_upgrade_weapons = true
[2025-02-22 21:40:10.290] [merchant] [info] Found handle for eldenring.exe process: D:\SteamLibrary\steamapps\common\ELDEN RING\Game\eldenring.exe
[2025-02-22 21:40:10.291] [merchant] [info] Waiting for params...
[2025-02-22 21:40:22.300] [merchant] [info] Sleeping an extra 10s to work potential compatibility issues...
[2025-02-22 21:40:32.300] [merchant] [info] Hooking messages...
[2025-02-22 21:40:32.300] [merchant] [info] Detected language "english"
[2025-02-22 21:40:32.302] [merchant] [info] Hooking shops...
[2025-02-22 21:40:32.321] [merchant] [info] Hooking talkscripts...
[2025-02-22 21:40:32.421] [merchant] [info] Initialized mod
[2025-02-22 21:41:54.220] [merchant] [info] Patching state group x51
[2025-02-22 21:49:05.100] [merchant] [info] Deinitialized mod
[2025-02-22 21:55:14.323] [merchant] [info] Glorious Merchant version 1.1.11
[2025-02-22 21:55:14.323] [merchant] [info] Loading config from D:\Elden Ring Mods\CCW 3.6.9x\mod\ermerchant.ini
[2025-02-22 21:55:14.323] [merchant] [info] auto_upgrade_weapons = true
[2025-02-22 21:55:14.324] [merchant] [info] Found handle for eldenring.exe process: D:\SteamLibrary\steamapps\common\ELDEN RING\Game\eldenring.exe
[2025-02-22 21:55:14.325] [merchant] [info] Waiting for params...
[2025-02-22 21:55:25.362] [merchant] [info] Sleeping an extra 10s to work potential compatibility issues...
[2025-02-22 21:55:35.362] [merchant] [info] Hooking messages...
[2025-02-22 21:55:35.363] [merchant] [info] Detected language "english"
[2025-02-22 21:55:35.364] [merchant] [info] Hooking shops...
[2025-02-22 21:55:35.369] [merchant] [info] Hooking talkscripts...
[2025-02-22 21:55:35.426] [merchant] [info] Initialized mod
[2025-02-22 21:58:35.558] [merchant] [info] Deinitialized mod
