[2025-02-11 20:12:55.455] [transmog] [info] Transmog version 2.3.8
[2025-02-11 20:12:55.455] [transmog] [info] Loading config from C:\Users\Vibezzify\Desktop\CCW 3.5x\mod\ertransmogrify.ini
[2025-02-11 20:12:55.456] [transmog] [info] include_unobtained_armor = true 
[2025-02-11 20:12:55.456] [transmog] [info] include_cut_armor = true 
[2025-02-11 20:12:55.456] [transmog] [info] include_dlc_armor = true 
[2025-02-11 20:12:55.456] [transmog] [info] transmog_affects_posture = true 
[2025-02-11 20:12:55.456] [transmog] [info] patch_grace_talk_script = false 
[2025-02-11 20:12:55.456] [transmog] [info] initialize_delay = 2000 
[2025-02-11 20:12:55.457] [transmog] [info] Found handle for eldenring.exe process: D:\SteamLibrary\steamapps\common\ELDEN RING\Game\eldenring.exe
[2025-02-11 20:12:55.464] [transmog] [info] Waiting for params...
[2025-02-11 20:13:07.470] [transmog] [info] Hooking transmog messages...
[2025-02-11 20:13:07.470] [transmog] [info] Waiting for messages...
[2025-02-11 20:13:07.471] [transmog] [info] Detected game language = english
[2025-02-11 20:13:07.471] [transmog] [info] Adding transmog VFX...
[2025-02-11 20:13:08.477] [transmog] [info] SpEffect IDs = 169223762 169223763
[2025-02-11 20:13:08.477] [transmog] [info] Adding transmog shops...
[2025-02-11 20:13:09.482] [transmog] [info] Waiting 2000ms to enable...
[2025-02-11 20:13:11.548] [transmog] [info] Initialized transmog
[2025-02-11 20:13:33.014] [transmog] [info] Loaded main player - clearing previous transmog
[2025-02-11 20:15:08.905] [transmog] [info] Transmog version 2.3.8
[2025-02-11 20:15:08.905] [transmog] [info] Loading config from C:\Users\Vibezzify\Desktop\CCW 3.5x\mod\ertransmogrify.ini
[2025-02-11 20:15:08.905] [transmog] [info] include_unobtained_armor = true 
[2025-02-11 20:15:08.905] [transmog] [info] include_cut_armor = true 
[2025-02-11 20:15:08.905] [transmog] [info] include_dlc_armor = true 
[2025-02-11 20:15:08.906] [transmog] [info] transmog_affects_posture = true 
[2025-02-11 20:15:08.906] [transmog] [info] patch_grace_talk_script = false 
[2025-02-11 20:15:08.906] [transmog] [info] initialize_delay = 2000 
[2025-02-11 20:15:08.906] [transmog] [info] Found handle for eldenring.exe process: D:\SteamLibrary\steamapps\common\ELDEN RING\Game\eldenring.exe
[2025-02-11 20:15:08.915] [transmog] [info] Waiting for params...
[2025-02-11 20:15:19.919] [transmog] [info] Hooking transmog messages...
[2025-02-11 20:15:19.920] [transmog] [info] Waiting for messages...
[2025-02-11 20:15:19.921] [transmog] [info] Detected game language = english
[2025-02-11 20:15:19.921] [transmog] [info] Adding transmog VFX...
[2025-02-11 20:15:20.926] [transmog] [info] SpEffect IDs = 169050676 169050677
[2025-02-11 20:15:20.926] [transmog] [info] Adding transmog shops...
[2025-02-11 20:15:21.931] [transmog] [info] Waiting 2000ms to enable...
[2025-02-11 20:15:23.986] [transmog] [info] Initialized transmog
