[2025-02-22 17:32:16.780] [transmog] [info] Transmog version 2.3.8
[2025-02-22 17:32:16.780] [transmog] [info] Loading config from D:\Elden Ring Mods\CCW 3.6.7x\mod\ertransmogrify.ini
[2025-02-22 17:32:16.786] [transmog] [info] include_unobtained_armor = true 
[2025-02-22 17:32:16.786] [transmog] [info] include_cut_armor = true 
[2025-02-22 17:32:16.786] [transmog] [info] include_dlc_armor = true 
[2025-02-22 17:32:16.786] [transmog] [info] transmog_affects_posture = true 
[2025-02-22 17:32:16.786] [transmog] [info] patch_grace_talk_script = false 
[2025-02-22 17:32:16.786] [transmog] [info] initialize_delay = 2000 
[2025-02-22 17:32:16.787] [transmog] [info] Found handle for eldenring.exe process: D:\SteamLibrary\steamapps\common\ELDEN RING\Game\eldenring.exe
[2025-02-22 17:32:16.788] [transmog] [info] Waiting for params...
[2025-02-22 17:32:27.793] [transmog] [info] Hooking transmog messages...
[2025-02-22 17:32:27.793] [transmog] [info] Waiting for messages...
[2025-02-22 17:32:27.794] [transmog] [info] Detected game language = english
[2025-02-22 17:32:27.794] [transmog] [info] Adding transmog VFX...
[2025-02-22 17:32:28.800] [transmog] [info] SpEffect IDs = 169409900 169409901
[2025-02-22 17:32:28.800] [transmog] [info] Adding transmog shops...
[2025-02-22 17:32:29.804] [transmog] [info] Waiting 2000ms to enable...
[2025-02-22 17:32:31.862] [transmog] [info] Initialized transmog
[2025-02-22 17:32:51.687] [transmog] [info] Loaded main player - clearing previous transmog
[2025-02-22 17:33:47.387] [transmog] [info] Net player joined - forcing refresh of main player transmog
[2025-02-22 18:16:48.045] [transmog] [info] Transmog version 2.3.8
[2025-02-22 18:16:48.045] [transmog] [info] Loading config from D:\Elden Ring Mods\CCW 3.6.7x\mod\ertransmogrify.ini
[2025-02-22 18:16:48.045] [transmog] [info] include_unobtained_armor = true 
[2025-02-22 18:16:48.045] [transmog] [info] include_cut_armor = true 
[2025-02-22 18:16:48.045] [transmog] [info] include_dlc_armor = true 
[2025-02-22 18:16:48.045] [transmog] [info] transmog_affects_posture = true 
[2025-02-22 18:16:48.045] [transmog] [info] patch_grace_talk_script = false 
[2025-02-22 18:16:48.045] [transmog] [info] initialize_delay = 2000 
[2025-02-22 18:16:48.046] [transmog] [info] Found handle for eldenring.exe process: D:\SteamLibrary\steamapps\common\ELDEN RING\Game\eldenring.exe
[2025-02-22 18:16:48.047] [transmog] [info] Waiting for params...
[2025-02-22 18:17:00.055] [transmog] [info] Hooking transmog messages...
[2025-02-22 18:17:00.055] [transmog] [info] Waiting for messages...
[2025-02-22 18:17:00.056] [transmog] [info] Detected game language = english
[2025-02-22 18:17:00.056] [transmog] [info] Adding transmog VFX...
[2025-02-22 18:17:01.061] [transmog] [info] SpEffect IDs = 169183690 169183691
[2025-02-22 18:17:01.061] [transmog] [info] Adding transmog shops...
[2025-02-22 18:17:02.067] [transmog] [info] Waiting 2000ms to enable...
[2025-02-22 18:17:04.114] [transmog] [info] Initialized transmog
[2025-02-22 18:17:21.748] [transmog] [info] Loaded main player - clearing previous transmog
[2025-02-22 18:20:14.105] [transmog] [info] Transmog version 2.3.8
[2025-02-22 18:20:14.105] [transmog] [info] Loading config from D:\Elden Ring Mods\CCW 3.6.7x\mod\ertransmogrify.ini
[2025-02-22 18:20:14.106] [transmog] [info] include_unobtained_armor = true 
[2025-02-22 18:20:14.106] [transmog] [info] include_cut_armor = true 
[2025-02-22 18:20:14.106] [transmog] [info] include_dlc_armor = true 
[2025-02-22 18:20:14.106] [transmog] [info] transmog_affects_posture = true 
[2025-02-22 18:20:14.106] [transmog] [info] patch_grace_talk_script = false 
[2025-02-22 18:20:14.106] [transmog] [info] initialize_delay = 2000 
[2025-02-22 18:20:14.106] [transmog] [info] Found handle for eldenring.exe process: D:\SteamLibrary\steamapps\common\ELDEN RING\Game\eldenring.exe
[2025-02-22 18:20:14.107] [transmog] [info] Waiting for params...
[2025-02-22 18:20:25.114] [transmog] [info] Hooking transmog messages...
[2025-02-22 18:20:25.114] [transmog] [info] Waiting for messages...
[2025-02-22 18:20:25.115] [transmog] [info] Detected game language = english
[2025-02-22 18:20:25.115] [transmog] [info] Adding transmog VFX...
[2025-02-22 18:20:26.123] [transmog] [info] SpEffect IDs = 169041998 169041999
[2025-02-22 18:20:26.123] [transmog] [info] Adding transmog shops...
[2025-02-22 18:20:27.128] [transmog] [info] Waiting 2000ms to enable...
[2025-02-22 18:20:29.173] [transmog] [info] Initialized transmog
[2025-02-22 18:20:48.708] [transmog] [info] Loaded main player - clearing previous transmog
[2025-02-22 18:21:08.527] [transmog] [info] Loaded main player - clearing previous transmog
[2025-02-22 18:21:22.492] [transmog] [info] Loaded main player - clearing previous transmog
[2025-02-22 20:04:14.006] [transmog] [info] Transmog version 2.3.8
[2025-02-22 20:04:14.006] [transmog] [info] Loading config from D:\Elden Ring Mods\CCW 3.6.8x\mod\ertransmogrify.ini
[2025-02-22 20:04:14.006] [transmog] [info] include_unobtained_armor = true 
[2025-02-22 20:04:14.006] [transmog] [info] include_cut_armor = true 
[2025-02-22 20:04:14.006] [transmog] [info] include_dlc_armor = true 
[2025-02-22 20:04:14.006] [transmog] [info] transmog_affects_posture = true 
[2025-02-22 20:04:14.006] [transmog] [info] patch_grace_talk_script = false 
[2025-02-22 20:04:14.006] [transmog] [info] initialize_delay = 2000 
[2025-02-22 20:04:14.006] [transmog] [info] Found handle for eldenring.exe process: D:\SteamLibrary\steamapps\common\ELDEN RING\Game\eldenring.exe
[2025-02-22 20:04:14.007] [transmog] [info] Waiting for params...
[2025-02-22 20:04:25.014] [transmog] [info] Hooking transmog messages...
[2025-02-22 20:04:25.015] [transmog] [info] Waiting for messages...
[2025-02-22 20:04:25.016] [transmog] [info] Detected game language = english
[2025-02-22 20:04:25.016] [transmog] [info] Adding transmog VFX...
[2025-02-22 20:04:26.021] [transmog] [info] SpEffect IDs = 169102454 169102455
[2025-02-22 20:04:26.022] [transmog] [info] Adding transmog shops...
[2025-02-22 20:04:27.028] [transmog] [info] Waiting 2000ms to enable...
[2025-02-22 20:04:29.077] [transmog] [info] Initialized transmog
[2025-02-22 20:04:47.516] [transmog] [info] Loaded main player - clearing previous transmog
[2025-02-22 20:05:12.158] [transmog] [info] Loaded main player - clearing previous transmog
[2025-02-22 20:06:09.264] [transmog] [info] Loaded main player - clearing previous transmog
[2025-02-22 20:10:34.848] [transmog] [info] Transmog version 2.3.8
[2025-02-22 20:10:34.848] [transmog] [info] Loading config from D:\Elden Ring Mods\CCW 3.6.8x\mod\ertransmogrify.ini
[2025-02-22 20:10:34.848] [transmog] [info] include_unobtained_armor = true 
[2025-02-22 20:10:34.848] [transmog] [info] include_cut_armor = true 
[2025-02-22 20:10:34.848] [transmog] [info] include_dlc_armor = true 
[2025-02-22 20:10:34.848] [transmog] [info] transmog_affects_posture = true 
[2025-02-22 20:10:34.848] [transmog] [info] patch_grace_talk_script = false 
[2025-02-22 20:10:34.848] [transmog] [info] initialize_delay = 2000 
[2025-02-22 20:10:34.849] [transmog] [info] Found handle for eldenring.exe process: D:\SteamLibrary\steamapps\common\ELDEN RING\Game\eldenring.exe
[2025-02-22 20:10:34.850] [transmog] [info] Waiting for params...
[2025-02-22 20:10:45.856] [transmog] [info] Hooking transmog messages...
[2025-02-22 20:10:45.857] [transmog] [info] Waiting for messages...
[2025-02-22 20:10:45.858] [transmog] [info] Detected game language = english
[2025-02-22 20:10:45.858] [transmog] [info] Adding transmog VFX...
[2025-02-22 20:10:46.862] [transmog] [info] SpEffect IDs = 169202818 169202819
[2025-02-22 20:10:46.862] [transmog] [info] Adding transmog shops...
[2025-02-22 20:10:47.868] [transmog] [info] Waiting 2000ms to enable...
[2025-02-22 20:10:49.916] [transmog] [info] Initialized transmog
[2025-02-22 20:11:12.930] [transmog] [info] Loaded main player - clearing previous transmog
[2025-02-22 20:11:49.290] [transmog] [info] Loaded main player - clearing previous transmog
[2025-02-22 20:12:54.112] [transmog] [info] Loaded main player - clearing previous transmog
[2025-02-22 20:33:59.359] [transmog] [info] Transmog version 2.3.8
[2025-02-22 20:33:59.359] [transmog] [info] Loading config from D:\Elden Ring Mods\CCW 3.6.9x\mod\ertransmogrify.ini
[2025-02-22 20:33:59.359] [transmog] [info] include_unobtained_armor = true 
[2025-02-22 20:33:59.359] [transmog] [info] include_cut_armor = true 
[2025-02-22 20:33:59.359] [transmog] [info] include_dlc_armor = true 
[2025-02-22 20:33:59.359] [transmog] [info] transmog_affects_posture = true 
[2025-02-22 20:33:59.359] [transmog] [info] patch_grace_talk_script = false 
[2025-02-22 20:33:59.359] [transmog] [info] initialize_delay = 2000 
[2025-02-22 20:33:59.360] [transmog] [info] Found handle for eldenring.exe process: D:\SteamLibrary\steamapps\common\ELDEN RING\Game\eldenring.exe
[2025-02-22 20:33:59.361] [transmog] [info] Waiting for params...
[2025-02-22 20:34:11.369] [transmog] [info] Hooking transmog messages...
[2025-02-22 20:34:11.370] [transmog] [info] Waiting for messages...
[2025-02-22 20:34:11.372] [transmog] [info] Detected game language = english
[2025-02-22 20:34:11.372] [transmog] [info] Adding transmog VFX...
[2025-02-22 20:34:12.377] [transmog] [info] SpEffect IDs = 169419940 169419941
[2025-02-22 20:34:12.377] [transmog] [info] Adding transmog shops...
[2025-02-22 20:34:13.383] [transmog] [info] Waiting 2000ms to enable...
[2025-02-22 20:34:15.461] [transmog] [info] Initialized transmog
[2025-02-22 20:34:35.693] [transmog] [info] Loaded main player - clearing previous transmog
[2025-02-22 21:40:10.232] [transmog] [info] Transmog version 2.3.8
[2025-02-22 21:40:10.232] [transmog] [info] Loading config from D:\Elden Ring Mods\CCW 3.6.9x\mod\ertransmogrify.ini
[2025-02-22 21:40:10.232] [transmog] [info] include_unobtained_armor = true 
[2025-02-22 21:40:10.232] [transmog] [info] include_cut_armor = true 
[2025-02-22 21:40:10.232] [transmog] [info] include_dlc_armor = true 
[2025-02-22 21:40:10.232] [transmog] [info] transmog_affects_posture = true 
[2025-02-22 21:40:10.232] [transmog] [info] patch_grace_talk_script = false 
[2025-02-22 21:40:10.232] [transmog] [info] initialize_delay = 2000 
[2025-02-22 21:40:10.233] [transmog] [info] Found handle for eldenring.exe process: D:\SteamLibrary\steamapps\common\ELDEN RING\Game\eldenring.exe
[2025-02-22 21:40:10.234] [transmog] [info] Waiting for params...
[2025-02-22 21:40:22.242] [transmog] [info] Hooking transmog messages...
[2025-02-22 21:40:22.243] [transmog] [info] Waiting for messages...
[2025-02-22 21:40:22.244] [transmog] [info] Detected game language = english
[2025-02-22 21:40:22.244] [transmog] [info] Adding transmog VFX...
[2025-02-22 21:40:23.250] [transmog] [info] SpEffect IDs = 169092966 169092967
[2025-02-22 21:40:23.250] [transmog] [info] Adding transmog shops...
[2025-02-22 21:40:24.256] [transmog] [info] Waiting 2000ms to enable...
[2025-02-22 21:40:26.335] [transmog] [info] Initialized transmog
[2025-02-22 21:40:54.387] [transmog] [info] Loaded main player - clearing previous transmog
[2025-02-22 21:41:42.826] [transmog] [info] Loaded main player - clearing previous transmog
[2025-02-22 21:43:38.968] [transmog] [info] Loaded main player - clearing previous transmog
[2025-02-22 21:55:14.265] [transmog] [info] Transmog version 2.3.8
[2025-02-22 21:55:14.265] [transmog] [info] Loading config from D:\Elden Ring Mods\CCW 3.6.9x\mod\ertransmogrify.ini
[2025-02-22 21:55:14.265] [transmog] [info] include_unobtained_armor = true 
[2025-02-22 21:55:14.265] [transmog] [info] include_cut_armor = true 
[2025-02-22 21:55:14.265] [transmog] [info] include_dlc_armor = true 
[2025-02-22 21:55:14.265] [transmog] [info] transmog_affects_posture = true 
[2025-02-22 21:55:14.265] [transmog] [info] patch_grace_talk_script = false 
[2025-02-22 21:55:14.265] [transmog] [info] initialize_delay = 2000 
[2025-02-22 21:55:14.266] [transmog] [info] Found handle for eldenring.exe process: D:\SteamLibrary\steamapps\common\ELDEN RING\Game\eldenring.exe
[2025-02-22 21:55:14.267] [transmog] [info] Waiting for params...
[2025-02-22 21:55:25.272] [transmog] [info] Hooking transmog messages...
[2025-02-22 21:55:25.273] [transmog] [info] Waiting for messages...
[2025-02-22 21:55:25.275] [transmog] [info] Detected game language = english
[2025-02-22 21:55:25.275] [transmog] [info] Adding transmog VFX...
[2025-02-22 21:55:26.280] [transmog] [info] SpEffect IDs = 169225860 169225861
[2025-02-22 21:55:26.280] [transmog] [info] Adding transmog shops...
[2025-02-22 21:55:27.286] [transmog] [info] Waiting 2000ms to enable...
[2025-02-22 21:55:29.356] [transmog] [info] Initialized transmog
[2025-02-22 21:55:50.348] [transmog] [info] Loaded main player - clearing previous transmog
