[2025-03-03 07:18:39.553] [transmog] [info] Transmog version 2.3.8
[2025-03-03 07:18:39.553] [transmog] [info] Loading config from D:\Elden Ring Mods\CCW 3.7.1\mod\ertransmogrify.ini
[2025-03-03 07:18:39.559] [transmog] [info] include_unobtained_armor = true 
[2025-03-03 07:18:39.559] [transmog] [info] include_cut_armor = true 
[2025-03-03 07:18:39.559] [transmog] [info] include_dlc_armor = true 
[2025-03-03 07:18:39.559] [transmog] [info] transmog_affects_posture = true 
[2025-03-03 07:18:39.559] [transmog] [info] patch_grace_talk_script = true 
[2025-03-03 07:18:39.559] [transmog] [info] initialize_delay = 2000 
[2025-03-03 07:18:39.559] [transmog] [info] Found handle for eldenring.exe process: D:\SteamLibrary\steamapps\common\ELDEN RING\Game\eldenring.exe
[2025-03-03 07:18:39.561] [transmog] [info] Waiting for params...
[2025-03-03 07:18:53.565] [transmog] [info] Hooking transmog messages...
[2025-03-03 07:18:53.566] [transmog] [info] Waiting for messages...
[2025-03-03 07:18:53.567] [transmog] [info] Detected game language = english
[2025-03-03 07:18:53.567] [transmog] [info] Adding transmog VFX...
[2025-03-03 07:18:54.571] [transmog] [info] SpEffect IDs = 169046152 169046153
[2025-03-03 07:18:54.571] [transmog] [info] Adding transmog shops...
[2025-03-03 07:18:55.575] [transmog] [info] Hooking talk scripts...
[2025-03-03 07:18:55.577] [transmog] [info] Waiting 2000ms to enable...
[2025-03-03 07:18:57.627] [transmog] [info] Initialized transmog
[2025-03-03 07:20:07.061] [transmog] [info] Loaded main player - clearing previous transmog
[2025-03-03 07:21:23.123] [transmog] [info] Loaded main player - clearing previous transmog
[2025-03-03 07:23:34.252] [transmog] [info] Patched state group x31
[2025-03-03 07:24:40.046] [transmog] [info] Loaded main player - clearing previous transmog
[2025-03-03 07:26:51.548] [transmog] [info] Loaded main player - clearing previous transmog
[2025-03-03 07:28:12.010] [transmog] [info] Loaded main player - clearing previous transmog
[2025-03-03 07:32:10.089] [transmog] [info] Transmog version 2.3.8
[2025-03-03 07:32:10.089] [transmog] [info] Loading config from D:\Elden Ring Mods\CCW 3.7.1\mod\ertransmogrify.ini
[2025-03-03 07:32:10.094] [transmog] [info] include_unobtained_armor = true 
[2025-03-03 07:32:10.094] [transmog] [info] include_cut_armor = true 
[2025-03-03 07:32:10.094] [transmog] [info] include_dlc_armor = true 
[2025-03-03 07:32:10.094] [transmog] [info] transmog_affects_posture = true 
[2025-03-03 07:32:10.094] [transmog] [info] patch_grace_talk_script = true 
[2025-03-03 07:32:10.094] [transmog] [info] initialize_delay = 2000 
[2025-03-03 07:32:10.095] [transmog] [info] Found handle for eldenring.exe process: D:\SteamLibrary\steamapps\common\ELDEN RING\Game\eldenring.exe
[2025-03-03 07:32:10.102] [transmog] [info] Waiting for params...
[2025-03-03 07:32:24.107] [transmog] [info] Hooking transmog messages...
[2025-03-03 07:32:24.108] [transmog] [info] Waiting for messages...
[2025-03-03 07:32:24.109] [transmog] [info] Detected game language = english
[2025-03-03 07:32:24.109] [transmog] [info] Adding transmog VFX...
[2025-03-03 07:32:25.114] [transmog] [info] SpEffect IDs = 169367510 169367511
[2025-03-03 07:32:25.114] [transmog] [info] Adding transmog shops...
[2025-03-03 07:32:26.120] [transmog] [info] Hooking talk scripts...
[2025-03-03 07:32:26.122] [transmog] [info] Waiting 2000ms to enable...
[2025-03-03 07:32:28.177] [transmog] [info] Initialized transmog
[2025-03-03 07:33:37.999] [transmog] [info] Loaded main player - clearing previous transmog
[2025-03-03 07:35:31.123] [transmog] [info] Loaded main player - clearing previous transmog
[2025-03-03 07:36:09.533] [transmog] [info] Patched state group x31
[2025-03-03 07:39:27.950] [transmog] [info] Loaded main player - clearing previous transmog
[2025-03-03 07:47:34.146] [transmog] [info] Transmog version 2.3.8
[2025-03-03 07:47:34.146] [transmog] [info] Loading config from D:\Elden Ring Mods\CCW 3.7.1\mod\ertransmogrify.ini
[2025-03-03 07:47:34.146] [transmog] [info] include_unobtained_armor = true 
[2025-03-03 07:47:34.146] [transmog] [info] include_cut_armor = true 
[2025-03-03 07:47:34.146] [transmog] [info] include_dlc_armor = true 
[2025-03-03 07:47:34.146] [transmog] [info] transmog_affects_posture = true 
[2025-03-03 07:47:34.146] [transmog] [info] patch_grace_talk_script = true 
[2025-03-03 07:47:34.146] [transmog] [info] initialize_delay = 2000 
[2025-03-03 07:47:34.147] [transmog] [info] Found handle for eldenring.exe process: D:\SteamLibrary\steamapps\common\ELDEN RING\Game\eldenring.exe
[2025-03-03 07:47:34.155] [transmog] [info] Waiting for params...
[2025-03-03 07:47:45.159] [transmog] [info] Hooking transmog messages...
[2025-03-03 07:47:45.159] [transmog] [info] Waiting for messages...
[2025-03-03 07:47:45.160] [transmog] [info] Detected game language = english
[2025-03-03 07:47:45.160] [transmog] [info] Adding transmog VFX...
[2025-03-03 07:47:46.166] [transmog] [info] SpEffect IDs = 169144266 169144267
[2025-03-03 07:47:46.166] [transmog] [info] Adding transmog shops...
[2025-03-03 07:47:47.171] [transmog] [info] Hooking talk scripts...
[2025-03-03 07:47:47.173] [transmog] [info] Waiting 2000ms to enable...
[2025-03-03 07:47:49.225] [transmog] [info] Initialized transmog
[2025-03-03 07:48:31.466] [transmog] [info] Loaded main player - clearing previous transmog
[2025-03-03 07:51:32.638] [transmog] [info] Loaded main player - clearing previous transmog
[2025-03-03 07:52:27.298] [transmog] [info] Patched state group x31
[2025-03-03 08:17:18.298] [transmog] [info] Transmog version 2.3.8
[2025-03-03 08:17:18.298] [transmog] [info] Loading config from D:\Elden Ring Mods\CCW 3.7.1\mod\ertransmogrify.ini
[2025-03-03 08:17:18.299] [transmog] [info] include_unobtained_armor = true 
[2025-03-03 08:17:18.299] [transmog] [info] include_cut_armor = true 
[2025-03-03 08:17:18.299] [transmog] [info] include_dlc_armor = true 
[2025-03-03 08:17:18.299] [transmog] [info] transmog_affects_posture = true 
[2025-03-03 08:17:18.299] [transmog] [info] patch_grace_talk_script = true 
[2025-03-03 08:17:18.299] [transmog] [info] initialize_delay = 2000 
[2025-03-03 08:17:18.299] [transmog] [info] Found handle for eldenring.exe process: D:\SteamLibrary\steamapps\common\ELDEN RING\Game\eldenring.exe
[2025-03-03 08:17:18.309] [transmog] [info] Waiting for params...
[2025-03-03 08:17:29.314] [transmog] [info] Hooking transmog messages...
[2025-03-03 08:17:29.315] [transmog] [info] Waiting for messages...
[2025-03-03 08:17:29.316] [transmog] [info] Detected game language = english
[2025-03-03 08:17:29.316] [transmog] [info] Adding transmog VFX...
[2025-03-03 08:17:30.322] [transmog] [info] SpEffect IDs = 169167948 169167949
[2025-03-03 08:17:30.322] [transmog] [info] Adding transmog shops...
[2025-03-03 08:17:31.327] [transmog] [info] Hooking talk scripts...
[2025-03-03 08:17:31.329] [transmog] [info] Waiting 2000ms to enable...
[2025-03-03 08:17:33.383] [transmog] [info] Initialized transmog
[2025-03-03 08:17:57.254] [transmog] [info] Loaded main player - clearing previous transmog
[2025-03-03 08:18:16.198] [transmog] [info] Loaded main player - clearing previous transmog
[2025-03-03 08:18:32.252] [transmog] [info] Loaded main player - clearing previous transmog
[2025-03-03 20:30:31.072] [transmog] [info] Transmog version 2.3.8
[2025-03-03 20:30:31.073] [transmog] [info] Loading config from D:\Elden Ring Mods\CCW 3.7.1\mod\ertransmogrify.ini
[2025-03-03 20:30:31.079] [transmog] [info] include_unobtained_armor = true 
[2025-03-03 20:30:31.079] [transmog] [info] include_cut_armor = true 
[2025-03-03 20:30:31.079] [transmog] [info] include_dlc_armor = true 
[2025-03-03 20:30:31.079] [transmog] [info] transmog_affects_posture = true 
[2025-03-03 20:30:31.079] [transmog] [info] patch_grace_talk_script = true 
[2025-03-03 20:30:31.079] [transmog] [info] initialize_delay = 2000 
[2025-03-03 20:30:31.079] [transmog] [info] Found handle for eldenring.exe process: D:\SteamLibrary\steamapps\common\ELDEN RING\Game\eldenring.exe
[2025-03-03 20:30:31.087] [transmog] [info] Waiting for params...
[2025-03-03 20:30:46.093] [transmog] [info] Hooking transmog messages...
[2025-03-03 20:30:46.094] [transmog] [info] Waiting for messages...
[2025-03-03 20:30:46.095] [transmog] [info] Detected game language = english
[2025-03-03 20:30:46.095] [transmog] [info] Adding transmog VFX...
[2025-03-03 20:30:47.099] [transmog] [info] SpEffect IDs = 169401078 169401079
[2025-03-03 20:30:47.099] [transmog] [info] Adding transmog shops...
[2025-03-03 20:30:48.104] [transmog] [info] Hooking talk scripts...
[2025-03-03 20:30:48.105] [transmog] [info] Waiting 2000ms to enable...
[2025-03-03 20:30:50.152] [transmog] [info] Initialized transmog
[2025-03-03 20:31:11.684] [transmog] [info] Loaded main player - clearing previous transmog
[2025-03-03 20:31:45.374] [transmog] [info] Loaded main player - clearing previous transmog
[2025-03-03 21:34:24.637] [transmog] [info] Transmog version 2.3.8
[2025-03-03 21:34:24.637] [transmog] [info] Loading config from D:\Elden Ring Mods\CCW 3.7.1\mod\ertransmogrify.ini
[2025-03-03 21:34:24.637] [transmog] [info] include_unobtained_armor = true 
[2025-03-03 21:34:24.637] [transmog] [info] include_cut_armor = true 
[2025-03-03 21:34:24.637] [transmog] [info] include_dlc_armor = true 
[2025-03-03 21:34:24.637] [transmog] [info] transmog_affects_posture = true 
[2025-03-03 21:34:24.637] [transmog] [info] patch_grace_talk_script = true 
[2025-03-03 21:34:24.637] [transmog] [info] initialize_delay = 2000 
[2025-03-03 21:34:24.638] [transmog] [info] Found handle for eldenring.exe process: D:\SteamLibrary\steamapps\common\ELDEN RING\Game\eldenring.exe
[2025-03-03 21:34:24.646] [transmog] [info] Waiting for params...
[2025-03-03 21:34:35.651] [transmog] [info] Hooking transmog messages...
[2025-03-03 21:34:35.651] [transmog] [info] Waiting for messages...
[2025-03-03 21:34:35.652] [transmog] [info] Detected game language = english
[2025-03-03 21:34:35.652] [transmog] [info] Adding transmog VFX...
[2025-03-03 21:34:36.657] [transmog] [info] SpEffect IDs = 169281192 169281193
[2025-03-03 21:34:36.657] [transmog] [info] Adding transmog shops...
[2025-03-03 21:34:37.662] [transmog] [info] Hooking talk scripts...
[2025-03-03 21:34:37.664] [transmog] [info] Waiting 2000ms to enable...
[2025-03-03 21:34:39.721] [transmog] [info] Initialized transmog
[2025-03-03 21:35:00.626] [transmog] [info] Loaded main player - clearing previous transmog
[2025-03-03 21:35:19.556] [transmog] [info] Loaded main player - clearing previous transmog
